700000|语音|wj|1|Y|
700001|语音|wj|1|Y|
700002|语音|wj|1|Y|
820001|设备|wj|1|Y|
820002|设备|wj|1|Y|
820003|设备|wj|1|Y|
820005|设备|wj|1|Y|
820101|设备|wj|1|Y|
820102|设备|wj|1|Y|
820103|设备|wj|1|Y|
820105|设备|wj|1|Y|
820108|设备|wj|1|Y|
820110|设备|wj|1|Y|
820111|设备|wj|1|Y|
820112|设备|wj|1|Y|
820113|设备|wj|1|Y|
820114|设备|wj|1|Y|
820301|设备|wj|1|Y|
820302|设备|wj|1|Y|
820311|设备|wj|1|Y|
820321|设备|wj|1|Y|
820331|设备|wj|1|Y|
820332|设备|wj|1|Y|
820341|设备|wj|1|Y|
820350|设备|wj|1|Y|
820351|设备|wj|1|Y|
820352|设备|wj|1|Y|
820402|设备|wj|1|Y|
820404|设备|wj|1|Y|
820405|设备|wj|1|Y|
820501|设备|wj|1|Y|
820502|设备|wj|1|Y|
820511|设备|wj|1|Y|
820522|设备|wj|1|Y|
841600|客户|wj|1|Y|
841601|客户|wj|1|Y|
841602|客户|wj|1|Y|
841605|客户|wj|1|Y|
841609|客户|wj|1|Y|
841610|客户|wj|1|Y|
841700|客户|wj|1|Y|
842001|部门|wj|1|Y|
842501|专业|wj|1|Y|
843335|商户|wj|1|Y|
843340|餐次|wj|1|Y|
843341|商户餐次|wj|1|Y|
843342|商户佣金|wj|1|Y|
843343|发行商户卡|wj|1|Y|
843351|充值商户存款|wj|1|Y|
843355|充值商户设备添加|wj|1|Y|
843356|充值商户设备删除|wj|1|Y|
843357|充值商户设备查询|wj|1|Y|
843358|充值操作员添加|wj|1|Y|
843359|充值操作员修改|wj|1|Y|
843360|充值操作员删除|wj|1|Y|
843361|充值操作员查询|wj|1|Y|
843362|充值操作员设备添加|wj|1|Y|
843363|充值操作员设备删除|wj|1|Y|
843364|充值操作员设备查询|wj|1|Y|
843368|设备商户信息添加|wj|1|Y|
843370|设备商户导入|wj|1|Y|
843371|设备商户设置|wj|1|Y|
843373|客户类别设置|wj|1|Y|
845000|CPU卡功能|wj|1|Y|
845001|PSAM卡发行|wj|1|Y|
846101|卡类别设置|wj|1|Y|
846102|卡片领入|wj|1|Y|
846103|卡片上交|wj|1|Y|
846104|卡片交接|wj|1|Y|
846105|卡片作废|wj|1|Y|
846106|卡片查询|wj|1|Y|
846107|操作员当前显示卡号查询|wj|1|Y|
846108|操作员卡片使用情况汇总查询|wj|1|Y|
846109|操作员现金经费本支票查询|wj|1|Y|
846110|商户当日实时报表查询|wj|1|Y|
846111|卡类别权限设置|wj|1|Y|
846112|科目查询|wj|1|Y|
846115|卡库不平查询|wj|1|Y|
846116|卡库不平处理|wj|1|Y|
846201|钱包管理|wj|1|Y|
846202|xxxx|wj|1|Y|
846203|xxxx|wj|1|Y|
846204|xxxx|wj|1|Y|
846205|商户搭伙费率设置|wj|1|Y|
846301|发行卡|wj|1|Y|
846302|发卡冲正|wj|1|Y|
846303|销户|wj|1|Y|
846305|补办卡|wj|1|Y|
846307|挂失解挂|wj|1|Y|
846308|冻结解冻|wj|1|Y|
846309|坏卡登记|wj|1|Y|
846310|回收卡|wj|1|Y|
846311|卡|wj|1|Y|
846312|充值|wj|1|Y|
846313|CPU充值|wj|1|Y|
846314|支取|wj|1|Y|
846315|交易冲正|wj|1|Y|
846316|消费冲正|wj|1|Y|
846317|充值冲正|wj|1|Y|
846318|领取补助|wj|1|Y|
846320|更新卡信息|wj|1|Y|
846321|换卡|wj|1|Y|
846322|卡余额调整|wj|1|Y|
846329|老卡转账|wj|1|Y|
846330|支付交易接口|wj|1|Y|
846331|网络电子钱包开户|wj|1|Y|
846332|网络电子钱包销户|wj|1|Y|
846333|网络电子钱包充值|wj|1|Y|
846334|网络电子钱包取款|wj|1|Y|
846335|网络电子钱包止付|wj|1|Y|
846336|网络电子钱包转账|wj|1|Y|
846337|网络电子钱包密码修改|wj|1|Y|
846338|网络电子钱包密码重置|wj|1|Y|
846401|POS流水|wj|1|Y|
846402|POS流水|wj|1|Y|
846403|POS流水|wj|1|Y|
846404|POS流水|wj|1|Y|
846501|网点设置|wj|1|Y|
846502|交易收费配置|wj|1|Y|
846600|开户客户信息查询|wj|1|Y|
846601|开户手续费查询|wj|1|Y|
846602|卡户已开户客户信息查询|wj|1|Y|
846603|网络已开户客户信息查询|wj|1|Y|
846605|卡交易流水查询|wj|1|Y|
846606|帐户交易明细查询|wj|1|Y|
846701|报表|wj|1|Y|
846702|报表|wj|1|Y|
846703|报表|wj|1|Y|
846704|报表|wj|1|Y|
846705|报表|wj|1|Y|
846706|报表|wj|1|Y|
846707|报表|wj|1|Y|
846708|报表|wj|1|Y|
846709|报表|wj|1|Y|
846710|报表|wj|1|Y|
846711|报表|wj|1|Y|
846712|报表|wj|1|Y|
846713|报表|wj|1|Y|
846714|报表|wj|1|Y|
846715|报表|wj|1|Y|
846716|报表|wj|1|Y|
846717|报表|wj|1|Y|
846718|报表|wj|1|Y|
846719|报表|wj|1|Y|
846720|报表|wj|1|Y|
846721|报表|wj|1|Y|
846722|报表|wj|1|Y|
847102|xxxx|wj|1|Y|
847111|xxxx|wj|1|Y|
847127|xxxx|wj|1|Y|
847130|xxxx|wj|1|Y|
847131|xxxx|wj|1|Y|
847132|xxxx|wj|1|Y|
847136|xxxx|wj|1|Y|
847137|xxxx|wj|1|Y|
847150|xxxx|wj|1|Y|
847166|xxxx|wj|1|Y|
847173|xxxx|wj|1|Y|
847185|xxxx|wj|1|Y|
847198|xxxx|wj|1|Y|
847226|xxxx|wj|1|Y|
847227|xxxx|wj|1|Y|
847228|xxxx|wj|1|Y|
847229|xxxx|wj|1|Y|
847230|xxxx|wj|1|Y|
847231|xxxx|wj|1|Y|
847302|xxxx|wj|1|Y|
847310|xxxx|wj|1|Y|
847318|xxxx|wj|1|Y|
847319|xxxx|wj|1|Y|
847320|xxxx|wj|1|Y|
847321|xxxx|wj|1|Y|
848004|xxxx|wj|1|Y|
848250|xxxx|wj|1|Y|
848251|xxxx|wj|1|Y|
848252|xxxx|wj|1|Y|
848254|xxxx|wj|1|Y|
848255|xxxx|wj|1|Y|
848256|xxxx|wj|1|Y|
848257|xxxx|wj|1|Y|
848258|xxxx|wj|1|Y|
848259|xxxx|wj|1|Y|
848260|xxxx|wj|1|Y|
848264|xxxx|wj|1|Y|
848265|xxxx|wj|1|Y|
848266|xxxx|wj|1|Y|
848267|xxxx|wj|1|Y|
848268|xxxx|wj|1|Y|
848269|xxxx|wj|1|Y|
848270|xxxx|wj|1|Y|
848273|xxxx|wj|1|Y|
847232|xxxx|wj|1|Y|
849001|终端登录|wj|1|Y|
849002|终端账户查询|wj|1|Y|
849003|POS联机充值|wj|1|Y|
849004|POS联机充值冲正|wj|1|Y|
849005|POS联机充值签到|wj|1|Y|
849006|POS终端补助查询|wj|1|Y|
849007|前置机下载补助名单|wj|1|Y|
850000|请求交易参考号|wj|1|Y|
850001|交易撤销|wj|1|Y|
850002|保存写卡异常流水|wj|1|Y|
850003|CPU读卡器签到|wj|1|Y|
850005|支付新接口|wj|1|Y|
850006|xxxx|wj|1|Y|
850007|xxxx|tc|1|Y|
850010|xxxx|wj|1|Y|
860001|CPU卡流水采集|wj|1|Y|
9121|报表|wj|1|Y|
9122|报表|wj|1|Y|
9150|报表|wj|1|Y|
9172|报表|wj|1|Y|
9173|报表|wj|1|Y|
9174|报表|wj|1|Y|
9175|报表|wj|1|Y|
9210|报表|wj|1|Y|
9212|报表|wj|1|Y|
9213|报表|wj|1|Y|
9230|报表|wj|1|Y|
9240|报表|wj|1|Y|
9260|报表|wj|1|Y|
9281|报表|wj|1|Y|
9282|报表|wj|1|Y|
9283|报表|wj|1|Y|
900212|报表|wj|1|Y|
900213|报表|wj|1|Y|
930001|前置机|wj|1|Y|
930002|前置机|wj|1|Y|
930003|前置机|wj|1|Y|
930004|前置机|wj|1|Y|
930005|前置机|wj|1|Y|
930006|前置机|wj|1|Y|
930007|前置机|wj|1|Y|
930008|前置机|wj|1|Y|
930009|前置机|wj|1|Y|
930010|前置机|wj|1|Y|
930011|前置机|wj|1|Y|
930012|前置机|wj|1|Y|
930013|前置机|wj|1|Y|
930014|前置机|wj|1|Y|
930015|前置机|wj|1|Y|
930016|前置机|wj|1|Y|
930017|前置机|wj|1|Y|
930018|前置机|wj|1|Y|
930019|前置机|wj|1|Y|
930020|前置机|wj|1|Y|
930021|前置机|wj|1|Y|
930022|前置机|wj|1|Y|
930031|前置机|wj|1|Y|
930033|前置机|wj|1|Y|
930034|前置机|wj|1|Y|
930036|前置机|wj|1|Y|
930037|前置机|wj|1|Y|
930039|前置机|wj|1|Y|
930046|前置机|wj|1|Y|
930051|前置机|wj|1|Y|
930052|前置机|wj|1|Y|
930053|前置机|wj|1|Y|
930054|前置机|wj|1|Y|
930055|前置机|wj|1|Y|
930056|前置机|wj|1|Y|
930057|前置机|wj|1|Y|
930058|前置机|wj|1|Y|
930060|前置机|wj|1|Y|
930061|前置机|wj|1|Y|
930066|前置机|wj|1|Y|
930071|前置机|wj|1|Y|
930098|前置机|wj|1|Y|
930099|前置机|wj|1|Y|
930101|前置机|wj|1|Y|
930123|前置机|wj|1|Y|
940005|前置机|wj|1|Y|
950001|通用前置机|wj|1|Y|
950002|通用前置机|wj|1|Y|
950003|通用前置机|wj|1|Y|
950004|通用前置机|wj|1|Y|
950005|通用前置机|wj|1|Y|
950006|通用前置机|wj|1|Y|
950007|通用前置机|wj|1|Y|
950008|通用前置机|wj|1|Y|
950009|通用前置机|wj|1|Y|
950010|通用前置机|wj|1|Y|
950029|通用前置机|wj|1|Y|
950031|通用前置机|wj|1|Y|
950032|通用前置机|wj|1|Y|
950040|通用前置机|wj|1|Y|
950041|通用前置机|wj|1|Y|
950043|通用前置机|wj|1|Y|
950050|通用前置机|wj|1|Y|
950051|通用前置机|wj|1|Y|
950099|通用前置机|wj|1|Y|
950100|通用前置机|wj|1|Y|
950101|通用前置机|wj|1|Y|
950102|通用前置机|wj|1|Y|
950998|通用前置机|wj|1|Y|
950999|通用前置机|wj|1|Y|
960001|商户搭伙费分成|nlh|1|Y|

