--- BULinkThread Status at 181858 (time(NULL)=1231323543,TickCount=2962896544)---
00(REQPROC) QNO28871 BUID(BU0        ) LT[15:08:12] LF 59 LRT846602  LST2962867652 BUCT[18:19:00] PID[1986] RNO0 MaxRows100 FSeg95828 DLen2066 HEAD:RT=846602,FF=0,NF=1,REC=2,RET=0,QT=6002 QN=00028870 ParmBits=0x037F5EE33F18000020C000F876263008C0000013000002000000000000000000
01(WAITREQ) QNO68471 BUID(BU1        ) LT[13:32:00] LF 52 LRT950102  LST2962896526 BUCT[18:19:03] PID[1062] 
02(WAITREQ) QNO424   BUID(BU2        ) LT[23:52:28] LF 41 LRT240010  LST2943035092 BUCT[18:19:01] PID[25558] 
03(REQPROC) QNO1131  BUID(BU0        ) LT[15:08:13] LF159 LRT846602  LST2962877161 BUCT[18:19:00] PID[2014] RNO0 MaxRows100 FSeg64874 DLen7244 HEAD:RT=846602,FF=0,NF=1,REC=7,RET=0,QT=6002 QN=0031130 ParmBits=0x037F5EE33F18000020C000F876263008C0000013000002000000000000000000
04(REQPROC) QNO34859 BUID(BU0        ) LT[15:08:14] LF154 LRT846602  LST2962882711 BUCT[18:19:00] PID[2018] RNO0 MaxRows100 FSeg64874 DLen7244 HEAD:RT=846602,FF=0,NF=1,REC=7,RET=0,QT=6002 QN=00434858 ParmBits=0x037F5EE33F18000020C000F876263008C0000013000002000000000000000000
05(WAITREQ) QNO311   BUID(BU2        ) LT[23:52:29] LF 10 LRT950102  LST2896497891 BUCT[18:19:02] PID[25567] 
06(REQPROC) QNO386   BUID(BU0        ) LT[15:08:15] LF125 LRT846602  LST2962893680 BUCT[18:19:00] PID[2046] RNO0 MaxRows100 FSeg9564 DLen2068 HEAD:RT=846602,FF=0,NF=1,REC=2,RET=0,QT=6002 QN=006385 ParmBits=0x037F5EE33F18000020C000F876263008C0000013000002000000000000000000
07(WAITREQ) QNO18802 BUID(BU1        ) LT[15:25:05] LF 63 LRT950102  LST2962879557 BUCT[18:19:01] PID[2308] 
08(WAITREQ) QNO1     BUID(BU2        ) LT[23:52:30] LF 10 LRT0       LST0          BUCT[18:18:59] PID[25576] 
09(WAITREQ) QNO259   BUID(BU0        ) LT[15:08:16] LF 76 LRT846602  LST2962239547 BUCT[18:18:59] PID[2074] 
10(WAITREQ) QNO3219  BUID(BU1        ) LT[13:31:53] LF168 LRT950102  LST2962694015 BUCT[18:19:01] PID[1046] 
11(WAITREQ) QNO1     BUID(BU2        ) LT[23:52:31] LF 10 LRT0       LST0          BUCT[18:18:59] PID[25585] 
12(WAITREQ) QNO323   BUID(BU1        ) LT[15:25:06] LF 30 LRT950102  LST2960972623 BUCT[18:19:03] PID[2311] 
13(WAITREQ) QNO1     BUID(BU2        ) LT[23:52:32] LF 10 LRT0       LST0          BUCT[18:19:00] PID[25619] 
14(WAITREQ) QNO103   BUID(BU0        ) LT[15:08:17] LF 42 LRT846602  LST2959395342 BUCT[18:18:58] PID[2102] 
15(WAITREQ) QNO1     BUID(BU2        ) LT[23:52:33] LF 10 LRT0       LST0          BUCT[18:19:01] PID[25628] 
16(WAITREQ) QNO125   BUID(BU1        ) LT[09:35:44] LF 64 LRT950102  LST2960972623 BUCT[18:19:03] PID[28625] 
17(WAITREQ) QNO43    BUID(BU0        ) LT[15:08:18] LF 39 LRT846115  LST2954450693 BUCT[18:18:59] PID[2155] 
18(WAITREQ) QNO95    BUID(BU1        ) LT[00:00:36] LF 43 LRT950102  LST2960972624 BUCT[18:19:03] PID[25802] 
19(WAITREQ) QNO1     BUID(BU2        ) LT[23:52:34] LF 10 LRT0       LST0          BUCT[18:19:02] PID[25637] 
20(WAITREQ) QNO34    BUID(BU0        ) LT[15:08:19] LF 39 LRT846115  LST2954450736 BUCT[18:18:59] PID[2184] 
21(WAITREQ) QNO84    BUID(BU1        ) LT[00:00:38] LF 36 LRT950102  LST2960972624 BUCT[18:19:03] PID[25805] 
22(WAITREQ) QNO1     BUID(BU2        ) LT[23:52:35] LF 10 LRT0       LST0          BUCT[18:18:59] PID[25646] 
23(WAITREQ) QNO31    BUID(BU0        ) LT[15:08:20] LF 40 LRT846115  LST2954450779 BUCT[18:18:59] PID[2187] 
24(WAITREQ) QNO91    BUID(BU1        ) LT[00:00:38] LF 29 LRT950102  LST2960972624 BUCT[18:19:03] PID[25808] 
25(WAITREQ) QNO1     BUID(BU2        ) LT[23:52:37] LF 10 LRT0       LST0          BUCT[18:18:59] PID[25655] 
26(WAITREQ) QNO29    BUID(BU0        ) LT[15:08:21] LF 38 LRT846115  LST2954230682 BUCT[18:18:59] PID[2190] 
27(WAITREQ) QNO1     BUID(BU2        ) LT[23:52:38] LF 10 LRT0       LST0          BUCT[18:19:00] PID[25664] 
28(WAITREQ) QNO113236 BUID(BU1        ) LT[13:29:34] LF 29 LRT950102  LST2960972623 BUCT[18:19:03] PID[980] 
29(WAITREQ) QNO14    BUID(BU1        ) LT[00:00:39] LF 23 LRT950102  LST2960972624 BUCT[18:19:03] PID[25811] 
30(WAITREQ) QNO13    BUID(BU1        ) LT[00:00:40] LF 22 LRT950102  LST2960972624 BUCT[18:19:03] PID[25814] 
31(WAITREQ) QNO12    BUID(BU1        ) LT[00:00:41] LF 21 LRT950102  LST2960972624 BUCT[18:19:03] PID[25817] 
32(WAITREQ) QNO10    BUID(BU1        ) LT[00:00:42] LF 19 LRT950102  LST2960972624 BUCT[18:19:03] PID[25821] 
33(WAITREQ) QNO11    BUID(BU1        ) LT[11:17:25] LF 15 LRT950102  LST2960972624 BUCT[18:19:03] PID[29497] 
34(WAITREQ) QNO8     BUID(BU1        ) LT[00:00:44] LF 17 LRT950102  LST2960972625 BUCT[18:19:03] PID[25829] 
35(WAITREQ) QNO7     BUID(BU1        ) LT[00:00:45] LF 16 LRT950102  LST2960972625 BUCT[18:19:03] PID[25832] 
36(WAITREQ) QNO9     BUID(BU1        ) LT[00:00:46] LF 18 LRT950102  LST2960972625 BUCT[18:19:03] PID[25835] 
37(WAITREQ) QNO5     BUID(BU1        ) LT[00:00:47] LF 14 LRT950102  LST2960972625 BUCT[18:19:03] PID[25840] 
38(WAITREQ) QNO2     BUID(BU1        ) LT[00:00:48] LF 11 LRT950102  LST2931494769 BUCT[18:18:59] PID[25843] 
39(WAITREQ) QNO2     BUID(BU1        ) LT[00:00:49] LF 11 LRT950007  LST2931494770 BUCT[18:18:59] PID[25846] 
40(WAITREQ) QNO1     BUID(BU1        ) LT[00:00:50] LF 10 LRT0       LST0          BUCT[18:19:02] PID[25849] 
41(WAITREQ) QNO1     BUID(BU1        ) LT[00:00:51] LF 10 LRT0       LST0          BUCT[18:18:59] PID[25852] 
42(WAITREQ) QNO1     BUID(BU1        ) LT[00:00:52] LF 10 LRT0       LST0          BUCT[18:18:59] PID[25855] 
43(WAITREQ) QNO1     BUID(BU1        ) LT[00:00:54] LF 10 LRT0       LST0          BUCT[18:19:00] PID[25858] 
44(WAITREQ) QNO1     BUID(BU1        ) LT[00:00:55] LF 10 LRT0       LST0          BUCT[18:19:01] PID[25863] 
45(WAITREQ) QNO1     BUID(BU1        ) LT[00:00:56] LF 10 LRT0       LST0          BUCT[18:19:02] PID[25866] 
46(WAITREQ) QNO1     BUID(BU1        ) LT[00:00:57] LF 10 LRT0       LST0          BUCT[18:18:59] PID[25869] 
47(WAITREQ) QNO1     BUID(BU1        ) LT[00:00:58] LF 10 LRT0       LST0          BUCT[18:18:59] PID[25872] 
48(WAITREQ) QNO1     BUID(BU1        ) LT[00:00:59] LF 10 LRT0       LST0          BUCT[18:19:00] PID[25875] 
49(WAITREQ) QNO1     BUID(BU1        ) LT[00:01:00] LF 10 LRT0       LST0          BUCT[18:19:01] PID[25878] 

--- Function Status at 181858 (TickCount=2962896742)---
funcno|class|         gid|success|failure|           time| t_max| t_min|Description       | Programmer   
      1010|1|       BU0|Y|      0|      0|              0|     0|     0|最快速的处理，用于测试速度|CYH Demo|08:00:00
      1011|1|       BU0|Y|      0|      0|              0|     0|     0|用于测试BCCSHM速度|CYH Demo|08:00:00
      1012|1|       BU0|N|      0|      0|              0|     0|     0|用于测试BUSHM速度|CYH Demo|08:00:00
      1013|1|       BU0|Y|      0|      0|              0|     0|     0|用于测试BCCSHM和多包返回测试|CYH Demo|08:00:00
      1014|1|       BU0|Y|      0|      0|              0|     0|     0|读取指定共享内存中的数据|CYH Demo|08:00:00
      1015|1|       BU0|Y|      0|      0|              0|     0|     0|读取共享内存中的数据返回给客户端，将请求包中的值设置到共享内存中|CYH Demo|08:00:00
    240001|1|       BU0|Y|      0|      0|              0|     0|     0|qczz|wj|08:00:00
    240001|1|       BU2|Y|      0|      0|              0|     0|     0|圈存转账|wj|08:00:00
    240002|1|       BU0|Y|      0|      0|              0|     0|     0|qczz|wj|08:00:00
    240002|1|       BU2|Y|      0|      0|              0|     0|     0|圈存转账|wj|08:00:00
    240003|1|       BU0|Y|      0|      0|              0|     0|     0|qczz|wj|08:00:00
    240003|1|       BU2|Y|      0|      0|              0|     0|     0|圈存转账|wj|08:00:00
    240004|1|       BU0|Y|      0|      0|              0|     0|     0|qczz|wj|08:00:00
    240004|1|       BU2|Y|      0|      0|              0|     0|     0|圈存转账|wj|08:00:00
    240005|1|       BU0|Y|      0|      0|              0|     0|     0|qczz|wj|08:00:00
    240005|1|       BU2|Y|      0|      0|              0|     0|     0|圈存转账|wj|08:00:00
    240006|1|       BU0|Y|      0|      0|              0|     0|     0|qczz|wj|08:00:00
    240006|1|       BU2|Y|      0|      0|              0|     0|     0|圈存转账|wj|08:00:00
    240007|1|       BU0|Y|      0|      0|              0|     0|     0|qczz|wj|08:00:00
    240007|1|       BU2|Y|      0|      0|              0|     0|     0|圈存转账|wj|08:00:00
    240008|1|       BU0|Y|      0|      0|              0|     0|     0|qczz|wj|08:00:00
    240008|1|       BU2|Y|      2|      0|              8|     5|     3|圈存转账|wj|06:52:29
    240009|1|       BU0|Y|      0|      0|              0|     0|     0|qczz|wj|08:00:00
    240009|1|       BU2|Y|     15|      0|             26|     2|     1|圈存转账|wj|12:48:01
    240010|1|       BU0|Y|      0|      1|              0|     0|     0|qczz|wj|10:42:16
    240010|1|       BU2|Y|      7|      7|              6|     2|     0|圈存转账|wj|12:48:01
    240011|1|       BU0|Y|      0|      0|              0|     0|     0|qczz|wj|08:00:00
    240011|1|       BU2|Y|      0|      0|              0|     0|     0|圈存转账|wj|08:00:00
    240157|1|       BU0|Y|      0|      0|              0|     0|     0|圈存转账|wj|08:00:00
    240157|1|       BU2|Y|      0|      0|              0|     0|     0|圈存转账|wj|08:00:00
    700000|1|       BU0|Y|      7|      2|             36|    10|     3|电话查询系统登录|wj|17:36:09
    700001|1|       BU0|Y|      5|      0|             12|     4|     2|电话余额查询|wj|15:06:34
    700002|1|       BU0|Y|      0|      0|              0|     0|     0|账户交易明细查询|wj|08:00:00
    820001|1|       BU0|Y|      0|      0|              0|     0|     0|子系统注册|hxz|08:00:00
    820002|1|       BU0|Y|      0|      0|              0|     0|     0|子系统修改|hxz|08:00:00
    820003|1|       BU0|Y|      0|      0|              0|     0|     0|子系统删除|hxz|08:00:00
    820005|1|       BU0|Y|      0|      0|              0|     0|     0|子系统非关键字查询|hxz|08:00:00
    820101|1|       BU0|Y|      0|      0|              0|     0|     0|设备注册|hxz|08:00:00
    820102|1|       BU0|Y|      0|      0|              0|     0|     0|设备修改|hxz|08:00:00
    820103|1|       BU0|Y|      0|      0|              0|     0|     0|设备删除|hxz|08:00:00
    820105|1|       BU0|Y|      0|      0|              0|     0|     0|设备查询|hxz|08:00:00
    820108|1|       BU0|Y|      0|      0|              0|     0|     0|设备树查询|hxz|08:00:00
    820110|1|       BU0|Y|      0|      0|              0|     0|     0|设备文件导入|wj|08:00:00
    820111|1|       BU0|Y|      0|      0|              0|     0|     0|区域表注册|hxz|08:00:00
    820112|1|       BU0|Y|      0|      0|              0|     0|     0|区域表修改|hxz|08:00:00
    820113|1|       BU0|Y|      0|      0|              0|     0|     0|区域表删除|hxz|08:00:00
    820114|1|       BU0|Y|      0|      0|              0|     0|     0|区域表查询|hxz|08:00:00
    820301|1|       BU0|Y|      4|      1|            872|   787|    11|操作员增删改查|hxz|17:21:20
    820302|1|       BU0|Y|      0|      0|              0|     0|     0|操作员交易流水查询|hxz|08:00:00
    820311|1|       BU0|Y|      0|      0|              0|     0|     0|权限模板增删改查询|hxz|08:00:00
    820321|1|       BU0|Y|      0|      0|              0|     0|     0|操作员登录站点增加、删除、查询|hxz|08:00:00
    820331|1|       BU0|Y|      0|      0|              0|     0|     0|操作员密码修改|hxz|08:00:00
    820332|1|       BU0|Y|      0|      0|              0|     0|     0|操作员密码重置|hxz|08:00:00
    820341|1|       BU0|Y|      0|      0|              0|     0|     0|站点信息增删改查|hxz|08:00:00
    820350|1|       BU0|Y|     52|      0|            193|    13|     2|前台注册发送机器码|hxz|17:21:50
    820351|1|       BU0|Y|     46|      2|            178|     6|     3|操作员登录|hxz|17:22:00
    820352|1|       BU0|Y|     39|      0|            127|     6|     2|操作员登出|hxz|18:05:26
    820356|1|       BU0|Y|      0|      0|              0|     0|     0|可冲正交易配置|tc|08:00:00
    820402|1|       BU0|Y|      2|      0|             14|     8|     6|系统参数修改|hxz|13:28:56
    820404|1|       BU0|Y|      0|      0|              0|     0|     0|系统参数查询全部|hxz|08:00:00
    820405|1|       BU0|Y|      6|      0|          15694| 14773|     3|系统参数非关键字查询|hxz|13:31:18
    820501|1|       BU0|Y|     39|      0|         126943| 26169|   285|登陆时数据字典查询|hxz|17:20:43
    820502|1|       BU0|Y|      9|      0|             21|     4|     1|登陆时读取数据字典条|hxz|17:21:20
    820511|1|       BU0|Y|      0|      0|              0|     0|     0|普通数据字典增删改查|hxz|08:00:00
    820522|1|       BU0|Y|    125|      0|            123|     6|     0|取系统日期|hxz|17:22:00
    841601|1|       BU0|Y|     34|     17|         104291| 33995|     2|客户信息设置|wj|17:15:03
    841602|1|       BU0|Y|      0|      0|              0|     0|     0|客户银行卡设置|wj|08:00:00
    841605|1|       BU0|Y|    230|      2|           3202|  2012|     2|客户信息导入|wj|17:19:30
    842001|1|       BU0|Y|     13|      0|          14114|  6471|     7|部门信息设置|wj|17:14:31
    842501|1|       BU0|Y|      0|      0|              0|     0|     0|专业信息设置|wj|08:00:00
    843335|1|       BU0|Y|     22|      0|          48717| 18873|    13|商户信息开户销户修改查询|wj|16:55:11
    843340|1|       BU0|Y|      0|      0|              0|     0|     0|餐次增删改查|wj|08:00:00
    843341|1|       BU0|Y|      0|      0|              0|     0|     0|商户餐次绑定|wj|08:00:00
    843342|1|       BU0|Y|      0|      0|              0|     0|     0|商户佣金设置|wj|08:00:00
    843343|1|       BU0|Y|      0|      0|              0|     0|     0|商户佣金设置|wj|08:00:00
    843351|1|       BU0|Y|      0|      0|              0|     0|     0|充值商户存款|wj|08:00:00
    843355|1|       BU0|Y|      0|      0|              0|     0|     0|充值商户设备添加|wj|08:00:00
    843356|1|       BU0|Y|      0|      0|              0|     0|     0|充值商户设备删除|wj|08:00:00
    843357|1|       BU0|Y|      0|      0|              0|     0|     0|充值商户设备查询|wj|08:00:00
    843358|1|       BU0|Y|      0|      0|              0|     0|     0|充值操作员添加|wj|08:00:00
    843359|1|       BU0|Y|      0|      0|              0|     0|     0|充值操作员修改|wj|08:00:00
    843360|1|       BU0|Y|      0|      0|              0|     0|     0|充值操作员删除|wj|08:00:00
    843361|1|       BU0|Y|      0|      0|              0|     0|     0|充值操作员查询|wj|08:00:00
    843362|1|       BU0|Y|      0|      0|              0|     0|     0|充值操作员设备增加|wj|08:00:00
    843363|1|       BU0|Y|      0|      0|              0|     0|     0|充值操作员设备删除|wj|08:00:00
    843364|1|       BU0|Y|      0|      0|              0|     0|     0|充值操作员设备查询|wj|08:00:00
    843370|1|       BU0|Y|      0|      0|              0|     0|     0|设备商户导入管理|wj|08:00:00
    843371|1|       BU0|Y|      0|      0|              0|     0|     0|设备商户信息设置|wj|08:00:00
    843373|1|       BU0|Y|      0|      0|              0|     0|     0|客户类别信息增加|wj|08:00:00
    846101|1|       BU0|Y|      0|      0|              0|     0|     0|添加卡类别|lx|08:00:00
    846102|1|       BU0|Y|      3|      1|             15|     6|     4|卡片领入|lx|09:57:29
    846103|1|       BU0|Y|      0|      0|              0|     0|     0|卡片上交|lx|08:00:00
    846104|1|       BU0|Y|      0|      0|              0|     0|     0|卡片交接|lx|08:00:00
    846105|1|       BU0|Y|      0|      0|              0|     0|     0|卡片作废|lx|08:00:00
    846106|1|       BU0|Y|      8|      0|          75161| 40846|  1860|卡片查询|lx|11:09:54
    846107|1|       BU0|Y|      0|      0|              0|     0|     0|操作员当前显示卡号查询|wj|08:00:00
    846108|1|       BU0|Y|      8|      2|           1200|  1134|     7|操作员卡使用情况汇总查询|wj|11:43:46
    846109|1|       BU0|Y|     84|      9|          54742| 19867|     2|操作员现金汇总查询|wj|17:58:31
    846110|1|       BU0|Y|     24|      0|           1415|   476|    11|当日商户交易统计查询|wj|15:09:12
    846111|1|       BU0|Y|      0|      0|              0|     0|     0|卡类别权限设置|wj|08:00:00
    846112|1|       BU0|Y|      0|      0|              0|     0|     0|科目表查询|wj|08:00:00
    846115|1|       BU0|Y|    113|      2|         478011| 27237|    14|卡库不平查询|wj|17:47:01
    846116|1|       BU0|Y|      0|      0|              0|     0|     0|卡库不平处理|wj|08:00:00
    846201|1|       BU0|Y|      0|      0|              0|     0|     0|添加钱包信息|wj|08:00:00
    846202|1|       BU0|Y|      0|      0|              0|     0|     0|计划任务添加|wj|08:00:00
    846203|1|       BU0|Y|      0|      0|              0|     0|     0|计划任务日志查询|lx|08:00:00
    846204|1|       BU0|Y|      0|      0|              0|     0|     0|消息队列|lx|08:00:00
    846205|1|       BU0|Y|      0|      0|              0|     0|     0|商户搭伙费费率设置|lx|08:00:00
    846301|1|       BU0|Y|      4|      0|            135|    35|    33|一卡通开户|wj|09:57:49
    846302|1|       BU0|Y|      0|      0|              0|     0|     0|一卡通开户冲正|wj|08:00:00
    846303|1|       BU0|Y|      4|      0|             42|    11|    10|一卡通销户|wj|09:57:19
    846304|1|       BU0|Y|      0|      0|              0|     0|     0|一卡通销户冲正|wj|08:00:00
    846305|1|       BU0|Y|      0|      0|              0|     0|     0|一卡通补办卡|wj|08:00:00
    846306|1|       BU0|Y|      0|      0|              0|     0|     0|一卡通补办卡冲正|wj|08:00:00
    846307|1|       BU0|Y|      5|      1|             45|    12|     7|一卡通挂失解挂|wj|14:49:25
    846308|1|       BU0|Y|      5|      4|             45|    15|     7|一卡通冻结解冻|wj|09:56:55
    846309|1|       BU0|Y|      0|      0|              0|     0|     0|一卡通坏卡登记|wj|08:00:00
    846310|1|       BU0|Y|      0|      0|              0|     0|     0|一卡通回收|wj|08:00:00
    846312|1|       BU0|Y|    132|      0|           1168|    30|     7|一卡通充值|wj|17:57:20
    846314|1|       BU0|Y|      0|      0|              0|     0|     0|一卡通支取|wj|08:00:00
    846315|1|       BU0|Y|      2|      0|             26|    16|    10|交易冲正|wj|17:23:20
    846316|1|       BU0|Y|      0|      0|              0|     0|     0|充值冲正|wj|08:00:00
    846317|1|       BU0|Y|      0|      0|              0|     0|     0|消费冲正|wj|08:00:00
    846318|1|       BU0|Y|      0|      0|              0|     0|     0|多媒体领取补助|wj|08:00:00
    846320|1|       BU0|Y|     25|      0|            164|     9|     5|更新卡信息|wj|18:15:40
    846321|1|       BU0|Y|      0|      0|              0|     0|     0|换卡|wj|08:00:00
    846331|1|       BU0|Y|      0|      0|              0|     0|     0|电子帐户开户|wj|08:00:00
    846332|1|       BU0|Y|      0|      0|              0|     0|     0|电子帐户销户|wj|08:00:00
    846333|1|       BU0|Y|      0|      0|              0|     0|     0|电子帐户存款|wj|08:00:00
    846334|1|       BU0|Y|      0|      0|              0|     0|     0|电子帐户销户|wj|08:00:00
    846335|1|       BU0|Y|      0|      0|              0|     0|     0|电子帐户止付解付|wj|08:00:00
    846336|1|       BU0|Y|      0|      0|              0|     0|     0|电子帐户转账|wj|08:00:00
    846337|1|       BU0|Y|      0|      0|              0|     0|     0|电子帐户密码修改|wj|08:00:00
    846338|1|       BU0|Y|      0|      0|              0|     0|     0|电子帐户密码重置|wj|08:00:00
    846401|1|       BU0|Y|      0|      0|              0|     0|     0|pos流水文件导入|wj|08:00:00
    846402|1|       BU0|Y|      0|      0|              0|     0|     0|pos流水录入增删改查|wj|08:00:00
    846403|1|       BU0|Y|      0|      0|              0|     0|     0|pos流水录入审核|wj|08:00:00
    846404|1|       BU0|Y|      0|      1|              0|     0|     0|pos异常流水管理|wj|13:19:49
    846501|1|       BU0|Y|      0|      0|              0|     0|     0|网点设置|wj|08:00:00
    846502|1|       BU0|Y|      0|      0|              0|     0|     0|交易收费配置|wj|08:00:00
    846600|1|       BU0|Y|      8|      7|           2971|  1790|     3|开户客户信息查询|wj|11:10:02
    846601|1|       BU0|Y|     11|      0|             81|    14|     5|开户手续费查询|wj|11:10:03
    846602|1|       BU0|Y|   6179|     10|       52160914| 64336|    14|已开户客户信息查询|wj|18:18:29
    846603|1|       BU0|Y|      0|      0|              0|     0|     0|电子钱包已开户客户信息查询|wj|08:00:00
    846605|1|       BU0|Y|    116|      6|          66684| 31062|     1|卡交易流水查询|wj|17:23:21
    846606|1|       BU0|Y|     24|      0|          36564|  9338|     1|帐户交易明细查询|wj|13:16:46
    846701|1|       BU0|Y|      6|      0|          28224| 16534|     4|科目余额表查询|wj|15:09:41
    846702|1|       BU0|Y|      1|      0|           7704|  7704|  7704|系统运行统计报表|wj|09:33:17
    846703|1|       BU0|Y|      5|      0|             67|    27|     4|系统运行统计报表|wj|15:33:58
    846704|1|       BU0|Y|      7|      2|          12863|  6226|    34|操作员卡分类帐表查询|wj|15:32:07
    846705|1|       BU0|Y|      2|      0|             13|     9|     4|科目总账表查询|wj|15:10:02
    846706|1|       BU0|Y|      4|      0|             99|    28|    21|商户结算表查询|wj|11:19:07
    846707|1|       BU0|Y|      1|      0|            251|   251|   251|商户POS结算表查询|wj|11:17:35
    846708|1|       BU0|Y|      0|      0|              0|     0|     0|商户POS分餐次结算表查询|wj|08:00:00
    846709|1|       BU0|Y|      5|      0|           4655|  4529|    16|商户汇总结算表查询|wj|15:10:46
    846710|1|       BU0|Y|      6|      0|           1727|  1445|    18|商户餐次汇总结算表查询|wj|10:19:04
    846711|1|       BU0|Y|    216|      0|        3600467| 29238|     2|操作员票据现金汇总聿檠|wj|15:11:14
    846720|1|       BU0|Y|     82|      0|          93143| 28543|    10|商户解款余额查询|wj|16:14:33
    846721|1|       BU0|Y|      0|      0|              0|     0|     0|商户解款|wj|08:00:00
    846722|1|       BU0|Y|      0|      1|              0|     0|     0|商户解款明细查询|wj|12:02:28
    847102|1|       BU0|Y|      2|      0|             21|    14|     7|语音系统挂失|wj|14:39:40
    847111|1|       BU0|Y|     55|      0|            304|    11|     4|卡密码修改|dyf|18:18:28
    847115|1|       BU0|Y|      0|      0|              0|     0|     0|授权卡信息查询|dyf|08:00:00
    847121|1|       BU0|Y|      0|      0|              0|     0|     0|更新卡信息|hxz|08:00:00
    847122|1|       BU0|Y|      0|      0|              0|     0|     0|新生换卡保存卡信息|hxz|08:00:00
    847123|1|       BU0|Y|      0|      0|              0|     0|     0|换卡|hxz|08:00:00
    847127|1|       BU0|Y|      0|      0|              0|     0|     0|手工借贷|hxz|08:00:00
    847130|1|       BU0|Y|      0|      0|              0|     0|     0|补助信息导入|hxz|08:00:00
    847131|1|       BU0|Y|      0|      0|              0|     0|     0|补助信息增删改|hxz|08:00:00
    847132|1|       BU0|Y|      0|      0|              0|     0|     0|补助信息下发|hxz|08:00:00
    847150|1|       BU0|Y|      0|      0|              0|     0|     0|(手工借贷)账户名称查询|hxz|08:00:00
    847164|1|       BU0|Y|      0|      0|              0|     0|     0|查询商户设备信息|hxz|08:00:00
    847165|1|       BU0|Y|      0|      0|              0|     0|     0|查询设备信息|hxz|08:00:00
    847166|1|       BU0|Y|      0|      0|              0|     0|     0|消费机与LPORT信息查询|hxz|08:00:00
    847168|1|       BU0|Y|      0|      0|              0|     0|     0|客户信息查询(批量发行卡)|hxz|08:00:00
    847182|1|       BU0|Y|      0|      0|              0|     0|     0|设备商户查询|hxz|08:00:00
    847185|1|       BU0|Y|      0|      0|              0|     0|     0|查询银行对帐单|hxz|08:00:00
    847198|1|       BU0|Y|      0|      0|              0|     0|     0|收费类别配置|tc|08:00:00
    847220|1|       BU0|Y|      0|      0|              0|     0|     0|账务解款|tc|08:00:00
    847221|1|       BU0|Y|      0|      0|              0|     0|     0|账务解款冲正|tc|08:00:00
    847222|1|       BU0|Y|      0|      0|              0|     0|     0|商户消费结算|tc|08:00:00
    847223|1|       BU0|Y|      0|      0|              0|     0|     0|商户消费结算冲正|tc|08:00:00
    847224|1|       BU0|Y|      0|      0|              0|     0|     0|商户消费结算商户余额查询|tc|08:00:00
    847225|1|       BU0|Y|      0|      0|              0|     0|     0|充值平台检测卡状态|tc|08:00:00
    847226|1|       BU0|Y|      0|      1|              0|     0|     0|操作员授权卡发行|tc|11:05:59
    847227|1|       BU0|Y|      1|      0|             12|    12|    12|操作员授权卡回收|tc|11:05:33
    847228|1|       BU0|Y|      0|      0|              0|     0|     0|修改授权卡参数|tc|08:00:00
    847229|1|       BU0|Y|      0|      0|              0|     0|     0|授权卡挂失|tc|08:00:00
    847230|1|       BU0|Y|      0|      0|              0|     0|     0|授权卡解挂|tc|08:00:00
    847231|1|       BU0|Y|     19|      3|             68|     6|     2|授权卡查询|tc|17:24:45
    847232|1|       BU0|Y|      0|      0|              0|     0|     0|授权卡查询|tc|08:00:00
    847233|1|       BU0|Y|      0|      0|              0|     0|     0|考勤流水查询|tc|08:00:00
    847234|1|       BU0|Y|      0|      0|              0|     0|     0|考勤流水统计查询|tc|08:00:00
    847301|1|       BU0|Y|      0|      0|              0|     0|     0|水控转账|lx|08:00:00
    847302|1|       BU0|Y|      0|      0|              0|     0|     0|转账失败|lx|08:00:00
    847304|1|       BU0|Y|      0|      0|              0|     0|     0|转账写卡失败|lx|08:00:00
    847306|1|       BU0|Y|      0|      0|              0|     0|     0|水控汇总金额入账|lx|08:00:00
    847310|1|       BU0|Y|      0|      0|              0|     0|     0|卡库不平查询|wj|08:00:00
    847311|1|       BU0|Y|      0|      0|              0|     0|     0|xxx|wj|08:00:00
    847312|1|       BU0|Y|      0|      0|              0|     0|     0|xxx|wj|08:00:00
    847313|1|       BU0|Y|      0|      0|              0|     0|     0|xxx|wj|08:00:00
    847315|1|       BU0|Y|      0|      0|              0|     0|     0|多媒体补助领取|hlq|08:00:00
    847316|1|       BU0|Y|      0|      0|              0|     0|     0|第三方请求确认|hlq|08:00:00
    847317|1|       BU0|Y|      0|      0|              0|     0|     0|第三方正式请求|hlq|08:00:00
    847318|1|       BU0|Y|      0|      0|              0|     0|     0|终端挂失|hlq|08:00:00
    847319|1|       BU0|Y|      0|      0|              0|     0|     0|终端挂失|hlq|08:00:00
    847320|1|       BU0|Y|      0|      0|              0|     0|     0|终端挂失|hlq|08:00:00
    847322|1|       BU0|Y|      0|      0|              0|     0|     0|电控余额查询|hlq|08:00:00
    847343|1|       BU0|Y|      0|      0|              0|     0|     0|授权卡发行|hhd|08:00:00
    848250|1|       BU0|Y|      0|      0|              0|     0|     0|门禁时间段管理|tc|08:00:00
    848251|1|       BU0|Y|      0|      0|              0|     0|     0|门禁时间周管理|tc|08:00:00
    848252|1|       BU0|Y|      0|      0|              0|     0|     0|门禁xxx|tc|08:00:00
    848254|1|       BU0|Y|      0|      0|              0|     0|     0|门禁时间段明细查询|tc|08:00:00
    848255|1|       BU0|Y|      0|      0|              0|     0|     0|门禁节假日管理|tc|08:00:00
    848256|1|       BU0|Y|      0|      0|              0|     0|     0|门禁xxx|tc|08:00:00
    848257|1|       BU0|Y|      0|      0|              0|     0|     0|门禁组管理|tc|08:00:00
    848258|1|       BU0|Y|      0|      0|              0|     0|     0|门禁xxx|tc|08:00:00
    848259|1|       BU0|Y|      0|      0|              0|     0|     0|门禁xxx|tc|08:00:00
    848260|1|       BU0|Y|      0|      0|              0|     0|     0|门禁xxx|tc|08:00:00
    848264|1|       BU0|Y|      0|      0|              0|     0|     0|门禁xxx|tc|08:00:00
    848265|1|       BU0|Y|      0|      0|              0|     0|     0|门禁xxx|tc|08:00:00
    848266|1|       BU0|Y|      0|      0|              0|     0|     0|门禁xxx|tc|08:00:00
    848267|1|       BU0|Y|      0|      0|              0|     0|     0|门禁xxx|tc|08:00:00
    848268|1|       BU0|Y|      0|      0|              0|     0|     0|门禁xxx|tc|08:00:00
    848269|1|       BU0|Y|      0|      0|              0|     0|     0|门禁xxx|tc|08:00:00
    848270|1|       BU0|Y|      0|      0|              0|     0|     0|门禁xxx|tc|08:00:00
    848271|1|       BU0|Y|      0|      0|              0|     0|     0|未领取补助查询xxx|tc|08:00:00
    848272|1|       BU0|Y|      0|      0|              0|     0|     0|补助领取xxx|tc|08:00:00
    848273|1|       BU0|Y|      0|      0|              0|     0|     0|门禁常开时间段设置|tc|08:00:00
    849001|1|       BU0|Y|      0|      0|              0|     0|     0|xxx|tc|08:00:00
    849002|1|       BU0|Y|      0|      0|              0|     0|     0|xxx|tc|08:00:00
    849003|1|       BU0|Y|      0|      0|              0|     0|     0|pos联机充值|tc|08:00:00
    849004|1|       BU0|Y|      0|      0|              0|     0|     0|pos联机充值冲正|tc|08:00:00
    849005|1|       BU0|Y|      0|      0|              0|     0|     0|pos联机充值授权|tc|08:00:00
    849006|1|       BU0|Y|      0|      0|              0|     0|     0|xxx|tc|08:00:00
    849007|1|       BU0|Y|      0|      0|              0|     0|     0|xxx|tc|08:00:00
    900088|1|       BU0|Y|      0|      0|              0|     0|     0|前台手工生成报表|wj|08:00:00
    900120|1|       BU0|Y|      0|      0|              0|     0|     0|查询结算总表|wj|08:00:00
    900121|1|       BU0|Y|      0|      0|              0|     0|     0|查询结算总表|wj|08:00:00
    900122|1|       BU0|Y|      0|      0|              0|     0|     0|查询结算总表|wj|08:00:00
    900130|1|       BU0|Y|      0|      0|              0|     0|     0|查询对账不符明细报表|wj|08:00:00
    900140|1|       BU0|Y|      0|      0|              0|     0|     0|查询卡库不平清单|wj|08:00:00
    900150|1|       BU0|Y|      0|      0|              0|     0|     0|查询操作员情况汇总表|wj|08:00:00
    900170|1|       BU0|Y|      0|      0|              0|     0|     0|查询普通商户结算表|wj|08:00:00
    900171|1|       BU0|Y|      0|      0|              0|     0|     0|查询普通商户结算表|wj|08:00:00
    900172|1|       BU0|Y|      0|      0|              0|     0|     0|生成清算对账文件|wj|08:00:00
    900173|1|       BU0|Y|      0|      0|              0|     0|     0|查询普通商户结算表|wj|08:00:00
    900174|1|       BU0|Y|      0|      0|              0|     0|     0|查询普通商户结算表|wj|08:00:00
    900230|1|       BU0|Y|      0|      0|              0|     0|     0|查询资产负债表|wj|08:00:00
    900240|1|       BU0|Y|      0|      0|              0|     0|     0|按照设备查询充值报表|wj|08:00:00
    900250|1|       BU0|Y|      0|      0|              0|     0|     0|前置机设备充值报表|wj|08:00:00
    900260|1|       BU0|Y|      0|      0|              0|     0|     0|查询操作员卡片使用情况|wj|08:00:00
    900280|1|       BU0|Y|      0|      0|              0|     0|     0|查询现金报表|wj|08:00:00
    900281|1|       BU0|Y|      0|      0|              0|     0|     0|查询现金报表|wj|08:00:00
    900290|1|       BU0|Y|      0|      0|              0|     0|     0|查询普通商户结算报表(当天)|wj|08:00:00
    900300|1|       BU0|Y|      0|      0|              0|     0|     0|查询商户解款报表|wj|08:00:00
    900310|1|       BU0|Y|      0|      0|              0|     0|     0|查询商户解款报表|wj|08:00:00
    900320|1|       BU0|Y|      0|      0|              0|     0|     0|查询商户解款报表|wj|08:00:00
    930001|1|       BU1|Y|      0|      0|              0|     0|     0|下传设备时钟|dyf_hhd|08:00:00
    930002|1|       BU1|Y|      0|      0|              0|     0|     0|上传设备时钟|dyf_hhd|08:00:00
    930003|1|       BU1|Y|      0|      0|              0|     0|     0|下传黑名单|dyf_hhd|08:00:00
    930004|1|       BU1|Y|      0|      0|              0|     0|     0|删除下传黑名单|dyf_hhd|08:00:00
    930005|1|       BU1|Y|      0|      0|              0|     0|     0|广播下传黑名单|dyf_hhd|08:00:00
    930006|1|       BU1|Y|      0|      0|              0|     0|     0|下传搭伙费比率|dyf_hhd|08:00:00
    930007|1|       BU1|Y|      0|      0|              0|     0|     0|下传设备主参数|dyf_hhd|08:00:00
    930008|1|       BU1|Y|      0|      0|              0|     0|     0|上传设备主参数|dyf_hhd|08:00:00
    930009|1|       BU1|Y|      0|      0|              0|     0|     0|设备补助开关|dyf_hhd|08:00:00
    930010|1|       BU1|Y|      0|      0|              0|     0|     0|下传密码启用金额上限|dyf_hhd|08:00:00
    930011|1|       BU1|Y|      0|      0|              0|     0|     0|设置消费编号及版本|dyf_hhd|08:00:00
    930012|1|       BU1|Y|      0|      0|              0|     0|     0|设备消费快捷编号|dyf_hhd|08:00:00
    930013|1|       BU1|Y|      0|      0|              0|     0|     0|设备消费时间段参数|dyf_hhd|08:00:00
    930014|1|       BU1|Y|      0|      0|              0|     0|     0|防火状态设置|dyf_hhd|08:00:00
    930015|1|       BU1|Y|      0|      0|              0|     0|     0|设备控制|dyf_hhd|08:00:00
    930016|1|       BU1|Y|      0|      0|              0|     0|     0|采集消费流水(历史)|dyf_hhd|08:00:00
    930017|1|       BU1|Y|      0|      0|              0|     0|     0|采集补助发放流水|dyf_hhd|08:00:00
    930018|1|       BU1|Y|      0|      0|              0|     0|     0|采集现金充值流水(历史)|dyf_hhd|08:00:00
    930019|1|       BU1|Y|      0|      0|              0|     0|     0|采集设备结账流水(历史)|dyf_hhd|08:00:00
    930020|1|       BU1|Y|      0|      0|              0|     0|     0|下传补助发放名单|dyf_hhd|08:00:00
    930021|1|       BU1|Y|      0|      0|              0|     0|     0|下传设备档案信息|dyf_hhd|08:00:00
    930022|1|       BU1|Y|      0|      0|              0|     0|     0|采集现金充值管理费流水(历史)|dyf_hhd|08:00:00
    930030|1|       BU1|Y|      0|      0|              0|     0|     0|水控转帐机转帐|lx|08:00:00
    930031|1|       BU1|Y|      3|      0|              7|     3|     2|收集消费流水|dyf_hhd|08:29:43
    930032|1|       BU1|Y|      0|      0|              0|     0|     0|采集自助挂失解挂流水|dyf_hhd|08:00:00
    930033|1|       BU1|Y|      0|      0|              0|     0|     0|采集补助流水|dyf_hhd|08:00:00
    930034|1|       BU1|Y|      0|      0|              0|     0|     0|收集现金充值流水|dyf_hhd|08:00:00
    930035|1|       BU1|Y|      0|      0|              0|     0|     0|采集设备结账流水|dyf_hhd|08:00:00
    930036|1|       BU1|Y|      0|      0|              0|     0|     0|采集现金充值管理费流水|dyf_hhd|08:00:00
    930037|1|       BU1|Y|      0|      0|              0|     0|     0|下传设备档案信息|dyf_hhd|08:00:00
    930038|1|       BU1|Y|      0|      0|              0|     0|     0|修改注册设备号|dyf_hhd|08:00:00
    930039|1|       BU1|Y|      0|      0|              0|     0|     0|下载黑名单|dyf_hhd|08:00:00
    930040|1|       BU1|Y|      0|      0|              0|     0|     0|挂失卡|dyf_hhd|08:00:00
    930041|1|       BU1|Y|      0|      0|              0|     0|     0|解挂卡|dyf_hhd|08:00:00
    930042|1|       BU1|Y|      0|      0|              0|     0|     0|查询卡序列号|dyf_hhd|08:00:00
    930045|1|       BU1|Y|      0|      0|              0|     0|     0|自助终端修改密码|dyf_hhd|08:00:00
    930046|1|       BU1|Y|    151|      0|            279|     9|     1|接收设备下传黑名单结果|dyf_hhd|14:49:36
    930047|1|       BU1|Y|      0|      0|              0|     0|     0|门禁白名单批量下传应答|dyf_hhd|08:00:00
    930051|1|       BU1|Y|      0|      0|              0|     0|     0|前置机注册|dyf_hhd|08:00:00
    930052|1|       BU1|Y|     29|      0|            106|     6|     2|前置机签到|dyf_hhd|18:00:28
    930053|1|       BU1|Y|      0|      0|              0|     0|     0|前置机签出|dyf_hhd|08:00:00
    930054|1|       BU1|Y|      0|      0|              0|     0|     0|设备签到|dyf_hhd|08:00:00
    930055|1|       BU1|Y|      0|      0|              0|     0|     0|设备签出|dyf_hhd|08:00:00
    930056|1|       BU1|Y|      0|      0|              0|     0|     0|下传监控设备参数|dyf_hhd|08:00:00
    930057|1|       BU1|Y|      0|   6104|              0|     0|     0|接收设备心跳|dyf_hhd|18:19:00
    930058|1|       BU1|Y|      0|      0|              0|     0|     0|接收LPORT设备心跳|dyf_hhd|08:00:00
    930060|1|       BU1|Y|      0|      0|              0|     0|     0|强制设备签退|dyf_hhd|08:00:00
    930061|1|       BU1|Y|      0|      0|              0|     0|     0|下传启用密码累计消费金额|dyf_hhd|08:00:00
    930062|1|       BU1|Y|      0|      0|              0|     0|     0|初始化LPORT端口参数|dyf_hhd|08:00:00
    930063|1|       BU1|Y|      0|      0|              0|     0|     0|设置终端管理员密码|dyf_hhd|08:00:00
    930064|1|       BU1|Y|      0|      0|              0|     0|     0|获取LPORT指定端口参数|dyf_hhd|08:00:00
    930065|1|       BU1|Y|      0|      0|              0|     0|     0|采集补助名单|tc|08:00:00
    930066|1|       BU1|Y|      0|      0|              0|     0|     0|xxxx|tc|08:00:00
    930067|1|       BU1|Y|      0|      0|              0|     0|     0|xxxx|tc|08:00:00
    930070|1|       BU1|Y|      0|      0|              0|     0|     0|xxxx|tc|08:00:00
    930071|1|       BU1|Y|    206|      0|            684|    35|     0|xxxx|tc|18:15:31
    930098|1|       BU1|Y|      0|      0|              0|     0|     0|接收前置机心跳应答|dyf_hhd|08:00:00
    930099|1|       BU1|Y|   6998|      0|           5766|   402|     0|接收前置机心跳|dyf|16:20:40
    930101|1|       BU1|Y|      0|      0|              0|     0|     0|门禁采集流水|wj|08:00:00
    930102|1|       BU1|Y|      0|      0|              0|     0|     0|门禁采集历史流水|wj|08:00:00
    930103|1|       BU1|Y|      0|      0|              0|     0|     0|下传门禁设备主参数|wj|08:00:00
    930104|1|       BU1|Y|      0|      0|              0|     0|     0|上传门禁设备主参数|wj|08:00:00
    930105|1|       BU1|Y|      0|      0|              0|     0|     0|下传门禁时间段|wj|08:00:00
    930106|1|       BU1|Y|      0|      0|              0|     0|     0|上传门禁时间段|wj|08:00:00
    930109|1|       BU1|Y|      0|      0|              0|     0|     0|下传门禁节假日|wj|08:00:00
    930110|1|       BU1|Y|      0|      0|              0|     0|     0|上传门禁节假日|wj|08:00:00
    930113|1|       BU1|Y|      0|      0|              0|     0|     0|下传版本号|wj|08:00:00
    930114|1|       BU1|Y|      0|      0|              0|     0|     0|上传版本号|wj|08:00:00
    930117|1|       BU1|Y|      0|      0|              0|     0|     0|下传名单|wj|08:00:00
    930118|1|       BU1|Y|      0|      0|              0|     0|     0|广播名单|wj|08:00:00
    930120|1|       BU1|Y|      0|      0|              0|     0|     0|门禁开关控制|wj|08:00:00
    930121|1|       BU1|Y|      0|      0|              0|     0|     0|下传名单与版本|tc|08:00:00
    930122|1|       BU1|Y|      0|      0|              0|     0|     0|下传名单与版本|tc|08:00:00
    930123|1|       BU1|Y|      0|      0|              0|     0|     0|汉军门禁查询名单|tc|08:00:00
    930201|1|       BU1|Y|      0|      0|              0|     0|     0|指定下传白名单|tc|08:00:00
    930202|1|       BU1|Y|      0|      0|              0|     0|     0|批量下传白名单|tc|08:00:00
    930203|1|       BU1|Y|      0|      0|              0|     0|     0|批量下传白名单|tc|08:00:00
    940001|1|       BU1|Y|      0|      0|              0|     0|     0|获取子系统|tc|08:00:00
    940002|1|       BU1|Y|      0|      0|              0|     0|     0|获取子系统黑白名单|tc|08:00:00
    940003|1|       BU1|Y|      0|      0|              0|     0|     0|更新子系统当前名单版本|tc|08:00:00
    940004|1|       BU1|Y|      0|      0|              0|     0|     0|获取子系统更新客户信息名单|tc|08:00:00
    940005|1|       BU0|Y|      0|      0|              0|     0|     0|子系统名单同步查询|wj|08:00:00
    940005|1|       BU1|Y|      0|      0|              0|     0|     0|查询子系统名单发送情况|tc|08:00:00
    940010|1|       BU1|Y|      0|      0|              0|     0|     0|获取黑名单信息|lx|08:00:00
    940011|1|       BU1|Y|      0|      0|              0|     0|     0|获取新发卡名单|lx|08:00:00
    950001|1|       BU1|Y|      0|      0|              0|     0|     0|通用前置机签到|tc|08:00:00
    950002|1|       BU1|Y|      0|      0|              0|     0|     0|通用前置机下载设备参数|tc|08:00:00
    950003|1|       BU1|Y|     29|      0|          96415| 25278|    22|下载汇多设备档案|tc|18:00:28
    950004|1|       BU1|Y|      0|      0|              0|     0|     0|远程开门|lx|08:00:00
    950005|1|       BU1|Y|      0|      0|              0|     0|     0|下载BCC参数|tc|08:00:00
    950006|1|       BU1|Y|      0|      0|              0|     0|     0|下载参数|tc|08:00:00
    950007|1|       BU1|Y| 222113|    800|        1640521|  9570|     0|批量下载黑名单|tc|18:19:03
    950008|1|       BU1|Y|      0|      0|              0|     0|     0|校区编号|tc|08:00:00
    950009|1|       BU1|Y|      0|      0|              0|     0|     0|获取黑名单版本|tc|08:00:00
    950010|1|       BU1|Y|      0|      0|              0|     0|     0|设备主动更新黑名单|tc|08:00:00
    950029|1|       BU1|Y|      0|      0|              0|     0|     0|收集洗衣机退款流水|tc|08:00:00
    950031|1|       BU1|Y|    508|     86|           2085|    19|     1|采集汇多设备流水|tc|18:17:18
    950032|1|       BU1|Y|     22|      0|             72|     9|     2|联机POS签到|wj|17:10:17
    950040|1|       BU1|Y|      0|      0|              0|     0|     0|设置设备搭伙费比例|tc|08:00:00
    950041|1|       BU1|Y|      0|      0|              0|     0|     0|下载汇多设备档案|tc|08:00:00
    950043|1|       BU1|Y|      0|      0|              0|     0|     0|下载汇多设备餐段|hhd|08:00:00
    950080|1|       BU1|Y|      0|      0|              0|     0|     0|读取人员信息|tc|08:00:00
    950099|1|       BU1|Y|      0|      0|              0|     0|     0|通用前置机下载指令|tc|08:00:00
    950100|1|       BU1|Y|      0|      0|              0|     0|     0|通用前置机下载厂商参数|tc|08:00:00
    950101|1|       BU1|Y|      0|      0|              0|     0|     0|汇多联机考勤|tc|08:00:00
    950102|1|       BU1|Y|  25686|      0|         444738|392992|     0|三强|tc|18:19:03
    950998|1|       BU1|Y|      0|      0|              0|     0|     0|下载文件|tc|08:00:00
    950999|1|       BU1|Y|      0|      0|              0|     0|     0|上传文件|tc|08:00:00
   9002700|1|       BU0|Y|      0|      0|              0|     0|     0|查询操作员当天操作情况|wj|08:00:00
--- DRTPRouter Status at 181858 (time(NULL)=1231323543 TickCount=2962897166)---
Router0 IP:127.0.0.1 Port:4000 NodeID:5000 
	Server FuncNo:6000/6002 connect:Y sct=22:08:49 slt=18:19:03 scc=1 src=285021 srl=65462952 ssc=284681 ssl=178752724 
	PushCLT connect:Y cct=22:08:48 clt=08:00:00 ccc=1 crc=0 crl=0 csc=0 csl=0 
	ExtCallCLT totals:0 links:0 using:0 

--- ReqPackQueue Status at 181858 (time()=1231323544,TickCount=2962898238)---
BU Groups[0](BU0) ReqPackQueue1 size=0
BU Groups[0](BU0) ReqPackQueue2 size=0
BU Groups[0](BU0) ReqPackQueue3 size=0
BU Groups[1](BU1) ReqPackQueue1 size=0
BU Groups[1](BU1) ReqPackQueue2 size=0
BU Groups[1](BU1) ReqPackQueue3 size=0
BU Groups[2](BU2) ReqPackQueue1 size=0
BU Groups[2](BU2) ReqPackQueue2 size=0
BU Groups[2](BU2) ReqPackQueue3 size=0

