

***********************************************************************
Fatal NI connect error 12541, connecting to:
 (DESCRIPTION=(ADDRESS=(PROTOCOL=TCP)(HOST=172.28.15.10)(PORT=1521))(CONNECT_DATA=(SERVICE_NAME=yktdb)(CID=(PROGRAM=rcv_acc)(HOST=dbcenter1)(USER=ykt))))

  VERSION INFORMATION:
	TNS for Solaris: Version 10.2.0.1.0 - Production
	TCP/IP NT Protocol Adapter for Solaris: Version 10.2.0.1.0 - Production
  Time: 11-SEP-2008 08:13:24
  Tracing not turned on.
  Tns error struct:
    ns main err code: 12541
    TNS-12541: TNS:no listener
    ns secondary err code: 12560
    nt main err code: 511
    TNS-00511: No listener
    nt secondary err code: 146
    nt OS err code: 0


***********************************************************************
Fatal NI connect error 12514, connecting to:
 (DESCRIPTION=(ADDRESS=(PROTOCOL=TCP)(HOST=172.28.15.10)(PORT=1521))(CONNECT_DATA=(SERVICE_NAME=yktdb)(CID=(PROGRAM=rcv_acc)(HOST=dbcenter1)(USER=ykt))))

  VERSION INFORMATION:
	TNS for Solaris: Version 10.2.0.1.0 - Production
	TCP/IP NT Protocol Adapter for Solaris: Version 10.2.0.1.0 - Production
  Time: 11-SEP-2008 08:13:54
  Tracing not turned on.
  Tns error struct:
    ns main err code: 12564
    TNS-12564: TNS:connection refused
    ns secondary err code: 0
    nt main err code: 0
    nt secondary err code: 0
    nt OS err code: 0


***********************************************************************
Fatal NI connect error 12541, connecting to:
 (DESCRIPTION=(ADDRESS=(PROTOCOL=TCP)(HOST=172.28.15.10)(PORT=1521))(CONNECT_DATA=(SERVICE_NAME=yktdb)(CID=(PROGRAM=rcv_acc)(HOST=dbcenter1)(USER=ykt))))

  VERSION INFORMATION:
	TNS for Solaris: Version 10.2.0.1.0 - Production
	TCP/IP NT Protocol Adapter for Solaris: Version 10.2.0.1.0 - Production
  Time: 11-SEP-2008 08:18:15
  Tracing not turned on.
  Tns error struct:
    ns main err code: 12541
    TNS-12541: TNS:no listener
    ns secondary err code: 12560
    nt main err code: 511
    TNS-00511: No listener
    nt secondary err code: 146
    nt OS err code: 0


***********************************************************************
Fatal NI connect error 12514, connecting to:
 (DESCRIPTION=(ADDRESS=(PROTOCOL=TCP)(HOST=172.28.15.10)(PORT=1521))(CONNECT_DATA=(SERVICE_NAME=yktdb)(CID=(PROGRAM=rcv_acc)(HOST=dbcenter1)(USER=ykt))))

  VERSION INFORMATION:
	TNS for Solaris: Version 10.2.0.1.0 - Production
	TCP/IP NT Protocol Adapter for Solaris: Version 10.2.0.1.0 - Production
  Time: 11-SEP-2008 08:18:45
  Tracing not turned on.
  Tns error struct:
    ns main err code: 12564
    TNS-12564: TNS:connection refused
    ns secondary err code: 0
    nt main err code: 0
    nt secondary err code: 0
    nt OS err code: 0
