1010|最快速的处理，用于测试速度|CYH Demo|1|Y
1011|用于测试BCCSHM速度|CYH Demo|1|Y
1012|用于测试BUSHM速度|CYH Demo|1|N
1013|用于测试BCCSHM和多包返回测试|CYH Demo|1|Y
1014|读取指定共享内存中的数据|CYH Demo|1|Y
1015|读取共享内存中的数据返回给客户端，将请求包中的值设置到共享内存中|CYH Demo|1|Y
240157|圈存转账|wj|1|Y|
240001|qczz|wj|1|Y|
240002|qczz|wj|1|Y|
240003|qczz|wj|1|Y|
240004|qczz|wj|1|Y|
240005|qczz|wj|1|Y|
240006|qczz|wj|1|Y|
240007|qczz|wj|1|Y|
240008|qczz|wj|1|Y|
240009|qczz|wj|1|Y|
240010|qczz|wj|1|Y|
240011|qczz|wj|1|Y|
700000|电话查询系统登录|wj|1|Y|
700001|电话余额查询|wj|1|Y|
700002|账户交易明细查询|wj|1|Y|
800000|xxx|wj|1|Y|
800001|xxx|wj|1|Y|
800202|xxx|wj|1|Y|
800203|xxx|wj|1|Y|
800701|xxx|wj|1|Y|
800703|xxx|wj|1|Y|
800704|xxx|wj|1|Y|
800742|xxx|wj|1|Y|
800751|xxx|wj|1|Y|
800761|xxx|wj|1|Y|
800772|xxx|wj|1|Y|
800782|xxx|wj|1|Y|
800783|xxx|wj|1|Y|
820001|子系统注册|hxz|1|Y|
820002|子系统修改|hxz|1|Y|
820003|子系统删除|hxz|1|Y|
820004|子系统关键字查询|hxz|1|Y|
820005|子系统非关键字查询|hxz|1|Y|
820101|设备注册|hxz|1|Y|
820102|设备修改|hxz|1|Y|
820103|设备删除|hxz|1|Y|
820104|设备关键字查询|hxz|1|Y|
820105|设备非关键字查询|hxz|1|Y|
820106|设备非关键字查询|hxz|1|Y|
820108|设备非关键字查询|hxz|1|Y|
820111|区域表注册|hxz|1|Y|
820112|区域表修改|hxz|1|Y|
820113|区域表删除|hxz|1|Y|
820114|区域表关键字查询|hxz|1|Y|
820121|设备物理信息表注册|hxz|1|Y|
820122|设备物理信息表修改|hxz|1|Y|
820123|设备物理信息表删除|hxz|1|Y|
820124|设备物理信息表关键字查询|hxz|1|Y|
820131|卡物理结构信息表注册|hxz|1|Y|
820132|卡物理结构信息表修改|hxz|1|Y|
820133|卡物理结构信息表删除|hxz|1|Y|
820134|卡物理结构信息表关键字查询|hxz|1|Y|
820141|卡物理结构信息表注册|hxz|1|Y|
820142|卡物理结构信息表修改|hxz|1|Y|
820143|卡物理结构信息表删除|hxz|1|Y|
820144|卡物理结构信息表关键字查询|hxz|1|Y|
820151|卡物理结构信息表注册|hxz|1|Y|
820152|卡物理结构信息表修改|hxz|1|Y|
820153|卡物理结构信息表删除|hxz|1|Y|
820154|卡物理结构信息表关键字查询|hxz|1|Y|
820301|操作员增删改|hxz|1|Y|
820302|操作员查询|hxz|1|Y|
820311|权限模板增删改|hxz|1|Y|
820312|权限模板查询|hxz|1|Y|
820321|操作员登录站点增加、删除|hxz|1|Y|
820322|操作员登录站点查询|hxz|1|Y|
820331|操作员密码修改|hxz|1|Y|
820332|操作员密码重置|hxz|1|Y|
820341|站点信息增删改|hxz|1|Y|
820342|站点信息查询|hxz|1|Y|
820351|操作员登录|hxz|1|Y|
820352|操作员登出|hxz|1|Y|
820353|操作员登出|hxz|1|Y|
820354|操作员组管理|tc|1|Y|
820355|操作员分组管理|tc|1|Y|
820356|冲正交易配置|tc|1|Y|
820401|全局参数注册|hxz|1|Y|
820402|全局参数修改|hxz|1|Y|
820403|全局参数删除|hxz|1|Y|
820404|全局参数关键字查询|hxz|1|Y|
820405|全局参数非关键字查询|hxz|1|Y|
820501|登陆时数据字典查询|hxz|1|Y|
820502|登陆时读取数据字典条|hxz|1|Y|
820511|普通数据字典查询|hxz|1|Y|
820512|数据字典增加、修改|hxz|1|Y|
820516|读取数据字典条目|hxz|1|Y|
820521|取功能列表|hxz|1|Y|
820522|取系统日期|hxz|1|Y|
820601|客户信息同步|hxz|1|Y|
820704|黑名单查询|wj|1|Y|
820705|黑名单查询|hxz|1|Y|
841003|xxx|wj|1|Y|
841004|xxx|wj|1|Y|
841005|xxx|wj|1|Y|
841006|xxx|wj|1|Y|
841007|数据归档|hxz|1|Y|
841303|xxx|wj|1|Y|
841304|xxx|wj|1|Y|
841305|xxx|wj|1|Y|
841306|xxx|wj|1|Y|
841307|数据归档|hxz|1|Y|
841601|客户信息增加|wj|1|Y|
841602|修改客户状态|wj|1|Y|
841603|客户信息修改|wj|1|Y|
841604|客户信息主键查询|wj|1|Y|
841605|客户信息查询|hxz|1|Y|
841606|客户信息导入|wj|1|Y|
841607|照片信息导入|wj|1|Y|
841608|照片信息增删改|wj|1|Y|
841609|批量生成临时客户|wj|1|Y|
841610|身份禁用|wj|1|Y|
841611|导入客户信息查询|wj|1|Y|
841612|导入客户信息修改|wj|1|Y|
841613|导入客户信息删除|wj|1|Y|
841614|导入客户信息审核|wj|1|Y|
841700|万欣对接名单接口lx|1|Y|
842001|部门信息增加|wj|1|Y|
842002|部门信息删除|wj|1|Y|
842003|部门信息修改|wj|1|Y|
842004|部门信息主键查询|wj|1|Y|
842005|部门信息非主键查询|hxz|1|Y|
842501|专业信息增加|wj|1|Y|
842502|专业信息删除|wj|1|Y|
842503|专业信息修改|wj|1|Y|
842504|专业信息主键查询|wj|1|Y|
842505|专业信息非主键查询|hxz|1|Y|
843335|商户信息增加|wj|1|Y|
843336|商户信息删除|wj|1|Y|
843337|商户信息修改|wj|1|Y|
843338|商户信息主键查询|wj|1|Y|
843339|商户信息非主键查询|wj|1|Y|
843340|餐次设置|wj|1|Y|
843341|商户餐次绑定|wj|1|Y|
843342|商户佣金设置|wj|1|Y|
843343|商户佣金设置|wj|1|Y|
843350|充值商户开户|wj|1|Y|
843351|充值商户存款|wj|1|Y|
843352|充值商户销户|wj|1|Y|
843353|充值商户信息查询|wj|1|Y|
843354|充值商户信息修改|wj|1|Y|
843355|充值商户设备添加|wj|1|Y|
843356|充值商户设备删除|wj|1|Y|
843357|充值商户设备信息查询|wj|1|Y|
843358|充值操作员添加|wj|1|Y|
843359|充值操作员信息修改|wj|1|Y|
843360|充值操作员删除|wj|1|Y|
843361|充值操作员信息查询|wj|1|Y|
843362|充值操作员设备添加|wj|1|Y|
843363|充值操作员设备删除|wj|1|Y|
843364|充值操作员设备信息查询|wj|1|Y|
843368|设备商户信息增加|wj|1|Y|
843369|设备商户信息删除|wj|1|Y|
843370|设备商户信息修改|wj|1|Y|
843371|设备商户信息主键查询|wj|1|Y|
843372|设备商户信息非主键查询|wj|1|Y|
843373|客户类别信息增加|wj|1|Y|
843374|客户类别信息删除|wj|1|Y|
843375|客户类别信息修改|wj|1|Y|
843376|客户类别信息主键查询|wj|1|Y|
843377|客户类别信息非主键查询|wj|1|Y|
847101|发行正式卡|wj|1|Y|
847102|挂失卡|wj|1|Y|
847103|解挂卡|wj|1|Y|
847104|补办临时卡|lb|1|Y|
847105|退卡|lb|1|Y|
847106|现金冲值|lb|1|Y|
847107|现金支取|lb|1|Y|
847108|发卡失败更新卡状态|dyf|1|Y|
847109|商户开户|dyf|1|Y|
847110|更新卡信息查询|dyf|1|Y|
847111|修改卡密码|dyf|1|Y|
847115|授权卡信息查询|dyf|1|Y|
847116|发行临时卡|dyf|1|Y|
847117|冻结卡|hxz|1|Y|
847118|解冻卡|hxz|1|Y|
847119|补写卡信息|hxz|1|Y|
847120|补写卡信息交易确认|hxz|1|Y|
847121|更新卡信息|hxz|1|Y|
847122|新生换卡保存卡信息|hxz|1|Y|
847123|换卡|hxz|1|Y|
847124|发行记名临时卡|hxz|1|Y|
847125|发行不记名临时卡|hxz|1|Y|
847126|发行VIP卡|hxz|1|Y|
847127|手工借贷|hxz|1|Y|
847130|补助信息导入|hxz|1|Y|
847131|补助信息增删改|hxz|1|Y|
847132|补助信息下发|hxz|1|Y|
847136|回收商户卡|wj|1|Y|
847137|商户卡信息查询|wj|1|Y|
847150|账户名称查询|hxz|1|Y|
847151|客户查询(发行正式卡)|dyf|1|Y|
847152|客户查询(挂失卡)|dyf|1|Y|
847153|客户查询(解挂卡)|dyf|1|Y|
847154|客户查询(补办卡)|dyf|1|Y|
847155|客户查询(收回卡)|dyf|1|Y|
847156|客户查询(现金充值)|dyf|1|Y|
847158|客户查询(帐户开户)|dyf|1|Y|
847159|客户查询(发行临时卡)|dyf|1|Y|
847160|冻结卡查询|hxz|1|Y|
847161|解冻卡查询|hxz|1|Y|
847162|查询客户信息(补写卡信息)|hxz|1|Y|
847163|xxx|hxz|1|Y|
847164|查询商户设备信息|hxz|1|Y|
847165|查询设备信息|hxz|1|Y|
847166|消费机与LPORT信息查询|hxz|1|Y|
847168|客户信息查询(批量发行卡)|hxz|1|Y|
847170|卡户帐户查询|hxz|1|Y|
847171|操作员交易流水查询|hxz|1|Y|
847172|操作员交易流水查询|hxz|1|Y|
847173|操作员交易流水查询|hxz|1|Y|
847174|操作员交易流水查询|hxz|1|Y|
847180|终端机未入账流水查询|hxz|1|Y|
847181| 终端机未入账流水手工入账|hxz|1|Y|
847182|设备商户查询|hxz|1|Y|
847183|冲正交易|hxz|1|Y|
847184|冲正交易|hxz|1|Y|
847185|查询银行对帐单|hxz|1|Y|
847190|收费类别信息增加|wj|1|Y|
847191|收费类别信息修改|wj|1|Y|
847192|收费类别信息删除|wj|1|Y|
847193|收费类别信息查询|wj|1|Y|
847194|查询客户信息(发行正式卡,记名临时卡,补办卡)|lxy|1|Y|
847195|挂失|tc|1|Y|
847196|交易收费配置|tc|1|Y|
847197|会计分录配置查询|tc|1|Y|
847198|收费类别配置|tc|1|Y|
847220|账务解款|tc|1|Y|
847221|账务解款冲正|tc|1|Y|
847222|商户消费结算|tc|1|Y|
847223|商户消费结算冲正|tc|1|Y|
847224|商户消费结算商户余额查询|tc|1|Y|
847225|充值平台检测卡状态|tc|1|Y|
847226|操作员授权卡发行|tc|1|Y|
847227|操作员授权卡回收|tc|1|Y|
847228|修改授权卡参数|tc|1|Y|
847229|授权卡挂失|tc|1|Y|
847230|授权卡解挂|tc|1|Y|
847231|授权卡查询|tc|1|Y|
847232|授权卡查询|tc|1|Y|
847233|考勤流水查询|tc|1|Y|
847234|考勤流水统计查询|tc|1|Y|
847301|水控转账|lx|1|Y|
847302|转账失败|lx|1|Y|
847304|转账写卡失败|lx|1|Y|
847306|水控汇总金额入账|lx|1|Y|
847310|xxx|wj|1|Y|
847311|xxx|wj|1|Y|
847312|xxx|wj|1|Y|
847313|xxx|wj|1|Y|
847315|多媒体补助领取|hlq|1|Y|
847316|第三方请求确认|hlq|1|Y|
847317|第三方正式请求|hlq|1|Y|
847318|终端挂失|hlq|1|Y|
847319|终端挂失|hlq|1|Y|
847320|终端挂失|hlq|1|Y|
847322|电控余额查询|hlq|1|Y|
847343|授权卡发行|hhd|1|Y|
848250|门禁时间段管理|tc|1|Y|
848251|门禁xxx|tc|1|Y|
848252|门禁xxx|tc|1|Y|
848254|门禁xxx|tc|1|Y|
848255|门禁xxx|tc|1|Y|
848256|门禁xxx|tc|1|Y|
848257|门禁xxx|tc|1|Y|
848258|门禁xxx|tc|1|Y|
848259|门禁xxx|tc|1|Y|
848260|门禁xxx|tc|1|Y|
848264|门禁xxx|tc|1|Y|
848265|门禁xxx|tc|1|Y|
848266|门禁xxx|tc|1|Y|
848267|门禁xxx|tc|1|Y|
848268|门禁xxx|tc|1|Y|
848269|门禁xxx|tc|1|Y|
848270|门禁xxx|tc|1|Y|
848271|未领取补助查询xxx|tc|1|Y|
848272|补助领取xxx|tc|1|Y|
848273|门禁常开计划任务|tc|1|Y|
849001|xxx|tc|1|Y|
849002|xxx|tc|1|Y|
849003|xxx|tc|1|Y|
849004|xxx|tc|1|Y|
849005|xxx|tc|1|Y|
849006|xxx|tc|1|Y|
849007|xxx|tc|1|Y|
849008|xxx|tc|1|Y|
849009|xxx|tc|1|Y|
849010|xxx|tc|1|Y|
849020|xxx|tc|1|Y|
849021|xxx|tc|1|Y|
900120|查询结算总表|wj|1|Y|
900121|查询结算总表|wj|1|Y|
900122|查询结算总表|wj|1|Y|
900130|查询对账不符明细报表|wj|1|Y|
900140|查询卡库不平清单|wj|1|Y|
900150|查询操作员情况汇总表|wj|1|Y|
900170|查询普通商户结算表|wj|1|Y|
900171|查询普通商户结算表|wj|1|Y|
900172|生成清算对账文件|wj|1|Y|
900173|查询普通商户结算表|wj|1|Y|
900174|查询普通商户结算表|wj|1|Y|
900175|查询普通商户结算表|wj|1|Y|
900176|查询普通商户结算表|wj|1|Y|
900210|查询转账对账表|wj|1|Y|
900212|查询转账对账表|wj|1|Y|
900213|查询转账对账表|wj|1|Y|
900220|查询银行划拨表|wj|1|Y|
900230|查询资产负债表|wj|1|Y|
900240|按照设备查询充值报表|wj|1|Y|
900250|前置机设备充值报表|wj|1|Y|
900260|查询操作员卡片使用情况|wj|1|Y|
900270|查询操作员当天操作情况|wj|1|Y|
900272|商户结算对账文件|wj|1|Y|
900273|对账文件导入|wj|1|Y|
900274|操作员现金对账文件|wj|1|Y|
900280|查询现金报表|wj|1|Y|
900281|查询现金报表|wj|1|Y|
900285|查询现金报表|wj|1|Y|
900290|查询普通商户结算报表(当天)|wj|1|Y|
900291|查询普通商户结算报表(当天)|wj|1|Y|
900300|查询商户解款报表|wj|1|Y|
900310|查询商户解款报表|wj|1|Y|
900320|查询商户解款报表|wj|1|Y|
900088|前台手工生成报表|wj|1|Y|
888169|halfway_water|LeeXY|1|Y|
888170|error_water|LeeXY|1|Y|
