--- BULinkThread Status at 93753 (time(NULL)=1232069873,TickCount=3709226648)---

--- Function Status at 93753 (TickCount=3709226649)---
funcno|class|         gid|success|failure|           time| t_max| t_min|Description       | Programmer   
      1010|1|       BU0|Y|      0|      0|              0|     0|     0|最快速的处理，用于测试速度|CYH Demo|08:00:00
      1011|1|       BU0|Y|      0|      0|              0|     0|     0|用于测试BCCSHM速度|CYH Demo|08:00:00
      1012|1|       BU0|N|      0|      0|              0|     0|     0|用于测试BUSHM速度|CYH Demo|08:00:00
      1013|1|       BU0|Y|      0|      0|              0|     0|     0|用于测试BCCSHM和多包返回测试|CYH Demo|08:00:00
      1014|1|       BU0|Y|      0|      0|              0|     0|     0|读取指定共享内存中的数据|CYH Demo|08:00:00
      1015|1|       BU0|Y|      0|      0|              0|     0|     0|读取共享内存中的数据返回给客户端，将请求包中的值设置到共享内存中|CYH Demo|08:00:00
    240001|1|       BU0|Y|      0|      0|              0|     0|     0|qczz|wj|08:00:00
    240001|1|       BU2|Y|      0|      0|              0|     0|     0|圈存转账|wj|08:00:00
    240002|1|       BU0|Y|      0|      0|              0|     0|     0|qczz|wj|08:00:00
    240002|1|       BU2|Y|      0|      0|              0|     0|     0|圈存转账|wj|08:00:00
    240003|1|       BU0|Y|      0|      0|              0|     0|     0|qczz|wj|08:00:00
    240003|1|       BU2|Y|      0|      0|              0|     0|     0|圈存转账|wj|08:00:00
    240004|1|       BU0|Y|      0|      0|              0|     0|     0|qczz|wj|08:00:00
    240004|1|       BU2|Y|      0|      0|              0|     0|     0|圈存转账|wj|08:00:00
    240005|1|       BU0|Y|      0|      0|              0|     0|     0|qczz|wj|08:00:00
    240005|1|       BU2|Y|      0|      0|              0|     0|     0|圈存转账|wj|08:00:00
    240006|1|       BU0|Y|      0|      0|              0|     0|     0|qczz|wj|08:00:00
    240006|1|       BU2|Y|      0|      0|              0|     0|     0|圈存转账|wj|08:00:00
    240007|1|       BU0|Y|      0|      0|              0|     0|     0|qczz|wj|08:00:00
    240007|1|       BU2|Y|      0|      0|              0|     0|     0|圈存转账|wj|08:00:00
    240008|1|       BU0|Y|      0|      0|              0|     0|     0|qczz|wj|08:00:00
    240008|1|       BU2|Y|      0|      0|              0|     0|     0|圈存转账|wj|08:00:00
    240009|1|       BU0|Y|      0|      0|              0|     0|     0|qczz|wj|08:00:00
    240009|1|       BU2|Y|      0|      0|              0|     0|     0|圈存转账|wj|08:00:00
    240010|1|       BU0|Y|      0|      0|              0|     0|     0|qczz|wj|08:00:00
    240010|1|       BU2|Y|      0|      0|              0|     0|     0|圈存转账|wj|08:00:00
    240011|1|       BU0|Y|      0|      0|              0|     0|     0|qczz|wj|08:00:00
    240011|1|       BU2|Y|      0|      0|              0|     0|     0|圈存转账|wj|08:00:00
    240012|1|       BU2|Y|      0|      0|              0|     0|     0|圈存转账|wj|08:00:00
    240157|1|       BU0|Y|      0|      0|              0|     0|     0|圈存转账|wj|08:00:00
    240157|1|       BU2|Y|      0|      0|              0|     0|     0|圈存转账|wj|08:00:00
    700000|1|       BU0|Y|      0|      0|              0|     0|     0|电话查询系统登录|wj|08:00:00
    700001|1|       BU0|Y|      0|      0|              0|     0|     0|电话余额查询|wj|08:00:00
    700002|1|       BU0|Y|      0|      0|              0|     0|     0|账户交易明细查询|wj|08:00:00
    800000|1|       BU0|Y|      0|      0|              0|     0|     0|xxx|wj|08:00:00
    800001|1|       BU0|Y|      0|      0|              0|     0|     0|xxx|wj|08:00:00
    800202|1|       BU0|Y|      0|      0|              0|     0|     0|xxx|wj|08:00:00
    800203|1|       BU0|Y|      0|      0|              0|     0|     0|xxx|wj|08:00:00
    800701|1|       BU0|Y|      0|      0|              0|     0|     0|xxx|wj|08:00:00
    800703|1|       BU0|Y|      0|      0|              0|     0|     0|xxx|wj|08:00:00
    800704|1|       BU0|Y|      0|      0|              0|     0|     0|xxx|wj|08:00:00
    800742|1|       BU0|Y|      0|      0|              0|     0|     0|xxx|wj|08:00:00
    800751|1|       BU0|Y|      0|      0|              0|     0|     0|xxx|wj|08:00:00
    800761|1|       BU0|Y|      0|      0|              0|     0|     0|xxx|wj|08:00:00
    800772|1|       BU0|Y|      0|      0|              0|     0|     0|xxx|wj|08:00:00
    800782|1|       BU0|Y|      0|      0|              0|     0|     0|xxx|wj|08:00:00
    800783|1|       BU0|Y|      0|      0|              0|     0|     0|xxx|wj|08:00:00
    820001|1|       BU0|Y|      0|      0|              0|     0|     0|子系统注册|hxz|08:00:00
    820002|1|       BU0|Y|      0|      0|              0|     0|     0|子系统修改|hxz|08:00:00
    820003|1|       BU0|Y|      0|      0|              0|     0|     0|子系统删除|hxz|08:00:00
    820004|1|       BU0|Y|      0|      0|              0|     0|     0|子系统关键字查询|hxz|08:00:00
    820005|1|       BU0|Y|      0|      0|              0|     0|     0|子系统非关键字查询|hxz|08:00:00
    820101|1|       BU0|Y|      0|      0|              0|     0|     0|设备注册|hxz|08:00:00
    820102|1|       BU0|Y|      0|      0|              0|     0|     0|设备修改|hxz|08:00:00
    820103|1|       BU0|Y|      0|      0|              0|     0|     0|设备删除|hxz|08:00:00
    820104|1|       BU0|Y|      0|      0|              0|     0|     0|设备关键字查询|hxz|08:00:00
    820105|1|       BU0|Y|      0|      0|              0|     0|     0|设备非关键字查询|hxz|08:00:00
    820106|1|       BU0|Y|      0|      0|              0|     0|     0|设备非关键字查询|hxz|08:00:00
    820108|1|       BU0|Y|      0|      0|              0|     0|     0|设备非关键字查询|hxz|08:00:00
    820111|1|       BU0|Y|      0|      0|              0|     0|     0|区域表注册|hxz|08:00:00
    820112|1|       BU0|Y|      0|      0|              0|     0|     0|区域表修改|hxz|08:00:00
    820113|1|       BU0|Y|      0|      0|              0|     0|     0|区域表删除|hxz|08:00:00
    820114|1|       BU0|Y|      0|      0|              0|     0|     0|区域表关键字查询|hxz|08:00:00
    820121|1|       BU0|Y|      0|      0|              0|     0|     0|设备物理信息表注册|hxz|08:00:00
    820122|1|       BU0|Y|      0|      0|              0|     0|     0|设备物理信息表修改|hxz|08:00:00
    820123|1|       BU0|Y|      0|      0|              0|     0|     0|设备物理信息表删除|hxz|08:00:00
    820124|1|       BU0|Y|      0|      0|              0|     0|     0|设备物理信息表关键字查询|hxz|08:00:00
    820131|1|       BU0|Y|      0|      0|              0|     0|     0|卡物理结构信息表注册|hxz|08:00:00
    820132|1|       BU0|Y|      0|      0|              0|     0|     0|卡物理结构信息表修改|hxz|08:00:00
    820133|1|       BU0|Y|      0|      0|              0|     0|     0|卡物理结构信息表删除|hxz|08:00:00
    820134|1|       BU0|Y|      0|      0|              0|     0|     0|卡物理结构信息表关键字查询|hxz|08:00:00
    820141|1|       BU0|Y|      0|      0|              0|     0|     0|卡物理结构信息表注册|hxz|08:00:00
    820142|1|       BU0|Y|      0|      0|              0|     0|     0|卡物理结构信息表修改|hxz|08:00:00
    820143|1|       BU0|Y|      0|      0|              0|     0|     0|卡物理结构信息表删除|hxz|08:00:00
    820144|1|       BU0|Y|      0|      0|              0|     0|     0|卡物理结构信息表关键字查询|hxz|08:00:00
    820151|1|       BU0|Y|      0|      0|              0|     0|     0|卡物理结构信息表注册|hxz|08:00:00
    820152|1|       BU0|Y|      0|      0|              0|     0|     0|卡物理结构信息表修改|hxz|08:00:00
    820153|1|       BU0|Y|      0|      0|              0|     0|     0|卡物理结构信息表删除|hxz|08:00:00
    820154|1|       BU0|Y|      0|      0|              0|     0|     0|卡物理结构信息表关键字查询|hxz|08:00:00
    820301|1|       BU0|Y|      0|      0|              0|     0|     0|操作员增删改|hxz|08:00:00
    820302|1|       BU0|Y|      0|      0|              0|     0|     0|操作员查询|hxz|08:00:00
    820311|1|       BU0|Y|      0|      0|              0|     0|     0|权限模板增删改|hxz|08:00:00
    820312|1|       BU0|Y|      0|      0|              0|     0|     0|权限模板查询|hxz|08:00:00
    820321|1|       BU0|Y|      0|      0|              0|     0|     0|操作员登录站点增加、删除|hxz|08:00:00
    820322|1|       BU0|Y|      0|      0|              0|     0|     0|操作员登录站点查询|hxz|08:00:00
    820331|1|       BU0|Y|      0|      0|              0|     0|     0|操作员密码修改|hxz|08:00:00
    820332|1|       BU0|Y|      0|      0|              0|     0|     0|操作员密码重置|hxz|08:00:00
    820341|1|       BU0|Y|      0|      0|              0|     0|     0|站点信息增删改|hxz|08:00:00
    820342|1|       BU0|Y|      0|      0|              0|     0|     0|站点信息查询|hxz|08:00:00
    820351|1|       BU0|Y|      0|      0|              0|     0|     0|操作员登录|hxz|08:00:00
    820352|1|       BU0|Y|      0|      0|              0|     0|     0|操作员登出|hxz|08:00:00
    820353|1|       BU0|Y|      0|      0|              0|     0|     0|操作员登出|hxz|08:00:00
    820354|1|       BU0|Y|      0|      0|              0|     0|     0|操作员组管理|tc|08:00:00
    820355|1|       BU0|Y|      0|      0|              0|     0|     0|操作员分组管理|tc|08:00:00
    820356|1|       BU0|Y|      0|      0|              0|     0|     0|冲正交易配置|tc|08:00:00
    820401|1|       BU0|Y|      0|      0|              0|     0|     0|全局参数注册|hxz|08:00:00
    820402|1|       BU0|Y|      0|      0|              0|     0|     0|全局参数修改|hxz|08:00:00
    820403|1|       BU0|Y|      0|      0|              0|     0|     0|全局参数删除|hxz|08:00:00
    820404|1|       BU0|Y|      0|      0|              0|     0|     0|全局参数关键字查询|hxz|08:00:00
    820405|1|       BU0|Y|      0|      0|              0|     0|     0|全局参数非关键字查询|hxz|08:00:00
    820501|1|       BU0|Y|      0|      0|              0|     0|     0|登陆时数据字典查询|hxz|08:00:00
    820502|1|       BU0|Y|      0|      0|              0|     0|     0|登陆时读取数据字典条|hxz|08:00:00
    820511|1|       BU0|Y|      0|      0|              0|     0|     0|普通数据字典查询|hxz|08:00:00
    820512|1|       BU0|Y|      0|      0|              0|     0|     0|数据字典增加、修改|hxz|08:00:00
    820516|1|       BU0|Y|      0|      0|              0|     0|     0|读取数据字典条目|hxz|08:00:00
    820521|1|       BU0|Y|      0|      0|              0|     0|     0|取功能列表|hxz|08:00:00
    820522|1|       BU0|Y|      0|      0|              0|     0|     0|取系统日期|hxz|08:00:00
    820601|1|       BU0|Y|      0|      0|              0|     0|     0|客户信息同步|hxz|08:00:00
    820704|1|       BU0|Y|      0|      0|              0|     0|     0|黑名单查询|wj|08:00:00
    820705|1|       BU0|Y|      0|      0|              0|     0|     0|黑名单查询|hxz|08:00:00
    841003|1|       BU0|Y|      0|      0|              0|     0|     0|xxx|wj|08:00:00
    841004|1|       BU0|Y|      0|      0|              0|     0|     0|xxx|wj|08:00:00
    841005|1|       BU0|Y|      0|      0|              0|     0|     0|xxx|wj|08:00:00
    841006|1|       BU0|Y|      0|      0|              0|     0|     0|xxx|wj|08:00:00
    841007|1|       BU0|Y|      0|      0|              0|     0|     0|数据归档|hxz|08:00:00
    841303|1|       BU0|Y|      0|      0|              0|     0|     0|xxx|wj|08:00:00
    841304|1|       BU0|Y|      0|      0|              0|     0|     0|xxx|wj|08:00:00
    841305|1|       BU0|Y|      0|      0|              0|     0|     0|xxx|wj|08:00:00
    841306|1|       BU0|Y|      0|      0|              0|     0|     0|xxx|wj|08:00:00
    841307|1|       BU0|Y|      0|      0|              0|     0|     0|数据归档|hxz|08:00:00
    841601|1|       BU0|Y|      0|      0|              0|     0|     0|客户信息增加|wj|08:00:00
    841602|1|       BU0|Y|      0|      0|              0|     0|     0|修改客户状态|wj|08:00:00
    841603|1|       BU0|Y|      0|      0|              0|     0|     0|客户信息修改|wj|08:00:00
    841604|1|       BU0|Y|      0|      0|              0|     0|     0|客户信息主键查询|wj|08:00:00
    841605|1|       BU0|Y|      0|      0|              0|     0|     0|客户信息查询|hxz|08:00:00
    841606|1|       BU0|Y|      0|      0|              0|     0|     0|客户信息导入|wj|08:00:00
    841607|1|       BU0|Y|      0|      0|              0|     0|     0|照片信息导入|wj|08:00:00
    841608|1|       BU0|Y|      0|      0|              0|     0|     0|照片信息增删改|wj|08:00:00
    841609|1|       BU0|Y|      0|      0|              0|     0|     0|批量生成临时客户|wj|08:00:00
    841610|1|       BU0|Y|      0|      0|              0|     0|     0|身份禁用|wj|08:00:00
    841611|1|       BU0|Y|      0|      0|              0|     0|     0|导入客户信息查询|wj|08:00:00
    841612|1|       BU0|Y|      0|      0|              0|     0|     0|导入客户信息修改|wj|08:00:00
    841613|1|       BU0|Y|      0|      0|              0|     0|     0|导入客户信息删除|wj|08:00:00
    841614|1|       BU0|Y|      0|      0|              0|     0|     0|导入客户信息审核|wj|08:00:00
    842001|1|       BU0|Y|      0|      0|              0|     0|     0|部门信息增加|wj|08:00:00
    842002|1|       BU0|Y|      0|      0|              0|     0|     0|部门信息删除|wj|08:00:00
    842003|1|       BU0|Y|      0|      0|              0|     0|     0|部门信息修改|wj|08:00:00
    842004|1|       BU0|Y|      0|      0|              0|     0|     0|部门信息主键查询|wj|08:00:00
    842005|1|       BU0|Y|      0|      0|              0|     0|     0|部门信息非主键查询|hxz|08:00:00
    842501|1|       BU0|Y|      0|      0|              0|     0|     0|专业信息增加|wj|08:00:00
    842502|1|       BU0|Y|      0|      0|              0|     0|     0|专业信息删除|wj|08:00:00
    842503|1|       BU0|Y|      0|      0|              0|     0|     0|专业信息修改|wj|08:00:00
    842504|1|       BU0|Y|      0|      0|              0|     0|     0|专业信息主键查询|wj|08:00:00
    842505|1|       BU0|Y|      0|      0|              0|     0|     0|专业信息非主键查询|hxz|08:00:00
    843335|1|       BU0|Y|      0|      0|              0|     0|     0|商户信息增加|wj|08:00:00
    843336|1|       BU0|Y|      0|      0|              0|     0|     0|商户信息删除|wj|08:00:00
    843337|1|       BU0|Y|      0|      0|              0|     0|     0|商户信息修改|wj|08:00:00
    843338|1|       BU0|Y|      0|      0|              0|     0|     0|商户信息主键查询|wj|08:00:00
    843339|1|       BU0|Y|      0|      0|              0|     0|     0|商户信息非主键查询|wj|08:00:00
    843340|1|       BU0|Y|      0|      0|              0|     0|     0|餐次设置|wj|08:00:00
    843341|1|       BU0|Y|      0|      0|              0|     0|     0|商户餐次绑定|wj|08:00:00
    843342|1|       BU0|Y|      0|      0|              0|     0|     0|商户佣金设置|wj|08:00:00
    843343|1|       BU0|Y|      0|      0|              0|     0|     0|商户佣金设置|wj|08:00:00
    843350|1|       BU0|Y|      0|      0|              0|     0|     0|充值商户开户|wj|08:00:00
    843351|1|       BU0|Y|      0|      0|              0|     0|     0|充值商户存款|wj|08:00:00
    843352|1|       BU0|Y|      0|      0|              0|     0|     0|充值商户销户|wj|08:00:00
    843353|1|       BU0|Y|      0|      0|              0|     0|     0|充值商户信息查询|wj|08:00:00
    843354|1|       BU0|Y|      0|      0|              0|     0|     0|充值商户信息修改|wj|08:00:00
    843355|1|       BU0|Y|      0|      0|              0|     0|     0|充值商户设备添加|wj|08:00:00
    843356|1|       BU0|Y|      0|      0|              0|     0|     0|充值商户设备删除|wj|08:00:00
    843357|1|       BU0|Y|      0|      0|              0|     0|     0|充值商户设备信息查询|wj|08:00:00
    843358|1|       BU0|Y|      0|      0|              0|     0|     0|充值操作员添加|wj|08:00:00
    843359|1|       BU0|Y|      0|      0|              0|     0|     0|充值操作员信息修改|wj|08:00:00
    843360|1|       BU0|Y|      0|      0|              0|     0|     0|充值操作员删除|wj|08:00:00
    843361|1|       BU0|Y|      0|      0|              0|     0|     0|充值操作员信息查询|wj|08:00:00
    843362|1|       BU0|Y|      0|      0|              0|     0|     0|充值操作员设备添加|wj|08:00:00
    843363|1|       BU0|Y|      0|      0|              0|     0|     0|充值操作员设备删除|wj|08:00:00
    843364|1|       BU0|Y|      0|      0|              0|     0|     0|充值操作员设备信息查询|wj|08:00:00
    843368|1|       BU0|Y|      0|      0|              0|     0|     0|设备商户信息增加|wj|08:00:00
    843369|1|       BU0|Y|      0|      0|              0|     0|     0|设备商户信息删除|wj|08:00:00
    843370|1|       BU0|Y|      0|      0|              0|     0|     0|设备商户信息修改|wj|08:00:00
    843371|1|       BU0|Y|      0|      0|              0|     0|     0|设备商户信息主键查询|wj|08:00:00
    843372|1|       BU0|Y|      0|      0|              0|     0|     0|设备商户信息非主键查询|wj|08:00:00
    843373|1|       BU0|Y|      0|      0|              0|     0|     0|客户类别信息增加|wj|08:00:00
    843374|1|       BU0|Y|      0|      0|              0|     0|     0|客户类别信息删除|wj|08:00:00
    843375|1|       BU0|Y|      0|      0|              0|     0|     0|客户类别信息修改|wj|08:00:00
    843376|1|       BU0|Y|      0|      0|              0|     0|     0|客户类别信息主键查询|wj|08:00:00
    843377|1|       BU0|Y|      0|      0|              0|     0|     0|客户类别信息非主键查询|wj|08:00:00
    847101|1|       BU0|Y|      0|      0|              0|     0|     0|发行正式卡|wj|08:00:00
    847102|1|       BU0|Y|      0|      0|              0|     0|     0|挂失卡|wj|08:00:00
    847103|1|       BU0|Y|      0|      0|              0|     0|     0|解挂卡|wj|08:00:00
    847104|1|       BU0|Y|      0|      0|              0|     0|     0|补办临时卡|lb|08:00:00
    847105|1|       BU0|Y|      0|      0|              0|     0|     0|退卡|lb|08:00:00
    847106|1|       BU0|Y|      0|      0|              0|     0|     0|现金冲值|lb|08:00:00
    847107|1|       BU0|Y|      0|      0|              0|     0|     0|现金支取|lb|08:00:00
    847108|1|       BU0|Y|      0|      0|              0|     0|     0|发卡失败更新卡状态|dyf|08:00:00
    847109|1|       BU0|Y|      0|      0|              0|     0|     0|商户开户|dyf|08:00:00
    847110|1|       BU0|Y|      0|      0|              0|     0|     0|更新卡信息查询|dyf|08:00:00
    847111|1|       BU0|Y|      0|      0|              0|     0|     0|修改卡密码|dyf|08:00:00
    847115|1|       BU0|Y|      0|      0|              0|     0|     0|授权卡信息查询|dyf|08:00:00
    847116|1|       BU0|Y|      0|      0|              0|     0|     0|发行临时卡|dyf|08:00:00
    847117|1|       BU0|Y|      0|      0|              0|     0|     0|冻结卡|hxz|08:00:00
    847118|1|       BU0|Y|      0|      0|              0|     0|     0|解冻卡|hxz|08:00:00
    847119|1|       BU0|Y|      0|      0|              0|     0|     0|补写卡信息|hxz|08:00:00
    847120|1|       BU0|Y|      0|      0|              0|     0|     0|补写卡信息交易确认|hxz|08:00:00
    847121|1|       BU0|Y|      0|      0|              0|     0|     0|更新卡信息|hxz|08:00:00
    847122|1|       BU0|Y|      0|      0|              0|     0|     0|新生换卡保存卡信息|hxz|08:00:00
    847123|1|       BU0|Y|      0|      0|              0|     0|     0|换卡|hxz|08:00:00
    847124|1|       BU0|Y|      0|      0|              0|     0|     0|发行记名临时卡|hxz|08:00:00
    847125|1|       BU0|Y|      0|      0|              0|     0|     0|发行不记名临时卡|hxz|08:00:00
    847126|1|       BU0|Y|      0|      0|              0|     0|     0|发行VIP卡|hxz|08:00:00
    847127|1|       BU0|Y|      0|      0|              0|     0|     0|手工借贷|hxz|08:00:00
    847130|1|       BU0|Y|      0|      0|              0|     0|     0|补助信息导入|hxz|08:00:00
    847131|1|       BU0|Y|      0|      0|              0|     0|     0|补助信息增删改|hxz|08:00:00
    847132|1|       BU0|Y|      0|      0|              0|     0|     0|补助信息下发|hxz|08:00:00
    847136|1|       BU0|Y|      0|      0|              0|     0|     0|回收商户卡|wj|08:00:00
    847137|1|       BU0|Y|      0|      0|              0|     0|     0|商户卡信息查询|wj|08:00:00
    847150|1|       BU0|Y|      0|      0|              0|     0|     0|账户名称查询|hxz|08:00:00
    847151|1|       BU0|Y|      0|      0|              0|     0|     0|客户查询(发行正式卡)|dyf|08:00:00
    847152|1|       BU0|Y|      0|      0|              0|     0|     0|客户查询(挂失卡)|dyf|08:00:00
    847153|1|       BU0|Y|      0|      0|              0|     0|     0|客户查询(解挂卡)|dyf|08:00:00
    847154|1|       BU0|Y|      0|      0|              0|     0|     0|客户查询(补办卡)|dyf|08:00:00
    847155|1|       BU0|Y|      0|      0|              0|     0|     0|客户查询(收回卡)|dyf|08:00:00
    847156|1|       BU0|Y|      0|      0|              0|     0|     0|客户查询(现金充值)|dyf|08:00:00
    847158|1|       BU0|Y|      0|      0|              0|     0|     0|客户查询(帐户开户)|dyf|08:00:00
    847159|1|       BU0|Y|      0|      0|              0|     0|     0|客户查询(发行临时卡)|dyf|08:00:00
    847160|1|       BU0|Y|      0|      0|              0|     0|     0|冻结卡查询|hxz|08:00:00
    847161|1|       BU0|Y|      0|      0|              0|     0|     0|解冻卡查询|hxz|08:00:00
    847162|1|       BU0|Y|      0|      0|              0|     0|     0|查询客户信息(补写卡信息)|hxz|08:00:00
    847163|1|       BU0|Y|      0|      0|              0|     0|     0|xxx|hxz|08:00:00
    847164|1|       BU0|Y|      0|      0|              0|     0|     0|查询商户设备信息|hxz|08:00:00
    847165|1|       BU0|Y|      0|      0|              0|     0|     0|查询设备信息|hxz|08:00:00
    847166|1|       BU0|Y|      0|      0|              0|     0|     0|消费机与LPORT信息查询|hxz|08:00:00
    847168|1|       BU0|Y|      0|      0|              0|     0|     0|客户信息查询(批量发行卡)|hxz|08:00:00
    847170|1|       BU0|Y|      0|      0|              0|     0|     0|卡户帐户查询|hxz|08:00:00
    847171|1|       BU0|Y|      0|      0|              0|     0|     0|操作员交易流水查询|hxz|08:00:00
    847172|1|       BU0|Y|      0|      0|              0|     0|     0|操作员交易流水查询|hxz|08:00:00
    847173|1|       BU0|Y|      0|      0|              0|     0|     0|操作员交易流水查询|hxz|08:00:00
    847174|1|       BU0|Y|      0|      0|              0|     0|     0|操作员交易流水查询|hxz|08:00:00
    847180|1|       BU0|Y|      0|      0|              0|     0|     0|终端机未入账流水查询|hxz|08:00:00
    847181|1|       BU0|Y|      0|      0|              0|     0|     0|终端机未入账流水手工入账|hxz|08:00:00
    847182|1|       BU0|Y|      0|      0|              0|     0|     0|设备商户查询|hxz|08:00:00
    847183|1|       BU0|Y|      0|      0|              0|     0|     0|冲正交易|hxz|08:00:00
    847184|1|       BU0|Y|      0|      0|              0|     0|     0|冲正交易|hxz|08:00:00
    847185|1|       BU0|Y|      0|      0|              0|     0|     0|查询银行对帐单|hxz|08:00:00
    847190|1|       BU0|Y|      0|      0|              0|     0|     0|收费类别信息增加|wj|08:00:00
    847191|1|       BU0|Y|      0|      0|              0|     0|     0|收费类别信息修改|wj|08:00:00
    847192|1|       BU0|Y|      0|      0|              0|     0|     0|收费类别信息删除|wj|08:00:00
    847193|1|       BU0|Y|      0|      0|              0|     0|     0|收费类别信息查询|wj|08:00:00
    847194|1|       BU0|Y|      0|      0|              0|     0|     0|查询客户信息(发行正式卡,记名临时卡,补办卡)|lxy|08:00:00
    847195|1|       BU0|Y|      0|      0|              0|     0|     0|挂失|tc|08:00:00
    847196|1|       BU0|Y|      0|      0|              0|     0|     0|交易收费配置|tc|08:00:00
    847197|1|       BU0|Y|      0|      0|              0|     0|     0|会计分录配置查询|tc|08:00:00
    847198|1|       BU0|Y|      0|      0|              0|     0|     0|收费类别配置|tc|08:00:00
    847220|1|       BU0|Y|      0|      0|              0|     0|     0|账务解款|tc|08:00:00
    847221|1|       BU0|Y|      0|      0|              0|     0|     0|账务解款冲正|tc|08:00:00
    847222|1|       BU0|Y|      0|      0|              0|     0|     0|商户消费结算|tc|08:00:00
    847223|1|       BU0|Y|      0|      0|              0|     0|     0|商户消费结算冲正|tc|08:00:00
    847224|1|       BU0|Y|      0|      0|              0|     0|     0|商户消费结算商户余额查询|tc|08:00:00
    847225|1|       BU0|Y|      0|      0|              0|     0|     0|充值平台检测卡状态|tc|08:00:00
    847226|1|       BU0|Y|      0|      0|              0|     0|     0|操作员授权卡发行|tc|08:00:00
    847227|1|       BU0|Y|      0|      0|              0|     0|     0|操作员授权卡回收|tc|08:00:00
    847228|1|       BU0|Y|      0|      0|              0|     0|     0|修改授权卡参数|tc|08:00:00
    847229|1|       BU0|Y|      0|      0|              0|     0|     0|授权卡挂失|tc|08:00:00
    847230|1|       BU0|Y|      0|      0|              0|     0|     0|授权卡解挂|tc|08:00:00
    847231|1|       BU0|Y|      0|      0|              0|     0|     0|授权卡查询|tc|08:00:00
    847232|1|       BU0|Y|      0|      0|              0|     0|     0|授权卡查询|tc|08:00:00
    847233|1|       BU0|Y|      0|      0|              0|     0|     0|考勤流水查询|tc|08:00:00
    847234|1|       BU0|Y|      0|      0|              0|     0|     0|考勤流水统计查询|tc|08:00:00
    847301|1|       BU0|Y|      0|      0|              0|     0|     0|水控转账|lx|08:00:00
    847302|1|       BU0|Y|      0|      0|              0|     0|     0|转账失败|lx|08:00:00
    847304|1|       BU0|Y|      0|      0|              0|     0|     0|转账写卡失败|lx|08:00:00
    847306|1|       BU0|Y|      0|      0|              0|     0|     0|水控汇总金额入账|lx|08:00:00
    847310|1|       BU0|Y|      0|      0|              0|     0|     0|xxx|wj|08:00:00
    847311|1|       BU0|Y|      0|      0|              0|     0|     0|xxx|wj|08:00:00
    847312|1|       BU0|Y|      0|      0|              0|     0|     0|xxx|wj|08:00:00
    847313|1|       BU0|Y|      0|      0|              0|     0|     0|xxx|wj|08:00:00
    847315|1|       BU0|Y|      0|      0|              0|     0|     0|多媒体补助领取|hlq|08:00:00
    847316|1|       BU0|Y|      0|      0|              0|     0|     0|第三方请求确认|hlq|08:00:00
    847317|1|       BU0|Y|      0|      0|              0|     0|     0|第三方正式请求|hlq|08:00:00
    847318|1|       BU0|Y|      0|      0|              0|     0|     0|终端挂失|hlq|08:00:00
    847319|1|       BU0|Y|      0|      0|              0|     0|     0|终端挂失|hlq|08:00:00
    847320|1|       BU0|Y|      0|      0|              0|     0|     0|终端挂失|hlq|08:00:00
    847322|1|       BU0|Y|      0|      0|              0|     0|     0|电控余额查询|hlq|08:00:00
    847343|1|       BU0|Y|      0|      0|              0|     0|     0|授权卡发行|hhd|08:00:00
    848250|1|       BU0|Y|      0|      0|              0|     0|     0|门禁时间段管理|tc|08:00:00
    848251|1|       BU0|Y|      0|      0|              0|     0|     0|门禁xxx|tc|08:00:00
    848252|1|       BU0|Y|      0|      0|              0|     0|     0|门禁xxx|tc|08:00:00
    848254|1|       BU0|Y|      0|      0|              0|     0|     0|门禁xxx|tc|08:00:00
    848255|1|       BU0|Y|      0|      0|              0|     0|     0|门禁xxx|tc|08:00:00
    848256|1|       BU0|Y|      0|      0|              0|     0|     0|门禁xxx|tc|08:00:00
    848257|1|       BU0|Y|      0|      0|              0|     0|     0|门禁xxx|tc|08:00:00
    848258|1|       BU0|Y|      0|      0|              0|     0|     0|门禁xxx|tc|08:00:00
    848259|1|       BU0|Y|      0|      0|              0|     0|     0|门禁xxx|tc|08:00:00
    848260|1|       BU0|Y|      0|      0|              0|     0|     0|门禁xxx|tc|08:00:00
    848264|1|       BU0|Y|      0|      0|              0|     0|     0|门禁xxx|tc|08:00:00
    848265|1|       BU0|Y|      0|      0|              0|     0|     0|门禁xxx|tc|08:00:00
    848266|1|       BU0|Y|      0|      0|              0|     0|     0|门禁xxx|tc|08:00:00
    848267|1|       BU0|Y|      0|      0|              0|     0|     0|门禁xxx|tc|08:00:00
    848268|1|       BU0|Y|      0|      0|              0|     0|     0|门禁xxx|tc|08:00:00
    848269|1|       BU0|Y|      0|      0|              0|     0|     0|门禁xxx|tc|08:00:00
    848270|1|       BU0|Y|      0|      0|              0|     0|     0|门禁xxx|tc|08:00:00
    848271|1|       BU0|Y|      0|      0|              0|     0|     0|未领取补助查询xxx|tc|08:00:00
    848272|1|       BU0|Y|      0|      0|              0|     0|     0|补助领取xxx|tc|08:00:00
    848273|1|       BU0|Y|      0|      0|              0|     0|     0|门禁常开计划任务|tc|08:00:00
    849001|1|       BU0|Y|      0|      0|              0|     0|     0|xxx|tc|08:00:00
    849002|1|       BU0|Y|      0|      0|              0|     0|     0|xxx|tc|08:00:00
    849003|1|       BU0|Y|      0|      0|              0|     0|     0|xxx|tc|08:00:00
    849004|1|       BU0|Y|      0|      0|              0|     0|     0|xxx|tc|08:00:00
    849005|1|       BU0|Y|      0|      0|              0|     0|     0|xxx|tc|08:00:00
    849006|1|       BU0|Y|      0|      0|              0|     0|     0|xxx|tc|08:00:00
    849007|1|       BU0|Y|      0|      0|              0|     0|     0|xxx|tc|08:00:00
    849008|1|       BU0|Y|      0|      0|              0|     0|     0|xxx|tc|08:00:00
    849009|1|       BU0|Y|      0|      0|              0|     0|     0|xxx|tc|08:00:00
    849010|1|       BU0|Y|      0|      0|              0|     0|     0|xxx|tc|08:00:00
    849020|1|       BU0|Y|      0|      0|              0|     0|     0|xxx|tc|08:00:00
    849021|1|       BU0|Y|      0|      0|              0|     0|     0|xxx|tc|08:00:00
    900088|1|       BU0|Y|      0|      0|              0|     0|     0|前台手工生成报表|wj|08:00:00
    900120|1|       BU0|Y|      0|      0|              0|     0|     0|查询结算总表|wj|08:00:00
    900121|1|       BU0|Y|      0|      0|              0|     0|     0|查询结算总表|wj|08:00:00
    900122|1|       BU0|Y|      0|      0|              0|     0|     0|查询结算总表|wj|08:00:00
    900130|1|       BU0|Y|      0|      0|              0|     0|     0|查询对账不符明细报表|wj|08:00:00
    900140|1|       BU0|Y|      0|      0|              0|     0|     0|查询卡库不平清单|wj|08:00:00
    900150|1|       BU0|Y|      0|      0|              0|     0|     0|查询操作员情况汇总表|wj|08:00:00
    900170|1|       BU0|Y|      0|      0|              0|     0|     0|查询普通商户结算表|wj|08:00:00
    900171|1|       BU0|Y|      0|      0|              0|     0|     0|查询普通商户结算表|wj|08:00:00
    900172|1|       BU0|Y|      0|      0|              0|     0|     0|生成清算对账文件|wj|08:00:00
    900173|1|       BU0|Y|      0|      0|              0|     0|     0|查询普通商户结算表|wj|08:00:00
    900174|1|       BU0|Y|      0|      0|              0|     0|     0|查询普通商户结算表|wj|08:00:00
    900175|1|       BU0|Y|      0|      0|              0|     0|     0|查询普通商户结算表|wj|08:00:00
    900176|1|       BU0|Y|      0|      0|              0|     0|     0|查询普通商户结算表|wj|08:00:00
    900210|1|       BU0|Y|      0|      0|              0|     0|     0|查询转账对账表|wj|08:00:00
    900212|1|       BU0|Y|      0|      0|              0|     0|     0|查询转账对账表|wj|08:00:00
    900213|1|       BU0|Y|      0|      0|              0|     0|     0|查询转账对账表|wj|08:00:00
    900220|1|       BU0|Y|      0|      0|              0|     0|     0|查询银行划拨表|wj|08:00:00
    900230|1|       BU0|Y|      0|      0|              0|     0|     0|查询资产负债表|wj|08:00:00
    900240|1|       BU0|Y|      0|      0|              0|     0|     0|按照设备查询充值报表|wj|08:00:00
    900250|1|       BU0|Y|      0|      0|              0|     0|     0|前置机设备充值报表|wj|08:00:00
    900260|1|       BU0|Y|      0|      0|              0|     0|     0|查询操作员卡片使用情况|wj|08:00:00
    900270|1|       BU0|Y|      0|      0|              0|     0|     0|查询操作员当天操作情况|wj|08:00:00
    900272|1|       BU0|Y|      0|      0|              0|     0|     0|商户结算对账文件|wj|08:00:00
    900273|1|       BU0|Y|      0|      0|              0|     0|     0|对账文件导入|wj|08:00:00
    900274|1|       BU0|Y|      0|      0|              0|     0|     0|操作员现金对账文件|wj|08:00:00
    900280|1|       BU0|Y|      0|      0|              0|     0|     0|查询现金报表|wj|08:00:00
    900281|1|       BU0|Y|      0|      0|              0|     0|     0|查询现金报表|wj|08:00:00
    900285|1|       BU0|Y|      0|      0|              0|     0|     0|查询现金报表|wj|08:00:00
    900290|1|       BU0|Y|      0|      0|              0|     0|     0|查询普通商户结算报表(当天)|wj|08:00:00
    900291|1|       BU0|Y|      0|      0|              0|     0|     0|查询普通商户结算报表(当天)|wj|08:00:00
    900300|1|       BU0|Y|      0|      0|              0|     0|     0|查询商户解款报表|wj|08:00:00
    900310|1|       BU0|Y|      0|      0|              0|     0|     0|查询商户解款报表|wj|08:00:00
    900320|1|       BU0|Y|      0|      0|              0|     0|     0|查询商户解款报表|wj|08:00:00
    930001|1|       BU1|Y|      0|      0|              0|     0|     0|下传设备时钟|dyf_hhd|08:00:00
    930002|1|       BU1|Y|      0|      0|              0|     0|     0|上传设备时钟|dyf_hhd|08:00:00
    930003|1|       BU1|Y|      0|      0|              0|     0|     0|下传黑名单|dyf_hhd|08:00:00
    930004|1|       BU1|Y|      0|      0|              0|     0|     0|删除下传黑名单|dyf_hhd|08:00:00
    930005|1|       BU1|Y|      0|      0|              0|     0|     0|广播下传黑名单|dyf_hhd|08:00:00
    930006|1|       BU1|Y|      0|      0|              0|     0|     0|下传搭伙费比率|dyf_hhd|08:00:00
    930007|1|       BU1|Y|      0|      0|              0|     0|     0|下传设备主参数|dyf_hhd|08:00:00
    930008|1|       BU1|Y|      0|      0|              0|     0|     0|上传设备主参数|dyf_hhd|08:00:00
    930009|1|       BU1|Y|      0|      0|              0|     0|     0|设备补助开关|dyf_hhd|08:00:00
    930010|1|       BU1|Y|      0|      0|              0|     0|     0|下传密码启用金额上限|dyf_hhd|08:00:00
    930011|1|       BU1|Y|      0|      0|              0|     0|     0|设置消费编号及版本|dyf_hhd|08:00:00
    930012|1|       BU1|Y|      0|      0|              0|     0|     0|设备消费快捷编号|dyf_hhd|08:00:00
    930013|1|       BU1|Y|      0|      0|              0|     0|     0|设备消费时间段参数|dyf_hhd|08:00:00
    930014|1|       BU1|Y|      0|      0|              0|     0|     0|防火状态设置|dyf_hhd|08:00:00
    930015|1|       BU1|Y|      0|      0|              0|     0|     0|设备控制|dyf_hhd|08:00:00
    930016|1|       BU1|Y|      0|      0|              0|     0|     0|采集消费流水(历史)|dyf_hhd|08:00:00
    930017|1|       BU1|Y|      0|      0|              0|     0|     0|采集补助发放流水|dyf_hhd|08:00:00
    930018|1|       BU1|Y|      0|      0|              0|     0|     0|采集现金充值流水(历史)|dyf_hhd|08:00:00
    930019|1|       BU1|Y|      0|      0|              0|     0|     0|采集设备结账流水(历史)|dyf_hhd|08:00:00
    930020|1|       BU1|Y|      0|      0|              0|     0|     0|下传补助发放名单|dyf_hhd|08:00:00
    930021|1|       BU1|Y|      0|      0|              0|     0|     0|下传设备档案信息|dyf_hhd|08:00:00
    930022|1|       BU1|Y|      0|      0|              0|     0|     0|采集现金充值管理费流水(历史)|dyf_hhd|08:00:00
    930030|1|       BU1|Y|      0|      0|              0|     0|     0|水控转帐机转帐|lx|08:00:00
    930031|1|       BU1|Y|      0|      0|              0|     0|     0|收集消费流水|dyf_hhd|08:00:00
    930032|1|       BU1|Y|      0|      0|              0|     0|     0|采集自助挂失解挂流水|dyf_hhd|08:00:00
    930033|1|       BU1|Y|      0|      0|              0|     0|     0|采集补助流水|dyf_hhd|08:00:00
    930034|1|       BU1|Y|      0|      0|              0|     0|     0|收集现金充值流水|dyf_hhd|08:00:00
    930035|1|       BU1|Y|      0|      0|              0|     0|     0|采集设备结账流水|dyf_hhd|08:00:00
    930036|1|       BU1|Y|      0|      0|              0|     0|     0|采集现金充值管理费流水|dyf_hhd|08:00:00
    930037|1|       BU1|Y|      0|      0|              0|     0|     0|下传设备档案信息|dyf_hhd|08:00:00
    930038|1|       BU1|Y|      0|      0|              0|     0|     0|修改注册设备号|dyf_hhd|08:00:00
    930039|1|       BU1|Y|      0|      0|              0|     0|     0|下载黑名单|dyf_hhd|08:00:00
    930040|1|       BU1|Y|      0|      0|              0|     0|     0|挂失卡|dyf_hhd|08:00:00
    930041|1|       BU1|Y|      0|      0|              0|     0|     0|解挂卡|dyf_hhd|08:00:00
    930042|1|       BU1|Y|      0|      0|              0|     0|     0|查询卡序列号|dyf_hhd|08:00:00
    930045|1|       BU1|Y|      0|      0|              0|     0|     0|自助终端修改密码|dyf_hhd|08:00:00
    930046|1|       BU1|Y|      0|      0|              0|     0|     0|接收设备下传黑名单结果|dyf_hhd|08:00:00
    930047|1|       BU1|Y|      0|      0|              0|     0|     0|门禁白名单批量下传应答|dyf_hhd|08:00:00
    930051|1|       BU1|Y|      0|      0|              0|     0|     0|前置机注册|dyf_hhd|08:00:00
    930052|1|       BU1|Y|      0|      0|              0|     0|     0|前置机签到|dyf_hhd|08:00:00
    930053|1|       BU1|Y|      0|      0|              0|     0|     0|前置机签出|dyf_hhd|08:00:00
    930054|1|       BU1|Y|      0|      0|              0|     0|     0|设备签到|dyf_hhd|08:00:00
    930055|1|       BU1|Y|      0|      0|              0|     0|     0|设备签出|dyf_hhd|08:00:00
    930056|1|       BU1|Y|      0|      0|              0|     0|     0|下传监控设备参数|dyf_hhd|08:00:00
    930057|1|       BU1|Y|      0|      0|              0|     0|     0|接收设备心跳|dyf_hhd|08:00:00
    930058|1|       BU1|Y|      0|      0|              0|     0|     0|接收LPORT设备心跳|dyf_hhd|08:00:00
    930060|1|       BU1|Y|      0|      0|              0|     0|     0|强制设备签退|dyf_hhd|08:00:00
    930061|1|       BU1|Y|      0|      0|              0|     0|     0|下传启用密码累计消费金额|dyf_hhd|08:00:00
    930062|1|       BU1|Y|      0|      0|              0|     0|     0|初始化LPORT端口参数|dyf_hhd|08:00:00
    930063|1|       BU1|Y|      0|      0|              0|     0|     0|设置终端管理员密码|dyf_hhd|08:00:00
    930064|1|       BU1|Y|      0|      0|              0|     0|     0|获取LPORT指定端口参数|dyf_hhd|08:00:00
    930065|1|       BU1|Y|      0|      0|              0|     0|     0|采集补助名单|tc|08:00:00
    930066|1|       BU1|Y|      0|      0|              0|     0|     0|xxxx|tc|08:00:00
    930067|1|       BU1|Y|      0|      0|              0|     0|     0|xxxx|tc|08:00:00
    930070|1|       BU1|Y|      0|      0|              0|     0|     0|xxxx|tc|08:00:00
    930071|1|       BU1|Y|      0|      0|              0|     0|     0|xxxx|tc|08:00:00
    930098|1|       BU1|Y|      0|      0|              0|     0|     0|接收前置机心跳应答|dyf_hhd|08:00:00
    930099|1|       BU1|Y|      0|      0|              0|     0|     0|接收前置机心跳|dyf|08:00:00
    930101|1|       BU1|Y|      0|      0|              0|     0|     0|门禁采集流水|wj|08:00:00
    930102|1|       BU1|Y|      0|      0|              0|     0|     0|门禁采集历史流水|wj|08:00:00
    930103|1|       BU1|Y|      0|      0|              0|     0|     0|下传门禁设备主参数|wj|08:00:00
    930104|1|       BU1|Y|      0|      0|              0|     0|     0|上传门禁设备主参数|wj|08:00:00
    930105|1|       BU1|Y|      0|      0|              0|     0|     0|下传门禁时间段|wj|08:00:00
    930106|1|       BU1|Y|      0|      0|              0|     0|     0|上传门禁时间段|wj|08:00:00
    930109|1|       BU1|Y|      0|      0|              0|     0|     0|下传门禁节假日|wj|08:00:00
    930110|1|       BU1|Y|      0|      0|              0|     0|     0|上传门禁节假日|wj|08:00:00
    930113|1|       BU1|Y|      0|      0|              0|     0|     0|下传版本号|wj|08:00:00
    930114|1|       BU1|Y|      0|      0|              0|     0|     0|上传版本号|wj|08:00:00
    930117|1|       BU1|Y|      0|      0|              0|     0|     0|下传名单|wj|08:00:00
    930118|1|       BU1|Y|      0|      0|              0|     0|     0|广播名单|wj|08:00:00
    930120|1|       BU1|Y|      0|      0|              0|     0|     0|门禁开关控制|wj|08:00:00
    930121|1|       BU1|Y|      0|      0|              0|     0|     0|下传名单与版本|tc|08:00:00
    930122|1|       BU1|Y|      0|      0|              0|     0|     0|下传名单与版本|tc|08:00:00
    930123|1|       BU1|Y|      0|      0|              0|     0|     0|汉军门禁查询名单|tc|08:00:00
    930124|1|       BU1|Y|      0|      0|              0|     0|     0|充值限额|tc|08:00:00
    930201|1|       BU1|Y|      0|      0|              0|     0|     0|指定下传白名单|tc|08:00:00
    930202|1|       BU1|Y|      0|      0|              0|     0|     0|批量下传白名单|tc|08:00:00
    930203|1|       BU1|Y|      0|      0|              0|     0|     0|批量下传白名单|tc|08:00:00
    940001|1|       BU1|Y|      0|      0|              0|     0|     0|获取子系统|tc|08:00:00
    940002|1|       BU1|Y|      0|      0|              0|     0|     0|获取子系统黑白名单|tc|08:00:00
    940003|1|       BU1|Y|      0|      0|              0|     0|     0|更新子系统当前名单版本|tc|08:00:00
    940004|1|       BU1|Y|      0|      0|              0|     0|     0|获取子系统更新客户信息名单|tc|08:00:00
    940005|1|       BU1|Y|      0|      0|              0|     0|     0|查询子系统名单发送情况|tc|08:00:00
    940010|1|       BU1|Y|      0|      0|              0|     0|     0|获取黑名单信息|lx|08:00:00
    940011|1|       BU1|Y|      0|      0|              0|     0|     0|获取新发卡名单|lx|08:00:00
    950001|1|       BU1|Y|      0|      0|              0|     0|     0|通用前置机签到|tc|08:00:00
    950002|1|       BU1|Y|      0|      0|              0|     0|     0|通用前置机下载设备参数|tc|08:00:00
    950003|1|       BU1|Y|      0|      0|              0|     0|     0|下载汇多设备档案|tc|08:00:00
    950004|1|       BU1|Y|      0|      0|              0|     0|     0|远程开门|lx|08:00:00
    950005|1|       BU1|Y|      0|      0|              0|     0|     0|下载BCC参数|tc|08:00:00
    950006|1|       BU1|Y|      0|      0|              0|     0|     0|下载参数|tc|08:00:00
    950007|1|       BU1|Y|      0|      0|              0|     0|     0|批量下载黑名单|tc|08:00:00
    950008|1|       BU1|Y|      0|      0|              0|     0|     0|校区编号|tc|08:00:00
    950009|1|       BU1|Y|      0|      0|              0|     0|     0|获取黑名单版本|tc|08:00:00
    950010|1|       BU1|Y|      0|      0|              0|     0|     0|设备主动更新黑名单|tc|08:00:00
    950011|1|       BU1|Y|      0|      0|              0|     0|     0|处理卡库不平|wyb|08:00:00
    950029|1|       BU1|Y|      0|      0|              0|     0|     0|收集洗衣机退款流水|tc|08:00:00
    950031|1|       BU1|Y|      0|      0|              0|     0|     0|采集汇多设备流水|tc|08:00:00
    950040|1|       BU1|Y|      0|      0|              0|     0|     0|设置设备搭伙费比例|tc|08:00:00
    950041|1|       BU1|Y|      0|      0|              0|     0|     0|下载汇多设备档案|tc|08:00:00
    950042|1|       BU1|Y|      0|      0|              0|     0|     0|下载汇多设备餐段|hhd|08:00:00
    950043|1|       BU1|Y|      0|      0|              0|     0|     0|下载汇多搭伙费|hhd|08:00:00
    950044|1|       BU1|Y|      0|      0|              0|     0|     0|下载汇多水控机指令|hhd|08:00:00
    950080|1|       BU1|Y|      0|      0|              0|     0|     0|读取人员信息|tc|08:00:00
    950099|1|       BU1|Y|      0|      0|              0|     0|     0|通用前置机下载指令|tc|08:00:00
    950100|1|       BU1|Y|      0|      0|              0|     0|     0|通用前置机下载厂商参数|tc|08:00:00
    950101|1|       BU1|Y|      0|      0|              0|     0|     0|汇多联机考勤|tc|08:00:00
    950998|1|       BU1|Y|      0|      0|              0|     0|     0|下载文件|tc|08:00:00
    950999|1|       BU1|Y|      0|      0|              0|     0|     0|上传文件|tc|08:00:00
--- DRTPRouter Status at 93753 (time(NULL)=1232069873 TickCount=3709226652)---
Router0 IP:202.120.127.180 Port:4000 NodeID:2000 
	Server FuncNo:9000/9002 connect:Y sct=09:37:23 slt=09:37:47 scc=1 src=15 srl=2617 ssc=15 ssl=3060 
	PushCLT connect:Y cct=09:37:22 clt=08:00:00 ccc=1 crc=0 crl=0 csc=0 csl=0 
	ExtCallCLT totals:0 links:0 using:0 

--- ReqPackQueue Status at 93753 (time()=1232069873,TickCount=3709226652)---
BU Groups[0](BU0) ReqPackQueue1 size=0
BU Groups[0](BU0) ReqPackQueue2 size=0
BU Groups[0](BU0) ReqPackQueue3 size=0
BU Groups[1](BU1) ReqPackQueue1 size=0
BU Groups[1](BU1) ReqPackQueue2 size=0
BU Groups[1](BU1) ReqPackQueue3 size=0
BU Groups[2](BU2) ReqPackQueue1 size=0
BU Groups[2](BU2) ReqPackQueue2 size=0
BU Groups[2](BU2) ReqPackQueue3 size=0

