<?xml version="1.0" encoding="UTF-8"?>

<!--
   Allatori Obfuscator v2.6 DEMO
   Web: http://www.allatori.com

   Log created: Sun Aug 07 12:06:14 CST 2011
-->

<allatori>
 <mapping>
  <class old="com.sungard.jform.CardReaderForm$7" new="com.sungard.b.a">
   <method old="actionPerformed(Ljava/awt/event/ActionEvent;)V" new="actionPerformed"/>
   <field old="this$0 Lcom/sungard/jform/CardReaderForm;" new="a"/>
  </class>
  <class old="com.sungard.jform.CardReaderForm" new="com.sungard.b.h">
   <method old="access$000(Lcom/sungard/jform/CardReaderForm;Ljava/awt/event/ActionEvent;)V" new="C"/>
   <method old="access$100(Lcom/sungard/jform/CardReaderForm;Ljava/awt/event/ActionEvent;)V" new="A"/>
   <method old="access$200(Lcom/sungard/jform/CardReaderForm;Ljava/awt/event/ActionEvent;)V" new="c"/>
   <method old="access$300(Lcom/sungard/jform/CardReaderForm;Ljava/awt/event/ActionEvent;)V" new="B"/>
   <method old="access$400(Lcom/sungard/jform/CardReaderForm;Ljava/awt/event/ActionEvent;)V" new="b"/>
   <method old="access$500(Lcom/sungard/jform/CardReaderForm;Ljava/awt/event/ActionEvent;)V" new="a"/>
   <method old="button1ActionPerformed(Ljava/awt/event/ActionEvent;)V" new="C"/>
   <method old="button2ActionPerformed(Ljava/awt/event/ActionEvent;)V" new="B"/>
   <method old="button3ActionPerformed(Ljava/awt/event/ActionEvent;)V" new="b"/>
   <method old="button4ActionPerformed(Ljava/awt/event/ActionEvent;)V" new="a"/>
   <method old="button6ActionPerformed(Ljava/awt/event/ActionEvent;)V" new="A"/>
   <method old="button7ActionPerformed(Ljava/awt/event/ActionEvent;)V" new="c"/>
   <method old="initComponents()V" new="a"/>
   <method old="main([Ljava/lang/String;)V" new="main"/>
   <field old="button1 Ljavax/swing/JButton;" new="e"/>
   <field old="button2 Ljavax/swing/JButton;" new="C"/>
   <field old="button3 Ljavax/swing/JButton;" new="G"/>
   <field old="button4 Ljavax/swing/JButton;" new="gA"/>
   <field old="button5 Ljavax/swing/JButton;" new="V"/>
   <field old="button6 Ljavax/swing/JButton;" new="EA"/>
   <field old="button7 Ljavax/swing/JButton;" new="J"/>
   <field old="comboBox1 Ljavax/swing/JComboBox;" new="g"/>
   <field old="comboBox2 Ljavax/swing/JComboBox;" new="X"/>
   <field old="dialog1 Ljavax/swing/JDialog;" new="P"/>
   <field old="label1 Ljavax/swing/JLabel;" new="L"/>
   <field old="label10 Ljavax/swing/JLabel;" new="u"/>
   <field old="label11 Ljavax/swing/JLabel;" new="n"/>
   <field old="label12 Ljavax/swing/JLabel;" new="FA"/>
   <field old="label13 Ljavax/swing/JLabel;" new="CA"/>
   <field old="label14 Ljavax/swing/JLabel;" new="o"/>
   <field old="label15 Ljavax/swing/JLabel;" new="p"/>
   <field old="label16 Ljavax/swing/JLabel;" new="y"/>
   <field old="label17 Ljavax/swing/JLabel;" new="fA"/>
   <field old="label18 Ljavax/swing/JLabel;" new="HA"/>
   <field old="label19 Ljavax/swing/JLabel;" new="dA"/>
   <field old="label2 Ljavax/swing/JLabel;" new="H"/>
   <field old="label20 Ljavax/swing/JLabel;" new="z"/>
   <field old="label21 Ljavax/swing/JLabel;" new="O"/>
   <field old="label22 Ljavax/swing/JLabel;" new="Z"/>
   <field old="label23 Ljavax/swing/JLabel;" new="d"/>
   <field old="label24 Ljavax/swing/JLabel;" new="BA"/>
   <field old="label25 Ljavax/swing/JLabel;" new="GA"/>
   <field old="label26 Ljavax/swing/JLabel;" new="D"/>
   <field old="label27 Ljavax/swing/JLabel;" new="a"/>
   <field old="label28 Ljavax/swing/JLabel;" new="R"/>
   <field old="label29 Ljavax/swing/JLabel;" new="eA"/>
   <field old="label3 Ljavax/swing/JLabel;" new="N"/>
   <field old="label30 Ljavax/swing/JLabel;" new="j"/>
   <field old="label31 Ljavax/swing/JLabel;" new="AA"/>
   <field old="label32 Ljavax/swing/JLabel;" new="v"/>
   <field old="label33 Ljavax/swing/JLabel;" new="M"/>
   <field old="label34 Ljavax/swing/JLabel;" new="hA"/>
   <field old="label35 Ljavax/swing/JLabel;" new="W"/>
   <field old="label36 Ljavax/swing/JLabel;" new="IA"/>
   <field old="label37 Ljavax/swing/JLabel;" new="bA"/>
   <field old="label38 Ljavax/swing/JLabel;" new="s"/>
   <field old="label39 Ljavax/swing/JLabel;" new="B"/>
   <field old="label4 Ljavax/swing/JLabel;" new="h"/>
   <field old="label40 Ljavax/swing/JLabel;" new="K"/>
   <field old="label41 Ljavax/swing/JLabel;" new="U"/>
   <field old="label42 Ljavax/swing/JLabel;" new="q"/>
   <field old="label43 Ljavax/swing/JLabel;" new="r"/>
   <field old="label44 Ljavax/swing/JLabel;" new="F"/>
   <field old="label5 Ljavax/swing/JLabel;" new="T"/>
   <field old="label6 Ljavax/swing/JLabel;" new="aA"/>
   <field old="label7 Ljavax/swing/JLabel;" new="f"/>
   <field old="label8 Ljavax/swing/JLabel;" new="k"/>
   <field old="label9 Ljavax/swing/JLabel;" new="t"/>
   <field old="openPort Z" new="cA"/>
   <field old="panel1 Ljavax/swing/JPanel;" new="Y"/>
   <field old="panel2 Ljavax/swing/JPanel;" new="S"/>
   <field old="panel3 Ljavax/swing/JPanel;" new="b"/>
   <field old="panel4 Ljavax/swing/JPanel;" new="l"/>
   <field old="panel5 Ljavax/swing/JPanel;" new="DA"/>
   <field old="panel6 Ljavax/swing/JPanel;" new="A"/>
   <field old="result Ljava/util/Properties;" new="m"/>
   <field old="textField1 Ljavax/swing/JTextField;" new="x"/>
   <field old="textField2 Ljavax/swing/JTextField;" new="E"/>
   <field old="textField3 Ljavax/swing/JTextField;" new="Q"/>
   <field old="textField4 Ljavax/swing/JTextField;" new="I"/>
   <field old="textField5 Ljavax/swing/JTextField;" new="w"/>
   <field old="textField6 Ljavax/swing/JTextField;" new="iA"/>
   <field old="textField7 Ljavax/swing/JTextField;" new="i"/>
   <field old="textField8 Ljavax/swing/JTextField;" new="c"/>
  </class>
  <class old="com.sungard.print.AbstractDocument" new="com.sungard.a.b">
   <method old="addPage(Ljava/lang/String;)V" new="a"/>
   <method old="configPage(Ljava/awt/Graphics2D;Ljava/awt/print/PageFormat;I)V" new="A"/>
   <method old="drawCurrentPage(Ljava/awt/Graphics2D;Ljava/awt/print/PageFormat;I)V" new="a"/>
   <method old="getPageContent(I)Ljava/lang/String;" new="a"/>
   <method old="getPagesCount()I" new="a"/>
   <method old="print(Ljava/awt/Graphics;Ljava/awt/print/PageFormat;I)I" new="print"/>
   <field old="pages Ljava/util/List;" new="a"/>
  </class>
  <class old="com.kingstar.bcc.bccclt" new="com.kingstar.bcc.bccclt">
   <method old="AddDrtpNode([BI)I" new="AddDrtpNode"/>
   <method old="BCCCLTInit(I)Z" new="BCCCLTInit"/>
   <method old="Broad(JIII[I[B)Z" new="Broad"/>
   <method old="CallNext(JI[I[B)Z" new="CallNext"/>
   <method old="CallRequest(JIIII[I[B)Z" new="CallRequest"/>
   <method old="CopyHandle(JJ)Z" new="CopyHandle"/>
   <method old="DeleteXpackHandle(J)Z" new="DeleteXpackHandle"/>
   <method old="EmulateMaxRows(J)I" new="EmulateMaxRows"/>
   <method old="GetBranchNoForNext(J)I" new="GetBranchNoForNext"/>
   <method old="GetDoubleFieldByName(JI[B[D)Z" new="GetDoubleFieldByName"/>
   <method old="GetFieldColumn(J[B)I" new="GetFieldColumn"/>
   <method old="GetFieldInfo(JI[B[I[I)Z" new="GetFieldInfo"/>
   <method old="GetFieldTypeByName(J[B)I" new="GetFieldTypeByName"/>
   <method old="GetIntFieldByName(JI[B[I)Z" new="GetIntFieldByName"/>
   <method old="GetMaxColumn(J)I" new="GetMaxColumn"/>
   <method old="GetPrivateFunctionForNext(J)I" new="GetPrivateFunctionForNext"/>
   <method old="GetRawRecord(JI[BI)I" new="GetRawRecord"/>
   <method old="GetRecordCount(J[I)Z" new="GetRecordCount"/>
   <method old="GetRetCode(J[I)Z" new="GetRetCode"/>
   <method old="GetStringFieldByName(JI[B[BI)Z" new="GetStringFieldByName"/>
   <method old="GetXPackType(J)I" new="GetXPackType"/>
   <method old="HaveNextPack(J)Z" new="HaveNextPack"/>
   <method old="IsEof(J)Z" new="IsEof"/>
   <method old="NewXpackHandle([B)J" new="NewXpackHandle"/>
   <method old="ResetPackHandle(J)Z" new="ResetPackHandle"/>
   <method old="SetDebugSwitch(Z)Z" new="SetDebugSwitch"/>
   <method old="SetDoubleFieldByName(JI[BD)Z" new="SetDoubleFieldByName"/>
   <method old="SetIntFieldByName(JI[BI)Z" new="SetIntFieldByName"/>
   <method old="SetMaxRetCount(JI)Z" new="SetMaxRetCount"/>
   <method old="SetRawRecord(JI[BI)Z" new="SetRawRecord"/>
   <method old="SetRecordCount(JI)Z" new="SetRecordCount"/>
   <method old="SetRequestType(JI)Z" new="SetRequestType"/>
   <method old="SetStringFieldByName(JI[B[B)Z" new="SetStringFieldByName"/>
   <method old="XPackInit(I)Z" new="XPackInit"/>
  </class>
  <class old="com.sungard.PrintServer" new="com.sungard.b">
   <method old="main([Ljava/lang/String;)V" new="main"/>
  </class>
  <class old="com.kingstar.bcc.BccUtil" new="com.kingstar.bcc.c">
   <method old="getStringFromByte([B)Ljava/lang/String;" new="a"/>
  </class>
  <class old="com.sungard.common.Constant" new="com.sungard.c.a">
   <field old="DATABASE Ljava/lang/String;" new="c"/>
   <field old="DRIVER_CLASS Ljava/lang/String;" new="e"/>
   <field old="FONT_NAME Ljava/lang/String;" new="C"/>
   <field old="FONT_SIZE Ljava/lang/String;" new="a"/>
   <field old="JDBC_URL Ljava/lang/String;" new="D"/>
   <field old="PAGE_HEIGHT Ljava/lang/String;" new="B"/>
   <field old="PAGE_WIDTH Ljava/lang/String;" new="A"/>
   <field old="PASSWORD Ljava/lang/String;" new="F"/>
   <field old="PROPERTY_FILE_NAME Ljava/lang/String;" new="b"/>
   <field old="START_COLUMN Ljava/lang/String;" new="f"/>
   <field old="START_ROW Ljava/lang/String;" new="E"/>
   <field old="USERNAME Ljava/lang/String;" new="d"/>
  </class>
  <class old="com.sungard.UnFrozeCardServer" new="com.sungard.UnFrozeCardServer">
   <method old="main([Ljava/lang/String;)V" new="main"/>
   <field old="logger Lorg/apache/log4j/Logger;" new="a"/>
  </class>
  <class old="com.sungard.common.Configuration" new="com.sungard.c.b">
   <method old="getIntProperty(Ljava/lang/String;I)I" new="a"/>
   <method old="getProperty(Ljava/lang/String;)Ljava/lang/String;" new="a"/>
   <method old="getProperty(Ljava/lang/String;Ljava/lang/String;)Ljava/lang/String;" new="a"/>
   <method old="load()V" new="a"/>
   <field old="logger Lorg/apache/log4j/Logger;" new="A"/>
   <field old="properties Ljava/util/Properties;" new="a"/>
  </class>
  <class old="com.sungard.bcc.F846308" new="com.sungard.e.a">
   <method old="unfrozeCard(Ljava/lang/String;Ljava/lang/String;)Z" new="a"/>
   <field old="_logger Lorg/apache/log4j/Logger;" new="a"/>
  </class>
  <class old="com.sungard.card.CardUtil" new="com.sungard.d.c">
   <method old="dispose(Lorg/xvolks/jnative/pointers/Pointer;)V" new="a"/>
   <method old="getFieldValue(Ljava/lang/String;Ljava/util/Properties;)Z" new="a"/>
   <method old="ksBeep()V" new="b"/>
   <method old="ksBeepErr()V" new="D"/>
   <method old="ksCardBalanceDec(Ljava/util/Properties;)Z" new="a"/>
   <method old="ksClosePort()Z" new="f"/>
   <method old="ksGetCardStatus(ILjava/util/Properties;)Z" new="a"/>
   <method old="ksGetErrMsg()Ljava/lang/String;" new="C"/>
   <method old="ksGetFieldVal(Ljava/lang/String;Ljava/util/Properties;)Z" new="A"/>
   <method old="ksGetProve()Z" new="E"/>
   <method old="ksInit()Z" new="B"/>
   <method old="ksOpenPort(II)Z" new="a"/>
   <method old="ksPayCancelProcess(Ljava/lang/String;Ljava/lang/String;Ljava/lang/String;III)Z" new="a"/>
   <method old="ksPayPrepare(Ljava/lang/String;IIIILjava/util/Properties;)Z" new="a"/>
   <method old="ksPayProcess()Z" new="c"/>
   <method old="ksReadCard()Z" new="d"/>
   <method old="ksRequestCard(Ljava/util/Properties;)Z" new="b"/>
   <method old="ksReset()V" new="A"/>
   <method old="ksSetReadFieldName(Ljava/lang/String;)Z" new="a"/>
   <method old="ksSignIn(Ljava/util/Properties;)Z" new="A"/>
   <method old="ksUnProveProcess()Z" new="a"/>
   <method old="loadLibrary()V" new="e"/>
   <field old="BEEP Ljava/lang/String;" new="b"/>
   <field old="BEEP_ERR Ljava/lang/String;" new="B"/>
   <field old="CARD_BALANCE_DEC Ljava/lang/String;" new="K"/>
   <field old="CARD_INTERFACE_DLL Ljava/lang/String;" new="C"/>
   <field old="CLOSE_PORT Ljava/lang/String;" new="H"/>
   <field old="GET_CARD_STATUS Ljava/lang/String;" new="k"/>
   <field old="GET_ERR_MSG Ljava/lang/String;" new="c"/>
   <field old="GET_FIELD_VAL Ljava/lang/String;" new="I"/>
   <field old="GET_PROVE Ljava/lang/String;" new="h"/>
   <field old="INIT Ljava/lang/String;" new="F"/>
   <field old="OPEN_PORT Ljava/lang/String;" new="d"/>
   <field old="PAY_CANCEL_PROCESS Ljava/lang/String;" new="a"/>
   <field old="PAY_PREPARE Ljava/lang/String;" new="E"/>
   <field old="PAY_PROCESS Ljava/lang/String;" new="J"/>
   <field old="READ_CARD Ljava/lang/String;" new="f"/>
   <field old="REQUEST_CARD Ljava/lang/String;" new="e"/>
   <field old="RESET Ljava/lang/String;" new="G"/>
   <field old="SET_READ_FIELD_NAME Ljava/lang/String;" new="j"/>
   <field old="SIGN_IN Ljava/lang/String;" new="A"/>
   <field old="UN_PROVE_PROCESS Ljava/lang/String;" new="D"/>
   <field old="cardInterface Lorg/xvolks/jnative/JNative;" new="g"/>
   <field old="logger Lorg/apache/log4j/Logger;" new="i"/>
  </class>
  <class old="com.sungard.card.KsCardInterfaceUtil" new="com.sungard.d.b">
   <method old="dispose(Lorg/xvolks/jnative/pointers/Pointer;)V" new="a"/>
   <method old="getFieldValue(Ljava/lang/String;Ljava/util/Properties;)Z" new="A"/>
   <method old="ksBeep()V" new="e"/>
   <method old="ksBeepErr()V" new="E"/>
   <method old="ksCardBalanceDec(Ljava/util/Properties;)Z" new="b"/>
   <method old="ksClosePort()Z" new="A"/>
   <method old="ksGetCardStatus(ILjava/util/Properties;)Z" new="a"/>
   <method old="ksGetErrMsg()Ljava/lang/String;" new="d"/>
   <method old="ksGetFieldVal(Ljava/lang/String;Ljava/util/Properties;)Z" new="a"/>
   <method old="ksGetProve()Z" new="B"/>
   <method old="ksInit()Z" new="D"/>
   <method old="ksOpenPort(II)Z" new="a"/>
   <method old="ksPayCancelProcess(Ljava/lang/String;Ljava/lang/String;Ljava/lang/String;III)Z" new="a"/>
   <method old="ksPayPrepare(Ljava/lang/String;IIIILjava/util/Properties;)Z" new="a"/>
   <method old="ksPayProcess()Z" new="b"/>
   <method old="ksReadCard()Z" new="a"/>
   <method old="ksRequestCard(Ljava/util/Properties;)Z" new="A"/>
   <method old="ksReset()V" new="c"/>
   <method old="ksSetReadFieldName(Ljava/lang/String;)Z" new="a"/>
   <method old="ksSignIn(Ljava/util/Properties;)Z" new="a"/>
   <method old="ksUnProveProcess()Z" new="f"/>
   <method old="loadLibrary()V" new="C"/>
   <field old="BEEP Ljava/lang/String;" new="J"/>
   <field old="BEEP_ERR Ljava/lang/String;" new="g"/>
   <field old="CARD_BALANCE_DEC Ljava/lang/String;" new="k"/>
   <field old="CARD_INTERFACE_DLL Ljava/lang/String;" new="j"/>
   <field old="CLOSE_PORT Ljava/lang/String;" new="C"/>
   <field old="GET_CARD_STATUS Ljava/lang/String;" new="G"/>
   <field old="GET_ERR_MSG Ljava/lang/String;" new="B"/>
   <field old="GET_FIELD_VAL Ljava/lang/String;" new="h"/>
   <field old="GET_PROVE Ljava/lang/String;" new="a"/>
   <field old="INIT Ljava/lang/String;" new="E"/>
   <field old="OPEN_PORT Ljava/lang/String;" new="H"/>
   <field old="PAY_CANCEL_PROCESS Ljava/lang/String;" new="i"/>
   <field old="PAY_PREPARE Ljava/lang/String;" new="A"/>
   <field old="PAY_PROCESS Ljava/lang/String;" new="F"/>
   <field old="READ_CARD Ljava/lang/String;" new="d"/>
   <field old="REQUEST_CARD Ljava/lang/String;" new="I"/>
   <field old="RESET Ljava/lang/String;" new="b"/>
   <field old="SET_READ_FIELD_NAME Ljava/lang/String;" new="e"/>
   <field old="SIGN_IN Ljava/lang/String;" new="K"/>
   <field old="UN_PROVE_PROCESS Ljava/lang/String;" new="D"/>
   <field old="cardInterface Lorg/xvolks/jnative/JNative;" new="c"/>
   <field old="logger Lorg/apache/log4j/Logger;" new="f"/>
  </class>
  <class old="com.kingstar.bcc.BccUtils" new="com.kingstar.bcc.b">
   <method old="AddDrtpNode(Ljava/lang/String;I)Z" new="a"/>
   <method old="BCCCLTInit(I)Z" new="A"/>
   <method old="NewXpackHandle(Ljava/lang/String;)Z" new="a"/>
   <method old="XPackInit(I)Z" new="a"/>
   <method old="loadLibrary()V" new="a"/>
   <field old="BCCCLT_DLL Ljava/lang/String;" new="a"/>
   <field old="bccclt Lorg/xvolks/jnative/JNative;" new="b"/>
   <field old="logger Lorg/apache/log4j/Logger;" new="A"/>
  </class>
  <class old="com.kingstar.bcc.BccctlInit" new="com.kingstar.bcc.a">
   <method old="getBccctlInstance()Lcom/kingstar/bcc/bccclt;" new="a"/>
   <field old="bcc Lcom/kingstar/bcc/bccclt;" new="A"/>
   <field old="drtpno1 I" new="b"/>
   <field old="drtpno2 I" new="a"/>
  </class>
  <class old="com.sungard.print.Printer" new="com.sungard.a.a">
   <method old="getDocument()Lcom/sungard/print/AbstractDocument;" new="a"/>
   <method old="getPrintService(Ljavax/print/DocFlavor;Ljavax/print/attribute/PrintRequestAttributeSet;)Ljavax/print/PrintService;" new="a"/>
   <method old="print()V" new="A"/>
   <method old="setDocument(Lcom/sungard/print/AbstractDocument;)V" new="a"/>
   <field old="document Lcom/sungard/print/AbstractDocument;" new="a"/>
   <field old="logger Lorg/apache/log4j/Logger;" new="A"/>
  </class>
  <class old="com.sungard.ReaderClient" new="com.sungard.a">
   <method old="main([Ljava/lang/String;)V" new="main"/>
  </class>
  <class old="com.sungard.card.KsCardUtil" new="com.sungard.d.a">
   <method old="dispose(Lorg/xvolks/jnative/pointers/Pointer;)V" new="a"/>
   <method old="ksBeep()V" new="a"/>
   <method old="ksBeepErr()V" new="D"/>
   <method old="ksCard(Ljava/util/Properties;)Z" new="a"/>
   <method old="ksClearAllFieldWriteMode()V" new="b"/>
   <method old="ksGetErrMsg()Ljava/lang/String;" new="c"/>
   <method old="ksGetFieldVal(ILjava/lang/String;Ljava/util/Properties;)Z" new="a"/>
   <method old="ksInit()Z" new="d"/>
   <method old="ksLoadCardKeys(Ljava/lang/String;)Z" new="b"/>
   <method old="ksModifystatus(Ljava/lang/String;ILjava/lang/String;)Z" new="a"/>
   <method old="ksOpenPort(II)Z" new="a"/>
   <method old="ksReadCard()Z" new="B"/>
   <method old="ksReset()V" new="A"/>
   <method old="ksSetFieldReadMode(I)V" new="a"/>
   <method old="ksSetFieldVal(ILjava/lang/String;)Z" new="a"/>
   <method old="ksSetFieldWriteMode(I)V" new="A"/>
   <method old="ksSetmifare1key(Ljava/lang/String;)Z" new="A"/>
   <method old="ksWriteCard(Ljava/lang/String;)Z" new="a"/>
   <method old="loadLibrary()V" new="C"/>
   <field old="BEEP Ljava/lang/String;" new="J"/>
   <field old="BEEP_ERR Ljava/lang/String;" new="b"/>
   <field old="CARD Ljava/lang/String;" new="e"/>
   <field old="CLEAR_ALL_FILE_WRITE_MODE Ljava/lang/String;" new="i"/>
   <field old="GET_ERR_MSG Ljava/lang/String;" new="h"/>
   <field old="GET_FIELD_VAL Ljava/lang/String;" new="H"/>
   <field old="INIT Ljava/lang/String;" new="D"/>
   <field old="KS_CARD_DLL Ljava/lang/String;" new="g"/>
   <field old="LOAD_CARD_KEYS Ljava/lang/String;" new="B"/>
   <field old="MODIFY_STATUS Ljava/lang/String;" new="a"/>
   <field old="OPEN_PORT Ljava/lang/String;" new="j"/>
   <field old="READ_CARD Ljava/lang/String;" new="d"/>
   <field old="RESET Ljava/lang/String;" new="F"/>
   <field old="SET_FIELD_READ_MODE Ljava/lang/String;" new="f"/>
   <field old="SET_FIELD_VAL Ljava/lang/String;" new="G"/>
   <field old="SET_FIELD_WRITE_MODE Ljava/lang/String;" new="A"/>
   <field old="SET_MIFARE1_KEY Ljava/lang/String;" new="C"/>
   <field old="WRITE_CARD Ljava/lang/String;" new="I"/>
   <field old="ksCard Lorg/xvolks/jnative/JNative;" new="c"/>
   <field old="logger Lorg/apache/log4j/Logger;" new="E"/>
  </class>
  <class old="com.sungard.CardUtilTest" new="com.sungard.c">
   <method old="main([Ljava/lang/String;)V" new="main"/>
   <field old="logger Lorg/apache/log4j/Logger;" new="a"/>
  </class>
  <class old="com.sungard.jform.CardReaderForm$1" new="com.sungard.b.g">
   <method old="propertyChange(Ljava/beans/PropertyChangeEvent;)V" new="propertyChange"/>
   <field old="this$0 Lcom/sungard/jform/CardReaderForm;" new="a"/>
  </class>
  <class old="com.sungard.jform.CardReaderForm$2" new="com.sungard.b.f">
   <method old="actionPerformed(Ljava/awt/event/ActionEvent;)V" new="actionPerformed"/>
   <field old="this$0 Lcom/sungard/jform/CardReaderForm;" new="a"/>
  </class>
  <class old="com.sungard.print.PosDocument" new="com.sungard.a.c">
   <method old="addPage(Ljava/lang/String;)V" new="a"/>
   <method old="configPage(Ljava/awt/Graphics2D;Ljava/awt/print/PageFormat;I)V" new="A"/>
   <method old="drawCurrentPage(Ljava/awt/Graphics2D;Ljava/awt/print/PageFormat;I)V" new="a"/>
   <method old="getPageContent(I)Ljava/lang/String;" new="a"/>
   <method old="getPagesCount()I" new="a"/>
   <method old="print(Ljava/awt/Graphics;Ljava/awt/print/PageFormat;I)I" new="print"/>
   <field old="logger Lorg/apache/log4j/Logger;" new="a"/>
   <field old="pages Ljava/util/List;" new="a"/>
  </class>
  <class old="com.sungard.jform.CardReaderForm$3" new="com.sungard.b.e">
   <method old="actionPerformed(Ljava/awt/event/ActionEvent;)V" new="actionPerformed"/>
   <field old="this$0 Lcom/sungard/jform/CardReaderForm;" new="a"/>
  </class>
  <class old="com_allatori_string_decryptor" new="a">
   <method old="DecryptString(Ljava/lang/String;)Ljava/lang/String;" new="a"/>
  </class>
  <class old="com.sungard.jform.CardReaderForm$4" new="com.sungard.b.d">
   <method old="actionPerformed(Ljava/awt/event/ActionEvent;)V" new="actionPerformed"/>
   <field old="this$0 Lcom/sungard/jform/CardReaderForm;" new="a"/>
  </class>
  <class old="com.sungard.jform.CardReaderForm$5" new="com.sungard.b.c">
   <method old="actionPerformed(Ljava/awt/event/ActionEvent;)V" new="actionPerformed"/>
   <field old="this$0 Lcom/sungard/jform/CardReaderForm;" new="a"/>
  </class>
  <class old="com.sungard.jform.CardReaderForm$6" new="com.sungard.b.b">
   <method old="actionPerformed(Ljava/awt/event/ActionEvent;)V" new="actionPerformed"/>
   <field old="this$0 Lcom/sungard/jform/CardReaderForm;" new="a"/>
  </class>
  <sources>
   <source old="BccUtil.java" new ="s"/>
   <source old="BccUtils.java" new ="r"/>
   <source old="BccctlInit.java" new ="q"/>
   <source old="bccclt.java" new ="p"/>
   <source old="CardUtilTest.java" new ="o"/>
   <source old="PrintServer.java" new ="n"/>
   <source old="ReaderClient.java" new ="m"/>
   <source old="UnFrozeCardServer.java" new ="l"/>
   <source old="F846308.java" new ="k"/>
   <source old="CardUtil.java" new ="j"/>
   <source old="KsCardInterfaceUtil.java" new ="i"/>
   <source old="KsCardUtil.java" new ="h"/>
   <source old="Configuration.java" new ="g"/>
   <source old="Constant.java" new ="f"/>
   <source old="CardReaderForm.java" new ="e"/>
   <source old="PosDocument.java" new ="d"/>
   <source old="AbstractDocument.java" new ="c"/>
   <source old="Printer.java" new ="b"/>
   <source old="" new ="a"/>
  </sources>
  <lines>
   <line l="38"/>
   <line l="222"/>
   <line l="162"/>
   <line l="117"/>
   <line l="84"/>
   <line l="118"/>
   <line l="112"/>
   <line l="208"/>
   <line l="215"/>
   <line l="20"/>
   <line l="237"/>
   <line l="100"/>
   <line l="183"/>
   <line l="66"/>
   <line l="133"/>
   <line l="73"/>
   <line l="44"/>
   <line l="62"/>
   <line l="61"/>
   <line l="67"/>
   <line l="108"/>
   <line l="205"/>
   <line l="120"/>
   <line l="134"/>
   <line l="80"/>
   <line l="212"/>
   <line l="210"/>
   <line l="194"/>
   <line l="43"/>
   <line l="12"/>
   <line l="220"/>
   <line l="230"/>
   <line l="151"/>
   <line l="9"/>
   <line l="207"/>
   <line l="178"/>
   <line l="35"/>
   <line l="52"/>
   <line l="168"/>
   <line l="74"/>
   <line l="160"/>
   <line l="63"/>
   <line l="26"/>
   <line l="167"/>
   <line l="81"/>
   <line l="56"/>
   <line l="185"/>
   <line l="138"/>
   <line l="32"/>
   <line l="226"/>
   <line l="219"/>
   <line l="206"/>
   <line l="197"/>
   <line l="147"/>
   <line l="97"/>
   <line l="111"/>
   <line l="122"/>
   <line l="145"/>
   <line l="75"/>
   <line l="92"/>
   <line l="15"/>
   <line l="54"/>
   <line l="176"/>
   <line l="149"/>
   <line l="129"/>
   <line l="39"/>
   <line l="193"/>
   <line l="136"/>
   <line l="99"/>
   <line l="65"/>
   <line l="13"/>
   <line l="76"/>
   <line l="123"/>
   <line l="142"/>
   <line l="55"/>
   <line l="21"/>
   <line l="221"/>
   <line l="95"/>
   <line l="64"/>
   <line l="190"/>
   <line l="11"/>
   <line l="2"/>
   <line l="218"/>
   <line l="186"/>
   <line l="90"/>
   <line l="177"/>
   <line l="232"/>
   <line l="181"/>
   <line l="231"/>
   <line l="70"/>
   <line l="33"/>
   <line l="116"/>
   <line l="23"/>
   <line l="57"/>
   <line l="17"/>
   <line l="223"/>
   <line l="28"/>
   <line l="229"/>
   <line l="29"/>
   <line l="113"/>
   <line l="161"/>
   <line l="4"/>
   <line l="135"/>
   <line l="180"/>
   <line l="127"/>
   <line l="30"/>
   <line l="209"/>
   <line l="235"/>
   <line l="170"/>
   <line l="121"/>
   <line l="19"/>
   <line l="114"/>
   <line l="204"/>
   <line l="157"/>
   <line l="83"/>
   <line l="191"/>
   <line l="48"/>
   <line l="89"/>
   <line l="14"/>
   <line l="50"/>
   <line l="154"/>
   <line l="130"/>
   <line l="199"/>
   <line l="216"/>
   <line l="106"/>
   <line l="233"/>
   <line l="110"/>
   <line l="174"/>
   <line l="107"/>
   <line l="79"/>
   <line l="165"/>
   <line l="228"/>
   <line l="171"/>
   <line l="202"/>
   <line l="158"/>
   <line l="192"/>
   <line l="49"/>
   <line l="27"/>
   <line l="1"/>
   <line l="24"/>
   <line l="109"/>
   <line l="46"/>
   <line l="182"/>
   <line l="85"/>
   <line l="196"/>
   <line l="101"/>
   <line l="144"/>
   <line l="195"/>
   <line l="128"/>
   <line l="152"/>
   <line l="187"/>
   <line l="214"/>
   <line l="126"/>
   <line l="77"/>
   <line l="82"/>
   <line l="71"/>
   <line l="172"/>
   <line l="227"/>
   <line l="188"/>
   <line l="93"/>
   <line l="69"/>
   <line l="115"/>
   <line l="105"/>
   <line l="164"/>
   <line l="141"/>
   <line l="236"/>
   <line l="31"/>
   <line l="87"/>
   <line l="125"/>
   <line l="102"/>
   <line l="41"/>
   <line l="96"/>
   <line l="169"/>
   <line l="140"/>
   <line l="179"/>
   <line l="198"/>
   <line l="7"/>
   <line l="37"/>
   <line l="143"/>
   <line l="88"/>
   <line l="166"/>
   <line l="104"/>
   <line l="78"/>
   <line l="200"/>
   <line l="53"/>
   <line l="201"/>
   <line l="45"/>
   <line l="139"/>
   <line l="0"/>
   <line l="98"/>
   <line l="3"/>
   <line l="163"/>
   <line l="68"/>
   <line l="153"/>
   <line l="51"/>
   <line l="211"/>
   <line l="103"/>
   <line l="124"/>
   <line l="42"/>
   <line l="159"/>
   <line l="150"/>
   <line l="203"/>
   <line l="60"/>
   <line l="119"/>
   <line l="132"/>
   <line l="16"/>
   <line l="5"/>
   <line l="10"/>
   <line l="40"/>
   <line l="156"/>
   <line l="22"/>
   <line l="148"/>
   <line l="175"/>
   <line l="58"/>
   <line l="34"/>
   <line l="59"/>
   <line l="137"/>
   <line l="6"/>
   <line l="91"/>
   <line l="213"/>
   <line l="18"/>
   <line l="189"/>
   <line l="72"/>
   <line l="225"/>
   <line l="36"/>
   <line l="234"/>
   <line l="47"/>
   <line l="184"/>
   <line l="86"/>
   <line l="224"/>
   <line l="94"/>
   <line l="173"/>
   <line l="217"/>
   <line l="25"/>
   <line l="8"/>
   <line l="146"/>
   <line l="155"/>
   <line l="131"/>
   <line l="852"/>
   <line l="896"/>
   <line l="319"/>
   <line l="302"/>
   <line l="716"/>
   <line l="857"/>
   <line l="400"/>
   <line l="706"/>
   <line l="438"/>
   <line l="908"/>
   <line l="639"/>
   <line l="848"/>
   <line l="673"/>
   <line l="423"/>
   <line l="497"/>
   <line l="340"/>
   <line l="495"/>
   <line l="452"/>
   <line l="821"/>
   <line l="837"/>
   <line l="808"/>
   <line l="303"/>
   <line l="877"/>
   <line l="771"/>
   <line l="796"/>
   <line l="773"/>
   <line l="778"/>
   <line l="564"/>
   <line l="304"/>
   <line l="689"/>
   <line l="282"/>
   <line l="281"/>
   <line l="698"/>
   <line l="594"/>
   <line l="558"/>
   <line l="635"/>
   <line l="597"/>
   <line l="365"/>
   <line l="793"/>
   <line l="714"/>
   <line l="905"/>
   <line l="393"/>
   <line l="593"/>
   <line l="892"/>
   <line l="676"/>
   <line l="559"/>
   <line l="468"/>
   <line l="907"/>
   <line l="585"/>
   <line l="444"/>
   <line l="763"/>
   <line l="255"/>
   <line l="790"/>
   <line l="615"/>
   <line l="734"/>
   <line l="521"/>
   <line l="899"/>
   <line l="383"/>
   <line l="254"/>
   <line l="695"/>
   <line l="538"/>
   <line l="860"/>
   <line l="338"/>
   <line l="333"/>
   <line l="626"/>
   <line l="472"/>
   <line l="344"/>
   <line l="692"/>
   <line l="577"/>
   <line l="754"/>
   <line l="376"/>
   <line l="317"/>
   <line l="470"/>
   <line l="645"/>
   <line l="361"/>
   <line l="855"/>
   <line l="636"/>
   <line l="516"/>
   <line l="818"/>
   <line l="453"/>
   <line l="838"/>
   <line l="623"/>
   <line l="458"/>
   <line l="625"/>
   <line l="606"/>
   <line l="750"/>
   <line l="540"/>
   <line l="846"/>
   <line l="257"/>
   <line l="694"/>
   <line l="827"/>
   <line l="576"/>
   <line l="486"/>
   <line l="758"/>
   <line l="335"/>
   <line l="724"/>
   <line l="517"/>
   <line l="318"/>
   <line l="381"/>
   <line l="479"/>
   <line l="326"/>
   <line l="685"/>
   <line l="785"/>
   <line l="571"/>
   <line l="780"/>
   <line l="632"/>
   <line l="396"/>
   <line l="377"/>
   <line l="783"/>
   <line l="759"/>
   <line l="450"/>
   <line l="570"/>
   <line l="358"/>
   <line l="858"/>
   <line l="839"/>
   <line l="842"/>
   <line l="867"/>
   <line l="332"/>
   <line l="252"/>
   <line l="617"/>
   <line l="710"/>
   <line l="339"/>
   <line l="655"/>
   <line l="719"/>
   <line l="894"/>
   <line l="817"/>
   <line l="815"/>
   <line l="611"/>
   <line l="853"/>
   <line l="607"/>
   <line l="640"/>
   <line l="621"/>
   <line l="411"/>
   <line l="529"/>
   <line l="525"/>
   <line l="259"/>
   <line l="667"/>
   <line l="506"/>
   <line l="513"/>
   <line l="644"/>
   <line l="258"/>
   <line l="787"/>
   <line l="770"/>
   <line l="402"/>
   <line l="826"/>
   <line l="603"/>
   <line l="418"/>
   <line l="592"/>
   <line l="351"/>
   <line l="584"/>
   <line l="541"/>
   <line l="801"/>
   <line l="537"/>
   <line l="751"/>
   <line l="327"/>
   <line l="828"/>
   <line l="618"/>
   <line l="532"/>
   <line l="432"/>
   <line l="728"/>
   <line l="347"/>
   <line l="401"/>
   <line l="604"/>
   <line l="568"/>
   <line l="512"/>
   <line l="264"/>
   <line l="417"/>
   <line l="240"/>
   <line l="701"/>
   <line l="380"/>
   <line l="496"/>
   <line l="811"/>
   <line l="433"/>
   <line l="804"/>
   <line l="693"/>
   <line l="350"/>
   <line l="730"/>
   <line l="311"/>
   <line l="388"/>
   <line l="451"/>
   <line l="368"/>
   <line l="533"/>
   <line l="738"/>
   <line l="543"/>
   <line l="439"/>
   <line l="542"/>
   <line l="248"/>
   <line l="847"/>
   <line l="498"/>
   <line l="348"/>
   <line l="312"/>
   <line l="665"/>
   <line l="830"/>
   <line l="677"/>
   <line l="343"/>
   <line l="480"/>
   <line l="554"/>
   <line l="337"/>
   <line l="473"/>
   <line l="624"/>
   <line l="539"/>
   <line l="591"/>
   <line l="420"/>
   <line l="355"/>
   <line l="289"/>
   <line l="662"/>
   <line l="341"/>
   <line l="277"/>
   <line l="684"/>
   <line l="382"/>
   <line l="768"/>
   <line l="707"/>
   <line l="712"/>
   <line l="406"/>
   <line l="766"/>
   <line l="879"/>
   <line l="834"/>
   <line l="715"/>
   <line l="378"/>
   <line l="726"/>
   <line l="902"/>
   <line l="551"/>
   <line l="856"/>
   <line l="424"/>
   <line l="709"/>
   <line l="445"/>
   <line l="286"/>
   <line l="374"/>
   <line l="567"/>
   <line l="675"/>
   <line l="614"/>
   <line l="657"/>
   <line l="313"/>
   <line l="364"/>
   <line l="370"/>
   <line l="687"/>
   <line l="485"/>
   <line l="732"/>
   <line l="919"/>
   <line l="408"/>
   <line l="354"/>
   <line l="682"/>
   <line l="511"/>
   <line l="708"/>
   <line l="274"/>
   <line l="789"/>
   <line l="373"/>
   <line l="885"/>
   <line l="535"/>
   <line l="260"/>
   <line l="300"/>
   <line l="487"/>
   <line l="314"/>
   <line l="416"/>
   <line l="862"/>
   <line l="310"/>
   <line l="653"/>
   <line l="523"/>
   <line l="769"/>
   <line l="457"/>
   <line l="786"/>
   <line l="246"/>
   <line l="502"/>
   <line l="476"/>
   <line l="268"/>
   <line l="387"/>
   <line l="921"/>
   <line l="600"/>
   <line l="711"/>
   <line l="608"/>
   <line l="556"/>
   <line l="660"/>
   <line l="413"/>
   <line l="729"/>
   <line l="859"/>
   <line l="898"/>
   <line l="562"/>
   <line l="742"/>
   <line l="391"/>
   <line l="605"/>
   <line l="613"/>
   <line l="813"/>
   <line l="322"/>
   <line l="394"/>
   <line l="306"/>
   <line l="897"/>
   <line l="478"/>
   <line l="850"/>
   <line l="589"/>
   <line l="518"/>
   <line l="843"/>
   <line l="713"/>
   <line l="723"/>
   <line l="900"/>
   <line l="425"/>
   <line l="549"/>
   <line l="652"/>
   <line l="871"/>
   <line l="761"/>
   <line l="428"/>
   <line l="661"/>
   <line l="914"/>
   <line l="308"/>
   <line l="305"/>
   <line l="749"/>
   <line l="315"/>
   <line l="414"/>
   <line l="269"/>
   <line l="477"/>
   <line l="271"/>
   <line l="407"/>
   <line l="442"/>
   <line l="575"/>
   <line l="491"/>
   <line l="392"/>
   <line l="849"/>
   <line l="620"/>
   <line l="756"/>
   <line l="874"/>
   <line l="909"/>
   <line l="876"/>
   <line l="397"/>
   <line l="678"/>
   <line l="893"/>
   <line l="873"/>
   <line l="833"/>
   <line l="735"/>
   <line l="704"/>
   <line l="307"/>
   <line l="488"/>
   <line l="590"/>
   <line l="410"/>
   <line l="737"/>
   <line l="527"/>
   <line l="251"/>
   <line l="352"/>
   <line l="379"/>
   <line l="637"/>
   <line l="633"/>
   <line l="359"/>
   <line l="875"/>
   <line l="291"/>
   <line l="798"/>
   <line l="552"/>
   <line l="285"/>
   <line l="764"/>
   <line l="889"/>
   <line l="545"/>
   <line l="507"/>
   <line l="819"/>
   <line l="659"/>
   <line l="755"/>
   <line l="484"/>
   <line l="522"/>
   <line l="464"/>
   <line l="336"/>
   <line l="569"/>
   <line l="670"/>
   <line l="515"/>
   <line l="369"/>
   <line l="913"/>
   <line l="616"/>
   <line l="609"/>
   <line l="854"/>
   <line l="448"/>
   <line l="671"/>
   <line l="534"/>
   <line l="895"/>
   <line l="882"/>
   <line l="628"/>
   <line l="459"/>
   <line l="795"/>
   <line l="884"/>
   <line l="404"/>
   <line l="869"/>
   <line l="878"/>
   <line l="841"/>
   <line l="762"/>
   <line l="342"/>
   <line l="278"/>
   <line l="447"/>
   <line l="727"/>
   <line l="649"/>
   <line l="911"/>
   <line l="437"/>
   <line l="745"/>
   <line l="356"/>
   <line l="890"/>
   <line l="550"/>
   <line l="430"/>
   <line l="922"/>
   <line l="634"/>
   <line l="741"/>
   <line l="460"/>
   <line l="622"/>
   <line l="292"/>
   <line l="587"/>
   <line l="371"/>
   <line l="627"/>
   <line l="802"/>
   <line l="601"/>
   <line l="363"/>
   <line l="820"/>
   <line l="466"/>
   <line l="792"/>
   <line l="431"/>
   <line l="265"/>
   <line l="612"/>
   <line l="526"/>
   <line l="791"/>
   <line l="753"/>
   <line l="668"/>
   <line l="499"/>
   <line l="301"/>
   <line l="658"/>
   <line l="775"/>
   <line l="880"/>
   <line l="825"/>
   <line l="888"/>
   <line l="519"/>
   <line l="455"/>
   <line l="238"/>
   <line l="776"/>
   <line l="409"/>
   <line l="648"/>
   <line l="810"/>
   <line l="807"/>
   <line l="788"/>
   <line l="297"/>
   <line l="688"/>
   <line l="718"/>
   <line l="784"/>
   <line l="531"/>
   <line l="705"/>
   <line l="596"/>
   <line l="461"/>
   <line l="557"/>
   <line l="389"/>
   <line l="398"/>
   <line l="917"/>
   <line l="386"/>
   <line l="748"/>
   <line l="357"/>
   <line l="239"/>
   <line l="844"/>
   <line l="362"/>
   <line l="266"/>
   <line l="528"/>
   <line l="743"/>
   <line l="367"/>
   <line l="323"/>
   <line l="316"/>
   <line l="270"/>
   <line l="814"/>
   <line l="572"/>
   <line l="249"/>
   <line l="739"/>
   <line l="463"/>
   <line l="690"/>
   <line l="809"/>
   <line l="831"/>
   <line l="906"/>
   <line l="799"/>
   <line l="330"/>
   <line l="446"/>
   <line l="829"/>
   <line l="696"/>
   <line l="752"/>
   <line l="403"/>
   <line l="663"/>
   <line l="573"/>
   <line l="324"/>
   <line l="654"/>
   <line l="664"/>
   <line l="744"/>
   <line l="777"/>
   <line l="901"/>
   <line l="872"/>
   <line l="760"/>
   <line l="250"/>
   <line l="509"/>
   <line l="325"/>
   <line l="360"/>
   <line l="722"/>
   <line l="290"/>
   <line l="836"/>
   <line l="868"/>
   <line l="865"/>
   <line l="372"/>
   <line l="508"/>
   <line l="679"/>
   <line l="720"/>
   <line l="490"/>
   <line l="619"/>
   <line l="295"/>
   <line l="736"/>
   <line l="299"/>
   <line l="329"/>
   <line l="293"/>
   <line l="505"/>
   <line l="331"/>
   <line l="555"/>
   <line l="560"/>
   <line l="440"/>
   <line l="725"/>
   <line l="563"/>
   <line l="832"/>
   <line l="610"/>
   <line l="731"/>
   <line l="699"/>
   <line l="578"/>
   <line l="280"/>
   <line l="287"/>
   <line l="733"/>
   <line l="703"/>
   <line l="504"/>
   <line l="717"/>
   <line l="253"/>
   <line l="672"/>
   <line l="242"/>
   <line l="296"/>
   <line l="721"/>
   <line l="279"/>
   <line l="674"/>
   <line l="918"/>
   <line l="469"/>
   <line l="434"/>
   <line l="256"/>
   <line l="574"/>
   <line l="503"/>
   <line l="405"/>
   <line l="691"/>
   <line l="426"/>
   <line l="548"/>
   <line l="886"/>
   <line l="454"/>
   <line l="384"/>
   <line l="241"/>
   <line l="419"/>
   <line l="436"/>
   <line l="845"/>
   <line l="489"/>
   <line l="462"/>
   <line l="805"/>
   <line l="334"/>
   <line l="415"/>
   <line l="465"/>
   <line l="581"/>
   <line l="275"/>
   <line l="328"/>
   <line l="782"/>
   <line l="385"/>
   <line l="740"/>
   <line l="412"/>
   <line l="823"/>
   <line l="765"/>
   <line l="456"/>
   <line l="283"/>
   <line l="501"/>
   <line l="429"/>
   <line l="904"/>
   <line l="435"/>
   <line l="794"/>
   <line l="321"/>
   <line l="390"/>
   <line l="536"/>
   <line l="547"/>
   <line l="816"/>
   <line l="273"/>
   <line l="747"/>
   <line l="263"/>
   <line l="441"/>
   <line l="309"/>
   <line l="683"/>
   <line l="475"/>
   <line l="881"/>
   <line l="631"/>
   <line l="553"/>
   <line l="561"/>
   <line l="643"/>
   <line l="483"/>
   <line l="806"/>
   <line l="812"/>
   <line l="345"/>
   <line l="646"/>
   <line l="746"/>
   <line l="680"/>
   <line l="422"/>
   <line l="530"/>
   <line l="500"/>
   <line l="883"/>
   <line l="566"/>
   <line l="598"/>
   <line l="797"/>
   <line l="399"/>
   <line l="353"/>
   <line l="580"/>
   <line l="781"/>
   <line l="650"/>
   <line l="298"/>
   <line l="903"/>
   <line l="863"/>
   <line l="481"/>
   <line l="579"/>
   <line l="774"/>
   <line l="375"/>
   <line l="891"/>
   <line l="824"/>
   <line l="492"/>
   <line l="261"/>
   <line l="514"/>
   <line l="276"/>
   <line l="586"/>
   <line l="565"/>
   <line l="800"/>
   <line l="520"/>
   <line l="861"/>
   <line l="666"/>
   <line l="588"/>
   <line l="366"/>
   <line l="772"/>
   <line l="915"/>
   <line l="524"/>
   <line l="686"/>
   <line l="288"/>
   <line l="803"/>
   <line l="779"/>
   <line l="912"/>
   <line l="494"/>
   <line l="630"/>
   <line l="443"/>
   <line l="669"/>
   <line l="602"/>
   <line l="702"/>
   <line l="284"/>
   <line l="346"/>
   <line l="510"/>
   <line l="866"/>
   <line l="700"/>
   <line l="870"/>
   <line l="262"/>
   <line l="840"/>
   <line l="595"/>
   <line l="395"/>
   <line l="647"/>
   <line l="294"/>
   <line l="887"/>
   <line l="320"/>
   <line l="920"/>
   <line l="656"/>
   <line l="493"/>
   <line l="243"/>
   <line l="681"/>
   <line l="582"/>
   <line l="449"/>
   <line l="651"/>
   <line l="245"/>
   <line l="267"/>
   <line l="629"/>
   <line l="641"/>
   <line l="638"/>
   <line l="583"/>
   <line l="247"/>
   <line l="835"/>
   <line l="546"/>
   <line l="349"/>
   <line l="851"/>
   <line l="697"/>
   <line l="757"/>
   <line l="467"/>
   <line l="767"/>
   <line l="427"/>
   <line l="272"/>
   <line l="599"/>
   <line l="421"/>
   <line l="474"/>
   <line l="544"/>
   <line l="642"/>
   <line l="910"/>
   <line l="916"/>
   <line l="864"/>
   <line l="822"/>
   <line l="482"/>
   <line l="471"/>
   <line l="244"/>
  </lines>
 </mapping>
</allatori>
