
*****  DB2MOVE  *****

Action:      EXPORT

Start time:  Fri Aug  4 14:14:37 2006

Server: DB2 Common Server V8.2.0

EXPORT:    362 rows from table "YKT_CUR"."T_PIF_DICTIONARY"
EXPORT:      2 rows from table "YKT_CUR"."T_PIF_PHYDEVICE"
EXPORT:     19 rows from table "YKT_CUR"."T_CIF_CUTTYPEFEE"
EXPORT:    816 rows from table "YKT_CUR"."T_CIF_DEPT"
EXPORT:      6 rows from table "YKT_CUR"."T_PIF_DEVICE"
EXPORT:     22 rows from table "YKT_CUR"."T_PIF_FEETYPE"
EXPORT:     28 rows from table "YKT_CUR"."T_PIF_OPERATOR"
EXPORT:     32 rows from table "YKT_CUR"."T_PIF_SYSKEY"
EXPORT:     51 rows from table "YKT_CUR"."T_PIF_TRADECODE"
EXPORT:     53 rows from table "YKT_CUR"."T_TIF_CFGSPLIT"
EXPORT:     55 rows from table "YKT_CUR"."T_TIF_CFGTXFEE"
EXPORT:     21 rows from table "YKT_CUR"."T_TIF_SPLITCFG"
EXPORT:     16 rows from table "YKT_CUR"."T_TIF_SUBJECT"
EXPORT:     32 rows from table "YKT_CUR"."T_PIF_CUR_SYSPARA"
EXPORT:      2 rows from table "YKT_CUR"."T_PIF_APP_FUNC_LIST"
EXPORT:      1 rows from table "YKT_CUR"."T_PIF_SYSTIME"
EXPORT:      2 rows from table "YKT_CUR"."T_CIF_SHOP"
EXPORT:      2 rows from table "YKT_CUR"."T_PIF_AREA"
EXPORT:     29 rows from table "YKT_CUR"."T_AIF_ACCOUNT"
EXPORT:      1 rows from table "YKT_CUR"."T_TIF_WARRANT"

End time:  Fri Aug  4 14:14:39 2006
