--- Function Status at 163928 (TickCount=1495408953)---
funcno|class|         gid|success|failure|           time| t_max| t_min|Description       | Programmer   
      2000|1|       BU1|Y|      0|      0|              0|     0|     0|下传文件|wenjian|08:00:00
      2401|1|       BU0|Y|      0|      0|              0|     0|     0|圈存转账|wyb|08:00:00
    250001|1|       BU0|Y|      0|      0|              0|     0|     0|圈存服务主功能|wj|08:00:00
    250002|1|       BU0|Y|      0|      0|              0|     0|     0|电控转账|hlq|08:00:00
    250003|1|       BU0|Y|      0|      0|              0|     0|     0|移动对账|wj|08:00:00
    250004|1|       BU0|Y|      0|      0|              0|     0|     0|电控查询|hlq|08:00:00
    250006|1|       BU0|Y|      0|      0|              0|     0|     0|转账测试|hlq|08:00:00
    260001|1|       BU0|Y|      0|      0|              0|     0|     0|水控转账|lx|08:00:00
    260002|1|       BU0|Y|      0|      0|              0|     0|     0|手机充值|lx|08:00:00
    260006|1|       BU0|Y|      0|      0|              0|     0|     0|手工对账|lx|08:00:00
    270001|1|       BU0|Y|      0|      0|              0|     0|     0|银行卡绑定|lx|08:00:00
    900077|1|       BU0|Y|      0|      0|              0|     0|     0|圈存服务主功能|wj|08:00:00
    950996|1|       BU0|Y|      0|      0|              0|     0|     0|上传对账文件|wyb|08:00:00
--- BULinkThread Status at 163928 (time(NULL)=1320050368,TickCount=1495408958)---
00(WAITREQ) QNO1     BUID(BU1        ) LT[15:49:42] LF 10 LRT0       LST0          BUCT[16:39:25] PID[4575] 
01(WAITREQ) QNO1     BUID(BU0        ) LT[15:49:42] LF 10 LRT0       LST0          BUCT[16:39:25] PID[4574] 

--- DRTPRouter Status at 163928 (time(NULL)=1320050368 TickCount=1495408973)---
Router0 IP:127.0.0.1 Port:4000 NodeID:250 
	Server FuncNo:3000/3011 connect:Y sct=15:49:42 slt=08:00:00 scc=1 src=0 srl=0 ssc=0 ssl=0 
	PushCLT connect:N cct=--:--:-- clt=--:--:-- ccc=0 crc=0 crl=0 csc=0 csl=0 
	ExtCallCLT totals:0 links:0 using:0 

--- ReqPackQueue Status at 163928 (time()=1320050368,TickCount=1495408979)---
BU Groups[0](BU0) ReqPackQueue1 size=0
BU Groups[0](BU0) ReqPackQueue2 size=0
BU Groups[0](BU0) ReqPackQueue3 size=0
BU Groups[1](BU1) ReqPackQueue1 size=0
BU Groups[1](BU1) ReqPackQueue2 size=0
BU Groups[1](BU1) ReqPackQueue3 size=0

--- BUGroups Status at 163928 (time()=1320050368,TickCount=1495408984)---
   0        BU0   1   1   1    0    0    0
   1        BU1   1   1   1    0    0    0

--- Push Status at 163928 (time()=1320050368,TickCount=1495408987)---
PushFile:/mnt/hgfs/tmp/bank/bin/pdbfs/20111031.dbf - Number of Push Records: 0
PushThread[0] has processed 0 records in 20111031.dbf
	DRTPs (Node-250): 0
{
}

