08/27 14:26:13 5044 Level1002 -- 初始化第三方数据库成功
08/27 14:26:13 5044 Level1111 -- FILE:.\KsBu.cpp LINE:304 Msg:与业务调度中心(BCC)的连接成功！

08/27 14:26:23 5044 Level1111 -- FILE:.\KsBu.cpp LINE:357 Msg:业务处理单元BU系统正常退出!

08/27 14:26:14 5256 Level1002 -- 初始化第三方数据库成功
08/27 14:26:14 5256 Level1111 -- FILE:.\KsBu.cpp LINE:304 Msg:与业务调度中心(BCC)的连接成功！

08/27 14:26:23 5256 Level1111 -- FILE:.\KsBu.cpp LINE:357 Msg:业务处理单元BU系统正常退出!

08/27 14:26:15 2876 Level1002 -- 初始化第三方数据库成功
08/27 14:26:15 2876 Level1111 -- FILE:.\KsBu.cpp LINE:304 Msg:与业务调度中心(BCC)的连接成功！

08/27 14:26:23 2876 Level1111 -- FILE:.\KsBu.cpp LINE:357 Msg:业务处理单元BU系统正常退出!

08/27 14:27:03 4644 Level1002 -- 初始化第三方数据库成功
08/27 14:27:03 4644 Level1111 -- FILE:.\KsBu.cpp LINE:304 Msg:与业务调度中心(BCC)的连接成功！

08/27 14:27:10 4644 Level1003 -- 用户名[admin]--密码[1111111111111111]--IP地址[127.0.0.1]--端口号[8443]--用户值[]--命令[QUERYUSER:USERID="test_lx";]--errcode[110211]
08/27 14:27:12 4644 Level1003 -- 用户名[admin]--密码[1111111111111111]--IP地址[127.0.0.1]--端口号[8443]--用户值[]--命令[QUERYUSER:USERID="test_lx";]--errcode[110211]
08/27 14:27:17 4644 Level1111 -- FILE:.\KsBu.cpp LINE:357 Msg:业务处理单元BU系统正常退出!

08/27 14:27:04 4732 Level1002 -- 初始化第三方数据库成功
08/27 14:27:04 4732 Level1111 -- FILE:.\KsBu.cpp LINE:304 Msg:与业务调度中心(BCC)的连接成功！

08/27 14:27:17 4732 Level1111 -- FILE:.\KsBu.cpp LINE:357 Msg:业务处理单元BU系统正常退出!

08/27 14:27:05 5844 Level1002 -- 初始化第三方数据库成功
08/27 14:27:05 5844 Level1111 -- FILE:.\KsBu.cpp LINE:304 Msg:与业务调度中心(BCC)的连接成功！

08/27 14:27:17 5844 Level1111 -- FILE:.\KsBu.cpp LINE:357 Msg:业务处理单元BU系统正常退出!

08/27 17:44:27 3716 Level1003 -- 用户名[admin]--原始密码[1111111111111111]--加密密码[DCDEDEDBDEDFDDDF]--IP地址[127.0.0.1]--端口号[8443]
08/27 17:44:27 3716 Level1002 -- 加载samspiclient.dll成功
08/27 17:44:28 3716 Level1002 -- 初始化第三方数据库成功
08/27 17:44:32 3716 Level1111 -- FILE:.\KsBu.cpp LINE:304 Msg:与业务调度中心(BCC)的连接成功！

08/27 17:44:40 3716 Level1111 -- FILE:.\KsBu.cpp LINE:357 Msg:业务处理单元BU系统正常退出!

08/27 17:44:28 5704 Level1003 -- 用户名[admin]--原始密码[1111111111111111]--加密密码[DCDEDEDBDEDFDDDF]--IP地址[127.0.0.1]--端口号[8443]
08/27 17:44:28 5704 Level1002 -- 加载samspiclient.dll成功
08/27 17:44:28 5704 Level1002 -- 初始化第三方数据库成功
08/27 17:44:32 5704 Level1111 -- FILE:.\KsBu.cpp LINE:304 Msg:与业务调度中心(BCC)的连接成功！

08/27 17:44:40 5704 Level1111 -- FILE:.\KsBu.cpp LINE:357 Msg:业务处理单元BU系统正常退出!

08/27 17:44:29 2780 Level1003 -- 用户名[admin]--原始密码[1111111111111111]--加密密码[DCDEDEDBDEDFDDDF]--IP地址[127.0.0.1]--端口号[8443]
08/27 17:44:29 2780 Level1002 -- 加载samspiclient.dll成功
08/27 17:44:29 2780 Level1002 -- 初始化第三方数据库成功
08/27 17:44:32 2780 Level1111 -- FILE:.\KsBu.cpp LINE:304 Msg:与业务调度中心(BCC)的连接成功！

08/27 17:44:40 2780 Level1111 -- FILE:.\KsBu.cpp LINE:357 Msg:业务处理单元BU系统正常退出!

08/27 17:44:30 2416 Level1003 -- 用户名[admin]--原始密码[1111111111111111]--加密密码[DCDEDEDBDEDFDDDF]--IP地址[127.0.0.1]--端口号[8443]
08/27 17:44:30 2416 Level1002 -- 加载samspiclient.dll成功
08/27 17:44:30 2416 Level1002 -- 初始化第三方数据库成功
08/27 17:44:32 2416 Level1111 -- FILE:.\KsBu.cpp LINE:304 Msg:与业务调度中心(BCC)的连接成功！

08/27 17:44:40 2416 Level1111 -- FILE:.\KsBu.cpp LINE:357 Msg:业务处理单元BU系统正常退出!

08/27 17:44:31 1032 Level1003 -- 用户名[admin]--原始密码[1111111111111111]--加密密码[DCDEDEDBDEDFDDDF]--IP地址[127.0.0.1]--端口号[8443]
08/27 17:44:31 1032 Level1002 -- 加载samspiclient.dll成功
08/27 17:44:31 1032 Level1002 -- 初始化第三方数据库成功
08/27 17:44:32 1032 Level1111 -- FILE:.\KsBu.cpp LINE:304 Msg:与业务调度中心(BCC)的连接成功！

08/27 17:44:40 1032 Level1111 -- FILE:.\KsBu.cpp LINE:357 Msg:业务处理单元BU系统正常退出!

08/27 17:44:32 2156 Level1003 -- 用户名[admin]--原始密码[1111111111111111]--加密密码[DCDEDEDBDEDFDDDF]--IP地址[127.0.0.1]--端口号[8443]
08/27 17:44:32 2156 Level1002 -- 加载samspiclient.dll成功
08/27 17:44:32 2156 Level1002 -- 初始化第三方数据库成功
08/27 17:44:32 2156 Level1111 -- FILE:.\KsBu.cpp LINE:304 Msg:与业务调度中心(BCC)的连接成功！

08/27 17:44:40 2156 Level1111 -- FILE:.\KsBu.cpp LINE:357 Msg:业务处理单元BU系统正常退出!

08/27 17:44:33 1260 Level1003 -- 用户名[admin]--原始密码[1111111111111111]--加密密码[DCDEDEDBDEDFDDDF]--IP地址[127.0.0.1]--端口号[8443]
08/27 17:44:33 1260 Level1002 -- 加载samspiclient.dll成功
08/27 17:44:33 1260 Level1002 -- 初始化第三方数据库成功
08/27 17:44:33 1260 Level1111 -- FILE:.\KsBu.cpp LINE:304 Msg:与业务调度中心(BCC)的连接成功！

08/27 17:44:40 1260 Level1111 -- FILE:.\KsBu.cpp LINE:357 Msg:业务处理单元BU系统正常退出!

08/27 17:44:34 4980 Level1003 -- 用户名[admin]--原始密码[1111111111111111]--加密密码[DCDEDEDBDEDFDDDF]--IP地址[127.0.0.1]--端口号[8443]
08/27 17:44:34 4980 Level1002 -- 加载samspiclient.dll成功
08/27 17:44:34 4980 Level1002 -- 初始化第三方数据库成功
08/27 17:44:34 4980 Level1111 -- FILE:.\KsBu.cpp LINE:304 Msg:与业务调度中心(BCC)的连接成功！

08/27 17:44:40 4980 Level1111 -- FILE:.\KsBu.cpp LINE:357 Msg:业务处理单元BU系统正常退出!

