--- Function Status at 143725 (TickCount=2993219894)---
funcno|class|         gid|success|failure|           time| t_max| t_min|Description       | Programmer   
      2000|1|       BU1|Y|      0|      0|              0|     0|     0|下传文件|wenjian|08:00:00
      2401|1|       BU0|Y|      0|      0|              0|     0|     0|圈存转账|wyb|08:00:00
    250001|1|       BU0|Y|      0|      0|              0|     0|     0|圈存服务主功能|wj|08:00:00
    250002|1|       BU0|Y|      0|      0|              0|     0|     0|电控转账|hlq|08:00:00
    250003|1|       BU0|Y|      0|      0|              0|     0|     0|移动对账|wj|08:00:00
    250004|1|       BU0|Y|      0|      0|              0|     0|     0|电控查询|hlq|08:00:00
    250006|1|       BU0|Y|      0|      0|              0|     0|     0|转账测试|hlq|08:00:00
    260001|1|       BU0|Y|      0|      0|              0|     0|     0|水控转账|lx|08:00:00
    260002|1|       BU0|Y|      0|      0|              0|     0|     0|手机充值|lx|08:00:00
    260006|1|       BU0|Y|      0|      0|              0|     0|     0|手工对账|lx|08:00:00
    270001|1|       BU0|Y|      0|      0|              0|     0|     0|银行卡绑定|lx|08:00:00
    900077|1|       BU0|Y|      0|      0|              0|     0|     0|圈存服务主功能|wj|08:00:00
    950996|1|       BU0|Y|      0|      0|              0|     0|     0|上传对账文件|wyb|08:00:00
--- BULinkThread Status at 143725 (time(NULL)=1312958245,TickCount=2993219895)---
00(NOTREADY) QNO1     BUID(BU0        ) LT[14:37:16] LF 10 LRT0       LST0          
01(WAITREQ) QNO1     BUID(BU1        ) LT[14:37:16] LF 10 LRT0       LST0          BUCT[14:37:21] PID[5627] 
02(NOTREADY) QNO1     BUID(BU0        ) LT[14:37:17] LF 10 LRT0       LST0          
03(WAITREQ) QNO1     BUID(BU1        ) LT[14:37:17] LF 10 LRT0       LST0          BUCT[14:37:22] PID[5631] 
04(NOTREADY) QNO1     BUID(BU0        ) LT[14:37:18] LF 10 LRT0       LST0          
05(NOTREADY) QNO1     BUID(BU0        ) LT[14:37:19] LF 10 LRT0       LST0          
06(NOTREADY) QNO1     BUID(BU0        ) LT[14:37:20] LF 10 LRT0       LST0          

--- DRTPRouter Status at 143725 (time(NULL)=1312958245 TickCount=2993219896)---
Router0 IP:127.0.0.1 Port:4000 NodeID:7000 
	Server FuncNo:5000/5002 connect:N sct=--:--:-- slt=--:--:-- scc=0 src=0 srl=0 ssc=0 ssl=0 
	PushCLT connect:N cct=--:--:-- clt=--:--:-- ccc=0 crc=0 crl=0 csc=0 csl=0 
	ExtCallCLT totals:0 links:0 using:0 

--- ReqPackQueue Status at 143725 (time()=1312958245,TickCount=2993219896)---
BU Groups[0](BU0) ReqPackQueue1 size=0
BU Groups[0](BU0) ReqPackQueue2 size=0
BU Groups[0](BU0) ReqPackQueue3 size=0
BU Groups[1](BU1) ReqPackQueue1 size=0
BU Groups[1](BU1) ReqPackQueue2 size=0
BU Groups[1](BU1) ReqPackQueue3 size=0

--- BUGroups Status at 143725 (time()=1312958245,TickCount=2993219896)---
   0        BU0   5   0   0    0    0    0
   1        BU1   2   2   2    0    0    0

--- Push Status at 143725 (time()=1312958245,TickCount=2993219896)---
PushFile:/home/bank/bank/bin/pdbfs/20110810.dbf - Number of Push Records: 0
PushThread[0] has processed 0 records in 20110810.dbf
	DRTPs (Node-7000): 0
{
}

--- Function Status at 152314 (TickCount=2995968968)---
funcno|class|         gid|success|failure|           time| t_max| t_min|Description       | Programmer   
      2000|1|       BU1|Y|      0|      0|              0|     0|     0|下传文件|wenjian|08:00:00
      2401|1|       BU0|Y|      0|      0|              0|     0|     0|圈存转账|wyb|08:00:00
    250001|1|       BU0|Y|      0|      0|              0|     0|     0|圈存服务主功能|wj|08:00:00
    250002|1|       BU0|Y|      0|      0|              0|     0|     0|电控转账|hlq|08:00:00
    250003|1|       BU0|Y|      0|      0|              0|     0|     0|移动对账|wj|08:00:00
    250004|1|       BU0|Y|      0|      0|              0|     0|     0|电控查询|hlq|08:00:00
    250006|1|       BU0|Y|      0|      0|              0|     0|     0|转账测试|hlq|08:00:00
    260001|1|       BU0|Y|      0|      0|              0|     0|     0|水控转账|lx|08:00:00
    260002|1|       BU0|Y|      0|      0|              0|     0|     0|手机充值|lx|08:00:00
    260006|1|       BU0|Y|      0|      0|              0|     0|     0|手工对账|lx|08:00:00
    270001|1|       BU0|Y|      0|      0|              0|     0|     0|银行卡绑定|lx|08:00:00
    900077|1|       BU0|Y|      0|      0|              0|     0|     0|圈存服务主功能|wj|08:00:00
    950996|1|       BU0|Y|      0|      0|              0|     0|     0|上传对账文件|wyb|08:00:00
--- BULinkThread Status at 152314 (time(NULL)=1312960994,TickCount=2995968969)---
00(NOTREADY) QNO1     BUID(BU0        ) LT[14:39:38] LF 10 LRT0       LST0          
01(WAITREQ) QNO1     BUID(BU1        ) LT[14:39:38] LF 10 LRT0       LST0          BUCT[15:23:13] PID[5728] 
02(WAITREQ) QNO1     BUID(BU1        ) LT[14:39:40] LF 10 LRT0       LST0          BUCT[15:23:10] PID[5732] 
03(NOTREADY) QNO1     BUID(BU0        ) LT[14:39:40] LF 10 LRT0       LST0          
04(NOTREADY) QNO1     BUID(BU0        ) LT[14:39:40] LF 10 LRT0       LST0          
05(NOTREADY) QNO1     BUID(BU0        ) LT[14:39:41] LF 10 LRT0       LST0          
06(NOTREADY) QNO1     BUID(BU0        ) LT[14:39:42] LF 10 LRT0       LST0          

--- DRTPRouter Status at 152314 (time(NULL)=1312960994 TickCount=2995968969)---
Router0 IP:127.0.0.1 Port:4000 NodeID:7000 
	Server FuncNo:5000/5002 connect:Y sct=14:39:39 slt=08:00:00 scc=1 src=0 srl=0 ssc=0 ssl=0 
	PushCLT connect:N cct=--:--:-- clt=--:--:-- ccc=0 crc=0 crl=0 csc=0 csl=0 
	ExtCallCLT totals:0 links:0 using:0 

--- ReqPackQueue Status at 152314 (time()=1312960994,TickCount=2995968970)---
BU Groups[0](BU0) ReqPackQueue1 size=0
BU Groups[0](BU0) ReqPackQueue2 size=0
BU Groups[0](BU0) ReqPackQueue3 size=0
BU Groups[1](BU1) ReqPackQueue1 size=0
BU Groups[1](BU1) ReqPackQueue2 size=0
BU Groups[1](BU1) ReqPackQueue3 size=0

--- BUGroups Status at 152314 (time()=1312960994,TickCount=2995968970)---
   0        BU0   5   0   0    0    0    0
   1        BU1   2   2   2    0    0    0

--- Push Status at 152314 (time()=1312960994,TickCount=2995968970)---
PushFile:/home/bank/bank/bin/pdbfs/20110810.dbf - Number of Push Records: 0
PushThread[0] has processed 0 records in 20110810.dbf
	DRTPs (Node-7000): 0
{
}

--- Function Status at 160454 (TickCount=2998468909)---
funcno|class|         gid|success|failure|           time| t_max| t_min|Description       | Programmer   
      2000|1|       BU1|Y|      0|      0|              0|     0|     0|下传文件|wenjian|08:00:00
      2401|1|       BU0|Y|      0|      0|              0|     0|     0|圈存转账|wyb|08:00:00
    250001|1|       BU0|Y|      0|      0|              0|     0|     0|圈存服务主功能|wj|08:00:00
    250002|1|       BU0|Y|      0|      0|              0|     0|     0|电控转账|hlq|08:00:00
    250003|1|       BU0|Y|      0|      0|              0|     0|     0|移动对账|wj|08:00:00
    250004|1|       BU0|Y|      0|      0|              0|     0|     0|电控查询|hlq|08:00:00
    250006|1|       BU0|Y|      0|      0|              0|     0|     0|转账测试|hlq|08:00:00
    260001|1|       BU0|Y|      0|      0|              0|     0|     0|水控转账|lx|08:00:00
    260002|1|       BU0|Y|      0|      0|              0|     0|     0|手机充值|lx|08:00:00
    260006|1|       BU0|Y|      0|      0|              0|     0|     0|手工对账|lx|08:00:00
    270001|1|       BU0|Y|      0|      0|              0|     0|     0|银行卡绑定|lx|08:00:00
    900077|1|       BU0|Y|      0|      0|              0|     0|     0|圈存服务主功能|wj|08:00:00
    950996|1|       BU0|Y|      0|      0|              0|     0|     0|上传对账文件|wyb|08:00:00
--- BULinkThread Status at 160454 (time(NULL)=1312963494,TickCount=2998468910)---
00(WAITREQ) QNO1     BUID(BU1        ) LT[15:23:34] LF 10 LRT0       LST0          BUCT[16:04:53] PID[6135] 
01(NOTREADY) QNO5     BUID(BU0        ) LT[16:04:46] LF 10 LRT2401    LST2998012688 
02(WAITREQ) QNO1     BUID(BU1        ) LT[15:23:35] LF 10 LRT0       LST0          BUCT[16:04:50] PID[6138] 
03(NOTREADY) QNO1     BUID(BU0        ) LT[16:04:47] LF 10 LRT0       LST0          
04(NOTREADY) QNO1     BUID(BU0        ) LT[16:04:48] LF 10 LRT0       LST0          
05(NOTREADY) QNO1     BUID(BU0        ) LT[16:04:49] LF 10 LRT0       LST0          
06(NOTREADY) QNO1     BUID(BU0        ) LT[16:04:50] LF 10 LRT0       LST0          

--- DRTPRouter Status at 160454 (time(NULL)=1312963494 TickCount=2998468910)---
Router0 IP:127.0.0.1 Port:4000 NodeID:7000 
	Server FuncNo:5000/5002 connect:Y sct=15:23:34 slt=08:00:00 scc=1 src=4 srl=1379 ssc=0 ssl=0 
	PushCLT connect:N cct=--:--:-- clt=--:--:-- ccc=0 crc=0 crl=0 csc=0 csl=0 
	ExtCallCLT totals:0 links:0 using:0 

--- ReqPackQueue Status at 160454 (time()=1312963494,TickCount=2998468911)---
BU Groups[0](BU0) ReqPackQueue1 size=0
BU Groups[0](BU0) ReqPackQueue2 size=0
BU Groups[0](BU0) ReqPackQueue3 size=0
BU Groups[1](BU1) ReqPackQueue1 size=0
BU Groups[1](BU1) ReqPackQueue2 size=0
BU Groups[1](BU1) ReqPackQueue3 size=0

--- BUGroups Status at 160454 (time()=1312963494,TickCount=2998468911)---
   0        BU0   5   0   0    0    0    0
   1        BU1   2   2   2    0    0    0

--- Push Status at 160454 (time()=1312963494,TickCount=2998468911)---
PushFile:/home/bank/bank/bin/pdbfs/20110810.dbf - Number of Push Records: 0
PushThread[0] has processed 0 records in 20110810.dbf
	DRTPs (Node-7000): 0
{
}

