

***********************************************************************
Fatal NI connect error 12535, connecting to:
 (DESCRIPTION=(ADDRESS=(PROTOCOL=TCP)(HOST=192.168.30.3)(PORT=1521))(CONNECT_DATA=(SERVICE_NAME=photo)(CID=(PROGRAM=C:\Documents and Settings\wxg\桌面\照相辅助程序－ORACLE 20050831\网络版-oracle\Photo1.exe)(HOST=XXB)(USER=wxg))))

  VERSION INFORMATION:
	TNS for 32-bit Windows: Version 9.0.1.1.0 - Production
	Windows NT TCP/IP NT Protocol Adapter for 32-bit Windows: Version 9.0.1.1.0 - Production
  Time: 02-9月 -2005 18:10:57
  Tracing not turned on.
  Tns error struct:
    nr err code: 0
    ns main err code: 12535
    TNS-12535: TNS: 操作超时
    ns secondary err code: 12560
    nt main err code: 505
    TNS-00505: 操作超时
    nt secondary err code: 60
    nt OS err code: 0


***********************************************************************
Fatal NI connect error 12535, connecting to:
 (DESCRIPTION=(ADDRESS=(PROTOCOL=TCP)(HOST=192.168.30.3)(PORT=1521))(CONNECT_DATA=(SERVICE_NAME=photo)(CID=(PROGRAM=C:\Documents and Settings\wxg\桌面\照相辅助程序－ORACLE 20050831\网络版-oracle\Photo1.exe)(HOST=XXB)(USER=wxg))))

  VERSION INFORMATION:
	TNS for 32-bit Windows: Version 9.0.1.1.0 - Production
	Windows NT TCP/IP NT Protocol Adapter for 32-bit Windows: Version 9.0.1.1.0 - Production
  Time: 02-9月 -2005 18:12:00
  Tracing not turned on.
  Tns error struct:
    nr err code: 0
    ns main err code: 12535
    TNS-12535: TNS: 操作超时
    ns secondary err code: 12560
    nt main err code: 505
    TNS-00505: 操作超时
    nt secondary err code: 60
    nt OS err code: 0


***********************************************************************
Fatal NI connect error 12535, connecting to:
 (DESCRIPTION=(ADDRESS=(PROTOCOL=TCP)(HOST=192.168.30.3)(PORT=1521))(CONNECT_DATA=(SERVICE_NAME=photo)(CID=(PROGRAM=C:\Documents and Settings\wxg\桌面\照相辅助程序－ORACLE 20050831\网络版-oracle\Photo1.exe)(HOST=XXB)(USER=wxg))))

  VERSION INFORMATION:
	TNS for 32-bit Windows: Version 9.0.1.1.0 - Production
	Windows NT TCP/IP NT Protocol Adapter for 32-bit Windows: Version 9.0.1.1.0 - Production
  Time: 02-9月 -2005 18:12:56
  Tracing not turned on.
  Tns error struct:
    nr err code: 0
    ns main err code: 12535
    TNS-12535: TNS: 操作超时
    ns secondary err code: 12560
    nt main err code: 505
    TNS-00505: 操作超时
    nt secondary err code: 60
    nt OS err code: 0


***********************************************************************
Fatal NI connect error 12535, connecting to:
 (DESCRIPTION=(ADDRESS=(PROTOCOL=TCP)(HOST=192.168.30.3)(PORT=1521))(CONNECT_DATA=(SERVICE_NAME=photo)(CID=(PROGRAM=C:\Documents and Settings\wxg\桌面\照相辅助程序－ORACLE 20050831\网络版-oracle\Photo1.exe)(HOST=XXB)(USER=wxg))))

  VERSION INFORMATION:
	TNS for 32-bit Windows: Version 9.0.1.1.0 - Production
	Windows NT TCP/IP NT Protocol Adapter for 32-bit Windows: Version 9.0.1.1.0 - Production
  Time: 02-9月 -2005 18:13:21
  Tracing not turned on.
  Tns error struct:
    nr err code: 0
    ns main err code: 12535
    TNS-12535: TNS: 操作超时
    ns secondary err code: 12560
    nt main err code: 505
    TNS-00505: 操作超时
    nt secondary err code: 60
    nt OS err code: 0


***********************************************************************
Fatal NI connect error 12535, connecting to:
 (DESCRIPTION=(ADDRESS=(PROTOCOL=TCP)(HOST=192.168.30.3)(PORT=1521))(CONNECT_DATA=(SERVICE_NAME=photo)(CID=(PROGRAM=C:\Documents and Settings\wxg\桌面\照相辅助程序－ORACLE 20050831\网络版-oracle\Photo1.exe)(HOST=XXB)(USER=wxg))))

  VERSION INFORMATION:
	TNS for 32-bit Windows: Version 9.0.1.1.0 - Production
	Windows NT TCP/IP NT Protocol Adapter for 32-bit Windows: Version 9.0.1.1.0 - Production
  Time: 02-9月 -2005 18:13:42
  Tracing not turned on.
  Tns error struct:
    nr err code: 0
    ns main err code: 12535
    TNS-12535: TNS: 操作超时
    ns secondary err code: 12560
    nt main err code: 505
    TNS-00505: 操作超时
    nt secondary err code: 60
    nt OS err code: 0


***********************************************************************
Fatal NI connect error 12535, connecting to:
 (DESCRIPTION=(ADDRESS=(PROTOCOL=TCP)(HOST=192.168.30.3)(PORT=1521))(CONNECT_DATA=(SERVICE_NAME=photo)(CID=(PROGRAM=C:\Documents and Settings\wxg\桌面\照相辅助程序－ORACLE 20050831\网络版-oracle\Photo1.exe)(HOST=XXB)(USER=wxg))))

  VERSION INFORMATION:
	TNS for 32-bit Windows: Version 9.0.1.1.0 - Production
	Windows NT TCP/IP NT Protocol Adapter for 32-bit Windows: Version 9.0.1.1.0 - Production
  Time: 02-9月 -2005 18:14:23
  Tracing not turned on.
  Tns error struct:
    nr err code: 0
    ns main err code: 12535
    TNS-12535: TNS: 操作超时
    ns secondary err code: 12560
    nt main err code: 505
    TNS-00505: 操作超时
    nt secondary err code: 60
    nt OS err code: 0


***********************************************************************
Fatal NI connect error 12535, connecting to:
 (DESCRIPTION=(ADDRESS=(PROTOCOL=TCP)(HOST=192.168.30.3)(PORT=1521))(CONNECT_DATA=(SERVICE_NAME=photo)(CID=(PROGRAM=C:\Documents and Settings\wxg\桌面\照相辅助程序－ORACLE 20050831\网络版-oracle\Photo1.exe)(HOST=XXB)(USER=wxg))))

  VERSION INFORMATION:
	TNS for 32-bit Windows: Version 9.0.1.1.0 - Production
	Windows NT TCP/IP NT Protocol Adapter for 32-bit Windows: Version 9.0.1.1.0 - Production
  Time: 02-9月 -2005 18:14:44
  Tracing not turned on.
  Tns error struct:
    nr err code: 0
    ns main err code: 12535
    TNS-12535: TNS: 操作超时
    ns secondary err code: 12560
    nt main err code: 505
    TNS-00505: 操作超时
    nt secondary err code: 60
    nt OS err code: 0
