240157|圈存转账|wj|1|Y|0|0|0|0|0
700000|电话查询系统登录|wj|1|Y|0|0|0|0|0
700001|电话余额查询|wj|1|Y|0|0|0|0|0
700002|账户交易明细查询|wj|1|Y|0|0|0|0|0
820001|子系统注册|hxz|1|Y|0|0|0|0|0
820002|子系统修改|hxz|1|Y|0|0|0|0|0
820003|子系统删除|hxz|1|Y|0|0|0|0|0
820004|子系统关键字查询|hxz|1|Y|0|0|0|0|0
820005|子系统非关键字查询|hxz|1|Y|0|0|0|0|0
820101|设备注册|hxz|1|Y|0|0|0|0|0
820102|设备修改|hxz|1|Y|0|0|0|0|0
820103|设备删除|hxz|1|Y|0|0|0|0|0
820104|设备关键字查询|hxz|1|Y|0|0|0|0|0
820105|设备非关键字查询|hxz|1|Y|0|0|0|0|0
820106|设备非关键字查询|hxz|1|Y|0|0|0|0|0
820108|设备非关键字查询|hxz|1|Y|0|0|0|0|0
820111|区域表注册|hxz|1|Y|0|0|0|0|0
820112|区域表修改|hxz|1|Y|0|0|0|0|0
820113|区域表删除|hxz|1|Y|0|0|0|0|0
820114|区域表关键字查询|hxz|1|Y|0|0|0|0|0
820301|操作员增删改|hxz|1|Y|0|0|0|0|0
820302|操作员查询|hxz|1|Y|0|0|0|0|0
820311|权限模板增删改|hxz|1|Y|0|0|0|0|0
820312|权限模板查询|hxz|1|Y|0|0|0|0|0
820321|操作员登录站点增加、删除|hxz|1|Y|0|0|0|0|0
820322|操作员登录站点查询|hxz|1|Y|0|0|0|0|0
820331|操作员密码修改|hxz|1|Y|0|0|0|0|0
820332|操作员密码重置|hxz|1|Y|0|0|0|0|0
820341|站点信息增删改|hxz|1|Y|0|0|0|0|0
820342|站点信息查询|hxz|1|Y|0|0|0|0|0
820351|操作员登录|hxz|1|Y|0|0|0|0|0
820352|操作员登出|hxz|1|Y|0|0|0|0|0
820353|操作员登出|hxz|1|Y|0|0|0|0|0
820354|操作员组管理|tc|1|Y|0|0|0|0|0
820355|操作员分组管理|tc|1|Y|0|0|0|0|0
820401|全局参数注册|hxz|1|Y|0|0|0|0|0
820402|全局参数修改|hxz|1|Y|0|0|0|0|0
820403|全局参数删除|hxz|1|Y|0|0|0|0|0
820404|全局参数关键字查询|hxz|1|Y|0|0|0|0|0
820405|全局参数非关键字查询|hxz|1|Y|0|0|0|0|0
820501|登陆时数据字典查询|hxz|1|Y|0|0|0|0|0
820502|登陆时读取数据字典条|hxz|1|Y|0|0|0|0|0
820511|普通数据字典查询|hxz|1|Y|0|0|0|0|0
820512|数据字典增加、修改|hxz|1|Y|0|0|0|0|0
820516|读取数据字典条目|hxz|1|Y|0|0|0|0|0
820521|取功能列表|hxz|1|Y|0|0|0|0|0
820522|取系统日期|hxz|1|Y|0|0|0|0|0
820601|客户信息同步|hxz|1|Y|0|0|0|0|0
820704|黑名单查询|wj|1|Y|0|0|0|0|0
820705|黑名单查询|hxz|1|Y|0|0|0|0|0
841601|客户信息增加|wj|1|Y|0|0|0|0|0
841602|修改客户状态|wj|1|Y|0|0|0|0|0
841603|客户信息修改|wj|1|Y|0|0|0|0|0
841604|客户信息主键查询|wj|1|Y|0|0|0|0|0
841605|客户信息查询|hxz|1|Y|0|0|0|0|0
841606|客户信息导入|wj|1|Y|0|0|0|0|0
841607|照片信息导入|wj|1|Y|0|0|0|0|0
841608|照片信息增删改|wj|1|Y|0|0|0|0|0
842001|部门信息增加|wj|1|Y|0|0|0|0|0
842002|部门信息删除|wj|1|Y|0|0|0|0|0
842003|部门信息修改|wj|1|Y|0|0|0|0|0
842004|部门信息主键查询|wj|1|Y|0|0|0|0|0
842005|部门信息非主键查询|hxz|1|Y|0|0|0|0|0
842501|专业信息增加|wj|1|Y|0|0|0|0|0
842502|专业信息删除|wj|1|Y|0|0|0|0|0
842503|专业信息修改|wj|1|Y|0|0|0|0|0
842504|专业信息主键查询|wj|1|Y|0|0|0|0|0
842505|专业信息非主键查询|hxz|1|Y|0|0|0|0|0
843335|商户信息增加|wj|1|Y|0|0|0|0|0
843336|商户信息删除|wj|1|Y|0|0|0|0|0
843337|商户信息修改|wj|1|Y|0|0|0|0|0
843338|商户信息主键查询|wj|1|Y|0|0|0|0|0
843339|商户信息非主键查询|wj|1|Y|0|0|0|0|0
843340|餐次设置|wj|1|Y|0|0|0|0|0
843341|商户餐次绑定|wj|1|Y|0|0|0|0|0
843368|设备商户信息增加|wj|1|Y|0|0|0|0|0
843369|设备商户信息删除|wj|1|Y|0|0|0|0|0
843370|设备商户信息修改|wj|1|Y|0|0|0|0|0
843371|设备商户信息主键查询|wj|1|Y|0|0|0|0|0
843372|设备商户信息非主键查询|wj|1|Y|0|0|0|0|0
843373|客户类别信息增加|wj|1|Y|0|0|0|0|0
843374|客户类别信息删除|wj|1|Y|0|0|0|0|0
843375|客户类别信息修改|wj|1|Y|0|0|0|0|0
843376|客户类别信息主键查询|wj|1|Y|0|0|0|0|0
843377|客户类别信息非主键查询|wj|1|Y|0|0|0|0|0
847101|发行正式卡|wj|1|Y|0|0|0|0|0
847102|挂失卡|wj|1|Y|0|0|0|0|0
847103|解挂卡|wj|1|Y|0|0|0|0|0
847104|补办临时卡|lb|1|Y|0|0|0|0|0
847105|退卡|lb|1|Y|0|0|0|0|0
847106|现金冲值|lb|1|Y|0|0|0|0|0
847107|现金支取|lb|1|Y|0|0|0|0|0
847108|发卡失败更新卡状态|dyf|1|Y|0|0|0|0|0
847109|商户开户|dyf|1|Y|0|0|0|0|0
847110|更新卡信息查询|dyf|1|Y|0|0|0|0|0
847111|修改卡密码|dyf|1|Y|0|0|0|0|0
847115|授权卡信息查询|dyf|1|Y|0|0|0|0|0
847116|发行临时卡|dyf|1|Y|0|0|0|0|0
847117|冻结卡|hxz|1|Y|0|0|0|0|0
847118|解冻卡|hxz|1|Y|0|0|0|0|0
847119|补写卡信息|hxz|1|Y|0|0|0|0|0
847120|补写卡信息交易确认|hxz|1|Y|0|0|0|0|0
847121|更新卡信息|hxz|1|Y|0|0|0|0|0
847122|新生换卡保存卡信息|hxz|1|Y|0|0|0|0|0
847123|换卡|hxz|1|Y|0|0|0|0|0
847124|发行记名临时卡|hxz|1|Y|0|0|0|0|0
847125|发行不记名临时卡|hxz|1|Y|0|0|0|0|0
847126|发行VIP卡|hxz|1|Y|0|0|0|0|0
847127|手工借贷|hxz|1|Y|0|0|0|0|0
847130|补助信息导入|hxz|1|Y|0|0|0|0|0
847131|补助信息增删改|hxz|1|Y|0|0|0|0|0
847132|补助信息下发|hxz|1|Y|0|0|0|0|0
847150|账户名称查询|hxz|1|Y|0|0|0|0|0
847151|客户查询(发行正式卡)|dyf|1|Y|0|0|0|0|0
847152|客户查询(挂失卡)|dyf|1|Y|0|0|0|0|0
847153|客户查询(解挂卡)|dyf|1|Y|0|0|0|0|0
847154|客户查询(补办卡)|dyf|1|Y|0|0|0|0|0
847155|客户查询(收回卡)|dyf|1|Y|0|0|0|0|0
847156|客户查询(现金充值)|dyf|1|Y|0|0|0|0|0
847158|客户查询(帐户开户)|dyf|1|Y|0|0|0|0|0
847159|客户查询(发行临时卡)|dyf|1|Y|0|0|0|0|0
847160|冻结卡查询|hxz|1|Y|0|0|0|0|0
847161|解冻卡查询|hxz|1|Y|0|0|0|0|0
847162|查询客户信息(补写卡信息)|hxz|1|Y|0|0|0|0|0
847164|查询商户设备信息|hxz|1|Y|0|0|0|0|0
847165|查询设备信息|hxz|1|Y|0|0|0|0|0
847166|消费机与LPORT信息查询|hxz|1|Y|0|0|0|0|0
847168|客户信息查询(批量发行卡)|hxz|1|Y|0|0|0|0|0
847170|卡户帐户查询|hxz|1|Y|0|0|0|0|0
847171|操作员交易流水查询|hxz|1|Y|0|0|0|0|0
847172|操作员交易流水查询|hxz|1|Y|0|0|0|0|0
847173|操作员交易流水查询|hxz|1|Y|0|0|0|0|0
847174|操作员交易流水查询|hxz|1|Y|0|0|0|0|0
847180|终端机未入账流水查询|hxz|1|Y|0|0|0|0|0
847181| 终端机未入账流水手工入账|hxz|1|Y|0|0|0|0|0
847182|设备商户查询|hxz|1|Y|0|0|0|0|0
847183|冲正交易|hxz|1|Y|0|0|0|0|0
847184|冲正交易|hxz|1|Y|0|0|0|0|0
847185|查询银行对帐单|hxz|1|Y|0|0|0|0|0
847190|收费类别信息增加|wj|1|Y|0|0|0|0|0
847191|收费类别信息修改|wj|1|Y|0|0|0|0|0
847192|收费类别信息删除|wj|1|Y|0|0|0|0|0
847193|收费类别信息查询|wj|1|Y|0|0|0|0|0
847194|查询客户信息(发行正式卡,记名临时卡,补办卡)|tc|1|Y|0|0|0|0|0
847195|挂失|tc|1|Y|0|0|0|0|0
847220|账务解款|tc|1|Y|0|0|0|0|0
847221|账务解款冲正|tc|1|Y|0|0|0|0|0
847222|商户消费结算|tc|1|Y|0|0|0|0|0
847223|商户消费结算冲正|tc|1|Y|0|0|0|0|0
847224|商户消费结算商户余额查询|tc|1|Y|0|0|0|0|0
847225|充值平台检测卡状态|tc|1|Y|0|0|0|0|0
847226|操作员授权卡发行|tc|1|Y|0|0|0|0|0
847227|操作员授权卡回收|tc|1|Y|0|0|0|0|0
847228|修改授权卡参数|tc|1|Y|0|0|0|0|0
847229|授权卡挂失|tc|1|Y|0|0|0|0|0
847230|授权卡解挂|tc|1|Y|0|0|0|0|0
847231|授权卡查询|tc|1|Y|0|0|0|0|0
848001|门禁组管理|tc|1|Y|0|0|0|0|0
848002|门禁组设备管理|tc|1|Y|0|0|0|0|0
848003|门禁权限分配|wj|1|Y|0|0|0|0|0
848004|门禁人员信息查询|wj|1|Y|0|0|0|0|0
848005|门禁人员信息查询|wj|1|Y|0|0|0|0|0
848006|门禁人员分配|wj|1|Y|0|0|0|0|0
848007|门禁已分配人员查询|wj|1|Y|0|0|0|0|0
848008|门禁已分配人员删除|wj|1|Y|0|0|0|0|0
848009|门禁组时间段管理|tc|1|Y|0|0|0|0|0
848010|门禁机时间段管理|tc|1|Y|0|0|0|0|0
848011|门禁机节假日管理|tc|1|Y|0|0|0|0|0
848012|门禁机组节假日管理|tc|1|Y|0|0|0|0|0
848013|门禁机节假日管理|tc|1|Y|0|0|0|0|0
848014|门禁机流水查询|tc|1|Y|0|0|0|0|0
848015|门禁机进出率统计查询|tc|1|Y|0|0|0|0|0
848016|门禁日报表|tc|1|Y|0|0|0|0|0
848017|门禁机历史报表|tc|1|Y|0|0|0|0|0
848018|门禁组权限分配|tc|1|Y|0|0|0|0|0
848020|门禁学号名单导入|tc|1|Y|0|0|0|0|0
900120|查询结算总表|wj|1|Y|0|0|0|0|0
900130|查询对账不符明细报表|wj|1|Y|0|0|0|0|0
900140|查询卡库不平清单|wj|1|Y|0|0|0|0|0
900150|查询操作员情况汇总表|wj|1|Y|0|0|0|0|0
900170|查询普通商户结算表|wj|1|Y|0|0|0|0|0
900171|查询普通商户结算表|wj|1|Y|0|0|0|0|0
900210|查询转账对账表|wj|1|Y|0|0|0|0|0
900220|查询银行划拨表|wj|1|Y|0|0|0|0|0
900230|查询资产负债表|wj|1|Y|0|0|0|0|0
900240|按照设备查询充值报表|wj|1|Y|0|0|0|0|0
900250|前置机设备充值报表|wj|1|Y|0|0|0|0|0
900260|查询操作员卡片使用情况|wj|1|Y|0|0|0|0|0
900270|查询操作员当天操作情况|wj|1|Y|0|0|0|0|0
900280|查询现金报表|wj|1|Y|0|0|0|0|0
900290|查询普通商户结算报表(当天)|wj|1|Y|0|0|0|0|0
900300|查询商户解款报表|wj|1|Y|0|0|0|0|0
900310|查询商户解款报表|wj|1|Y|0|0|0|0|0
900320|查询商户解款报表|wj|1|Y|0|0|0|0|0
900088|前台手工生成报表|wj|1|Y|0|0|0|0|0
930001|下传设备时钟|dyf_hhd|1|y|0|0|0|0|0
930002|上传设备时钟|dyf_hhd|1|y|0|0|0|0|0
930003|下传黑名单|dyf_hhd|1|y|0|0|0|0|0
930004|删除下传黑名单|dyf_hhd|1|y|0|0|0|0|0
930005|广播下传黑名单|dyf_hhd|1|y|0|0|0|0|0
930006|下传搭伙费比率|dyf_hhd|1|y|0|0|0|0|0
930007|下传设备主参数|dyf_hhd|1|y|0|0|0|0|0
930008|上传设备主参数|dyf_hhd|1|y|0|0|0|0|0
930009|设备补助开关|dyf_hhd|1|y|0|0|0|0|0
930010|下传密码启用金额上限|dyf_hhd|1|y|0|0|0|0|0
930011|设置消费编号及版本|dyf_hhd|1|y|0|0|0|0|0
930012|设备消费快捷编号|dyf_hhd|1|y|0|0|0|0|0
930013|设备消费时间段参数|dyf_hhd|1|y|0|0|0|0|0
930014|防火状态设置|dyf_hhd|1|y|0|0|0|0|0
930015|设备控制|dyf_hhd|1|y|0|0|0|0|0
930016|采集消费流水(历史)|dyf_hhd|1|y|0|0|0|0|0
930017|采集补助发放流水|dyf_hhd|1|y|0|0|0|0|0
930018|采集现金充值流水(历史)|dyf_hhd|1|y|0|0|0|0|0
930019|采集设备结账流水(历史)|dyf_hhd|1|y|0|0|0|0|0
930020|下传补助发放名单|dyf_hhd|1|y|0|0|0|0|0
930021|下传设备档案信息|dyf_hhd|1|y|0|0|0|0|0
930022|采集现金充值管理费流水(历史)|dyf_hhd|1|y|0|0|0|0|0
930031|收集消费流水|dyf_hhd|1|y|0|0|0|0|0
930032|采集自助挂失解挂流水|dyf_hhd|1|y|0|0|0|0|0
930033|采集补助流水|dyf_hhd|1|y|0|0|0|0|0
930034|收集现金充值流水|dyf_hhd|1|y|0|0|0|0|0
930035|采集设备结账流水|dyf_hhd|1|y|0|0|0|0|0
930036|采集现金充值管理费流水|dyf_hhd|1|y|0|0|0|0|0
930037|下传设备档案信息|dyf_hhd|1|y|0|0|0|0|0
930038|修改注册设备号|dyf_hhd|1|y|0|0|0|0|0
930039|下载黑名单|dyf_hhd|1|y|0|0|0|0|0
930040|挂失卡|dyf_hhd|1|y|0|0|0|0|0
930041|解挂卡|dyf_hhd|1|y|0|0|0|0|0
930042|查询卡序列号|dyf_hhd|1|y|0|0|0|0|0
930045|自助终端修改密码|dyf_hhd|1|y|0|0|0|0|0
930046|接收设备下传黑名单结果|dyf_hhd|1|y|0|0|0|0|0
930047|门禁白名单批量下传应答|dyf_hhd|1|y|0|0|0|0|0
930051|前置机注册|dyf_hhd|1|y|0|0|0|0|0
930052|前置机签到|dyf_hhd|1|y|0|0|0|0|0
930053|前置机签出|dyf_hhd|1|y|0|0|0|0|0
930054|设备签到|dyf_hhd|1|y|0|0|0|0|0
930055|设备签出|dyf_hhd|1|y|0|0|0|0|0
930056|下传监控设备参数|dyf_hhd|1|y|0|0|0|0|0
930057|接收设备心跳|dyf_hhd|1|y|0|0|0|0|0
930058|接收LPORT设备心跳|dyf_hhd|1|y|0|0|0|0|0
930060|强制设备签退|dyf_hhd|1|y|0|0|0|0|0
930061|下传启用密码累计消费金额|dyf_hhd|1|y|0|0|0|0|0
930062|初始化LPORT端口参数|dyf_hhd|1|y|0|0|0|0|0
930063|设置终端管理员密码|dyf_hhd|1|y|0|0|0|0|0
930064|获取LPORT指定端口参数|dyf_hhd|1|y|0|0|0|0|0
930065|采集补助名单|tc|1|y|0|0|0|0|0
930098|接收前置机心跳应答|dyf_hhd|1|y|0|0|0|0|0
930099|接收前置机心跳|dyf|1|Y|0|0|0|0|0
940001|获取子系统|tc|1|Y|0|0|0|0|0
940002|获取子系统黑白名单|tc|1|Y|0|0|0|0|0
940003|更新子系统当前名单版本|tc|1|Y|0|0|0|0|0
940004|获取子系统更新客户信息名单|tc|1|Y|0|0|0|0|0
940005|查询子系统名单发送情况|tc|1|Y|0|0|0|0|0
930101|门禁采集流水|wj|1|Y|0|0|0|0|0
930102|门禁采集历史流水|wj|1|Y|0|0|0|0|0
930103|下传门禁设备主参数|wj|1|Y|0|0|0|0|0
930104|上传门禁设备主参数|wj|1|Y|0|0|0|0|0
930105|下传门禁时间段|wj|1|Y|0|0|0|0|0
930106|上传门禁时间段|wj|1|Y|0|0|0|0|0
930109|下传门禁节假日|wj|1|Y|0|0|0|0|0
930110|上传门禁节假日|wj|1|Y|0|0|0|0|0
930113|下传版本号|wj|1|Y|0|0|0|0|0
930114|上传版本号|wj|1|Y|0|0|0|0|0
930117|下传名单|wj|1|Y|0|0|0|0|0
930118|广播名单|wj|1|Y|0|0|0|0|0
930120|门禁开关控制|wj|1|Y|0|0|0|0|0
930121|下传名单与版本|tc|1|Y|0|0|0|0|0
930201|指定下传白名单|tc|1|Y|0|0|0|0|0
930202|批量下传白名单|tc|1|Y|0|0|0|0|0
950001|通用前置机签到|tc|1|Y|0|0|0|0|0
950002|通用前置机下载设备参数|tc|1|Y|0|0|0|0|0
950003|下载汇多设备档案|tc|1|Y|0|0|0|0|0
950006|下载参数|tc|1|Y|0|0|0|0|0
950010|账务对接调用接口|tc|1|Y|0|0|0|0|0
950031|采集汇多设备流水|tc|1|Y|0|0|0|0|0
950040|设置设备搭伙费比例|tc|1|Y|0|0|0|0|0
950041|下载汇多设备档案|tc|1|Y|0|0|0|0|0
950080|读取人员信息|tc|1|Y|0|0|0|0|0
950081|读取人员信息|tc|1|Y|0|0|0|0|0
950099|通用前置机下载指令|tc|1|Y|0|0|0|0|0

