240104|xxx|wj|1|Y|0|0|0|0|0
240157|xxx|wj|1|Y|0|0|0|0|0
700000|xxx|wj|1|Y|0|0|0|0|0
700001|xxx|wj|1|Y|0|0|0|0|0
700002|xxx|wj|1|Y|0|0|0|0|0
800000|xxx|wj|1|Y|0|0|0|0|0
800001|xxx|wj|1|Y|0|0|0|0|0
800202|xxx|wj|1|Y|0|0|0|0|0
800203|xxx|wj|1|Y|0|0|0|0|0
800701|xxx|wj|1|Y|0|0|0|0|0
800703|xxx|wj|1|Y|0|0|0|0|0
800704|xxx|wj|1|Y|0|0|0|0|0
800742|xxx|wj|1|Y|0|0|0|0|0
800751|xxx|wj|1|Y|0|0|0|0|0
800761|xxx|wj|1|Y|0|0|0|0|0
800772|xxx|wj|1|Y|0|0|0|0|0
800782|xxx|wj|1|Y|0|0|0|0|0
800783|xxx|wj|1|Y|0|0|0|0|0
820001|子系统注册|hxz|1|Y|0|0|0|0|0
820002|子系统修改|hxz|1|Y|0|0|0|0|0
820003|子系统删除|hxz|1|Y|0|0|0|0|0
820004|子系统关键字查询|hxz|1|Y|0|0|0|0|0
820005|子系统非关键字查询|hxz|1|Y|0|0|0|0|0
820101|设备注册|hxz|1|Y|0|0|0|0|0
820102|设备修改|hxz|1|Y|0|0|0|0|0
820103|设备删除|hxz|1|Y|0|0|0|0|0
820104|设备关键字查询|hxz|1|Y|0|0|0|0|0
820105|设备非关键字查询|hxz|1|Y|0|0|0|0|0
820106|设备非关键字查询|hxz|1|Y|0|0|0|0|0
820108|设备非关键字查询|hxz|1|Y|0|0|0|0|0
820111|区域表注册|hxz|1|Y|0|0|0|0|0
820112|区域表修改|hxz|1|Y|0|0|0|0|0
820113|区域表删除|hxz|1|Y|0|0|0|0|0
820114|区域表关键字查询|hxz|1|Y|0|0|0|0|0
820121|设备物理信息表注册|hxz|1|Y|0|0|0|0|0
820122|设备物理信息表修改|hxz|1|Y|0|0|0|0|0
820123|设备物理信息表删除|hxz|1|Y|0|0|0|0|0
820124|设备物理信息表关键字查询|hxz|1|Y|0|0|0|0|0
820131|卡物理结构信息表注册|hxz|1|Y|0|0|0|0|0
820132|卡物理结构信息表修改|hxz|1|Y|0|0|0|0|0
820133|卡物理结构信息表删除|hxz|1|Y|0|0|0|0|0
820134|卡物理结构信息表关键字查询|hxz|1|Y|0|0|0|0|0
820141|卡物理结构信息表注册|hxz|1|Y|0|0|0|0|0
820142|卡物理结构信息表修改|hxz|1|Y|0|0|0|0|0
820143|卡物理结构信息表删除|hxz|1|Y|0|0|0|0|0
820144|卡物理结构信息表关键字查询|hxz|1|Y|0|0|0|0|0
820151|卡物理结构信息表注册|hxz|1|Y|0|0|0|0|0
820152|卡物理结构信息表修改|hxz|1|Y|0|0|0|0|0
820153|卡物理结构信息表删除|hxz|1|Y|0|0|0|0|0
820154|卡物理结构信息表关键字查询|hxz|1|Y|0|0|0|0|0
820301|操作员增删改|hxz|1|Y|0|0|0|0|0
820302|操作员查询|hxz|1|Y|0|0|0|0|0
820311|权限模板增删改|hxz|1|Y|0|0|0|0|0
820312|权限模板查询|hxz|1|Y|0|0|0|0|0
820321|操作员登录站点增加、删除|hxz|1|Y|0|0|0|0|0
820322|操作员登录站点查询|hxz|1|Y|0|0|0|0|0
820331|操作员密码修改|hxz|1|Y|0|0|0|0|0
820332|操作员密码重置|hxz|1|Y|0|0|0|0|0
820341|站点信息增删改|hxz|1|Y|0|0|0|0|0
820342|站点信息查询|hxz|1|Y|0|0|0|0|0
820351|操作员登录|hxz|1|Y|0|0|0|0|0
820352|操作员登出|hxz|1|Y|0|0|0|0|0
820353|操作员登出|hxz|1|Y|0|0|0|0|0
820401|全局参数注册|hxz|1|Y|0|0|0|0|0
820402|全局参数修改|hxz|1|Y|0|0|0|0|0
820403|全局参数删除|hxz|1|Y|0|0|0|0|0
820404|全局参数关键字查询|hxz|1|Y|0|0|0|0|0
820405|全局参数非关键字查询|hxz|1|Y|0|0|0|0|0
820501|登陆时数据字典查询|hxz|1|Y|0|0|0|0|0
820502|登陆时读取数据字典条|hxz|1|Y|0|0|0|0|0
820511|普通数据字典查询|hxz|1|Y|0|0|0|0|0
820512|数据字典增加、修改|hxz|1|Y|0|0|0|0|0
820516|读取数据字典条目|hxz|1|Y|0|0|0|0|0
820521|取功能列表|hxz|1|Y|0|0|0|0|0
820522|取系统日期|hxz|1|Y|0|0|0|0|0
820601|客户信息同步|hxz|1|Y|0|0|0|0|0
820704|xxx|wj|1|Y|0|0|0|0|0
820705|dd|hxz|1|Y|0|0|0|0|0
841003|xxx|wj|1|Y|0|0|0|0|0
841004|xxx|wj|1|Y|0|0|0|0|0
841005|xxx|wj|1|Y|0|0|0|0|0
841006|xxx|wj|1|Y|0|0|0|0|0
841007|数据归档|hxz|1|Y|0|0|0|0|0
841303|xxx|wj|1|Y|0|0|0|0|0
841304|xxx|wj|1|Y|0|0|0|0|0
841305|xxx|wj|1|Y|0|0|0|0|0
841306|xxx|wj|1|Y|0|0|0|0|0
841307|数据归档|hxz|1|Y|0|0|0|0|0
841601|xxx|wj|1|Y|0|0|0|0|0
841602|xxx|wj|1|Y|0|0|0|0|0
841603|xxx|wj|1|Y|0|0|0|0|0
841604|xxx|wj|1|Y|0|0|0|0|0
841605|数据归档|hxz|1|Y|0|0|0|0|0
841606|xxx|wj|1|Y|0|0|0|0|0
841607|xxx|wj|1|Y|0|0|0|0|0
841608|xxx|wj|1|Y|0|0|0|0|0
841611|导入客户信息查询|wj|1|Y|
841612|导入客户信息修改|wj|1|Y|
841613|导入客户信息删除|wj|1|Y|
841614|导入客户信息审核|wj|1|Y|
841700|获取人员信息第三方接口|wj|1|Y|
842001|xxx|wj|1|Y|0|0|0|0|0
842002|xxx|wj|1|Y|0|0|0|0|0
842003|xxx|wj|1|Y|0|0|0|0|0
842004|xxx|wj|1|Y|0|0|0|0|0
842005|数据归档|hxz|1|Y|0|0|0|0|0
842501|xxx|wj|1|Y|0|0|0|0|0
842502|xxx|wj|1|Y|0|0|0|0|0
842503|xxx|wj|1|Y|0|0|0|0|0
842504|xxx|wj|1|Y|0|0|0|0|0
842505|数据归档|hxz|1|Y|0|0|0|0|0
843335|xxx|wj|1|Y|0|0|0|0|0
843336|xxx|wj|1|Y|0|0|0|0|0
843337|xxx|wj|1|Y|0|0|0|0|0
843338|xxx|wj|1|Y|0|0|0|0|0
843339|xxx|wj|1|Y|0|0|0|0|0
843368|xxx|wj|1|Y|0|0|0|0|0
843369|xxx|wj|1|Y|0|0|0|0|0
843370|xxx|wj|1|Y|0|0|0|0|0
843371|xxx|wj|1|Y|0|0|0|0|0
843372|xxx|wj|1|Y|0|0|0|0|0
843373|xxx|wj|1|Y|0|0|0|0|0
843374|xxx|wj|1|Y|0|0|0|0|0
843375|xxx|wj|1|Y|0|0|0|0|0
843376|xxx|wj|1|Y|0|0|0|0|0
843377|xxx|wj|1|Y|0|0|0|0|0
847101|xxx|wj|1|Y|0|0|0|0|0
847102|xxx|wj|1|Y|0|0|0|0|0
847103|xxx|wj|1|Y|0|0|0|0|0
847104|补办临时卡|lb|1|Y|0|0|0|0|0
847105|收回临时卡|lb|1|Y|0|0|0|0|0
847106|现金冲值|lb|1|Y|0|0|0|0|0
847107|现金支取|lb|1|Y|0|0|0|0|0
847108|卡写失败回退后台操作|dyf|1|Y|0|0|0|0|0
847109|帐户开户|dyf|1|Y|0|0|0|0|0
847110|更新卡信息|dyf|1|Y|0|0|0|0|0
847111|修改卡密码|dyf|1|Y|0|0|0|0|0
847115|授权卡信息查询|dyf|1|Y|0|0|0|0|0
847116|发行临时卡|dyf|1|Y|0|0|0|0|0
847117|冻结卡|hxz|1|Y|0|0|0|0|0
847118|解冻卡|hxz|1|Y|0|0|0|0|0
847119|xxx|hxz|1|Y|0|0|0|0|0
847120|xxx|hxz|1|Y|0|0|0|0|0
847121|xxx|hxz|1|Y|0|0|0|0|0
847122|xxx|hxz|1|Y|0|0|0|0|0
847123|xxx|hxz|1|Y|0|0|0|0|0
847124|xxx|hxz|1|Y|0|0|0|0|0
847125|xxx|hxz|1|Y|0|0|0|0|0
847126|xxx|hxz|1|Y|0|0|0|0|0
847127|xxx|hxz|1|Y|0|0|0|0|0
847130|xxx|hxz|1|Y|0|0|0|0|0
847131|xxx|hxz|1|Y|0|0|0|0|0
847132|xxx|hxz|1|Y|0|0|0|0|0
847150|xxx|hxz|1|Y|0|0|0|0|0
847151|客户查询(发行正式卡)|dyf|1|Y|0|0|0|0|0
847152|客户查询(挂失卡)|dyf|1|Y|0|0|0|0|0
847153|客户查询(解挂卡)|dyf|1|Y|0|0|0|0|0
847154|客户查询(补办卡)|dyf|1|Y|0|0|0|0|0
847155|客户查询(收回卡)|dyf|1|Y|0|0|0|0|0
847156|客户查询(现金充值)|dyf|1|Y|0|0|0|0|0
847158|客户查询(帐户开户)|dyf|1|Y|0|0|0|0|0
847159|客户查询(发行临时卡)|dyf|1|Y|0|0|0|0|0
847160|冻结卡查询|hxz|1|Y|0|0|0|0|0
847161|解冻卡查询|hxz|1|Y|0|0|0|0|0
847162|xxx|hxz|1|Y|0|0|0|0|0
847163|xxx|hxz|1|Y|0|0|0|0|0
847164|xxx|hxz|1|Y|0|0|0|0|0
847165|xxx|hxz|1|Y|0|0|0|0|0
847166|xxx|hxz|1|Y|0|0|0|0|0
847168|xxx|hxz|1|Y|0|0|0|0|0
847170|卡户帐户查询|hxz|1|Y|0|0|0|0|0
847171|操作员交易流水查询|hxz|1|Y|0|0|0|0|0
847172|操作员交易流水查询|hxz|1|Y|0|0|0|0|0
847173|操作员交易流水查询|hxz|1|Y|0|0|0|0|0
847174|操作员交易流水查询|hxz|1|Y|0|0|0|0|0
847180|终端机未入账流水查询|hxz|1|Y|0|0|0|0|0
847181| 终端机未入账流水手工入账|hxz|1|Y|0|0|0|0|0
847182|设备商户查询|hxz|1|Y|0|0|0|0|0
847183|冲正交易|hxz|1|Y|0|0|0|0|0
847184|冲正交易|hxz|1|Y|0|0|0|0|0
847185|查询银行对帐单|hxz|1|Y|0|0|0|0|0
847190|xxx|wj|1|Y|0|0|0|0|0
847191|xxx|wj|1|Y|0|0|0|0|0
847192|xxx|wj|1|Y|0|0|0|0|0
847193|xxx|wj|1|Y|0|0|0|0|0
847301|水控转账lx|1|Y|0|0|0|0|0
847302|转账失败|lx|1|Y|0|0|0|0|0
847306|水控汇总金额入账|lx|1|Y|0|0|0|0|0
847307|水控退款|lx|1|Y|0|0|0|0|0
847310|xxx|wj|1|Y|0|0|0|0|0
847311|xxx|wj|1|Y|0|0|0|0|0
847312|xxx|wj|1|Y|0|0|0|0|0
847313|xxx|wj|1|Y|0|0|0|0|0
847315|xxx|wj|1|Y|0|0|0|0|0
848001|门禁组管理|tc|1|Y|0|0|0|0|0
848002|门禁组设备管理|tc|1|Y|0|0|0|0|0
848003|门禁权限分配|wj|1|Y|0|0|0|0|0
848004|门禁人员信息查询|wj|1|Y|0|0|0|0|0
848005|门禁人员信息查询|wj|1|Y|0|0|0|0|0
848006|门禁人员分配|wj|1|Y|0|0|0|0|0
848007|门禁已分配人员查询|wj|1|Y|0|0|0|0|0
848008|门禁已分配人员删除|wj|1|Y|0|0|0|0|0
848009|门禁组时间段管理|tc|1|Y|0|0|0|0|0
848010|门禁机时间段管理|tc|1|Y|0|0|0|0|0
848011|门禁机节假日管理|tc|1|Y|0|0|0|0|0
848012|门禁机组节假日管理|tc|1|Y|0|0|0|0|0
848013|门禁机节假日管理|tc|1|Y|0|0|0|0|0
848014|门禁机流水查询|tc|1|Y|0|0|0|0|0
848015|门禁机进出率统计查询|tc|1|Y|0|0|0|0|0
848016|门禁日报表|tc|1|Y|0|0|0|0|0
848017|门禁机历史报表|tc|1|Y|0|0|0|0|0
848018|门禁组权限分配|tc|1|Y|0|0|0|0|0
848020|门禁xxx|tc|1|Y|0|0|0|0|0
848022|门禁xxx|tc|1|Y|0|0|0|0|0
849006|xxx|tc|1|Y|0|0|0|0|0
849007|xxx|tc|1|Y|0|0|0|0|0
900120|xxx|wj|1|Y|0|0|0|0|0
900130|xxx|wj|1|Y|0|0|0|0|0
900140|xxx|wj|1|Y|0|0|0|0|0
900150|xxx|wj|1|Y|0|0|0|0|0
900170|xxx|wj|1|Y|0|0|0|0|0
900210|xxx|wj|1|Y|0|0|0|0|0
900220|xxx|wj|1|Y|0|0|0|0|0
900230|xxx|wj|1|Y|0|0|0|0|0
900240|xxx|wj|1|Y|0|0|0|0|0
900250|xxx|wj|1|Y|0|0|0|0|0
900260|xxx|wj|1|Y|0|0|0|0|0
900270|xxx|wj|1|Y|0|0|0|0|0
900280|xxx|wj|1|Y|0|0|0|0|0
900290|xxx|wj|1|Y|0|0|0|0|0
900088|xxx|wj|1|Y|0|0|0|0|0
930001|xxxx|dyf_hhd|1|y|0|0|0|0|0
930002|xxxx|dyf_hhd|1|y|0|0|0|0|0
930003|xxxx|dyf_hhd|1|y|0|0|0|0|0
930004|xxxx|dyf_hhd|1|y|0|0|0|0|0
930005|xxxx|dyf_hhd|1|y|0|0|0|0|0
930006|xxxx|dyf_hhd|1|y|0|0|0|0|0
930007|xxxx|dyf_hhd|1|y|0|0|0|0|0
930008|xxxx|dyf_hhd|1|y|0|0|0|0|0
930009|xxxx|dyf_hhd|1|y|0|0|0|0|0
930009|xxxx|dyf_hhd|1|y|0|0|0|0|0
930009|采集消费信息|dyf|1|Y|0|0|0|0|0
930010|xxxx|dyf_hhd|1|y|0|0|0|0|0
930011|xxxx|dyf_hhd|1|y|0|0|0|0|0
930012|xxxx|dyf_hhd|1|y|0|0|0|0|0
930013|xxxx|dyf_hhd|1|y|0|0|0|0|0
930014|xxxx|dyf_hhd|1|y|0|0|0|0|0
930015|xxxx|dyf_hhd|1|y|0|0|0|0|0
930016|xxxx|dyf_hhd|1|y|0|0|0|0|0
930017|xxxx|dyf_hhd|1|y|0|0|0|0|0
930018|xxxx|dyf_hhd|1|y|0|0|0|0|0
930019|xxxx|dyf_hhd|1|y|0|0|0|0|0
930020|xxxx|dyf_hhd|1|y|0|0|0|0|0
930021|xxxx|dyf_hhd|1|y|0|0|0|0|0
930022|xxxx|dyf_hhd|1|y|0|0|0|0|0
930030|水控转帐机转帐|lx|1|y|0|0|0|0|0
930031|xxxx|dyf_hhd|1|y|0|0|0|0|0
930032|xxxx|dyf_hhd|1|y|0|0|0|0|0
930033|xxxx|dyf_hhd|1|y|0|0|0|0|0
930034|xxxx|dyf_hhd|1|y|0|0|0|0|0
930035|xxxx|dyf_hhd|1|y|0|0|0|0|0
930036|xxxx|dyf_hhd|1|y|0|0|0|0|0
930037|xxxx|dyf_hhd|1|y|0|0|0|0|0
930037|xxxx|dyf_hhd|1|y|0|0|0|0|0
930038|xxxx|dyf_hhd|1|y|0|0|0|0|0
930039|xxxx|dyf_hhd|1|y|0|0|0|0|0
930040|xxxx|dyf_hhd|1|y|0|0|0|0|0
930041|xxxx|dyf_hhd|1|y|0|0|0|0|0
930042|xxxx|dyf_hhd|1|y|0|0|0|0|0
930043|xxxx|dyf_hhd|1|y|0|0|0|0|0
930044|xxxx|dyf_hhd|1|y|0|0|0|0|0
930045|xxxx|dyf_hhd|1|y|0|0|0|0|0
930046|xxxx|dyf_hhd|1|y|0|0|0|0|0
930047|xxxx|dyf_hhd|1|y|0|0|0|0|0
930051|xxxx|dyf_hhd|1|y|0|0|0|0|0
930052|xxxx|dyf_hhd|1|y|0|0|0|0|0
930053|xxxx|dyf_hhd|1|y|0|0|0|0|0
930054|xxxx|dyf_hhd|1|y|0|0|0|0|0
930055|xxxx|dyf_hhd|1|y|0|0|0|0|0
930056|xxxx|dyf_hhd|1|y|0|0|0|0|0
930057|xxxx|dyf_hhd|1|y|0|0|0|0|0
930058|xxxx|dyf_hhd|1|y|0|0|0|0|0
930060|xxxx|dyf_hhd|1|y|0|0|0|0|0
930061|xxxx|dyf_hhd|1|y|0|0|0|0|0
930062|xxxx|dyf_hhd|1|y|0|0|0|0|0
930063|xxxx|dyf_hhd|1|y|0|0|0|0|0
930064|xxxx|dyf_hhd|1|y|0|0|0|0|0
930065|xxxx|tc|1|y|0|0|0|0|0
930066|xxxx|tc|1|y|0|0|0|0|0
930098|xxxx|dyf_hhd|1|y|0|0|0|0|0
930099|xxxx|dyf_hhd|1|y|0|0|0|0|0
930099|接收心跳|dyf|1|Y|0|0|0|0|0
940001|xxxx|tc|1|Y|0|0|0|0|0
940002|xxxx|tc|1|Y|0|0|0|0|0
940003|xxxx|tc|1|Y|0|0|0|0|0
940004|xxxx|tc|1|Y|0|0|0|0|0
940005|xxxx|tc|1|Y|0|0|0|0|0
940010|xxxx|lx|1|Y|0|0|0|0|0
940011|xxxx|lx|1|Y|0|0|0|0|0
930101|门禁采集流水|wj|1|Y|0|0|0|0|0
930102|门禁采集历史流水|wj|1|Y|0|0|0|0|0
930103|下传门禁设备主参数|wj|1|Y|0|0|0|0|0
930104|上传门禁设备主参数|wj|1|Y|0|0|0|0|0
930105|下传门禁时间段|wj|1|Y|0|0|0|0|0
930106|上传门禁时间段|wj|1|Y|0|0|0|0|0
930109|下传门禁节假日|wj|1|Y|0|0|0|0|0
930110|上传门禁节假日|wj|1|Y|0|0|0|0|0
930113|下传版本号|wj|1|Y|0|0|0|0|0
930114|上传版本号|wj|1|Y|0|0|0|0|0
930117|下传名单|wj|1|Y|0|0|0|0|0
930118|广播名单|wj|1|Y|0|0|0|0|0
930120|门禁开关控制|wj|1|Y|0|0|0|0|0
930121|下传名单与版本|tc|1|Y|0|0|0|0|0
930201|指定下传白名单|tc|1|Y|0|0|0|0|0
930202|批量下传白名单|tc|1|Y|0|0|0|0|0
950001|通用前置机签到|tc|1|Y|0|0|0|0|0
950002|通用前置机下载设备参数|tc|1|Y|0|0|0|0|0
950003|下载汇多设备档案|tc|1|Y|0|0|0|0|0
950006|下载汇多设备档案|tc|1|Y|0|0|0|0|0
950007|下载汇多设备档案|tc|1|Y|0|0|0|0|0
950029|设置设备搭伙费比例|tc|1|Y|0|0|0|0|0
950031|xx|tc|1|Y|0|0|0|0|0
950040|设置设备搭伙费比例|tc|1|Y|0|0|0|0|0
950041|下载汇多设备档案|tc|1|Y|0|0|0|0|0
950080|读取人员信息|tc|1|Y|0|0|0|0|0
950099|通用前置机下载指令|tc|1|Y|0|0|0|0|0
950101|水控大钱包转小钱包|lx|1|Y|0|0|0|0|0
