06/01 10:02:28: rm <F:\works\复旦大学\代码\KsBu\KsBu\Debug/pdbfs/20070511.dbf> where path=<F:\works\复旦大学\代码\KsBu\KsBu\Debug/pdbfs/> ext=<.dbf> overdue=10
06/01 10:02:28: rm <F:\works\复旦大学\代码\KsBu\KsBu\Debug/pdbfs/20070514.dbf> where path=<F:\works\复旦大学\代码\KsBu\KsBu\Debug/pdbfs/> ext=<.dbf> overdue=10
06/01 10:02:28: rm <F:\works\复旦大学\代码\KsBu\KsBu\Debug/pdbfs/20070515.dbf> where path=<F:\works\复旦大学\代码\KsBu\KsBu\Debug/pdbfs/> ext=<.dbf> overdue=10
06/01 10:02:28: rm <F:\works\复旦大学\代码\KsBu\KsBu\Debug/pdbfs/20070516.dbf> where path=<F:\works\复旦大学\代码\KsBu\KsBu\Debug/pdbfs/> ext=<.dbf> overdue=10
06/01 10:02:28: rm <F:\works\复旦大学\代码\KsBu\KsBu\Debug/pdbfs/20070517.dbf> where path=<F:\works\复旦大学\代码\KsBu\KsBu\Debug/pdbfs/> ext=<.dbf> overdue=10
06/01 10:02:28: rm <klg\20070511_0.klg> where path=<klg\> ext=<.klg> overdue=10
06/01 10:02:28: rm <klg\20070514_0.klg> where path=<klg\> ext=<.klg> overdue=10
06/01 10:02:28: rm <klg\20070515_0.klg> where path=<klg\> ext=<.klg> overdue=10
06/01 10:02:28: rm <klg\20070516_0.klg> where path=<klg\> ext=<.klg> overdue=10
06/01 10:02:28: rm <klg\20070517_0.klg> where path=<klg\> ext=<.klg> overdue=10
06/01 10:02:28: rm <tlog\20070511.log> where path=<tlog\> ext=<.log> overdue=10
06/01 10:02:28: rm <tlog\20070514.log> where path=<tlog\> ext=<.log> overdue=10
06/01 10:02:28: rm <tlog\20070515.log> where path=<tlog\> ext=<.log> overdue=10
06/01 10:02:28: rm <tlog\20070516.log> where path=<tlog\> ext=<.log> overdue=10
06/01 10:02:28: rm <tlog\20070517.log> where path=<tlog\> ext=<.log> overdue=10
06/01 10:02:28: rm <bulog\20070511.log> where path=<bulog\> ext=<.log> overdue=10
06/01 10:02:28: rm <bulog\20070514.log> where path=<bulog\> ext=<.log> overdue=10
06/01 10:02:28: rm <bulog\20070515.log> where path=<bulog\> ext=<.log> overdue=10
06/01 10:02:28: rm <bulog\20070516.log> where path=<bulog\> ext=<.log> overdue=10
06/01 10:02:28: rm <bulog\20070517.log> where path=<bulog\> ext=<.log> overdue=10
06/11 15:26:29: rm <F:\works\复旦大学\代码\KsBu\KsBu\Debug/pdbfs/20070601.dbf> where path=<F:\works\复旦大学\代码\KsBu\KsBu\Debug/pdbfs/> ext=<.dbf> overdue=10
06/12 10:00:05: rm <klg\20070601_0.klg> where path=<klg\> ext=<.klg> overdue=10
06/12 10:00:05: rm <tlog\20070601.log> where path=<tlog\> ext=<.log> overdue=10
06/12 10:00:05: rm <bulog\20070601.log> where path=<bulog\> ext=<.log> overdue=10
06/14 17:31:08: rm <F:\works\复旦大学\代码\KsBu\KsBu\Debug/pdbfs/20070604.dbf> where path=<F:\works\复旦大学\代码\KsBu\KsBu\Debug/pdbfs/> ext=<.dbf> overdue=10
06/14 17:31:09: rm <klg\20070604_0.klg> where path=<klg\> ext=<.klg> overdue=10
06/14 17:31:09: rm <tlog\20070604.log> where path=<tlog\> ext=<.log> overdue=10
06/14 17:31:09: rm <bulog\20070604.log> where path=<bulog\> ext=<.log> overdue=10
06/20 14:11:33: rm <F:\works\复旦大学\代码\KsBu\KsBu\Debug/pdbfs/20070607.dbf> where path=<F:\works\复旦大学\代码\KsBu\KsBu\Debug/pdbfs/> ext=<.dbf> overdue=10
06/20 14:11:33: rm <F:\works\复旦大学\代码\KsBu\KsBu\Debug/pdbfs/20070608.dbf> where path=<F:\works\复旦大学\代码\KsBu\KsBu\Debug/pdbfs/> ext=<.dbf> overdue=10
06/20 14:11:33: rm <klg\20070607_0.klg> where path=<klg\> ext=<.klg> overdue=10
06/20 14:11:33: rm <klg\20070608_0.klg> where path=<klg\> ext=<.klg> overdue=10
06/20 14:11:34: rm <tlog\20070607.log> where path=<tlog\> ext=<.log> overdue=10
06/20 14:11:34: rm <tlog\20070608.log> where path=<tlog\> ext=<.log> overdue=10
06/20 14:11:35: rm <bulog\20070607.log> where path=<bulog\> ext=<.log> overdue=10
06/20 14:11:35: rm <bulog\20070608.log> where path=<bulog\> ext=<.log> overdue=10
06/21 17:30:35: rm <F:\works\复旦大学\代码\KsBu\KsBu\Debug/pdbfs/20070611.dbf> where path=<F:\works\复旦大学\代码\KsBu\KsBu\Debug/pdbfs/> ext=<.dbf> overdue=10
06/21 17:30:36: rm <klg\20070611_0.klg> where path=<klg\> ext=<.klg> overdue=10
06/21 17:30:36: rm <tlog\20070611.log> where path=<tlog\> ext=<.log> overdue=10
06/21 17:30:36: rm <bulog\20070611.log> where path=<bulog\> ext=<.log> overdue=10
06/22 10:23:47: rm <F:\works\复旦大学\代码\KsBu\KsBu\Debug/pdbfs/20070612.dbf> where path=<F:\works\复旦大学\代码\KsBu\KsBu\Debug/pdbfs/> ext=<.dbf> overdue=10
06/26 11:17:31: rm <F:\works\复旦大学\代码\KsBu\KsBu\Debug/pdbfs/20070613.dbf> where path=<F:\works\复旦大学\代码\KsBu\KsBu\Debug/pdbfs/> ext=<.dbf> overdue=10
06/26 11:17:31: rm <F:\works\复旦大学\代码\KsBu\KsBu\Debug/pdbfs/20070614.dbf> where path=<F:\works\复旦大学\代码\KsBu\KsBu\Debug/pdbfs/> ext=<.dbf> overdue=10
06/26 11:17:32: rm <klg\20070612_0.klg> where path=<klg\> ext=<.klg> overdue=10
06/26 11:17:32: rm <klg\20070613_0.klg> where path=<klg\> ext=<.klg> overdue=10
06/26 11:17:32: rm <klg\20070614_0.klg> where path=<klg\> ext=<.klg> overdue=10
06/26 11:17:32: rm <tlog\20070612.log> where path=<tlog\> ext=<.log> overdue=10
06/26 11:17:32: rm <tlog\20070613.log> where path=<tlog\> ext=<.log> overdue=10
06/26 11:17:32: rm <tlog\20070614.log> where path=<tlog\> ext=<.log> overdue=10
06/26 11:17:33: rm <bulog\20070612.log> where path=<bulog\> ext=<.log> overdue=10
06/26 11:17:33: rm <bulog\20070613.log> where path=<bulog\> ext=<.log> overdue=10
06/26 11:17:33: rm <bulog\20070614.log> where path=<bulog\> ext=<.log> overdue=10
07/27 09:57:41: rm <F:\works\公安专科\代码\KsBu\KsBu\bin/pdbfs/20070704.dbf> where path=<F:\works\公安专科\代码\KsBu\KsBu\bin/pdbfs/> ext=<.dbf> overdue=10
07/27 09:57:41: rm <F:\works\公安专科\代码\KsBu\KsBu\bin/pdbfs/20070705.dbf> where path=<F:\works\公安专科\代码\KsBu\KsBu\bin/pdbfs/> ext=<.dbf> overdue=10
07/27 09:57:41: rm <F:\works\公安专科\代码\KsBu\KsBu\bin/pdbfs/20070711.dbf> where path=<F:\works\公安专科\代码\KsBu\KsBu\bin/pdbfs/> ext=<.dbf> overdue=10
07/27 09:57:41: rm <F:\works\公安专科\代码\KsBu\KsBu\bin/pdbfs/20070712.dbf> where path=<F:\works\公安专科\代码\KsBu\KsBu\bin/pdbfs/> ext=<.dbf> overdue=10
07/27 09:57:42: rm <klg\20070704_0.klg> where path=<klg\> ext=<.klg> overdue=10
07/27 09:57:42: rm <klg\20070705_0.klg> where path=<klg\> ext=<.klg> overdue=10
07/27 09:57:42: rm <klg\20070711_0.klg> where path=<klg\> ext=<.klg> overdue=10
07/27 09:57:42: rm <klg\20070712_0.klg> where path=<klg\> ext=<.klg> overdue=10
07/27 09:57:42: rm <tlog\20070704.log> where path=<tlog\> ext=<.log> overdue=10
07/27 09:57:42: rm <tlog\20070705.log> where path=<tlog\> ext=<.log> overdue=10
07/27 09:57:42: rm <tlog\20070711.log> where path=<tlog\> ext=<.log> overdue=10
07/27 09:57:42: rm <tlog\20070712.log> where path=<tlog\> ext=<.log> overdue=10
07/27 09:57:42: rm <bulog\20070704.log> where path=<bulog\> ext=<.log> overdue=10
07/27 09:57:42: rm <bulog\20070705.log> where path=<bulog\> ext=<.log> overdue=10
07/27 09:57:42: rm <bulog\20070711XXXX.log> where path=<bulog\> ext=<.log> overdue=10
07/27 09:57:42: rm <bulog\20070711.log> where path=<bulog\> ext=<.log> overdue=10
08/10 20:00:30: rm <F:\works\公安专科\代码\KsBu\KsBu\bin/pdbfs/20070727.dbf> where path=<F:\works\公安专科\代码\KsBu\KsBu\bin/pdbfs/> ext=<.dbf> overdue=10
08/10 20:00:30: rm <klg\20070727_0.klg> where path=<klg\> ext=<.klg> overdue=10
08/10 20:00:30: rm <tlog\20070727.log> where path=<tlog\> ext=<.log> overdue=10
08/10 20:00:31: rm <bulog\20070727.log> where path=<bulog\> ext=<.log> overdue=10
08/28 09:49:51: rm <F:\works\公安专科\代码\KsBu\KsBu\bin/pdbfs/20070810.dbf> where path=<F:\works\公安专科\代码\KsBu\KsBu\bin/pdbfs/> ext=<.dbf> overdue=10
08/28 09:49:51: rm <klg\20070810_0.klg> where path=<klg\> ext=<.klg> overdue=10
08/28 09:49:51: rm <tlog\20070810.log> where path=<tlog\> ext=<.log> overdue=10
08/28 09:49:52: rm <bulog\20070810.log> where path=<bulog\> ext=<.log> overdue=10
09/02 10:28:35: rm <G:\KsBu\KsBu\bin/pdbfs/20070810.dbf> where path=<G:\KsBu\KsBu\bin/pdbfs/> ext=<.dbf> overdue=10
09/02 10:28:35: rm <klg\20070810_0.klg> where path=<klg\> ext=<.klg> overdue=10
09/02 10:28:35: rm <tlog\20070810.log> where path=<tlog\> ext=<.log> overdue=10
09/02 10:29:08: rm <bulog\20070810.log> where path=<bulog\> ext=<.log> overdue=10
09/11 17:26:43: rm <F:\works\海事大学\代码\KsBu\KsBu\bin/pdbfs/20070828.dbf> where path=<F:\works\海事大学\代码\KsBu\KsBu\bin/pdbfs/> ext=<.dbf> overdue=10
09/11 17:26:43: rm <klg\20070828_0.klg> where path=<klg\> ext=<.klg> overdue=10
09/11 17:26:43: rm <tlog\20070828.log> where path=<tlog\> ext=<.log> overdue=10
09/11 17:26:43: rm <bulog\20070828.log> where path=<bulog\> ext=<.log> overdue=10
09/12 12:11:27: rm <F:\works\海事大学\代码\KsBu\KsBu\bin/pdbfs/20070902.dbf> where path=<F:\works\海事大学\代码\KsBu\KsBu\bin/pdbfs/> ext=<.dbf> overdue=10
09/12 12:11:28: rm <klg\20070902_0.klg> where path=<klg\> ext=<.klg> overdue=10
09/12 12:11:28: rm <tlog\20070902.log> where path=<tlog\> ext=<.log> overdue=10
09/13 17:50:50: rm <F:\works\海事大学\代码\KsBu\KsBu\bin/pdbfs/20070903.dbf> where path=<F:\works\海事大学\代码\KsBu\KsBu\bin/pdbfs/> ext=<.dbf> overdue=10
03/09 18:07:14: rm <E:\works\海事大学\代码\YKT_HAISHI_KSBU\KsBu\bin/pdbfs/20070911.dbf> where path=<E:\works\海事大学\代码\YKT_HAISHI_KSBU\KsBu\bin/pdbfs/> ext=<.dbf> overdue=10
03/09 18:07:14: rm <E:\works\海事大学\代码\YKT_HAISHI_KSBU\KsBu\bin/pdbfs/20070912.dbf> where path=<E:\works\海事大学\代码\YKT_HAISHI_KSBU\KsBu\bin/pdbfs/> ext=<.dbf> overdue=10
03/09 18:07:14: rm <E:\works\海事大学\代码\YKT_HAISHI_KSBU\KsBu\bin/pdbfs/20070913.dbf> where path=<E:\works\海事大学\代码\YKT_HAISHI_KSBU\KsBu\bin/pdbfs/> ext=<.dbf> overdue=10
03/09 18:07:14: rm <klg\20070903_0.klg> where path=<klg\> ext=<.klg> overdue=10
03/09 18:07:14: rm <klg\20070911_0.klg> where path=<klg\> ext=<.klg> overdue=10
03/09 18:07:14: rm <klg\20070912_0.klg> where path=<klg\> ext=<.klg> overdue=10
03/09 18:07:14: rm <klg\20070913_0.klg> where path=<klg\> ext=<.klg> overdue=10
03/09 18:07:14: rm <tlog\20070903.log> where path=<tlog\> ext=<.log> overdue=10
03/09 18:07:14: rm <tlog\20070911.log> where path=<tlog\> ext=<.log> overdue=10
03/09 18:07:14: rm <tlog\20070912.log> where path=<tlog\> ext=<.log> overdue=10
03/09 18:07:14: rm <tlog\20070913.log> where path=<tlog\> ext=<.log> overdue=10
03/19 18:17:46: rm <D:\project\ykt_openio\bin/pdbfs/20090309.dbf> where path=<D:\project\ykt_openio\bin/pdbfs/> ext=<.dbf> overdue=10
03/20 09:34:09: rm <klg\20090309_0.klg> where path=<klg\> ext=<.klg> overdue=10
03/20 09:34:09: rm <tlog\20090309.log> where path=<tlog\> ext=<.log> overdue=10
03/20 09:41:10: rm <D:\project\ykt_openio\bin/pdbfs/20090310.dbf> where path=<D:\project\ykt_openio\bin/pdbfs/> ext=<.dbf> overdue=10
03/23 12:20:40: rm <D:\project\ykt_openio\bin/pdbfs/20090311.dbf> where path=<D:\project\ykt_openio\bin/pdbfs/> ext=<.dbf> overdue=10
03/23 12:20:40: rm <klg\20090310_0.klg> where path=<klg\> ext=<.klg> overdue=10
03/23 12:20:40: rm <klg\20090311_0.klg> where path=<klg\> ext=<.klg> overdue=10
03/23 12:20:40: rm <tlog\20090310.log> where path=<tlog\> ext=<.log> overdue=10
03/23 12:20:40: rm <tlog\20090311.log> where path=<tlog\> ext=<.log> overdue=10
03/26 17:59:37: rm <D:\project\ykt_openio\bin/pdbfs/20090316.dbf> where path=<D:\project\ykt_openio\bin/pdbfs/> ext=<.dbf> overdue=10
03/26 17:59:37: rm <klg\20090316_0.klg> where path=<klg\> ext=<.klg> overdue=10
03/26 17:59:37: rm <tlog\20090316.log> where path=<tlog\> ext=<.log> overdue=10
08/15 15:07:55: rm <E:\works\ykt_openio\trunk\bin/pdbfs/20081125.dbf> where path=<E:\works\ykt_openio\trunk\bin/pdbfs/> ext=<.dbf> overdue=10
08/15 15:07:55: rm <E:\works\ykt_openio\trunk\bin/pdbfs/20081229.dbf> where path=<E:\works\ykt_openio\trunk\bin/pdbfs/> ext=<.dbf> overdue=10
08/15 15:07:55: rm <E:\works\ykt_openio\trunk\bin/pdbfs/20081230.dbf> where path=<E:\works\ykt_openio\trunk\bin/pdbfs/> ext=<.dbf> overdue=10
08/15 15:07:56: rm <klg\20081125_0.klg> where path=<klg\> ext=<.klg> overdue=10
08/15 15:07:56: rm <klg\20081229_0.klg> where path=<klg\> ext=<.klg> overdue=10
08/15 15:07:56: rm <klg\20081230_0.klg> where path=<klg\> ext=<.klg> overdue=10
08/15 15:07:56: rm <tlog\20081125.log> where path=<tlog\> ext=<.log> overdue=10
08/15 15:07:56: rm <tlog\20081229.log> where path=<tlog\> ext=<.log> overdue=10
08/15 15:07:56: rm <tlog\20081230.log> where path=<tlog\> ext=<.log> overdue=10
08/15 15:07:56: rm <bulog\20081230.log> where path=<bulog\> ext=<.log> overdue=10
08/15 15:07:56: rm <bulog\20090525.log> where path=<bulog\> ext=<.log> overdue=10
08/31 10:19:21: rm <E:\works\ykt_openio\trunk\bin/pdbfs/20090815.dbf> where path=<E:\works\ykt_openio\trunk\bin/pdbfs/> ext=<.dbf> overdue=10
08/31 10:19:21: rm <E:\works\ykt_openio\trunk\bin/pdbfs/20090818.dbf> where path=<E:\works\ykt_openio\trunk\bin/pdbfs/> ext=<.dbf> overdue=10
08/31 10:19:21: rm <tlog\20090815.log> where path=<tlog\> ext=<.log> overdue=10
08/31 10:19:21: rm <tlog\20090818.log> where path=<tlog\> ext=<.log> overdue=10
08/31 10:19:21: rm <bulog\20090815.log> where path=<bulog\> ext=<.log> overdue=10
08/31 10:19:21: rm <bulog\20090818.log> where path=<bulog\> ext=<.log> overdue=10
09/03 14:14:27: rm <E:\works\ykt_openio\trunk\bin/pdbfs/20090821.dbf> where path=<E:\works\ykt_openio\trunk\bin/pdbfs/> ext=<.dbf> overdue=10
09/03 14:14:27: rm <klg\20090821_0.klg> where path=<klg\> ext=<.klg> overdue=10
09/03 14:14:27: rm <tlog\20090821.log> where path=<tlog\> ext=<.log> overdue=10
09/03 14:18:29: rm <bulog\20090821.log> where path=<bulog\> ext=<.log> overdue=10
10/26 16:21:53: rm <E:\works\ykt_openio\trunk\bin/pdbfs/20090825.dbf> where path=<E:\works\ykt_openio\trunk\bin/pdbfs/> ext=<.dbf> overdue=10
10/26 16:21:53: rm <E:\works\ykt_openio\trunk\bin/pdbfs/20090831.dbf> where path=<E:\works\ykt_openio\trunk\bin/pdbfs/> ext=<.dbf> overdue=10
10/26 16:21:53: rm <E:\works\ykt_openio\trunk\bin/pdbfs/20090903.dbf> where path=<E:\works\ykt_openio\trunk\bin/pdbfs/> ext=<.dbf> overdue=10
10/26 16:21:53: rm <klg\20090825_0.klg> where path=<klg\> ext=<.klg> overdue=10
10/26 16:21:53: rm <klg\20090831_0.klg> where path=<klg\> ext=<.klg> overdue=10
10/26 16:21:53: rm <klg\20090903_0.klg> where path=<klg\> ext=<.klg> overdue=10
10/26 16:21:53: rm <tlog\20090825.log> where path=<tlog\> ext=<.log> overdue=10
10/26 16:21:53: rm <tlog\20090831.log> where path=<tlog\> ext=<.log> overdue=10
10/26 16:21:53: rm <tlog\20090903.log> where path=<tlog\> ext=<.log> overdue=10
10/26 16:21:54: rm <bulog\20090825.log> where path=<bulog\> ext=<.log> overdue=10
10/26 16:21:54: rm <bulog\20090831.log> where path=<bulog\> ext=<.log> overdue=10
10/26 16:21:54: rm <bulog\20090903.log> where path=<bulog\> ext=<.log> overdue=10
12/17 17:22:45: rm <bulog\20091026.log> where path=<bulog\> ext=<.log> overdue=10
12/17 17:22:45: rm <bulog\20091030.log> where path=<bulog\> ext=<.log> overdue=10
03/30 15:41:12: rm <bulog\20091217.log> where path=<bulog\> ext=<.log> overdue=864000
03/30 15:41:12: rm <bulog\20091219.log> where path=<bulog\> ext=<.log> overdue=864000
03/30 15:41:12: rm <bulog\20091219_0.log> where path=<bulog\> ext=<.log> overdue=864000
