1010|最快速的处理，用于测试速度|ks|1|Y|
1011|用于测试BCCSHM速度|ks|1|Y|
1012|用于测试BUSHM速度|ks|1|Y|
1013|用于测试BCCSHM的多包返回及其工作|ks|1|Y|
1014|读取BCCSHM共享内存中的数据|ks|1|Y|
1015|读取共享内存中的数据返回给客户端，将请求包中的值设置到共享内存中|ks|1|Y|
1016|用功能号1013测试BCC的IntCall/IntCallNext、RACall/RACallNext的功能|ks|1|Y|
1017|用功能号1013测试BCC的IntTransfer、RATransfer的功能|ks|1|Y|
1018|用1013功能测试外调功能ExtCall/ExtCallNext|ks|1|Y|
1019|用1013功能测试外部转发请求ExtTransfer|ks|1|Y|
1020|用1010功能来测试推送功能PushData|ks|1|Y|
1021|测试BCC中对BU组中的MAXRUNTIME是否如说明起作用|ks|1|Y|
1025|检查1013中在不同平台下各个操作的耗时分时时间|ks|1|Y|
1030|用1010测试ExtCall的速度|ks|1|Y|
1031|用1010测试IntCall/RACall的速度|ks|1|Y|
1032|用1010测试ExtTransfer的速度|ks|1|Y|
1033|用1010测试IntTransfer/RATransfer的速度|ks|1|Y|
200000|xxx|ks|1|Y|
240000|xxx|ks|1|Y|
240001|xxx|ks|1|Y|
240002|xxx|ks|1|Y|
240003|xxx|ks|1|Y|
240004|xxx|ks|1|Y|
240005|xxx|ks|1|Y|
240006|xxx|ks|1|Y|
240007|xxx|ks|1|Y|
240008|xxx|ks|1|Y|
240009|xxx|ks|1|Y|
240010|xxx|ks|1|Y|
240011|xxx|ks|1|Y|
240020|xxx|ks|1|Y|
240021|xxx|ks|1|Y|
240022|xxx|ks|1|Y|
240023|xxx|ks|1|Y|
240024|xxx|ks|1|Y|
240157|xxx|ks|1|Y|
700000|xxx|ks|1|Y|
700001|xxx|ks|1|Y|
700002|xxx|ks|1|Y|
820001|xxx|ks|1|Y|
820002|xxx|ks|1|Y|
820003|xxx|ks|1|Y|
820005|xxx|ks|1|Y|
820101|xxx|ks|1|Y|
820102|xxx|ks|1|Y|
820103|xxx|ks|1|Y|
820105|设备信息查询|ks|1|Y|
820108|xxx|ks|1|Y|
820110|设备文件导入|ks|1|Y|
820111|xxx|ks|1|Y|
820112|xxx|ks|1|Y|
820113|xxx|ks|1|Y|
820114|xxx|ks|1|Y|
820301|区域设置|ks|1|Y|
820302|操作员流水查询|ks|1|Y|
820305|收费操作员授权|ks|1|Y|
820311|xxx|ks|1|Y|
820321|操作员站点设置|ks|1|Y|
820331|xxx|ks|1|Y|
820332|xxx|ks|1|Y|
820341|xxx|ks|1|Y|
820350|前台注册|ks|1|Y|
820351|xxx|ks|1|Y|
820352|xxx|ks|1|Y|
820402|全局参数修改|ks|1|Y|
820404|全局参数查询全部|ks|1|Y|
820405|全局参数查询|ks|1|Y|
820501|重定向数据字典|ks|1|Y|
820502|登录时数据字典查询|ks|1|Y|
820511|xxx|ks|1|Y|
820522|xxx|ks|1|Y|
841600|下载照片|ks|1|Y|
841601|xxx|ks|1|Y|
841602|客户银行卡管理|ks|1|Y|
841603|银行卡签约管理|ks|1|Y|
841604|银行卡签约流水管理|ks|1|Y|
841605|客户信息导入|ks|1|Y|
841609|批量生成客户号|ks|1|Y|
841610|客户身份禁用|ks|1|Y|
841700|xxx|ks|1|Y|
842001|部门信息设置|ks|1|Y|
842501|xxx|ks|1|Y|
843335|xxx|ks|1|Y|
843340|xxx|ks|1|Y|
843341|xxx|ks|1|Y|
843342|xxx|ks|1|Y|
843343|发行商户卡|ks|1|Y|
843351|充值商户存款|ks|1|Y|
843355|充值商户设备添加|ks|1|Y|
843356|充值商户设备删除|ks|1|Y|
843357|充值商户设备查询|ks|1|Y|
843358|充值操作员添加|ks|1|Y|
843359|充值操作员修改|ks|1|Y|
843360|充值操作员删除|ks|1|Y|
843361|充值操作员查询|ks|1|Y|
843362|充值操作员设备添加|ks|1|Y|
843363|充值操作员设备删除|ks|1|Y|
843364|充值操作员设备查询|ks|1|Y|
843370|设备商户文件导入管理|ks|1|Y|
843371|设备商户查询|ks|1|Y|
843373|客户类别设置|ks|1|Y|
845000|保存CPU卡密钥|ks|1|Y|
845001|PSAM卡管理|ks|1|Y|
846101|xxx|ks|1|Y|
846102|xxx|ks|1|Y|
846103|xxx|ks|1|Y|
846104|xxx|ks|1|Y|
846105|xxx|ks|1|Y|
846106|xxx|ks|1|Y|
846107|操作员当前显示卡号查询|ks|1|Y|
846108|操作员卡使用情况查询|ks|1|Y|
846109|操作员现金情况查询|ks|1|Y|
846110|当日商户交易统计查询|ks|1|Y|
846111|卡类别权限设置|ks|1|Y|
846112|科目表查询|ks|1|Y|
846115|卡库不平查询|ks|1|Y|
846116|卡库不平处理|ks|1|Y|
846123|信息查询|ks|1|Y|
846130|新生换卡导入|ks|1|Y|
846201|xxx|ks|1|Y|
846202|xxx|ks|1|Y|
846203|xxx|ks|1|Y|
846204|xxx|ks|1|Y|
846205|商户搭伙费费率设置|ks|1|Y|
846210|充值操作员授权|ks|1|Y|
846301|一卡通开户|ks|1|Y|
846302|一卡通开户冲正|ks|1|Y|
846303|一卡通销户|ks|1|Y|
846305|一卡通补办|ks|1|Y|
846307|一卡通挂失解挂|ks|1|Y|
846308|一卡通冻结解冻|ks|1|Y|
846309|一卡通坏卡登记|ks|1|Y|
846310|一卡通回收卡|ks|1|Y|
846311|CPU卡支付|ks|1|Y|
846312|柜台充值|ks|1|Y|
846313|柜台充值|ks|1|Y|
846314|柜台支取|ks|1|Y|
846315|交易冲正|ks|1|Y|
846316|充值冲正|ks|1|Y|
846317|消费冲正|ks|1|Y|
846318|多媒体领取补助|ks|1|Y|
846320|更新卡信息|ks|1|Y|
846321|换卡|ks|1|Y|
846322|卡余额调整|ks|1|Y|
846323|水控补助开水钱包充值|ks|1|Y|
846324|水控补助开水钱包充值失败处理|ks|1|Y|
846325|CPU卡换卡|ks|1|Y|
846326|水控调整|ks|1|Y|
846327|新生换卡|ks|1|Y|
846328|卡卡转账|ks|1|Y|
846329|第三方卡卡转账接口|ks|1|Y|
846330|第三方收费接口|ks|1|Y|
846331|电子帐户开户|ks|1|Y|
846332|电子帐户销户|ks|1|Y|
846333|电子帐户充值|ks|1|Y|
846334|电子帐户取款|ks|1|Y|
846335|电子帐户止付解付|ks|1|Y|
846336|电子钱包转账|ks|1|Y|
846337|电子钱包密码修改|ks|1|Y|
846338|电子钱包密码重置|ks|1|Y|
846401|POS流水文件导入|ks|1|Y|
846402|POS流水录入增删改查|ks|1|Y|
846403|POS流水录入审核|ks|1|Y|
846404|POS异常流水管理|ks|1|Y|
846405|水控费率卡管理|ks|1|Y|
846501|网点设置|ks|1|Y|
846502|交易收费配置|ks|1|Y|
846600|开户客户信息查询|ks|1|Y|
846601|手续费查询|ks|1|Y|
846602|已开户客户信息查询|ks|1|Y|
846603|电子钱包已开户客户信息查询|ks|1|Y|
846605|卡交易流水查询|ks|1|Y|
846606|帐户交易明细查询|ks|1|Y|
846701|科目余额表查询|ks|1|Y|
846702|系统统计表查询|ks|1|Y|
846703|操作员现金报表查询|ks|1|Y|
846704|操作员卡分类报表查询|ks|1|Y|
846705|科目总账表查询|ks|1|Y|
846706|商户结算报表查询|ks|1|Y|
846707|商户POS结算报表查询|ks|1|Y|
846708|商户POS餐次结算报表查询|ks|1|Y|
846709|商户汇总结算表查询|ks|1|Y|
846710|商户餐次汇总结算表查询|ks|1|Y|
846711|操作员票据现金汇总表查询|ks|1|Y|
846712|商户搭伙费汇总表查询|ks|1|Y|
846713|操作员销户现金汇总表查询|ks|1|Y|
846714|商户营业报表查询|ks|1|Y|
846715|操作员业务统计报表|ks|1|Y|
846716|操作员现金汇总报表|ks|1|Y|
846717|充值商户汇总结算表|ks|1|Y|
846718|充值商户明细报表|ks|1|Y|
846719|操作员当日分类统计表|ks|1|Y|
846720|商户解款余额查询|ks|1|Y|
846721|商户解款|ks|1|Y|
846722|商户解款明细查询|ks|1|Y|
846723|车载报表一|ks|1|Y|
846724|车载报表二|ks|1|Y|
846725|车载报表三|ks|1|Y|
846726|车载报表四|ks|1|Y|
846727|车载报表四|ks|1|Y|
847102|卡密码修改|ks|1|Y|
847111|卡密码修改|ks|1|Y|
847127|手工借贷|ks|1|Y|
847130|补助信息导入|ks|1|Y|
847131|补助信息查询|ks|1|Y|
847132|下发补助|ks|1|Y|
847133|网银补助|ks|1|Y|
847136|商户卡回收|ks|1|Y|
847137|商户卡查询|ks|1|Y|
847150|帐户查询|ks|1|Y|
847150|帐户查询|ks|1|Y|
847166|消费机与LANPORT查询|ks|1|Y|
847173|卡信息查询|ks|1|Y|
847185|圈存补帐|ks|1|Y|
847198|收费类别配置|ks|1|Y|
847226|发行授权卡|ks|1|Y|
847227|回收授权卡|ks|1|Y|
847228|回收授权卡|ks|1|Y|
847229|回收授权卡|ks|1|Y|
847230|回收授权卡|ks|1|Y|
847231|回收授权卡|ks|1|Y|
847232|通用前置机参数设置|ks|1|Y|
847302|水控补写卡|ks|1|Y|
847310|卡库不平查询|ks|1|Y|
847316|第三方支付测试|ks|1|Y|
847317|第三方支付成功|ks|1|Y|
847318|外接系统挂失|ks|1|Y|
847319|移动对账查询|ks|1|Y|
847320|修改对账状态|ks|1|Y|
847321|移动对账|ks|1|Y|
848004|手持机名单下发|ks|1|Y|
848021|门禁时间周管理|ks|1|Y|
848250|门禁时间段管理|ks|1|Y|
848251|门禁时间段管理|ks|1|Y|
848252|门禁时间段管理|ks|1|Y|
848254|门禁时间段明细查询|ks|1|Y|
848255|门禁节假日管理|ks|1|Y|
848256|门禁时间段管理|ks|1|Y|
848257|门禁组管理|ks|1|Y|
848258|门禁组门禁机管理|ks|1|Y|
848259|门禁机权限管理|ks|1|Y|
848260|门禁组权限管理|ks|1|Y|
848264|门禁机操作员查询|ks|1|Y|
848265|门禁组操作员查询|ks|1|Y|
848266|门禁节假日详细查询|ks|1|Y|
848267|门禁名单分配|ks|1|Y|
848268|门禁名单删除|ks|1|Y|
848269|已分配人员查询|ks|1|Y|
848270|门禁流水查询|ks|1|Y|
848273|常开时间段设置|ks|1|Y|
849001|消费终端登录|ks|1|Y|
849002|消费终端查询客户|ks|1|Y|
849003|pos联机充值|ks|1|Y|
849004|pos联机充值冲正|ks|1|Y|
849005|pos联机充值授权|ks|1|Y|
849006|pos联机领取补助|ks|1|Y|
849007|前置机下载补助名单|ks|1|Y|
850000|请求交易参考号|ks|1|Y|
850001|交易撤销|ks|1|Y|
850002|写卡异常处理|ks|1|Y|
850003|CPU读卡器签到|ks|1|Y|
850004|第三方用户登录|ks|1|Y|
850005|支付-账户查询|ks|1|Y|
850006|支付-支付交易|ks|1|Y|
850007|充值机充值|ks|1|Y|
850010|水控转账|ks|1|Y|
850011|后付费补扣|ks|1|Y|
850012|水控流水查询|ks|1|Y|
850020|水控充值|ks|1|Y|
860001|CPU卡流水采集|ks|1|Y|
900212|圈存分校区结算表|ks|1|Y|
900213|水控分校区结算表|ks|1|Y|
9121|旧报表-科目交易情况表查询|ks|1|Y|
9122|旧报表-交易科目情况表查询|ks|1|Y|
9150|旧报表-操作员汇总表查询|ks|1|Y|
9172|旧报表-商户结算表(一查询|ks|1|Y|
9173|旧报表-商户结算表(三查询|ks|1|Y|
9174|旧报表-普通商户营业结算表|ks|1|Y|
9175|旧报表-普通商户营业结算表|ks|1|Y|
9210|旧报表-银行转账对账表查询|ks|1|Y|
9212|旧报表-银行转账对账表二查询|ks|1|Y|
9213|旧报表-水控分校区结算表|ks|1|Y|
9230|旧报表-科目余额表查询|ks|1|Y|
9240|旧报表-POS充值情况表查询|ks|1|Y|
9260|旧报表-操作员卡片使用情况查询|ks|1|Y|
9281|旧报表-操作员现金报表查询|ks|1|Y|
9282|旧报表-充值商户明细报表查询|ks|1|Y|
9283|旧报表-充值商户汇总报表|ks|1|Y|
930001|39|ks|1|Y|
930002|39|ks|1|Y|
930003|39|ks|1|Y|
930004|39|ks|1|Y|
930005|39|ks|1|Y|
930006|39|ks|1|Y|
930007|39|ks|1|Y|
930008|39|ks|1|Y|
930009|39|ks|1|Y|
930010|39|ks|1|Y|
930011|39|ks|1|Y|
930012|39|ks|1|Y|
930013|39|ks|1|Y|
930014|39|ks|1|Y|
930015|39|ks|1|Y|
930016|39|ks|1|Y|
930017|39|ks|1|Y|
930018|39|ks|1|Y|
930019|39|ks|1|Y|
930020|39|ks|1|Y|
930021|39|ks|1|Y|
930022|39|ks|1|Y|
930031|前置机上传消费流水|ks|1|Y|
930033|前置机上传补助流水|ks|1|Y|
930034|前置机上传充值流水|ks|1|Y|
930036|前置机上传充值管理费流水|ks|1|Y|
930037|前置机下载设备档案|ks|1|Y|
930039|前置机下载黑名单|ks|1|Y|
930046|更新设备黑名单版本|ks|1|Y|
930051|前置机预注册|ks|1|Y|
930052|前置机签到|ks|1|Y|
930053|前置机签退|ks|1|Y|
930054|设备签到|ks|1|Y|
930055|设备签退|ks|1|Y|
930056|下传设备监控参数|ks|1|Y|
930057|上传设备监控参数|ks|1|Y|
930058|上传设备监控参数|ks|1|Y|
930060|强制设备签退|ks|1|Y|
930061|下传累计密码启用金额|ks|1|Y|
930066|水控下载黑名单|ks|1|Y|
930068|定时水控下载黑名单|ks|1|Y|
930071|设备应答|ks|1|Y|
930098|三九指令应答|ks|1|Y|
930099|三九指令请求|ks|1|Y|
930123|汉军GCU|ks|1|Y|
930203|上送门禁流水|ks|1|Y|
940005|子系统名单同步查询|ks|1|Y|
940031|车载流水采集|ks|1|Y|
950001|通用前置机签到|ks|1|Y|
950002|通用前置机下载设备运行参数|ks|1|Y|
950003|通用前置机下载汇多设备档案|ks|1|Y|
950004|通用前置机|ks|1|Y|
950005|通用前置机|ks|1|Y|
950006|通用前置机|ks|1|Y|
950007|通用前置机|ks|1|Y|
950008|通用前置机|ks|1|Y|
950009|通用前置机|ks|1|Y|
950010|通用前置机|ks|1|Y|
950029|通用前置机|ks|1|Y|
950031|通用前置机|ks|1|Y|
950032|联机POS签到|ks|1|Y|
950040|通用前置机|ks|1|Y|
950041|下发搭伙费1|ks|1|Y|
950043|下发搭伙费2|ks|1|Y|
950044|下发水控费率|ks|1|Y|
950050|cpu卡功能|ks|1|Y|
950051|cpu卡功能|ks|1|Y|
950052|cpu卡功能|ks|1|Y|
950053|cpu卡功能|ks|1|Y|
950055|cpu卡功能|ks|1|Y|
950056|cpu卡功能|ks|1|Y|
950065|cpu卡功能|ks|1|Y|
950070|cpu卡功能|ks|1|Y|
950072|cpu卡功能|ks|1|Y|
950073|cpu卡功能|ks|1|Y|
950099|通用前置机|ks|1|Y|
950100|通用前置机|ks|1|Y|
950101|通用前置机|ks|1|Y|
950102|通用前置机|ks|1|Y|
950105|通用前置机|ks|1|Y|
950106|下载管理卡|ks|1|Y|
950150|鑫三强POS机签到|ks|1|Y|
950155|鑫三强交易流水上传|ks|1|Y|
950156|鑫三强交易流水批上送|ks|1|Y|
950990|下载照片|ks|1|Y|
950996|黑名单文件|ks|1|Y|
950997|圈存对账|ks|1|Y|
950998|下载文件|ks|1|Y|
950999|上传文件|ks|1|Y|
9990|从BU端下载文件|ks|1|Y|
