06/01 10:02:28: rm <F:\works\复旦大学\代码\KsBu\KsBu\Debug/pdbfs/20070511.dbf> where path=<F:\works\复旦大学\代码\KsBu\KsBu\Debug/pdbfs/> ext=<.dbf> overdue=10
06/01 10:02:28: rm <F:\works\复旦大学\代码\KsBu\KsBu\Debug/pdbfs/20070514.dbf> where path=<F:\works\复旦大学\代码\KsBu\KsBu\Debug/pdbfs/> ext=<.dbf> overdue=10
06/01 10:02:28: rm <F:\works\复旦大学\代码\KsBu\KsBu\Debug/pdbfs/20070515.dbf> where path=<F:\works\复旦大学\代码\KsBu\KsBu\Debug/pdbfs/> ext=<.dbf> overdue=10
06/01 10:02:28: rm <F:\works\复旦大学\代码\KsBu\KsBu\Debug/pdbfs/20070516.dbf> where path=<F:\works\复旦大学\代码\KsBu\KsBu\Debug/pdbfs/> ext=<.dbf> overdue=10
06/01 10:02:28: rm <F:\works\复旦大学\代码\KsBu\KsBu\Debug/pdbfs/20070517.dbf> where path=<F:\works\复旦大学\代码\KsBu\KsBu\Debug/pdbfs/> ext=<.dbf> overdue=10
06/01 10:02:28: rm <klg\20070511_0.klg> where path=<klg\> ext=<.klg> overdue=10
06/01 10:02:28: rm <klg\20070514_0.klg> where path=<klg\> ext=<.klg> overdue=10
06/01 10:02:28: rm <klg\20070515_0.klg> where path=<klg\> ext=<.klg> overdue=10
06/01 10:02:28: rm <klg\20070516_0.klg> where path=<klg\> ext=<.klg> overdue=10
06/01 10:02:28: rm <klg\20070517_0.klg> where path=<klg\> ext=<.klg> overdue=10
06/01 10:02:28: rm <tlog\20070511.log> where path=<tlog\> ext=<.log> overdue=10
06/01 10:02:28: rm <tlog\20070514.log> where path=<tlog\> ext=<.log> overdue=10
06/01 10:02:28: rm <tlog\20070515.log> where path=<tlog\> ext=<.log> overdue=10
06/01 10:02:28: rm <tlog\20070516.log> where path=<tlog\> ext=<.log> overdue=10
06/01 10:02:28: rm <tlog\20070517.log> where path=<tlog\> ext=<.log> overdue=10
06/01 10:02:28: rm <bulog\20070511.log> where path=<bulog\> ext=<.log> overdue=10
06/01 10:02:28: rm <bulog\20070514.log> where path=<bulog\> ext=<.log> overdue=10
06/01 10:02:28: rm <bulog\20070515.log> where path=<bulog\> ext=<.log> overdue=10
06/01 10:02:28: rm <bulog\20070516.log> where path=<bulog\> ext=<.log> overdue=10
06/01 10:02:28: rm <bulog\20070517.log> where path=<bulog\> ext=<.log> overdue=10
06/11 15:26:29: rm <F:\works\复旦大学\代码\KsBu\KsBu\Debug/pdbfs/20070601.dbf> where path=<F:\works\复旦大学\代码\KsBu\KsBu\Debug/pdbfs/> ext=<.dbf> overdue=10
06/12 10:00:05: rm <klg\20070601_0.klg> where path=<klg\> ext=<.klg> overdue=10
06/12 10:00:05: rm <tlog\20070601.log> where path=<tlog\> ext=<.log> overdue=10
06/12 10:00:05: rm <bulog\20070601.log> where path=<bulog\> ext=<.log> overdue=10
06/14 17:31:08: rm <F:\works\复旦大学\代码\KsBu\KsBu\Debug/pdbfs/20070604.dbf> where path=<F:\works\复旦大学\代码\KsBu\KsBu\Debug/pdbfs/> ext=<.dbf> overdue=10
06/14 17:31:09: rm <klg\20070604_0.klg> where path=<klg\> ext=<.klg> overdue=10
06/14 17:31:09: rm <tlog\20070604.log> where path=<tlog\> ext=<.log> overdue=10
06/14 17:31:09: rm <bulog\20070604.log> where path=<bulog\> ext=<.log> overdue=10
06/20 14:11:33: rm <F:\works\复旦大学\代码\KsBu\KsBu\Debug/pdbfs/20070607.dbf> where path=<F:\works\复旦大学\代码\KsBu\KsBu\Debug/pdbfs/> ext=<.dbf> overdue=10
06/20 14:11:33: rm <F:\works\复旦大学\代码\KsBu\KsBu\Debug/pdbfs/20070608.dbf> where path=<F:\works\复旦大学\代码\KsBu\KsBu\Debug/pdbfs/> ext=<.dbf> overdue=10
06/20 14:11:33: rm <klg\20070607_0.klg> where path=<klg\> ext=<.klg> overdue=10
06/20 14:11:33: rm <klg\20070608_0.klg> where path=<klg\> ext=<.klg> overdue=10
06/20 14:11:34: rm <tlog\20070607.log> where path=<tlog\> ext=<.log> overdue=10
06/20 14:11:34: rm <tlog\20070608.log> where path=<tlog\> ext=<.log> overdue=10
06/20 14:11:35: rm <bulog\20070607.log> where path=<bulog\> ext=<.log> overdue=10
06/20 14:11:35: rm <bulog\20070608.log> where path=<bulog\> ext=<.log> overdue=10
06/21 17:30:35: rm <F:\works\复旦大学\代码\KsBu\KsBu\Debug/pdbfs/20070611.dbf> where path=<F:\works\复旦大学\代码\KsBu\KsBu\Debug/pdbfs/> ext=<.dbf> overdue=10
06/21 17:30:36: rm <klg\20070611_0.klg> where path=<klg\> ext=<.klg> overdue=10
06/21 17:30:36: rm <tlog\20070611.log> where path=<tlog\> ext=<.log> overdue=10
06/21 17:30:36: rm <bulog\20070611.log> where path=<bulog\> ext=<.log> overdue=10
06/22 10:23:47: rm <F:\works\复旦大学\代码\KsBu\KsBu\Debug/pdbfs/20070612.dbf> where path=<F:\works\复旦大学\代码\KsBu\KsBu\Debug/pdbfs/> ext=<.dbf> overdue=10
06/26 11:17:31: rm <F:\works\复旦大学\代码\KsBu\KsBu\Debug/pdbfs/20070613.dbf> where path=<F:\works\复旦大学\代码\KsBu\KsBu\Debug/pdbfs/> ext=<.dbf> overdue=10
06/26 11:17:31: rm <F:\works\复旦大学\代码\KsBu\KsBu\Debug/pdbfs/20070614.dbf> where path=<F:\works\复旦大学\代码\KsBu\KsBu\Debug/pdbfs/> ext=<.dbf> overdue=10
06/26 11:17:32: rm <klg\20070612_0.klg> where path=<klg\> ext=<.klg> overdue=10
06/26 11:17:32: rm <klg\20070613_0.klg> where path=<klg\> ext=<.klg> overdue=10
06/26 11:17:32: rm <klg\20070614_0.klg> where path=<klg\> ext=<.klg> overdue=10
06/26 11:17:32: rm <tlog\20070612.log> where path=<tlog\> ext=<.log> overdue=10
06/26 11:17:32: rm <tlog\20070613.log> where path=<tlog\> ext=<.log> overdue=10
06/26 11:17:32: rm <tlog\20070614.log> where path=<tlog\> ext=<.log> overdue=10
06/26 11:17:33: rm <bulog\20070612.log> where path=<bulog\> ext=<.log> overdue=10
06/26 11:17:33: rm <bulog\20070613.log> where path=<bulog\> ext=<.log> overdue=10
06/26 11:17:33: rm <bulog\20070614.log> where path=<bulog\> ext=<.log> overdue=10
07/27 09:57:41: rm <F:\works\公安专科\代码\KsBu\KsBu\bin/pdbfs/20070704.dbf> where path=<F:\works\公安专科\代码\KsBu\KsBu\bin/pdbfs/> ext=<.dbf> overdue=10
07/27 09:57:41: rm <F:\works\公安专科\代码\KsBu\KsBu\bin/pdbfs/20070705.dbf> where path=<F:\works\公安专科\代码\KsBu\KsBu\bin/pdbfs/> ext=<.dbf> overdue=10
07/27 09:57:41: rm <F:\works\公安专科\代码\KsBu\KsBu\bin/pdbfs/20070711.dbf> where path=<F:\works\公安专科\代码\KsBu\KsBu\bin/pdbfs/> ext=<.dbf> overdue=10
07/27 09:57:41: rm <F:\works\公安专科\代码\KsBu\KsBu\bin/pdbfs/20070712.dbf> where path=<F:\works\公安专科\代码\KsBu\KsBu\bin/pdbfs/> ext=<.dbf> overdue=10
07/27 09:57:42: rm <klg\20070704_0.klg> where path=<klg\> ext=<.klg> overdue=10
07/27 09:57:42: rm <klg\20070705_0.klg> where path=<klg\> ext=<.klg> overdue=10
07/27 09:57:42: rm <klg\20070711_0.klg> where path=<klg\> ext=<.klg> overdue=10
07/27 09:57:42: rm <klg\20070712_0.klg> where path=<klg\> ext=<.klg> overdue=10
07/27 09:57:42: rm <tlog\20070704.log> where path=<tlog\> ext=<.log> overdue=10
07/27 09:57:42: rm <tlog\20070705.log> where path=<tlog\> ext=<.log> overdue=10
07/27 09:57:42: rm <tlog\20070711.log> where path=<tlog\> ext=<.log> overdue=10
07/27 09:57:42: rm <tlog\20070712.log> where path=<tlog\> ext=<.log> overdue=10
07/27 09:57:42: rm <bulog\20070704.log> where path=<bulog\> ext=<.log> overdue=10
07/27 09:57:42: rm <bulog\20070705.log> where path=<bulog\> ext=<.log> overdue=10
07/27 09:57:42: rm <bulog\20070711XXXX.log> where path=<bulog\> ext=<.log> overdue=10
07/27 09:57:42: rm <bulog\20070711.log> where path=<bulog\> ext=<.log> overdue=10
08/10 20:00:30: rm <F:\works\公安专科\代码\KsBu\KsBu\bin/pdbfs/20070727.dbf> where path=<F:\works\公安专科\代码\KsBu\KsBu\bin/pdbfs/> ext=<.dbf> overdue=10
08/10 20:00:30: rm <klg\20070727_0.klg> where path=<klg\> ext=<.klg> overdue=10
08/10 20:00:30: rm <tlog\20070727.log> where path=<tlog\> ext=<.log> overdue=10
08/10 20:00:31: rm <bulog\20070727.log> where path=<bulog\> ext=<.log> overdue=10
08/28 09:49:51: rm <F:\works\公安专科\代码\KsBu\KsBu\bin/pdbfs/20070810.dbf> where path=<F:\works\公安专科\代码\KsBu\KsBu\bin/pdbfs/> ext=<.dbf> overdue=10
08/28 09:49:51: rm <klg\20070810_0.klg> where path=<klg\> ext=<.klg> overdue=10
08/28 09:49:51: rm <tlog\20070810.log> where path=<tlog\> ext=<.log> overdue=10
08/28 09:49:52: rm <bulog\20070810.log> where path=<bulog\> ext=<.log> overdue=10
09/02 10:28:35: rm <G:\KsBu\KsBu\bin/pdbfs/20070810.dbf> where path=<G:\KsBu\KsBu\bin/pdbfs/> ext=<.dbf> overdue=10
09/02 10:28:35: rm <klg\20070810_0.klg> where path=<klg\> ext=<.klg> overdue=10
09/02 10:28:35: rm <tlog\20070810.log> where path=<tlog\> ext=<.log> overdue=10
09/02 10:29:08: rm <bulog\20070810.log> where path=<bulog\> ext=<.log> overdue=10
09/11 17:18:25: rm <F:\works\公安专科\代码\KsBu_Release\KsBu\bin/pdbfs/20070828.dbf> where path=<F:\works\公安专科\代码\KsBu_Release\KsBu\bin/pdbfs/> ext=<.dbf> overdue=10
09/11 17:18:26: rm <klg\20070828_0.klg> where path=<klg\> ext=<.klg> overdue=10
09/11 17:18:26: rm <tlog\20070828.log> where path=<tlog\> ext=<.log> overdue=10
09/11 17:18:26: rm <bulog\20070828.log> where path=<bulog\> ext=<.log> overdue=10
09/28 10:29:27: rm <F:\works\公安专科\代码\KsBu_Release\KsBu\bin/pdbfs/20070902.dbf> where path=<F:\works\公安专科\代码\KsBu_Release\KsBu\bin/pdbfs/> ext=<.dbf> overdue=10
09/28 10:29:27: rm <F:\works\公安专科\代码\KsBu_Release\KsBu\bin/pdbfs/20070903.dbf> where path=<F:\works\公安专科\代码\KsBu_Release\KsBu\bin/pdbfs/> ext=<.dbf> overdue=10
09/28 10:29:27: rm <F:\works\公安专科\代码\KsBu_Release\KsBu\bin/pdbfs/20070911.dbf> where path=<F:\works\公安专科\代码\KsBu_Release\KsBu\bin/pdbfs/> ext=<.dbf> overdue=10
09/28 10:29:27: rm <klg\20070902_0.klg> where path=<klg\> ext=<.klg> overdue=10
09/28 10:29:27: rm <klg\20070903_0.klg> where path=<klg\> ext=<.klg> overdue=10
09/28 10:29:27: rm <klg\20070911_0.klg> where path=<klg\> ext=<.klg> overdue=10
09/28 10:29:27: rm <tlog\20070902.log> where path=<tlog\> ext=<.log> overdue=10
09/28 10:29:27: rm <tlog\20070903.log> where path=<tlog\> ext=<.log> overdue=10
09/28 10:29:27: rm <tlog\20070911.log> where path=<tlog\> ext=<.log> overdue=10
09/28 10:29:27: rm <bulog\20070902.log> where path=<bulog\> ext=<.log> overdue=10
09/28 10:29:27: rm <bulog\20070903.log> where path=<bulog\> ext=<.log> overdue=10
09/28 10:29:27: rm <bulog\20070911.log> where path=<bulog\> ext=<.log> overdue=10
10/15 13:59:41: rm <F:\works\公安专科\代码\ykt_ga_win_ksbu\KsBu\bin/pdbfs/20070928.dbf> where path=<F:\works\公安专科\代码\ykt_ga_win_ksbu\KsBu\bin/pdbfs/> ext=<.dbf> overdue=10
10/15 13:59:41: rm <klg\20070928_0.klg> where path=<klg\> ext=<.klg> overdue=10
10/15 13:59:41: rm <tlog\20070928.log> where path=<tlog\> ext=<.log> overdue=10
10/15 13:59:41: rm <bulog\20070928.log> where path=<bulog\> ext=<.log> overdue=10
11/09 13:43:10: rm <F:\works\公安专科\代码\ykt_ga_win_ksbu\KsBu\bin/pdbfs/20071015.dbf> where path=<F:\works\公安专科\代码\ykt_ga_win_ksbu\KsBu\bin/pdbfs/> ext=<.dbf> overdue=10
11/09 13:43:10: rm <F:\works\公安专科\代码\ykt_ga_win_ksbu\KsBu\bin/pdbfs/20071016.dbf> where path=<F:\works\公安专科\代码\ykt_ga_win_ksbu\KsBu\bin/pdbfs/> ext=<.dbf> overdue=10
11/09 13:43:10: rm <F:\works\公安专科\代码\ykt_ga_win_ksbu\KsBu\bin/pdbfs/20071017.dbf> where path=<F:\works\公安专科\代码\ykt_ga_win_ksbu\KsBu\bin/pdbfs/> ext=<.dbf> overdue=10
11/09 13:43:10: rm <F:\works\公安专科\代码\ykt_ga_win_ksbu\KsBu\bin/pdbfs/20071018.dbf> where path=<F:\works\公安专科\代码\ykt_ga_win_ksbu\KsBu\bin/pdbfs/> ext=<.dbf> overdue=10
11/09 13:43:10: rm <klg\20071015_0.klg> where path=<klg\> ext=<.klg> overdue=10
11/09 13:43:10: rm <klg\20071016_0.klg> where path=<klg\> ext=<.klg> overdue=10
11/09 13:43:10: rm <klg\20071017_0.klg> where path=<klg\> ext=<.klg> overdue=10
11/09 13:43:10: rm <klg\20071018_0.klg> where path=<klg\> ext=<.klg> overdue=10
11/09 13:43:10: rm <tlog\20071015.log> where path=<tlog\> ext=<.log> overdue=10
11/09 13:43:10: rm <tlog\20071016.log> where path=<tlog\> ext=<.log> overdue=10
11/09 13:43:10: rm <tlog\20071017.log> where path=<tlog\> ext=<.log> overdue=10
11/09 13:43:10: rm <tlog\20071018.log> where path=<tlog\> ext=<.log> overdue=10
11/09 13:43:11: rm <bulog\20071015.log> where path=<bulog\> ext=<.log> overdue=10
11/09 13:43:11: rm <bulog\20071016.log> where path=<bulog\> ext=<.log> overdue=10
11/09 13:43:11: rm <bulog\20071017.log> where path=<bulog\> ext=<.log> overdue=10
11/09 13:43:12: rm <bulog\20071018.log> where path=<bulog\> ext=<.log> overdue=10
11/22 17:34:44: rm <F:\works\公安专科\代码\ykt_ga_win_ksbu\KsBu\bin/pdbfs/20071109.dbf> where path=<F:\works\公安专科\代码\ykt_ga_win_ksbu\KsBu\bin/pdbfs/> ext=<.dbf> overdue=10
11/22 17:34:45: rm <klg\20071109_0.klg> where path=<klg\> ext=<.klg> overdue=10
11/22 17:34:45: rm <tlog\20071109.log> where path=<tlog\> ext=<.log> overdue=10
11/22 17:34:47: rm <bulog\20071109.log> where path=<bulog\> ext=<.log> overdue=10
02/28 17:04:11: rm <bulog\20071122.log> where path=<bulog\> ext=<.log> overdue=10
02/28 17:04:24: rm <E:\works\公安专科\代码\ykt_ga_win_ksbu\KsBu\bin/pdbfs/20071115.dbf> where path=<E:\works\公安专科\代码\ykt_ga_win_ksbu\KsBu\bin/pdbfs/> ext=<.dbf> overdue=10
02/28 17:04:24: rm <E:\works\公安专科\代码\ykt_ga_win_ksbu\KsBu\bin/pdbfs/20071122.dbf> where path=<E:\works\公安专科\代码\ykt_ga_win_ksbu\KsBu\bin/pdbfs/> ext=<.dbf> overdue=10
02/28 17:04:24: rm <klg\20071115_0.klg> where path=<klg\> ext=<.klg> overdue=10
02/28 17:04:24: rm <klg\20071122_0.klg> where path=<klg\> ext=<.klg> overdue=10
02/28 17:04:24: rm <tlog\20071115.log> where path=<tlog\> ext=<.log> overdue=10
02/28 17:04:24: rm <tlog\20071122.log> where path=<tlog\> ext=<.log> overdue=10
03/09 17:56:51: rm <E:\works\公安专科\代码\ykt_ga_win_ksbu\KsBu\bin/pdbfs/20080228.dbf> where path=<E:\works\公安专科\代码\ykt_ga_win_ksbu\KsBu\bin/pdbfs/> ext=<.dbf> overdue=10
03/09 17:56:52: rm <klg\20080228_0.klg> where path=<klg\> ext=<.klg> overdue=10
03/09 17:56:52: rm <tlog\20080228.log> where path=<tlog\> ext=<.log> overdue=10
03/09 17:56:52: rm <bulog\20080228.log> where path=<bulog\> ext=<.log> overdue=10
