930001|下传设备时钟|dyf_hhd|1|y|
930002|上传设备时钟|dyf_hhd|1|y|
930003|下传黑名单|dyf_hhd|1|y|
930004|删除下传黑名单|dyf_hhd|1|y|
930005|广播下传黑名单|dyf_hhd|1|y|
930006|下传搭伙费比率|dyf_hhd|1|y|
930007|下传设备主参数|dyf_hhd|1|y|
930008|上传设备主参数|dyf_hhd|1|y|
930009|设备补助开关|dyf_hhd|1|y|
930010|下传密码启用金额上限|dyf_hhd|1|y|
930011|设置消费编号及版本|dyf_hhd|1|y|
930012|设备消费快捷编号|dyf_hhd|1|y|
930013|设备消费时间段参数|dyf_hhd|1|y|
930014|防火状态设置|dyf_hhd|1|y|
930015|设备控制|dyf_hhd|1|y|
930016|采集消费流水(历史)|dyf_hhd|1|y|
930017|采集补助发放流水|dyf_hhd|1|y|
930018|采集现金充值流水(历史)|dyf_hhd|1|y|
930019|采集设备结账流水(历史)|dyf_hhd|1|y|
930020|下传补助发放名单|dyf_hhd|1|y|
930021|下传设备档案信息|dyf_hhd|1|y|
930022|采集现金充值管理费流水(历史)|dyf_hhd|1|y|
930031|收集消费流水|dyf_hhd|1|y|
930032|采集自助挂失解挂流水|dyf_hhd|1|y|
930033|采集补助流水|dyf_hhd|1|y|
930034|收集现金充值流水|dyf_hhd|1|y|
930035|采集设备结账流水|dyf_hhd|1|y|
930036|采集现金充值管理费流水|dyf_hhd|1|y|
930037|下传设备档案信息|dyf_hhd|1|y|
930038|修改注册设备号|dyf_hhd|1|y|
930039|下载黑名单|dyf_hhd|1|y|
930040|挂失卡|dyf_hhd|1|y|
930041|解挂卡|dyf_hhd|1|y|
930042|查询卡序列号|dyf_hhd|1|y|
930045|自助终端修改密码|dyf_hhd|1|y|
930046|接收设备下传黑名单结果|dyf_hhd|1|y|
930047|门禁白名单批量下传应答|dyf_hhd|1|y|
930051|前置机注册|dyf_hhd|1|y|
930052|前置机签到|dyf_hhd|1|y|
930053|前置机签出|dyf_hhd|1|y|
930054|设备签到|dyf_hhd|1|y|
930055|设备签出|dyf_hhd|1|y|
930056|下传监控设备参数|dyf_hhd|1|y|
930057|接收设备心跳|dyf_hhd|1|y|
930058|接收LPORT设备心跳|dyf_hhd|1|y|
930060|强制设备签退|dyf_hhd|1|y|
930061|下传启用密码累计消费金额|dyf_hhd|1|y|
930062|初始化LPORT端口参数|dyf_hhd|1|y|
930063|设置终端管理员密码|dyf_hhd|1|y|
930064|获取LPORT指定端口参数|dyf_hhd|1|y|
930065|采集补助名单|tc|1|y|
930098|接收前置机心跳应答|dyf_hhd|1|y|
930099|接收前置机心跳|dyf|1|Y|
940001|获取子系统|tc|1|Y|
940002|获取子系统黑白名单|tc|1|Y|
940003|更新子系统当前名单版本|tc|1|Y|
940004|获取子系统更新客户信息名单|tc|1|Y|
940005|查询子系统名单发送情况|tc|1|Y|
930101|门禁采集流水|wj|1|Y|
930102|门禁采集历史流水|wj|1|Y|
930103|下传门禁设备主参数|wj|1|Y|
930104|上传门禁设备主参数|wj|1|Y|
930105|下传门禁时间段|wj|1|Y|
930106|上传门禁时间段|wj|1|Y|
930109|下传门禁节假日|wj|1|Y|
930110|上传门禁节假日|wj|1|Y|
930113|下传版本号|wj|1|Y|
930114|上传版本号|wj|1|Y|
930117|下传名单|wj|1|Y|
930118|广播名单|wj|1|Y|
930120|门禁开关控制|wj|1|Y|
930121|下传名单与版本|tc|1|Y|
930201|指定下传白名单|tc|1|Y|
930202|批量下传白名单|tc|1|Y|
950001|通用前置机签到|tc|1|Y|
950002|通用前置机下载设备参数|tc|1|Y|
950003|下载汇多设备档案|tc|1|Y|
950006|下载参数|tc|1|Y|
950031|采集汇多设备流水|tc|1|Y|
950040|设置设备搭伙费比例|tc|1|Y|
950041|下载汇多设备档案|tc|1|Y|
950080|读取人员信息|tc|1|Y|
950099|通用前置机下载指令|tc|1|Y|
950100|通用前置机下载厂商参数|tc|1|Y|

