--- BULinkThread Status at 163834 (TickCount=3740911441)---
00(WAITREQ) QNO1105709 GID(GMDB1      ) LT[02:00:06] LF167 LRT930031  LST0          
01(WAITREQ) QNO100602 GID(GMDB1      ) LT[02:00:06] LF105 LRT930098  LST0          
02(WAITREQ) QNO5032  GID(GMDB1      ) LT[02:00:06] LF 71 LRT930031  LST0          
03(WAITREQ) QNO404   GID(GMDB1      ) LT[02:00:06] LF 53 LRT930099  LST0          
04(WAITREQ) QNO259   GID(GMDB1      ) LT[02:00:06] LF 50 LRT930098  LST0          
05(WAITREQ) QNO163   GID(GMDB1      ) LT[02:00:06] LF 34 LRT930098  LST0          
06(WAITREQ) QNO19    GID(GMDB1      ) LT[02:00:06] LF 10 LRT0       LST0          
07(WAITREQ) QNO7     GID(GMDB1      ) LT[02:00:06] LF 10 LRT0       LST0          
08(WAITREQ) QNO6     GID(GMDB1      ) LT[02:00:06] LF 10 LRT0       LST0          
09(WAITREQ) QNO5     GID(GMDB1      ) LT[02:00:06] LF 10 LRT0       LST0          
10(WAITREQ) QNO5     GID(GMDB1      ) LT[02:00:06] LF 10 LRT0       LST0          
11(NOTREADY) QNO5    
12(WAITREQ) QNO4     GID(GMDB1      ) LT[01:09:15] LF 10 LRT0       LST0          
13(WAITREQ) QNO3     GID(GMDB1      ) LT[01:12:38] LF 10 LRT0       LST0          
14(WAITREQ) QNO2     GID(GMDB1      ) LT[01:19:49] LF 10 LRT0       LST0          
15(WAITREQ) QNO2     GID(GMDB1      ) LT[02:00:06] LF 10 LRT0       LST0          

Function Status at 163834 (TickCount=3740911441)---
funcno|class|active|success|failure|           time| t_max| t_min|Description       | Programmer   
240157|    1|     Y|      0|      0|              0|     0|     0|xxx|wj
700000|    1|     Y|      0|      0|              0|     0|     0|xxx|wj
700001|    1|     Y|      0|      0|              0|     0|     0|xxx|wj
700002|    1|     Y|      0|      0|              0|     0|     0|xxx|wj
800000|    1|     Y|      0|      0|              0|     0|     0|xxx|wj
800001|    1|     Y|      0|      0|              0|     0|     0|xxx|wj
800202|    1|     Y|      0|      0|              0|     0|     0|xxx|wj
800203|    1|     Y|      0|      0|              0|     0|     0|xxx|wj
800701|    1|     Y|      0|      0|              0|     0|     0|xxx|wj
800703|    1|     Y|      0|      0|              0|     0|     0|xxx|wj
800704|    1|     Y|      0|      0|              0|     0|     0|xxx|wj
800742|    1|     Y|      0|      0|              0|     0|     0|xxx|wj
800751|    1|     Y|      0|      0|              0|     0|     0|xxx|wj
800761|    1|     Y|      0|      0|              0|     0|     0|xxx|wj
800772|    1|     Y|      0|      0|              0|     0|     0|xxx|wj
800782|    1|     Y|      0|      0|              0|     0|     0|xxx|wj
800783|    1|     Y|      0|      0|              0|     0|     0|xxx|wj
820001|    1|     Y|      0|      0|              0|     0|     0|子系统注册|hxz
820002|    1|     Y|      0|      0|              0|     0|     0|子系统修改|hxz
820003|    1|     Y|      0|      0|              0|     0|     0|子系统删除|hxz
820004|    1|     Y|      0|      0|              0|     0|     0|子系统关键字查询|hxz
820005|    1|     Y|      0|      0|              0|     0|     0|子系统非关键字查询|hxz
820101|    1|     Y|      0|      0|              0|     0|     0|设备注册|hxz
820102|    1|     Y|      4|      0|             81|    38|     7|设备修改|hxz
820103|    1|     Y|      0|      0|              0|     0|     0|设备删除|hxz
820104|    1|     Y|      0|      0|              0|     0|     0|设备关键字查询|hxz
820105|    1|     Y|     19|      1|            744|    62|     6|设备非关键字查询|hxz
820106|    1|     Y|      0|      0|              0|     0|     0|设备非关键字查询|hxz
820108|    1|     Y|      2|      0|             85|    71|    14|设备非关键字查询|hxz
820111|    1|     Y|      0|      0|              0|     0|     0|区域表注册|hxz
820112|    1|     Y|      0|      0|              0|     0|     0|区域表修改|hxz
820113|    1|     Y|      0|      0|              0|     0|     0|区域表删除|hxz
820114|    1|     Y|      1|      0|             18|    18|    18|区域表关键字查询|hxz
820121|    1|     Y|      0|      0|              0|     0|     0|设备物理信息表注册|hxz
820122|    1|     Y|      0|      0|              0|     0|     0|设备物理信息表修改|hxz
820123|    1|     Y|      0|      0|              0|     0|     0|设备物理信息表删除|hxz
820124|    1|     Y|      0|      0|              0|     0|     0|设备物理信息表关键字查询|hxz
820131|    1|     Y|      0|      0|              0|     0|     0|卡物理结构信息表注册|hxz
820132|    1|     Y|      0|      0|              0|     0|     0|卡物理结构信息表修改|hxz
820133|    1|     Y|      0|      0|              0|     0|     0|卡物理结构信息表删除|hxz
820134|    1|     Y|      0|      0|              0|     0|     0|卡物理结构信息表关键字查询|hxz
820141|    1|     Y|      0|      0|              0|     0|     0|卡物理结构信息表注册|hxz
820142|    1|     Y|      0|      0|              0|     0|     0|卡物理结构信息表修改|hxz
820143|    1|     Y|      0|      0|              0|     0|     0|卡物理结构信息表删除|hxz
820144|    1|     Y|      0|      0|              0|     0|     0|卡物理结构信息表关键字查询|hxz
820151|    1|     Y|      0|      0|              0|     0|     0|卡物理结构信息表注册|hxz
820152|    1|     Y|      0|      0|              0|     0|     0|卡物理结构信息表修改|hxz
820153|    1|     Y|      0|      0|              0|     0|     0|卡物理结构信息表删除|hxz
820154|    1|     Y|      0|      0|              0|     0|     0|卡物理结构信息表关键字查询|hxz
820301|    1|     Y|      0|      0|              0|     0|     0|操作员增删改|hxz
820302|    1|     Y|      0|      0|              0|     0|     0|操作员查询|hxz
820311|    1|     Y|      0|      0|              0|     0|     0|权限模板增删改|hxz
820312|    1|     Y|      0|      0|              0|     0|     0|权限模板查询|hxz
820321|    1|     Y|      0|      0|              0|     0|     0|操作员登录站点增加、删除|hxz
820322|    1|     Y|      0|      0|              0|     0|     0|操作员登录站点查询|hxz
820331|    1|     Y|      0|      0|              0|     0|     0|操作员密码修改|hxz
820332|    1|     Y|      0|      0|              0|     0|     0|操作员密码重置|hxz
820341|    1|     Y|      0|      0|              0|     0|     0|站点信息增删改|hxz
820342|    1|     Y|      0|      0|              0|     0|     0|站点信息查询|hxz
820351|    1|     Y|    114|      8|           2972|    51|     6|操作员登录|hxz
820352|    1|     Y|     89|      0|           2334|    81|     5|操作员登出|hxz
820353|    1|     Y|      0|      0|              0|     0|     0|操作员登出|hxz
820401|    1|     Y|      0|      0|              0|     0|     0|全局参数注册|hxz
820402|    1|     Y|      0|      0|              0|     0|     0|全局参数修改|hxz
820403|    1|     Y|      0|      0|              0|     0|     0|全局参数删除|hxz
820404|    1|     Y|      0|      0|              0|     0|     0|全局参数关键字查询|hxz
820405|    1|     Y|      0|      0|              0|     0|     0|全局参数非关键字查询|hxz
820501|    1|     Y|    117|      0|           2308|    54|     7|登陆时数据字典查询|hxz
820502|    1|     Y|   1189|      0|          43738|   809|     1|登陆时读取数据字典条|hxz
820511|    1|     Y|      0|      0|              0|     0|     0|普通数据字典查询|hxz
820512|    1|     Y|      0|      0|              0|     0|     0|数据字典增加、修改|hxz
820516|    1|     Y|      0|      0|              0|     0|     0|读取数据字典条目|hxz
820521|    1|     Y|    117|      0|           1075|    47|     1|取功能列表|hxz
820522|    1|     Y|    837|      0|          17861|    47|     0|取系统日期|hxz
820601|    1|     Y|      0|      0|              0|     0|     0|客户信息同步|hxz
820704|    1|     Y|      0|      0|              0|     0|     0|xxx|wj
820705|    1|     Y|      0|      0|              0|     0|     0|dd|hxz
841003|    1|     Y|      0|      0|              0|     0|     0|xxx|wj
841004|    1|     Y|      0|      0|              0|     0|     0|xxx|wj
841005|    1|     Y|      0|      0|              0|     0|     0|xxx|wj
841006|    1|     Y|      0|      0|              0|     0|     0|xxx|wj
841007|    1|     Y|      0|      0|              0|     0|     0|数据归档|hxz
841303|    1|     Y|      0|      0|              0|     0|     0|xxx|wj
841304|    1|     Y|      0|      0|              0|     0|     0|xxx|wj
841305|    1|     Y|      0|      0|              0|     0|     0|xxx|wj
841306|    1|     Y|      0|      0|              0|     0|     0|xxx|wj
841307|    1|     Y|      0|      0|              0|     0|     0|数据归档|hxz
841601|    1|     Y|      4|      0|            222|   113|    18|xxx|wj
841602|    1|     Y|      0|      0|              0|     0|     0|xxx|wj
841603|    1|     Y|      6|      0|            204|   109|    17|xxx|wj
841604|    1|     Y|      0|      0|              0|     0|     0|xxx|wj
841605|    1|     Y|     38|      3|           3797|   721|     4|数据归档|hxz
841606|    1|     Y|      0|      0|              0|     0|     0|xxx|wj
841607|    1|     Y|      0|      0|              0|     0|     0|xxx|wj
841608|    1|     Y|     11|      5|           1528|   464|    11|xxx|wj
842001|    1|     Y|      0|      0|              0|     0|     0|xxx|wj
842002|    1|     Y|      0|      0|              0|     0|     0|xxx|wj
842003|    1|     Y|      0|      0|              0|     0|     0|xxx|wj
842004|    1|     Y|      0|      0|              0|     0|     0|xxx|wj
842005|    1|     Y|      0|      0|              0|     0|     0|数据归档|hxz
842501|    1|     Y|      0|      0|              0|     0|     0|xxx|wj
842502|    1|     Y|      0|      0|              0|     0|     0|xxx|wj
842503|    1|     Y|      0|      0|              0|     0|     0|xxx|wj
842504|    1|     Y|      0|      0|              0|     0|     0|xxx|wj
842505|    1|     Y|      0|      0|              0|     0|     0|数据归档|hxz
843335|    1|     Y|      0|      0|              0|     0|     0|xxx|wj
843336|    1|     Y|      0|      0|              0|     0|     0|xxx|wj
843337|    1|     Y|      2|      0|             45|    37|     8|xxx|wj
843338|    1|     Y|    375|      0|          12191|    68|    14|xxx|wj
843339|    1|     Y|      1|      0|             19|    19|    19|xxx|wj
843368|    1|     Y|      0|      0|              0|     0|     0|xxx|wj
843369|    1|     Y|      0|      0|              0|     0|     0|xxx|wj
843370|    1|     Y|      0|      0|              0|     0|     0|xxx|wj
843371|    1|     Y|      2|      0|             97|    50|    47|xxx|wj
843372|    1|     Y|      0|      0|              0|     0|     0|xxx|wj
843373|    1|     Y|      0|      0|              0|     0|     0|xxx|wj
843374|    1|     Y|      0|      0|              0|     0|     0|xxx|wj
843375|    1|     Y|      0|      0|              0|     0|     0|xxx|wj
843376|    1|     Y|      0|      0|              0|     0|     0|xxx|wj
843377|    1|     Y|      0|      0|              0|     0|     0|xxx|wj
847101|    1|     Y|     45|      1|           3008|   121|    38|xxx|wj
847102|    1|     Y|     17|      2|            401|    60|    10|xxx|wj
847103|    1|     Y|     10|      0|            295|    51|    13|xxx|wj
847104|    1|     Y|      0|      0|              0|     0|     0|补办临时卡|lb
847105|    1|     Y|      8|      0|            360|    76|    20|收回临时卡|lb
847106|    1|     Y|   1129|      1|          36927|    99|    12|现金冲值|lb
847107|    1|     Y|      5|      0|            193|    54|    24|现金支取|lb
847108|    1|     Y|      1|      0|             13|    13|    13|卡写失败回退后台操作|dyf
847109|    1|     Y|      0|      0|              0|     0|     0|帐户开户|dyf
847110|    1|     Y|      9|      1|            120|    46|     7|更新卡信息|dyf
847111|    1|     Y|      0|      0|              0|     0|     0|修改卡密码|dyf
847115|    1|     Y|      2|      0|             22|    18|     4|授权卡信息查询|dyf
847116|    1|     Y|      0|      0|              0|     0|     0|发行临时卡|dyf
847117|    1|     Y|      0|      0|              0|     0|     0|冻结卡|hxz
847118|    1|     Y|      0|      0|              0|     0|     0|解冻卡|hxz
847119|    1|     Y|      2|      0|             73|    63|    10|xxx|hxz
847120|    1|     Y|      2|      0|             25|    15|    10|xxx|hxz
847121|    1|     Y|      2|     10|             59|    35|    24|xxx|hxz
847122|    1|     Y|      0|      0|              0|     0|     0|xxx|hxz
847123|    1|     Y|      0|      0|              0|     0|     0|xxx|hxz
847124|    1|     Y|      0|      0|              0|     0|     0|xxx|hxz
847125|    1|     Y|     19|      0|           1080|    66|    33|xxx|hxz
847126|    1|     Y|      0|      0|              0|     0|     0|xxx|hxz
847127|    1|     Y|      0|      0|              0|     0|     0|xxx|hxz
847130|    1|     Y|      0|      0|              0|     0|     0|xxx|hxz
847131|    1|     Y|      0|      0|              0|     0|     0|xxx|hxz
847132|    1|     Y|      0|      0|              0|     0|     0|xxx|hxz
847150|    1|     Y|      0|      0|              0|     0|     0|xxx|hxz
847151|    1|     Y|     58|     61|           2010|   114|    22|客户查询(发行正式卡)|dyf
847152|    1|     Y|     41|     18|           2795|   345|     6|客户查询(挂失卡)|dyf
847153|    1|     Y|     35|      0|            795|    63|     8|客户查询(解挂卡)|dyf
847154|    1|     Y|      4|      0|            378|    98|    86|客户查询(补办卡)|dyf
847155|    1|     Y|     44|     15|           1424|   501|     5|客户查询(收回卡)|dyf
847156|    1|     Y|   2438|     74|          42744|   185|     5|客户查询(现金充值)|dyf
847158|    1|     Y|      0|      0|              0|     0|     0|客户查询(帐户开户)|dyf
847159|    1|     Y|      0|      0|              0|     0|     0|客户查询(发行临时卡)|dyf
847160|    1|     Y|      0|      0|              0|     0|     0|冻结卡查询|hxz
847161|    1|     Y|      0|      0|              0|     0|     0|解冻卡查询|hxz
847162|    1|     Y|      4|      3|             99|    30|    17|xxx|hxz
847163|    1|     Y|     65|      0|            564|    47|     0|xxx|hxz
847164|    1|     Y|      0|      0|              0|     0|     0|xxx|hxz
847165|    1|     Y|      0|      0|              0|     0|     0|xxx|hxz
847166|    1|     Y|      2|      0|             53|    33|    20|xxx|hxz
847168|    1|     Y|      1|      0|            145|   145|   145|xxx|hxz
847170|    1|     Y|     61|     12|           1636|    72|     9|卡户帐户查询|hxz
847171|    1|     Y|    187|     57|          38485|  1082|    10|操作员交易流水查询|hxz
847172|    1|     Y|     27|      0|           4937|   352|   131|操作员交易流水查询|hxz
847173|    1|     Y|     51|      0|           1209|    56|     2|操作员交易流水查询|hxz
847174|    1|     Y|      0|      0|              0|     0|     0|操作员交易流水查询|hxz
847180|    1|     Y|      3|      0|            958|   645|   149|终端机未入账流水查询|hxz
847181|    1|     Y|      0|      0|              0|     0|     0| 终端机未入账流水手工入账|hxz
847182|    1|     Y|      0|      0|              0|     0|     0|设备商户查询|hxz
847183|    1|     Y|      0|      0|              0|     0|     0|冲正交易|hxz
847184|    1|     Y|     38|      5|          29991|  7467|    10|冲正交易|hxz
847185|    1|     Y|      0|      3|              0|     0|     0|查询银行对帐单|hxz
847190|    1|     Y|      0|      0|              0|     0|     0|xxx|wj
847191|    1|     Y|      0|      0|              0|     0|     0|xxx|wj
847192|    1|     Y|      0|      0|              0|     0|     0|xxx|wj
847193|    1|     Y|      0|      0|              0|     0|     0|xxx|wj
848001|    1|     Y|      0|      0|              0|     0|     0|门禁组管理|tc
848002|    1|     Y|      0|      0|              0|     0|     0|门禁组设备管理|tc
848003|    1|     Y|      0|      0|              0|     0|     0|门禁权限分配|wj
848004|    1|     Y|      0|      0|              0|     0|     0|门禁人员信息查询|wj
848005|    1|     Y|      0|      0|              0|     0|     0|门禁人员信息查询|wj
848006|    1|     Y|      0|      0|              0|     0|     0|门禁人员分配|wj
848007|    1|     Y|      0|      0|              0|     0|     0|门禁已分配人员查询|wj
848008|    1|     Y|      0|      0|              0|     0|     0|门禁已分配人员删除|wj
848009|    1|     Y|      0|      0|              0|     0|     0|门禁组时间段管理|tc
848010|    1|     Y|      0|      0|              0|     0|     0|门禁机时间段管理|tc
848011|    1|     Y|      0|      0|              0|     0|     0|门禁机节假日管理|tc
848012|    1|     Y|      0|      0|              0|     0|     0|门禁机组节假日管理|tc
848013|    1|     Y|      0|      0|              0|     0|     0|门禁机节假日管理|tc
848014|    1|     Y|      0|      0|              0|     0|     0|门禁机流水查询|tc
848015|    1|     Y|      0|      0|              0|     0|     0|门禁机进出率统计查询|tc
848016|    1|     Y|      0|      0|              0|     0|     0|门禁日报表|tc
848017|    1|     Y|      0|      0|              0|     0|     0|门禁机历史报表|tc
848018|    1|     Y|      0|      0|              0|     0|     0|门禁组权限分配|tc
848020|    1|     Y|      0|      0|              0|     0|     0|门禁学号名单导入|tc
849001|    1|     Y|      7|      2|            280|    59|    25|xxx|tc
849002|    1|     Y|      0|      0|              0|     0|     0|xxx|tc
849004|    1|     Y|      0|      0|              0|     0|     0|xxx|tc
849005|    1|     Y|      0|      0|              0|     0|     0|xxx|tc
849006|    1|     Y|      0|      0|              0|     0|     0|xxx|tc
849008|    1|     Y|      0|      3|              0|     0|     0|xxx|tc
849009|    1|     Y|      0|      0|              0|     0|     0|xxx|tc
849010|    1|     Y|      0|      0|              0|     0|     0|xxx|tc
849011|    1|     Y|      0|      0|              0|     0|     0|xxx|tc
849012|    1|     Y|      0|      0|              0|     0|     0|xxx|tc
849014|    1|     Y|      0|      0|              0|     0|     0|xxx|tc
849015|    1|     Y|      0|      0|              0|     0|     0|xxx|tc
900120|    1|     Y|     41|      0|           1767|   101|     7|xxx|wj
900130|    1|     Y|      0|     12|              0|     0|     0|xxx|wj
900140|    1|     Y|     39|      0|           2397|   148|    20|xxx|wj
900150|    1|     Y|     56|      0|           2377|    57|     8|xxx|wj
900170|    1|     Y|    122|      2|          54703|  1962|     2|xxx|wj
900210|    1|     Y|      5|      0|            227|    53|    42|xxx|wj
900220|    1|     Y|      0|      0|              0|     0|     0|xxx|wj
900230|    1|     Y|     46|      1|           2044|    99|     3|xxx|wj
900240|    1|     Y|      8|      0|            341|    74|     7|xxx|wj
900250|    1|     Y|      4|      4|           1233|   339|   294|xxx|wj
900260|    1|     Y|     14|      0|            560|    52|     5|xxx|wj
900270|    1|     Y|     81|      0|           9664|  1498|    33|xxx|wj
900088|    1|     Y|      0|      0|              0|     0|     0|xxx|wj
930001|    1|     Y|      0|      0|              0|     0|     0|xxxx|dyf_hhd
930002|    1|     Y|      0|      0|              0|     0|     0|xxxx|dyf_hhd
930003|    1|     Y|      0|      0|              0|     0|     0|xxxx|dyf_hhd
930004|    1|     Y|      0|      0|              0|     0|     0|xxxx|dyf_hhd
930005|    1|     Y|      0|      0|              0|     0|     0|xxxx|dyf_hhd
930006|    1|     Y|      0|      0|              0|     0|     0|xxxx|dyf_hhd
930007|    1|     Y|      0|      0|              0|     0|     0|xxxx|dyf_hhd
930008|    1|     Y|      0|      0|              0|     0|     0|xxxx|dyf_hhd
930009|    1|     Y|      0|      0|              0|     0|     0|xxxx|dyf_hhd
930009|    1|     Y|      0|      0|              0|     0|     0|xxxx|dyf_hhd
930009|    1|     Y|      0|      0|              0|     0|     0|采集消费信息|dyf
930010|    1|     Y|      0|      0|              0|     0|     0|xxxx|dyf_hhd
930011|    1|     Y|      0|      0|              0|     0|     0|xxxx|dyf_hhd
930012|    1|     Y|      0|      0|              0|     0|     0|xxxx|dyf_hhd
930013|    1|     Y|      0|      0|              0|     0|     0|xxxx|dyf_hhd
930014|    1|     Y|      0|      0|              0|     0|     0|xxxx|dyf_hhd
930015|    1|     Y|      0|      0|              0|     0|     0|xxxx|dyf_hhd
930016|    1|     Y|      0|      0|              0|     0|     0|xxxx|dyf_hhd
930017|    1|     Y|      0|      0|              0|     0|     0|xxxx|dyf_hhd
930018|    1|     Y|      0|      0|              0|     0|     0|xxxx|dyf_hhd
930019|    1|     Y|      0|      0|              0|     0|     0|xxxx|dyf_hhd
930020|    1|     Y|      0|      0|              0|     0|     0|xxxx|dyf_hhd
930021|    1|     Y|      0|      0|              0|     0|     0|xxxx|dyf_hhd
930022|    1|     Y|      0|      0|              0|     0|     0|xxxx|dyf_hhd
930031|    1|     Y|  60138|      0|         964340|  2778|     3|xxxx|dyf_hhd
930032|    1|     Y|      0|      0|              0|     0|     0|xxxx|dyf_hhd
930033|    1|     Y|      0|      0|              0|     0|     0|xxxx|dyf_hhd
930034|    1|     Y|      3|      0|             49|    26|     8|xxxx|dyf_hhd
930035|    1|     Y|    937|      0|         166605| 54252|     4|xxxx|dyf_hhd
930036|    1|     Y|      3|      0|             64|    28|    10|xxxx|dyf_hhd
930037|    1|     Y|     10|      0|           9607|  1012|   899|xxxx|dyf_hhd
930037|    1|     Y|      0|      0|              0|     0|     0|xxxx|dyf_hhd
930038|    1|     Y|      0|      0|              0|     0|     0|xxxx|dyf_hhd
930039|    1|     Y|    611|      0|           3007|     9|     1|xxxx|dyf_hhd
930040|    1|     Y|      0|      0|              0|     0|     0|xxxx|dyf_hhd
930041|    1|     Y|      0|      0|              0|     0|     0|xxxx|dyf_hhd
930042|    1|     Y|      0|      0|              0|     0|     0|xxxx|dyf_hhd
930043|    1|     Y|      0|      0|              0|     0|     0|xxxx|dyf_hhd
930044|    1|     Y|      0|      0|              0|     0|     0|xxxx|dyf_hhd
930045|    1|     Y|      0|      0|              0|     0|     0|xxxx|dyf_hhd
930046|    1|     Y|    611|      0|           2556|    33|     0|xxxx|dyf_hhd
930047|    1|     Y|      0|      0|              0|     0|     0|xxxx|dyf_hhd
930051|    1|     Y|      0|      0|              0|     0|     0|xxxx|dyf_hhd
930052|    1|     Y|     10|      0|            238|    36|    10|xxxx|dyf_hhd
930053|    1|     Y|      9|      0|            127|    38|     5|xxxx|dyf_hhd
930054|    1|     Y|    136|      0|            601|    10|     0|xxxx|dyf_hhd
930055|    1|     Y|      0|      0|              0|     0|     0|xxxx|dyf_hhd
930056|    1|     Y|      0|      0|              0|     0|     0|xxxx|dyf_hhd
930057|    1|     Y|   3122|      0|         109969| 54123|     4|xxxx|dyf_hhd
930058|    1|     Y|      0|      0|              0|     0|     0|xxxx|dyf_hhd
930060|    1|     Y|      0|      0|              0|     0|     0|xxxx|dyf_hhd
930061|    1|     Y|      0|      0|              0|     0|     0|xxxx|dyf_hhd
930062|    1|     Y|      0|      0|              0|     0|     0|xxxx|dyf_hhd
930063|    1|     Y|      0|      0|              0|     0|     0|xxxx|dyf_hhd
930064|    1|     Y|      0|      0|              0|     0|     0|xxxx|dyf_hhd
930065|    1|     Y|      0|      0|              0|     0|     0|xxxx|tc
930098|    1|     Y| 501775|     11|        7553141| 46342|     0|xxxx|dyf_hhd
930099|    1|     Y| 636702|     85|       19796624| 19352|     1|xxxx|dyf_hhd
930099|    1|     Y|      0|      0|              0|     0|     0|接收心跳|dyf
940001|    1|     Y|      0|      0|              0|     0|     0|xxxx|tc
940002|    1|     Y|      0|      0|              0|     0|     0|xxxx|tc
940003|    1|     Y|      0|      0|              0|     0|     0|xxxx|tc
940004|    1|     Y|      0|      0|              0|     0|     0|xxxx|tc
940005|    1|     Y|      0|      0|              0|     0|     0|xxxx|tc
930101|    1|     Y|      0|      0|              0|     0|     0|门禁采集流水|wj
930102|    1|     Y|      0|      0|              0|     0|     0|门禁采集历史流水|wj
930103|    1|     Y|      0|      0|              0|     0|     0|下传门禁设备主参数|wj
930104|    1|     Y|      0|      0|              0|     0|     0|上传门禁设备主参数|wj
930105|    1|     Y|      0|      0|              0|     0|     0|下传门禁时间段|wj
930106|    1|     Y|      0|      0|              0|     0|     0|上传门禁时间段|wj
930109|    1|     Y|      0|      0|              0|     0|     0|下传门禁节假日|wj
930110|    1|     Y|      0|      0|              0|     0|     0|上传门禁节假日|wj
930113|    1|     Y|      0|      0|              0|     0|     0|下传版本号|wj
930114|    1|     Y|      0|      0|              0|     0|     0|上传版本号|wj
930117|    1|     Y|      0|      0|              0|     0|     0|下传名单|wj
930118|    1|     Y|      0|      0|              0|     0|     0|广播名单|wj
930120|    1|     Y|      0|      0|              0|     0|     0|门禁开关控制|wj
930121|    1|     Y|      0|      0|              0|     0|     0|下传名单与版本|tc
930201|    1|     Y|      0|      0|              0|     0|     0|指定下传白名单|tc
930202|    1|     Y|      0|      0|              0|     0|     0|批量下传白名单|tc
950001|    1|     Y|      0|      0|              0|     0|     0|通用前置机签到|tc
950002|    1|     Y|      0|      0|              0|     0|     0|通用前置机下载设备参数|tc
950003|    1|     Y|      0|      0|              0|     0|     0|下载汇多设备档案|tc
950006|    1|     Y|      0|      0|              0|     0|     0|下载系统参数|tc
950031|    1|     Y|      0|      0|              0|     0|     0|汇多流水采集|tc
950040|    1|     Y|      0|      0|              0|     0|     0|设置设备搭伙费比例|tc
950041|    1|     Y|      0|      0|              0|     0|     0|下载汇多设备档案|tc
950080|    1|     Y|      0|      0|              0|     0|     0|读取人员信息|tc
950099|    1|     Y|      0|      0|              0|     0|     0|通用前置机下载指令|tc
950100|    1|     Y|      0|      0|              0|     0|     0|移动短信处理业务|lxy
--- DRTPRouter Status at 163834 (TickCount=3740911443)---
Router0 IP:127.0.0.1 Port:4000 
svr connect:Y sct=10:01:32 slt=16:38:33 scc=1 src=4333822 srl=773253929 ssc=4333822 ssl=887388674 
cli connect:Y cct=10:01:32 clt=08:00:00 ccc=1 crc=0 crl=0 csc=0 csl=0 

--- ReqPackQueue Status at 163834 (TickCount=3740911443)---
ReqPackQueue1 size=0
ReqPackQueue2 size=0
ReqPackQueue3 size=0

