Text relocation remains                 	referenced
    against symbol		    offset	in file
<unknown>                           0x12a8    	tcp.o
<unknown>                           0x12ac    	tcp.o
<unknown>                           0x12b0    	tcp.o
<unknown>                           0x12b4    	tcp.o
<unknown>                           0x12b8    	tcp.o
<unknown>                           0x12bc    	tcp.o
<unknown>                           0x12c0    	tcp.o
<unknown>                           0x12c4    	tcp.o
<unknown>                           0x12c8    	tcp.o
<unknown>                           0x12cc    	tcp.o
<unknown>                           0x12d0    	tcp.o
<unknown>                           0x12d4    	tcp.o
<unknown>                           0x12d8    	tcp.o
<unknown>                           0x12dc    	tcp.o
<unknown>                           0x12e0    	tcp.o
<unknown>                           0x12e4    	tcp.o
<unknown>                           0x12e8    	tcp.o
<unknown>                           0x12ec    	tcp.o
<unknown>                           0x12f0    	tcp.o
<unknown>                           0x12f4    	tcp.o
<unknown>                           0x12f8    	tcp.o
<unknown>                           0x12fc    	tcp.o
<unknown>                           0x1300    	tcp.o
<unknown>                           0x1304    	tcp.o
<unknown>                           0x1308    	tcp.o
<unknown>                           0x130c    	tcp.o
<unknown>                           0x1310    	tcp.o
<unknown>                           0x1314    	tcp.o
<unknown>                           0x1318    	tcp.o
<unknown>                           0x131c    	tcp.o
<unknown>                           0x1320    	tcp.o
<unknown>                           0x1324    	tcp.o
<unknown>                           0x1328    	tcp.o
<unknown>                           0x132c    	tcp.o
<unknown>                           0x1330    	tcp.o
<unknown>                           0x1334    	tcp.o
<unknown>                           0x1338    	tcp.o
<unknown>                           0x133c    	tcp.o
<unknown>                           0x1340    	tcp.o
<unknown>                           0x1344    	tcp.o
<unknown>                           0x1348    	tcp.o
<unknown>                           0x134c    	tcp.o
<unknown>                           0x1350    	tcp.o
<unknown>                           0x1354    	tcp.o
<unknown>                           0x1358    	tcp.o
<unknown>                           0x135c    	tcp.o
<unknown>                           0x1360    	tcp.o
<unknown>                           0x1364    	tcp.o
<unknown>                           0x1368    	tcp.o
<unknown>                           0x136c    	tcp.o
<unknown>                           0x1370    	tcp.o
<unknown>                           0x1374    	tcp.o
<unknown>                           0x1378    	tcp.o
<unknown>                           0x137c    	tcp.o
<unknown>                           0x1380    	tcp.o
<unknown>                           0x1384    	tcp.o
<unknown>                           0x1388    	tcp.o
<unknown>                           0x138c    	tcp.o
<unknown>                           0x1390    	tcp.o
<unknown>                           0x1394    	tcp.o
<unknown>                           0x1398    	tcp.o
<unknown>                           0x139c    	tcp.o
<unknown>                           0x13a0    	tcp.o
<unknown>                           0x13a4    	tcp.o
<unknown>                           0x13a8    	tcp.o
<unknown>                           0x13ac    	tcp.o
<unknown>                           0x13b0    	tcp.o
<unknown>                           0x13b4    	tcp.o
<unknown>                           0x13b8    	tcp.o
<unknown>                           0x13bc    	tcp.o
<unknown>                           0x13c0    	tcp.o
<unknown>                           0x13c4    	tcp.o
<unknown>                           0x13c8    	tcp.o
<unknown>                           0x13cc    	tcp.o
<unknown>                           0x13d0    	tcp.o
<unknown>                           0x13d4    	tcp.o
<unknown>                           0x13d8    	tcp.o
<unknown>                           0x13dc    	tcp.o
<unknown>                           0x13e0    	tcp.o
<unknown>                           0x13e4    	tcp.o
<unknown>                           0x13e8    	tcp.o
<unknown>                           0x13ec    	tcp.o
<unknown>                           0x13f0    	tcp.o
<unknown>                           0x13f4    	tcp.o
<unknown>                           0x13f8    	tcp.o
<unknown>                           0x13fc    	tcp.o
<unknown>                           0x1400    	tcp.o
<unknown>                           0x1404    	tcp.o
<unknown>                           0x1408    	tcp.o
<unknown>                           0x140c    	tcp.o
<unknown>                           0x1410    	tcp.o
<unknown>                           0x1414    	tcp.o
<unknown>                           0x1418    	tcp.o
<unknown>                           0x141c    	tcp.o
<unknown>                           0x1420    	tcp.o
<unknown>                           0x1424    	tcp.o
<unknown>                           0x1428    	tcp.o
<unknown>                           0x142c    	tcp.o
<unknown>                           0x1430    	tcp.o
<unknown>                           0x1434    	tcp.o
<unknown>                           0x1438    	tcp.o
<unknown>                           0x143c    	tcp.o
<unknown>                           0x1440    	tcp.o
<unknown>                           0x1444    	tcp.o
<unknown>                           0x1448    	tcp.o
<unknown>                           0x144c    	tcp.o
<unknown>                           0x1450    	tcp.o
<unknown>                           0x1454    	tcp.o
<unknown>                           0x1458    	tcp.o
<unknown>                           0x145c    	tcp.o
<unknown>                           0x1460    	tcp.o
<unknown>                           0x1464    	tcp.o
<unknown>                           0x1468    	tcp.o
<unknown>                           0x146c    	tcp.o
<unknown>                           0x1470    	tcp.o
<unknown>                           0x1474    	tcp.o
<unknown>                           0x1478    	tcp.o
<unknown>                           0x147c    	tcp.o
<unknown>                           0x1480    	tcp.o
<unknown>                           0x1484    	tcp.o
<unknown>                           0x1488    	tcp.o
<unknown>                           0x148c    	tcp.o
<unknown>                           0x1490    	tcp.o
<unknown>                           0x1494    	tcp.o
<unknown>                           0x1498    	tcp.o
<unknown>                           0x149c    	tcp.o
<unknown>                           0x14a0    	tcp.o
<unknown>                           0x14a4    	tcp.o
<unknown>                           0x43c     	bupub.o
<unknown>                           0x440     	bupub.o
<unknown>                           0x478     	bupub.o
<unknown>                           0x47c     	bupub.o
CSvrLink::PushData(int, int, int, int, _ST_CPACK*, char, int, _ST_PACK*)0x1cc     	bupub.o
CSvrLink::PushData(int, int, int, int, _ST_CPACK*, char, int, _ST_PACK*)0x3aa0    	svrlink.o
strlen                              0x560     	bupub.o
strlen                              0x488     	logfile.o
strlen                              0x504     	logfile.o
strlen                              0x574     	logfile.o
strlen                              0x7e4     	logfile.o
strlen                              0xc       	mypub.o
strlen                              0x220     	mypub.o
strlen                              0x314     	mypub.o
strlen                              0x7d0     	mypub.o
strlen                              0x308     	profile.o
strlen                              0x620     	profile.o
strlen                              0x7e8     	profile.o
strlen                              0x91c     	profile.o
strlen                              0x96c     	profile.o
strlen                              0xa5c     	profile.o
strlen                              0xbf4     	slist.o
strlen                              0xd2c     	slist.o
strlen                              0x10f4    	slist.o
strlen                              0x2d64    	svrlink.o
strlen                              0x4698    	svrlink.o
strlen                              0x76ac    	svrlink.o
CSvrLink::PutRow(TRUSERID*, _ST_PACK*, int, char*)0x318     	bupub.o
CSvrLink::PutRow(TRUSERID*, _ST_PACK*, int, char*)0x2e9c    	svrlink.o
SetParmBit                          0x68      	bupub.o
SetParmBit                          0x7758    	svrlink.o
CSvrLink::Err_Deal(char*, int)      0x34c     	bupub.o
CSvrLink::Err_Deal(char*, int)      0x7650    	svrlink.o
CSvrLink::~CSvrLink()               0x744     	bupub.o
CSvrLink::~CSvrLink()               0x8       	svrlink.o
memset                              0x2c      	bupub.o
memset                              0xae8     	slist.o
memset                              0xd18     	slist.o
memset                              0xdec     	slist.o
memset                              0x430     	svrlink.o
memset                              0x13ec    	svrlink.o
memset                              0x2e08    	svrlink.o
memset                              0x459c    	svrlink.o
memset                              0x4608    	svrlink.o
memset                              0x5e34    	svrlink.o
memset                              0x61d0    	svrlink.o
memset                              0x6964    	svrlink.o
memset                              0x712c    	svrlink.o
memset                              0x7154    	svrlink.o
memset                              0x7328    	svrlink.o
memset                              0x7350    	svrlink.o
memset                              0x771c    	svrlink.o
memset                              0x1590    	tcp.o
memset                              0x1728    	tcp.o
memset                              0x1d5c    	tcp.o
g_SvrLink                           0x80      	bupub.o
g_SvrLink                           0x84      	bupub.o
g_SvrLink                           0xb8      	bupub.o
g_SvrLink                           0xbc      	bupub.o
g_SvrLink                           0xf8      	bupub.o
g_SvrLink                           0xfc      	bupub.o
g_SvrLink                           0x140     	bupub.o
g_SvrLink                           0x144     	bupub.o
g_SvrLink                           0x1b0     	bupub.o
g_SvrLink                           0x1b4     	bupub.o
g_SvrLink                           0x218     	bupub.o
g_SvrLink                           0x21c     	bupub.o
g_SvrLink                           0x25c     	bupub.o
g_SvrLink                           0x260     	bupub.o
g_SvrLink                           0x2b4     	bupub.o
g_SvrLink                           0x2b8     	bupub.o
g_SvrLink                           0x300     	bupub.o
g_SvrLink                           0x304     	bupub.o
g_SvrLink                           0x33c     	bupub.o
g_SvrLink                           0x340     	bupub.o
g_SvrLink                           0x49c     	bupub.o
g_SvrLink                           0x4a0     	bupub.o
g_SvrLink                           0x4f8     	bupub.o
g_SvrLink                           0x4fc     	bupub.o
g_SvrLink                           0x578     	bupub.o
g_SvrLink                           0x57c     	bupub.o
g_SvrLink                           0x5c4     	bupub.o
g_SvrLink                           0x5c8     	bupub.o
g_SvrLink                           0x5f4     	bupub.o
g_SvrLink                           0x5f8     	bupub.o
g_SvrLink                           0x658     	bupub.o
g_SvrLink                           0x65c     	bupub.o
g_SvrLink                           0x688     	bupub.o
g_SvrLink                           0x68c     	bupub.o
g_SvrLink                           0x6b0     	bupub.o
g_SvrLink                           0x6b4     	bupub.o
g_SvrLink                           0x704     	bupub.o
g_SvrLink                           0x708     	bupub.o
g_SvrLink                           0x73c     	bupub.o
g_SvrLink                           0x740     	bupub.o
g_SvrLink                           0x68      	bdefine.o
g_SvrLink                           0x6c      	bdefine.o
CT_ERR_DEAL                         0x3a4     	bupub.o
CSvrLink::PushDataEx(TPUSHDEST*, int, _ST_CPACK*, char, int, _ST_PACK*)0x2d0     	bupub.o
CSvrLink::PushDataEx(TPUSHDEST*, int, _ST_CPACK*, char, int, _ST_PACK*)0x1c94    	svrlink.o
CSvrLink::ResetNormalCPack(_ST_CPACK*, unsigned char, int)0x5d8     	bupub.o
CSvrLink::ExtCallNext(int, _ST_CPACK*, _ST_PACK*)0x270     	bupub.o
CSvrLink::ExtCallNext(int, _ST_CPACK*, _ST_PACK*)0x70d8    	svrlink.o
CSvrLink::AnswerData(TRUSERID*, int, char*, unsigned char)0xd0      	bupub.o
CSvrLink::AnswerData(TRUSERID*, int, char*, unsigned char)0x110     	bupub.o
CSvrLink::CheckProcCancel()         0x4a4     	bupub.o
CSvrLink::SetAnswerTimeout(unsigned int)0x694     	bupub.o
CSvrLink::ExtCall(int, int, int, int, int, _ST_CPACK*, _ST_CPACK*, _ST_PACK*)0x234     	bupub.o
CSvrLink::ExtCall(int, int, int, int, int, _ST_CPACK*, _ST_CPACK*, _ST_PACK*)0x40e4    	svrlink.o
CSvrLink::ExtCall(int, int, int, int, int, _ST_CPACK*, _ST_CPACK*, _ST_PACK*)0x709c    	svrlink.o
vsprintf                            0x394     	bupub.o
vsprintf                            0x418     	bupub.o
vsprintf                            0x550     	bupub.o
vsprintf                            0x64c     	bupub.o
vsprintf                            0x550     	logfile.o
vsprintf                            0x763c    	svrlink.o
vsprintf                            0x769c    	svrlink.o
CSvrLink::SetAnswerMode(char)       0x504     	bupub.o
CSvrLink::SetMaxRow(int)            0x600     	bupub.o
CSvrLink::ResetAnswerData()         0x6b8     	bupub.o
CSvrLink::SetCol(TRUSERID*, unsigned char*)0x90      	bupub.o
CSvrLink::SetCol(TRUSERID*, unsigned char*)0x777c    	svrlink.o
CLogFile::WriteLogEx(int, char*, ...)0x448     	bupub.o
CLogFile::WriteLogEx(int, char*, ...)0x484     	bupub.o
CLogFile::WriteLogEx(int, char*, ...)0x60c     	svrlink.o
CLogFile::WriteLogEx(int, char*, ...)0x830     	svrlink.o
CLogFile::WriteLogEx(int, char*, ...)0x8cc     	svrlink.o
CLogFile::WriteLogEx(int, char*, ...)0x938     	svrlink.o
CLogFile::WriteLogEx(int, char*, ...)0xb24     	svrlink.o
CLogFile::WriteLogEx(int, char*, ...)0xdd4     	svrlink.o
CLogFile::WriteLogEx(int, char*, ...)0x393c    	svrlink.o
CLogFile::WriteLogEx(int, char*, ...)0x3d68    	svrlink.o
CLogFile::WriteLogEx(int, char*, ...)0x685c    	svrlink.o
CLogFile::WriteLogEx(int, char*, ...)0x68b4    	svrlink.o
CLogFile::WriteLogEx(int, char*, ...)0x6e10    	svrlink.o
g_pLogFile                          0x420     	bupub.o
g_pLogFile                          0x424     	bupub.o
g_pLogFile                          0x468     	bupub.o
g_pLogFile                          0x46c     	bupub.o
g_pLogFile                          0x48      	bdefine.o
g_pLogFile                          0x4c      	bdefine.o
g_pLogFile                          0x5dc     	svrlink.o
g_pLogFile                          0x5e0     	svrlink.o
g_pLogFile                          0x804     	svrlink.o
g_pLogFile                          0x808     	svrlink.o
g_pLogFile                          0x89c     	svrlink.o
g_pLogFile                          0x8a0     	svrlink.o
g_pLogFile                          0x90c     	svrlink.o
g_pLogFile                          0x910     	svrlink.o
g_pLogFile                          0xaf8     	svrlink.o
g_pLogFile                          0xafc     	svrlink.o
g_pLogFile                          0xda8     	svrlink.o
g_pLogFile                          0xdac     	svrlink.o
g_pLogFile                          0x3910    	svrlink.o
g_pLogFile                          0x3914    	svrlink.o
g_pLogFile                          0x3d3c    	svrlink.o
g_pLogFile                          0x3d40    	svrlink.o
g_pLogFile                          0x6828    	svrlink.o
g_pLogFile                          0x682c    	svrlink.o
g_pLogFile                          0x6880    	svrlink.o
g_pLogFile                          0x6884    	svrlink.o
g_pLogFile                          0x6de4    	svrlink.o
g_pLogFile                          0x6de8    	svrlink.o
CSvrLink::BCCLogOut(char, int, int, char*, int, void*)0x590     	bupub.o
CSvrLink::BCCLogOut(char, int, int, char*, int, void*)0x76d8    	svrlink.o
CSvrLink::SetBUError(int, char*)    0x668     	bupub.o
CSvrLink::AnswerDataEx(TRUSERID*, _ST_CPACK*, _ST_PACK*, int, char*)0x15c     	bupub.o
CSvrLink::CSvrLink()                0x70c     	bupub.o
nBPFunctions                        0x188     	bdefine.o
nBPFunctions                        0x18c     	bdefine.o
nBPFunctions                        0x1a0     	bdefine.o
nBPFunctions                        0x1a4     	bdefine.o
nBPFunctions                        0x504     	bdefine.o
nBPFunctions                        0x508     	bdefine.o
<unknown>                           0x150     	bdefine.o
<unknown>                           0x154     	bdefine.o
<unknown>                           0x220     	bdefine.o
<unknown>                           0x224     	bdefine.o
<unknown>                           0x248     	bdefine.o
<unknown>                           0x24c     	bdefine.o
<unknown>                           0x2fc     	bdefine.o
<unknown>                           0x300     	bdefine.o
<unknown>                           0x3d4     	bdefine.o
<unknown>                           0x3d8     	bdefine.o
fprintf                             0x3f4     	bdefine.o
fprintf                             0x6c0     	logfile.o
fprintf                             0x778     	mypub.o
fprintf                             0x974     	mypub.o
FindBPFunction                      0x6248    	svrlink.o
pProcess                            0x58      	bdefine.o
pProcess                            0x5c      	bdefine.o
pProcess                            0x5ef0    	svrlink.o
pProcess                            0x5ef4    	svrlink.o
pProcess                            0x5fd8    	svrlink.o
pProcess                            0x5fdc    	svrlink.o
fopen                               0x228     	bdefine.o
fopen                               0x9ac     	logfile.o
fopen                               0x9e0     	logfile.o
fopen                               0x6b4     	mypub.o
fopen                               0x724     	mypub.o
fopen                               0x918     	mypub.o
fopen                               0xf4      	profile.o
printf                              0x250     	bdefine.o
printf                              0x320     	bdefine.o
printf                              0x758     	logfile.o
printf                              0x80c     	mypub.o
printf                              0x828     	mypub.o
g_BDefines                          0x18      	bdefine.o
g_BDefines                          0x1c      	bdefine.o
g_BDefines                          0xf4      	bdefine.o
g_BDefines                          0xf8      	bdefine.o
g_BDefines                          0x198     	bdefine.o
g_BDefines                          0x19c     	bdefine.o
g_BDefines                          0x1dc     	bdefine.o
g_BDefines                          0x1e0     	bdefine.o
g_BDefines                          0x488     	bdefine.o
g_BDefines                          0x48c     	bdefine.o
g_BDefines                          0x4d0     	bdefine.o
g_BDefines                          0x4d4     	bdefine.o
g_BDefines                          0x52c     	bdefine.o
g_BDefines                          0x530     	bdefine.o
g_BDefines                          0x574     	bdefine.o
g_BDefines                          0x578     	bdefine.o
g_BDefines                          0x5e8     	bdefine.o
g_BDefines                          0x5ec     	bdefine.o
g_BDefines                          0x630     	bdefine.o
g_BDefines                          0x634     	bdefine.o
g_BDefines                          0x674     	bdefine.o
g_BDefines                          0x678     	bdefine.o
g_BDefines                          0x6c8     	bdefine.o
g_BDefines                          0x6cc     	bdefine.o
g_BDefines                          0x62a0    	svrlink.o
g_BDefines                          0x62a4    	svrlink.o
g_BDefines                          0x63f4    	svrlink.o
g_BDefines                          0x63f8    	svrlink.o
g_BDefines                          0x6424    	svrlink.o
g_BDefines                          0x6428    	svrlink.o
g_BDefines                          0x6460    	svrlink.o
g_BDefines                          0x6464    	svrlink.o
g_BDefines                          0x64a0    	svrlink.o
g_BDefines                          0x64a4    	svrlink.o
g_BDefines                          0x65a0    	svrlink.o
g_BDefines                          0x65a4    	svrlink.o
g_BDefines                          0x65e0    	svrlink.o
g_BDefines                          0x65e4    	svrlink.o
g_BDefines                          0x6610    	svrlink.o
g_BDefines                          0x6614    	svrlink.o
g_BDefines                          0x6660    	svrlink.o
g_BDefines                          0x6664    	svrlink.o
g_BDefines                          0x66b0    	svrlink.o
g_BDefines                          0x66b4    	svrlink.o
g_BDefines                          0x66f4    	svrlink.o
g_BDefines                          0x66f8    	svrlink.o
g_BDefines                          0x6744    	svrlink.o
g_BDefines                          0x6748    	svrlink.o
g_BDefines                          0x6790    	svrlink.o
g_BDefines                          0x6794    	svrlink.o
g_BDefines                          0x67c0    	svrlink.o
g_BDefines                          0x67c4    	svrlink.o
BPFComp(void const*, void const*)   0x1b4     	bdefine.o
BPFComp(void const*, void const*)   0x1b8     	bdefine.o
pWriteAppInfo                       0x38      	bdefine.o
pWriteAppInfo                       0x3c      	bdefine.o
pWriteAppInfo                       0x1174    	svrlink.o
pWriteAppInfo                       0x1178    	svrlink.o
pCallBDFunc                         0x28      	bdefine.o
pCallBDFunc                         0x2c      	bdefine.o
pCallBDFunc                         0x62dc    	svrlink.o
pCallBDFunc                         0x62e0    	svrlink.o
fclose                              0x430     	bdefine.o
fclose                              0x790     	logfile.o
fclose                              0x6f0     	mypub.o
fclose                              0x784     	mypub.o
fclose                              0x980     	mypub.o
fclose                              0xc18     	profile.o
fclose                              0xc54     	profile.o
qsort                               0x1bc     	bdefine.o
<unknown>                           0x7c      	logfile.o
<unknown>                           0x80      	logfile.o
<unknown>                           0x144     	logfile.o
<unknown>                           0x148     	logfile.o
<unknown>                           0x44c     	logfile.o
<unknown>                           0x450     	logfile.o
<unknown>                           0x4d0     	logfile.o
<unknown>                           0x4d4     	logfile.o
<unknown>                           0x5d8     	logfile.o
<unknown>                           0x5dc     	logfile.o
<unknown>                           0x6b4     	logfile.o
<unknown>                           0x6b8     	logfile.o
<unknown>                           0x74c     	logfile.o
<unknown>                           0x750     	logfile.o
<unknown>                           0x938     	logfile.o
<unknown>                           0x93c     	logfile.o
<unknown>                           0x974     	logfile.o
<unknown>                           0x978     	logfile.o
<unknown>                           0x9a4     	logfile.o
<unknown>                           0x9a8     	logfile.o
<unknown>                           0x9d8     	logfile.o
<unknown>                           0x9dc     	logfile.o
<unknown>                           0xa28     	logfile.o
<unknown>                           0xa2c     	logfile.o
<unknown>                           0xa48     	logfile.o
<unknown>                           0xa4c     	logfile.o
mkdir                               0x8fc     	logfile.o
g_ShowLogLevel                      0x720     	logfile.o
g_ShowLogLevel                      0x724     	logfile.o
g_ShowLogLevel                      0xabc     	logfile.o
g_ShowLogLevel                      0xac0     	logfile.o
getpid                              0x49c     	logfile.o
getpid                              0x918     	logfile.o
getpid                              0x4cc     	svrlink.o
strncpy                             0x60      	logfile.o
strncpy                             0x128     	logfile.o
strncpy                             0x2fc     	logfile.o
strncpy                             0x15c     	mypub.o
strncpy                             0x1a8     	mypub.o
strncpy                             0x828     	profile.o
strncpy                             0x8f0     	profile.o
strncpy                             0x950     	profile.o
strncpy                             0xcfc     	profile.o
strncpy                             0x1244    	slist.o
strncpy                             0x48c     	svrlink.o
strncpy                             0x6a44    	svrlink.o
strncpy                             0x7194    	svrlink.o
strncpy                             0x1280    	tcp.o
CLogFile::~CLogFile()               0xc       	logfile.o
fflush                              0x700     	logfile.o
fflush                              0xa90     	logfile.o
CLogFile::~CLogFile()               0x8       	logfile.o
memcpy                              0x3d4     	logfile.o
memcpy                              0x864     	logfile.o
memcpy                              0x500     	mypub.o
memcpy                              0x548     	mypub.o
memcpy                              0xeac     	slist.o
memcpy                              0xf94     	slist.o
memcpy                              0x224     	svrlink.o
memcpy                              0xd20     	svrlink.o
memcpy                              0x168c    	svrlink.o
memcpy                              0x197c    	svrlink.o
memcpy                              0x2158    	svrlink.o
memcpy                              0x28c4    	svrlink.o
memcpy                              0x33d0    	svrlink.o
memcpy                              0x378c    	svrlink.o
memcpy                              0x3bc8    	svrlink.o
memcpy                              0x3df0    	svrlink.o
memcpy                              0x3f70    	svrlink.o
memcpy                              0x3fec    	svrlink.o
memcpy                              0x43cc    	svrlink.o
memcpy                              0x4430    	svrlink.o
memcpy                              0x44dc    	svrlink.o
memcpy                              0x4940    	svrlink.o
memcpy                              0x4b54    	svrlink.o
memcpy                              0x4f64    	svrlink.o
memcpy                              0x50f0    	svrlink.o
memcpy                              0x5658    	svrlink.o
memcpy                              0x56c8    	svrlink.o
memcpy                              0x5b40    	svrlink.o
memcpy                              0x5d98    	svrlink.o
memcpy                              0x5ee8    	svrlink.o
memcpy                              0x5f78    	svrlink.o
memcpy                              0x6188    	svrlink.o
memcpy                              0x61b4    	svrlink.o
memcpy                              0x6ca8    	svrlink.o
memcpy                              0x6ec4    	svrlink.o
memcpy                              0x6f40    	svrlink.o
memcpy                              0x75c4    	svrlink.o
memcpy                              0x75f8    	svrlink.o
memcpy                              0x15f8    	tcp.o
memcpy                              0x177c    	tcp.o
memcpy                              0x17e8    	tcp.o
RemoveOverdueFile                   0xa54     	logfile.o
operator delete(void*)              0x1d0     	logfile.o
operator delete(void*)              0x224     	logfile.o
operator delete(void*)              0x278     	logfile.o
operator delete(void*)              0x458     	slist.o
operator delete(void*)              0x4fc     	slist.o
operator delete(void*)              0x5a0     	slist.o
operator delete(void*)              0x344     	svrlink.o
operator delete(void*)              0x3a0     	svrlink.o
operator delete(void*)              0x3fc     	svrlink.o
operator delete(void*)              0x1a8     	tcp.o
operator delete(void*)              0x1fc     	tcp.o
operator delete(void*)              0x250     	tcp.o
operator delete(void*)              0x14      	slist.o
CLogFile::Close()                   0x1ac     	logfile.o
CLogFile::Close()                   0x200     	logfile.o
CLogFile::Close()                   0x254     	logfile.o
CLogFile::open()                    0x31c     	logfile.o
CLogFile::open()                    0x680     	logfile.o
CLogFile::close()                   0x298     	logfile.o
CLogFile::close()                   0x7d0     	logfile.o
strcat                              0x5e0     	logfile.o
strcat                              0xb60     	slist.o
strcat                              0xb9c     	slist.o
strcat                              0xbb4     	slist.o
strcpy                              0x84      	logfile.o
strcpy                              0x14c     	logfile.o
strcpy                              0x298     	slist.o
strcpy                              0x380     	slist.o
strcpy                              0xb2c     	slist.o
strcpy                              0xc50     	slist.o
strcpy                              0xed8     	slist.o
strcpy                              0x1044    	slist.o
strcpy                              0x2d58    	svrlink.o
strcpy                              0x2e2c    	svrlink.o
strcpy                              0x1930    	tcp.o
strcpy                              0x1a38    	tcp.o
vtable for __cxxabiv1::__class_type_info0x0       	logfile.o
vtable for __cxxabiv1::__class_type_info0x0       	slist.o
vtable for __cxxabiv1::__class_type_info0x0       	svrlink.o
vtable for __cxxabiv1::__class_type_info0x0       	tcp.o
sprintf                             0x464     	logfile.o
sprintf                             0x4e0     	logfile.o
sprintf                             0x950     	logfile.o
sprintf                             0x988     	logfile.o
sprintf                             0xa38     	logfile.o
sprintf                             0xa68     	mypub.o
sprintf                             0xae4     	mypub.o
sprintf                             0x9f4     	profile.o
sprintf                             0x5d4     	svrlink.o
sprintf                             0x894     	svrlink.o
sprintf                             0x6820    	svrlink.o
sprintf                             0x330     	tcp.o
sprintf                             0x354     	tcp.o
sprintf                             0x378     	tcp.o
sprintf                             0x39c     	tcp.o
sprintf                             0x3c0     	tcp.o
sprintf                             0x3e4     	tcp.o
sprintf                             0x408     	tcp.o
sprintf                             0x42c     	tcp.o
sprintf                             0x450     	tcp.o
sprintf                             0x474     	tcp.o
sprintf                             0x498     	tcp.o
sprintf                             0x4bc     	tcp.o
sprintf                             0x4e0     	tcp.o
sprintf                             0x504     	tcp.o
sprintf                             0x528     	tcp.o
sprintf                             0x54c     	tcp.o
sprintf                             0x570     	tcp.o
sprintf                             0x594     	tcp.o
sprintf                             0x5b8     	tcp.o
sprintf                             0x5dc     	tcp.o
sprintf                             0x600     	tcp.o
sprintf                             0x624     	tcp.o
sprintf                             0x648     	tcp.o
sprintf                             0x66c     	tcp.o
sprintf                             0x690     	tcp.o
sprintf                             0x6b4     	tcp.o
sprintf                             0x6d8     	tcp.o
sprintf                             0x6fc     	tcp.o
sprintf                             0x720     	tcp.o
sprintf                             0x744     	tcp.o
sprintf                             0x768     	tcp.o
sprintf                             0x78c     	tcp.o
sprintf                             0x7b0     	tcp.o
sprintf                             0x7d4     	tcp.o
sprintf                             0x7f8     	tcp.o
sprintf                             0x81c     	tcp.o
sprintf                             0x840     	tcp.o
sprintf                             0x864     	tcp.o
sprintf                             0x888     	tcp.o
sprintf                             0x8ac     	tcp.o
sprintf                             0x8d0     	tcp.o
sprintf                             0x8f4     	tcp.o
sprintf                             0x918     	tcp.o
sprintf                             0x93c     	tcp.o
sprintf                             0x960     	tcp.o
sprintf                             0x984     	tcp.o
sprintf                             0x9a8     	tcp.o
sprintf                             0x9cc     	tcp.o
sprintf                             0x9f0     	tcp.o
sprintf                             0xa14     	tcp.o
sprintf                             0xa38     	tcp.o
sprintf                             0xa5c     	tcp.o
sprintf                             0xa80     	tcp.o
sprintf                             0xaa4     	tcp.o
sprintf                             0xac8     	tcp.o
sprintf                             0xaec     	tcp.o
sprintf                             0xb10     	tcp.o
sprintf                             0xb34     	tcp.o
sprintf                             0xb58     	tcp.o
sprintf                             0xb7c     	tcp.o
sprintf                             0xba0     	tcp.o
sprintf                             0xbc4     	tcp.o
sprintf                             0xbe8     	tcp.o
sprintf                             0xc0c     	tcp.o
sprintf                             0xc30     	tcp.o
sprintf                             0xc54     	tcp.o
sprintf                             0xc78     	tcp.o
sprintf                             0xc9c     	tcp.o
sprintf                             0xcc0     	tcp.o
sprintf                             0xce4     	tcp.o
sprintf                             0xd08     	tcp.o
sprintf                             0xd2c     	tcp.o
sprintf                             0xd50     	tcp.o
sprintf                             0xd74     	tcp.o
sprintf                             0xd98     	tcp.o
sprintf                             0xdbc     	tcp.o
sprintf                             0xde0     	tcp.o
sprintf                             0xe04     	tcp.o
sprintf                             0xe28     	tcp.o
sprintf                             0xe4c     	tcp.o
sprintf                             0xe70     	tcp.o
sprintf                             0xe94     	tcp.o
sprintf                             0xeb8     	tcp.o
sprintf                             0xedc     	tcp.o
sprintf                             0xf00     	tcp.o
sprintf                             0xf24     	tcp.o
sprintf                             0xf48     	tcp.o
sprintf                             0xf6c     	tcp.o
sprintf                             0xf90     	tcp.o
sprintf                             0xfb4     	tcp.o
sprintf                             0xfd8     	tcp.o
sprintf                             0xffc     	tcp.o
sprintf                             0x1020    	tcp.o
sprintf                             0x1044    	tcp.o
sprintf                             0x1068    	tcp.o
sprintf                             0x108c    	tcp.o
sprintf                             0x10b0    	tcp.o
sprintf                             0x10d4    	tcp.o
sprintf                             0x10f8    	tcp.o
sprintf                             0x111c    	tcp.o
sprintf                             0x1140    	tcp.o
sprintf                             0x1164    	tcp.o
sprintf                             0x1188    	tcp.o
sprintf                             0x11ac    	tcp.o
sprintf                             0x11d0    	tcp.o
sprintf                             0x11f4    	tcp.o
sprintf                             0x1218    	tcp.o
sprintf                             0x123c    	tcp.o
sprintf                             0x1260    	tcp.o
localtime                           0x3ac     	logfile.o
localtime                           0x848     	logfile.o
localtime                           0x52c     	mypub.o
time                                0x390     	logfile.o
time                                0x7a8     	logfile.o
time                                0x834     	logfile.o
time                                0xaa0     	logfile.o
time                                0x4e0     	mypub.o
time                                0xa18     	mypub.o
vtable for CLogFile                 0x14      	logfile.o
vtable for CLogFile                 0x18      	logfile.o
vtable for CLogFile                 0xdc      	logfile.o
vtable for CLogFile                 0xe0      	logfile.o
vtable for CLogFile                 0x19c     	logfile.o
vtable for CLogFile                 0x1a0     	logfile.o
vtable for CLogFile                 0x1f0     	logfile.o
vtable for CLogFile                 0x1f4     	logfile.o
vtable for CLogFile                 0x244     	logfile.o
vtable for CLogFile                 0x248     	logfile.o
typeinfo for CLogFile               0x4       	logfile.o
typeinfo name for CLogFile          0x4       	logfile.o
access                              0x8d4     	logfile.o
getfmttime::tstr                    0x518     	mypub.o
getfmttime::tstr                    0x51c     	mypub.o
<unknown>                           0x56c     	mypub.o
<unknown>                           0x570     	mypub.o
<unknown>                           0x5a4     	mypub.o
<unknown>                           0x5a8     	mypub.o
<unknown>                           0x5dc     	mypub.o
<unknown>                           0x5e0     	mypub.o
<unknown>                           0x614     	mypub.o
<unknown>                           0x618     	mypub.o
<unknown>                           0x64c     	mypub.o
<unknown>                           0x650     	mypub.o
<unknown>                           0x674     	mypub.o
<unknown>                           0x678     	mypub.o
<unknown>                           0x6ac     	mypub.o
<unknown>                           0x6b0     	mypub.o
<unknown>                           0x71c     	mypub.o
<unknown>                           0x720     	mypub.o
<unknown>                           0x760     	mypub.o
<unknown>                           0x764     	mypub.o
<unknown>                           0x800     	mypub.o
<unknown>                           0x804     	mypub.o
<unknown>                           0x81c     	mypub.o
<unknown>                           0x820     	mypub.o
<unknown>                           0x908     	mypub.o
<unknown>                           0x90c     	mypub.o
<unknown>                           0x910     	mypub.o
<unknown>                           0x914     	mypub.o
<unknown>                           0x95c     	mypub.o
<unknown>                           0x960     	mypub.o
<unknown>                           0x9e0     	mypub.o
<unknown>                           0x9e8     	mypub.o
<unknown>                           0xa58     	mypub.o
<unknown>                           0xa5c     	mypub.o
<unknown>                           0xad4     	mypub.o
<unknown>                           0xad8     	mypub.o
mytrim                              0x1fc     	mypub.o
mytrim                              0x514     	profile.o
GetTickCount                        0xc34     	svrlink.o
GetTickCount                        0x62c0    	svrlink.o
GetTickCount                        0x6364    	svrlink.o
OnRemoveOverdueFile(char*, char*, int, char*)0xb74     	mypub.o
.div                                0x8d8     	mypub.o
.div                                0x1dbc    	tcp.o
OutErrorFile                        0x7c4     	mypub.o
usleep                              0x488     	mypub.o
Strncpy                             0x1ec     	mypub.o
Strncpy                             0x2e4     	mypub.o
Strncpy                             0x1274    	svrlink.o
Strncpy                             0x1290    	svrlink.o
Strncpy                             0x47bc    	svrlink.o
memcmp                              0x9f0     	mypub.o
opendir                             0xa74     	mypub.o
strftime                            0x578     	mypub.o
strftime                            0x5b0     	mypub.o
strftime                            0x5e8     	mypub.o
strftime                            0x620     	mypub.o
strftime                            0x658     	mypub.o
strftime                            0x680     	mypub.o
fwrite                              0x6e4     	mypub.o
stat                                0xb24     	mypub.o
strstr                              0x14      	mypub.o
closedir                            0xb94     	mypub.o
mytrim_r                            0x2f0     	mypub.o
gettimeofday                        0x8a8     	mypub.o
readdir                             0xaa4     	mypub.o
remove                              0xb58     	mypub.o
getfmttime                          0x750     	mypub.o
getfmttime                          0x944     	mypub.o
std::strstr(char*, char const*)     0xafc     	mypub.o
tc2_tc1                             0x6384    	svrlink.o
pFuncIni2Log                        0x8       	profile.o
pFuncIni2Log                        0xc       	profile.o
pFuncIni2Log                        0x97c     	profile.o
pFuncIni2Log                        0x980     	profile.o
pFuncIni2Log                        0x994     	profile.o
pFuncIni2Log                        0x998     	profile.o
<unknown>                           0xec      	profile.o
<unknown>                           0xf0      	profile.o
<unknown>                           0x9a0     	profile.o
<unknown>                           0x9a4     	profile.o
<unknown>                           0x9e8     	profile.o
<unknown>                           0x9ec     	profile.o
TIniFile::readEntry(char const*, char*, int, bool)0x8c4     	profile.o
TIniFile::Close()                   0x6c      	profile.o
TIniFile::Close()                   0x8c      	profile.o
fgets                               0xc90     	profile.o
TIniFile::in_close()                0xac      	profile.o
TIniFile::in_close()                0xdc      	profile.o
TIniFile::stripQuotationChar(char*) 0x7dc     	profile.o
strncmp                             0x334     	profile.o
TIniFile::textPos(char*, char const*)0x798     	profile.o
TIniFile::FGetS(char*, int, __FILE*)0x3a8     	profile.o
TIniFile::FGetS(char*, int, __FILE*)0x740     	profile.o
TIniFile::ReadString(char const*, char const*, char const*, char*, int)0xa1c     	profile.o
TIniFile::ReadString(char const*, char const*, char const*, char*, int)0xf00     	profile.o
TIniFile::out_close()               0xb8      	profile.o
memmove                             0x6d4     	profile.o
TIniFile::gotoSection(char const*)  0x894     	profile.o
strcmp                              0x528     	profile.o
TIniFile::LRTrim(char*)             0xf0c     	profile.o
TIniFile::isTitleLine(char*)        0x764     	profile.o
atoi                                0xa2c     	profile.o
atoi                                0x3878    	svrlink.o
atoi                                0x38d4    	svrlink.o
TIniFile::titlePos(char*, int*)     0x294     	profile.o
TIniFile::titlePos(char*, int*)     0x2e4     	profile.o
TIniFile::containTitle(char*, char const*)0x3d0     	profile.o
TIniFile::percolate(char*)          0x910     	profile.o
TIniFile::percolate(char*)          0xcc0     	profile.o
fseek                               0x388     	profile.o
fseek                               0x884     	profile.o
isspace                             0x168     	profile.o
isspace                             0x5b0     	profile.o
std::__ioinit                       0x12ac    	slist.o
std::__ioinit                       0x12b0    	slist.o
std::__ioinit                       0x12e4    	slist.o
std::__ioinit                       0x12e8    	slist.o
<unknown>                           0x290     	slist.o
<unknown>                           0x294     	slist.o
<unknown>                           0x378     	slist.o
<unknown>                           0x37c     	slist.o
<unknown>                           0x6ec     	slist.o
<unknown>                           0x6f0     	slist.o
<unknown>                           0xc48     	slist.o
<unknown>                           0xc4c     	slist.o
<unknown>                           0xed0     	slist.o
<unknown>                           0xed4     	slist.o
<unknown>                           0x103c    	slist.o
<unknown>                           0x1040    	slist.o
__gnu_cxx::new_allocator<std::_List_node<std::basic_string<char, std::char_traits<char>, std::allocator<char> > > >::~new_allocator()0xc       	slist.o
__gnu_cxx::new_allocator<std::_List_node<std::basic_string<char, std::char_traits<char>, std::allocator<char> > > >::~new_allocator()0xc       	slist.o
std::list<std::basic_string<char, std::char_traits<char>, std::allocator<char> >, std::allocator<std::basic_string<char, std::char_traits<char>, std::allocator<char> > > >::list(std::allocator<std::basic_string<char, std::char_traits<char>, std::allocator<char> > > const&)0x234     	slist.o
std::list<std::basic_string<char, std::char_traits<char>, std::allocator<char> >, std::allocator<std::basic_string<char, std::char_traits<char>, std::allocator<char> > > >::list(std::allocator<std::basic_string<char, std::char_traits<char>, std::allocator<char> > > const&)0x31c     	slist.o
std::allocator<std::basic_string<char, std::char_traits<char>, std::allocator<char> > >::allocator()0x218     	slist.o
std::allocator<std::basic_string<char, std::char_traits<char>, std::allocator<char> > >::allocator()0x300     	slist.o
CSList::trim(char*)                 0xb4c     	slist.o
__gnu_cxx::new_allocator<std::_List_node<std::basic_string<char, std::char_traits<char>, std::allocator<char> > > >::deallocate(std::_List_node<std::basic_string<char, std::char_traits<char>, std::allocator<char> > >*, unsigned int)0x18      	slist.o
typeinfo for CSList                 0x4       	slist.o
vtable for CSList                   0x204     	slist.o
vtable for CSList                   0x208     	slist.o
vtable for CSList                   0x2ec     	slist.o
vtable for CSList                   0x2f0     	slist.o
vtable for CSList                   0x3d4     	slist.o
vtable for CSList                   0x3d8     	slist.o
vtable for CSList                   0x478     	slist.o
vtable for CSList                   0x47c     	slist.o
vtable for CSList                   0x51c     	slist.o
vtable for CSList                   0x520     	slist.o
std::_List_iterator<std::basic_string<char, std::char_traits<char>, std::allocator<char> > >::_List_iterator(std::_List_node_base*)0x18      	slist.o
std::_List_iterator<std::basic_string<char, std::char_traits<char>, std::allocator<char> > >::_List_iterator(std::_List_node_base*)0x44      	slist.o
std::_List_iterator<std::basic_string<char, std::char_traits<char>, std::allocator<char> > >::_List_iterator(std::_List_node_base*)0x1c      	slist.o
std::_List_iterator<std::basic_string<char, std::char_traits<char>, std::allocator<char> > >::_List_iterator(std::_List_node_base*)0x14      	slist.o
typeinfo name for CSList            0x4       	slist.o
std::allocator<std::_List_node<std::basic_string<char, std::char_traits<char>, std::allocator<char> > > >::~allocator()0x4c      	slist.o
std::allocator<std::_List_node<std::basic_string<char, std::char_traits<char>, std::allocator<char> > > >::~allocator()0x6c      	slist.o
__cxa_begin_catch                   0xc3c     	slist.o
__cxa_begin_catch                   0x48      	slist.o
std::_List_node_base::unhook()      0x10      	slist.o
__gnu_cxx::new_allocator<std::_List_node<std::basic_string<char, std::char_traits<char>, std::allocator<char> > > >::new_allocator()0x10      	slist.o
operator new(unsigned int)          0x28      	slist.o
std::_List_node_base::hook(std::_List_node_base*)0x34      	slist.o
std::_List_node_base::hook(std::_List_node_base*)0x30      	slist.o
__gnu_cxx::new_allocator<std::basic_string<char, std::char_traits<char>, std::allocator<char> > >::new_allocator()0xc       	slist.o
std::_List_base<std::basic_string<char, std::char_traits<char>, std::allocator<char> >, std::allocator<std::basic_string<char, std::char_traits<char>, std::allocator<char> > > >::_List_base(std::allocator<std::basic_string<char, std::char_traits<char>, std::allocator<char> > > const&)0x14      	slist.o
std::allocator<std::basic_string<char, std::char_traits<char>, std::allocator<char> > >::~allocator()0x254     	slist.o
std::allocator<std::basic_string<char, std::char_traits<char>, std::allocator<char> > >::~allocator()0x274     	slist.o
std::allocator<std::basic_string<char, std::char_traits<char>, std::allocator<char> > >::~allocator()0x33c     	slist.o
std::allocator<std::basic_string<char, std::char_traits<char>, std::allocator<char> > >::~allocator()0x35c     	slist.o
std::list<std::basic_string<char, std::char_traits<char>, std::allocator<char> >, std::allocator<std::basic_string<char, std::char_traits<char>, std::allocator<char> > > >::erase(std::_List_iterator<std::basic_string<char, std::char_traits<char>, std::allocator<char> > >)0x93c     	slist.o
std::_List_iterator<std::basic_string<char, std::char_traits<char>, std::allocator<char> > >::operator!=(std::_List_iterator<std::basic_string<char, std::char_traits<char>, std::allocator<char> > > const&) const0xa9c     	slist.o
operator new(unsigned int, void*)   0x14      	slist.o
std::allocator<std::_List_node<std::basic_string<char, std::char_traits<char>, std::allocator<char> > > >::~allocator()0xc       	slist.o
__gnu_cxx::new_allocator<std::basic_string<char, std::char_traits<char>, std::allocator<char> > >::~new_allocator()0xc       	slist.o
std::_List_base<std::basic_string<char, std::char_traits<char>, std::allocator<char> >, std::allocator<std::basic_string<char, std::char_traits<char>, std::allocator<char> > > >::_M_get_node()0x10      	slist.o
std::_List_base<std::basic_string<char, std::char_traits<char>, std::allocator<char> >, std::allocator<std::basic_string<char, std::char_traits<char>, std::allocator<char> > > >::_List_impl::_List_impl(std::allocator<std::_List_node<std::basic_string<char, std::char_traits<char>, std::allocator<char> > > > const&)0x2c      	slist.o
std::list<std::basic_string<char, std::char_traits<char>, std::allocator<char> >, std::allocator<std::basic_string<char, std::char_traits<char>, std::allocator<char> > > >::_M_insert(std::_List_iterator<std::basic_string<char, std::char_traits<char>, std::allocator<char> > >, std::basic_string<char, std::char_traits<char>, std::allocator<char> > const&)0x34      	slist.o
std::list<std::basic_string<char, std::char_traits<char>, std::allocator<char> >, std::allocator<std::basic_string<char, std::char_traits<char>, std::allocator<char> > > >::end()0xa80     	slist.o
std::list<std::basic_string<char, std::char_traits<char>, std::allocator<char> >, std::allocator<std::basic_string<char, std::char_traits<char>, std::allocator<char> > > >::end()0x18      	slist.o
std::_List_base<std::basic_string<char, std::char_traits<char>, std::allocator<char> >, std::allocator<std::basic_string<char, std::char_traits<char>, std::allocator<char> > > >::_M_clear()0xc       	slist.o
std::_List_base<std::basic_string<char, std::char_traits<char>, std::allocator<char> >, std::allocator<std::basic_string<char, std::char_traits<char>, std::allocator<char> > > >::_M_clear()0xc       	slist.o
std::_List_base<std::basic_string<char, std::char_traits<char>, std::allocator<char> >, std::allocator<std::basic_string<char, std::char_traits<char>, std::allocator<char> > > >::_M_put_node(std::_List_node<std::basic_string<char, std::char_traits<char>, std::allocator<char> > >*)0x58      	slist.o
std::_List_base<std::basic_string<char, std::char_traits<char>, std::allocator<char> >, std::allocator<std::basic_string<char, std::char_traits<char>, std::allocator<char> > > >::_M_put_node(std::_List_node<std::basic_string<char, std::char_traits<char>, std::allocator<char> > >*)0x58      	slist.o
std::_List_base<std::basic_string<char, std::char_traits<char>, std::allocator<char> >, std::allocator<std::basic_string<char, std::char_traits<char>, std::allocator<char> > > >::_M_put_node(std::_List_node<std::basic_string<char, std::char_traits<char>, std::allocator<char> > >*)0x3c      	slist.o
std::_List_iterator<std::basic_string<char, std::char_traits<char>, std::allocator<char> > >::operator++(int)0x764     	slist.o
std::_List_iterator<std::basic_string<char, std::char_traits<char>, std::allocator<char> > >::operator++(int)0x854     	slist.o
std::_List_iterator<std::basic_string<char, std::char_traits<char>, std::allocator<char> > >::operator++(int)0xbdc     	slist.o
void std::_Destroy<std::basic_string<char, std::char_traits<char>, std::allocator<char> > >(std::basic_string<char, std::char_traits<char>, std::allocator<char> >*)0x48      	slist.o
void std::_Destroy<std::basic_string<char, std::char_traits<char>, std::allocator<char> > >(std::basic_string<char, std::char_traits<char>, std::allocator<char> >*)0x2c      	slist.o
std::basic_string<char, std::char_traits<char>, std::allocator<char> >::~basic_string()0x664     	slist.o
std::basic_string<char, std::char_traits<char>, std::allocator<char> >::~basic_string()0x68c     	slist.o
std::basic_string<char, std::char_traits<char>, std::allocator<char> >::~basic_string()0x960     	slist.o
std::basic_string<char, std::char_traits<char>, std::allocator<char> >::~basic_string()0x980     	slist.o
std::basic_string<char, std::char_traits<char>, std::allocator<char> >::~basic_string()0xc       	slist.o
std::list<std::basic_string<char, std::char_traits<char>, std::allocator<char> >, std::allocator<std::basic_string<char, std::char_traits<char>, std::allocator<char> > > >::clear()0x3ec     	slist.o
std::list<std::basic_string<char, std::char_traits<char>, std::allocator<char> >, std::allocator<std::basic_string<char, std::char_traits<char>, std::allocator<char> > > >::clear()0x490     	slist.o
std::list<std::basic_string<char, std::char_traits<char>, std::allocator<char> >, std::allocator<std::basic_string<char, std::char_traits<char>, std::allocator<char> > > >::clear()0x534     	slist.o
std::list<std::basic_string<char, std::char_traits<char>, std::allocator<char> >, std::allocator<std::basic_string<char, std::char_traits<char>, std::allocator<char> > > >::clear()0x9cc     	slist.o
std::list<std::basic_string<char, std::char_traits<char>, std::allocator<char> >, std::allocator<std::basic_string<char, std::char_traits<char>, std::allocator<char> > > >::insert(std::_List_iterator<std::basic_string<char, std::char_traits<char>, std::allocator<char> > >, std::basic_string<char, std::char_traits<char>, std::allocator<char> > const&)0x90c     	slist.o
std::allocator<std::_List_node<std::basic_string<char, std::char_traits<char>, std::allocator<char> > > >::allocator(std::allocator<std::_List_node<std::basic_string<char, std::char_traits<char>, std::allocator<char> > > > const&)0x14      	slist.o
__cxa_end_catch                     0xc80     	slist.o
__cxa_end_catch                     0xcb0     	slist.o
__cxa_end_catch                     0x70      	slist.o
std::ios_base::Init::Init()         0x12b4    	slist.o
std::basic_string<char, std::char_traits<char>, std::allocator<char> >::size() const0x14      	slist.o
CSList::Clear()                     0xd48     	slist.o
__gnu_cxx::new_allocator<std::_List_node<std::basic_string<char, std::char_traits<char>, std::allocator<char> > > >::allocate(unsigned int, void const*)0x14      	slist.o
std::_List_base<std::basic_string<char, std::char_traits<char>, std::allocator<char> >, std::allocator<std::basic_string<char, std::char_traits<char>, std::allocator<char> > > >::_M_init()0x18      	slist.o
std::_List_base<std::basic_string<char, std::char_traits<char>, std::allocator<char> >, std::allocator<std::basic_string<char, std::char_traits<char>, std::allocator<char> > > >::_M_init()0x78      	slist.o
std::allocator<char>::allocator()   0x5c8     	slist.o
std::allocator<char>::allocator()   0x87c     	slist.o
std::list<std::basic_string<char, std::char_traits<char>, std::allocator<char> >, std::allocator<std::basic_string<char, std::char_traits<char>, std::allocator<char> > > >::_M_create_node(std::basic_string<char, std::char_traits<char>, std::allocator<char> > const&)0x1c      	slist.o
std::list<std::basic_string<char, std::char_traits<char>, std::allocator<char> >, std::allocator<std::basic_string<char, std::char_traits<char>, std::allocator<char> > > >::_M_create_node(std::basic_string<char, std::char_traits<char>, std::allocator<char> > const&)0x18      	slist.o
void std::_Construct<std::basic_string<char, std::char_traits<char>, std::allocator<char> >, std::basic_string<char, std::char_traits<char>, std::allocator<char> > >(std::basic_string<char, std::char_traits<char>, std::allocator<char> >*, std::basic_string<char, std::char_traits<char>, std::allocator<char> > const&)0x30      	slist.o
std::list<std::basic_string<char, std::char_traits<char>, std::allocator<char> >, std::allocator<std::basic_string<char, std::char_traits<char>, std::allocator<char> > > >::~list()0x2bc     	slist.o
std::list<std::basic_string<char, std::char_traits<char>, std::allocator<char> >, std::allocator<std::basic_string<char, std::char_traits<char>, std::allocator<char> > > >::~list()0x3a4     	slist.o
std::list<std::basic_string<char, std::char_traits<char>, std::allocator<char> >, std::allocator<std::basic_string<char, std::char_traits<char>, std::allocator<char> > > >::~list()0x410     	slist.o
std::list<std::basic_string<char, std::char_traits<char>, std::allocator<char> >, std::allocator<std::basic_string<char, std::char_traits<char>, std::allocator<char> > > >::~list()0x434     	slist.o
std::list<std::basic_string<char, std::char_traits<char>, std::allocator<char> >, std::allocator<std::basic_string<char, std::char_traits<char>, std::allocator<char> > > >::~list()0x4b4     	slist.o
std::list<std::basic_string<char, std::char_traits<char>, std::allocator<char> >, std::allocator<std::basic_string<char, std::char_traits<char>, std::allocator<char> > > >::~list()0x4d8     	slist.o
std::list<std::basic_string<char, std::char_traits<char>, std::allocator<char> >, std::allocator<std::basic_string<char, std::char_traits<char>, std::allocator<char> > > >::~list()0x558     	slist.o
std::list<std::basic_string<char, std::char_traits<char>, std::allocator<char> >, std::allocator<std::basic_string<char, std::char_traits<char>, std::allocator<char> > > >::~list()0x57c     	slist.o
__gnu_cxx::new_allocator<std::_List_node<std::basic_string<char, std::char_traits<char>, std::allocator<char> > > >::new_allocator(__gnu_cxx::new_allocator<std::_List_node<std::basic_string<char, std::char_traits<char>, std::allocator<char> > > > const&)0x14      	slist.o
std::_List_base<std::basic_string<char, std::char_traits<char>, std::allocator<char> >, std::allocator<std::basic_string<char, std::char_traits<char>, std::allocator<char> > > >::~_List_base()0xc       	slist.o
std::_List_base<std::basic_string<char, std::char_traits<char>, std::allocator<char> >, std::allocator<std::basic_string<char, std::char_traits<char>, std::allocator<char> > > >::_List_impl::~_List_impl()0x28      	slist.o
std::_List_base<std::basic_string<char, std::char_traits<char>, std::allocator<char> >, std::allocator<std::basic_string<char, std::char_traits<char>, std::allocator<char> > > >::_List_impl::~_List_impl()0x44      	slist.o
std::_List_base<std::basic_string<char, std::char_traits<char>, std::allocator<char> >, std::allocator<std::basic_string<char, std::char_traits<char>, std::allocator<char> > > >::_List_impl::~_List_impl()0x94      	slist.o
CSList::Add(char*)                  0xf04     	slist.o
CSList::Add(char*)                  0xfe0     	slist.o
CSList::Add(char*)                  0x1064    	slist.o
std::_List_iterator<std::basic_string<char, std::char_traits<char>, std::allocator<char> > >::_List_iterator()0x708     	slist.o
std::_List_iterator<std::basic_string<char, std::char_traits<char>, std::allocator<char> > >::_List_iterator()0x7f8     	slist.o
std::_List_iterator<std::basic_string<char, std::char_traits<char>, std::allocator<char> > >::_List_iterator()0xa3c     	slist.o
std::basic_string<char, std::char_traits<char>, std::allocator<char> >::basic_string(char const*, std::allocator<char> const&)0x5e4     	slist.o
std::basic_string<char, std::char_traits<char>, std::allocator<char> >::basic_string(char const*, std::allocator<char> const&)0x898     	slist.o
std::list<std::basic_string<char, std::char_traits<char>, std::allocator<char> >, std::allocator<std::basic_string<char, std::char_traits<char>, std::allocator<char> > > >::push_back(std::basic_string<char, std::char_traits<char>, std::allocator<char> > const&)0x640     	slist.o
std::basic_string<char, std::char_traits<char>, std::allocator<char> >::basic_string(std::basic_string<char, std::char_traits<char>, std::allocator<char> > const&)0x38      	slist.o
std::list<std::basic_string<char, std::char_traits<char>, std::allocator<char> >, std::allocator<std::basic_string<char, std::char_traits<char>, std::allocator<char> > > >::begin()0x724     	slist.o
std::list<std::basic_string<char, std::char_traits<char>, std::allocator<char> >, std::allocator<std::basic_string<char, std::char_traits<char>, std::allocator<char> > > >::begin()0x814     	slist.o
std::list<std::basic_string<char, std::char_traits<char>, std::allocator<char> >, std::allocator<std::basic_string<char, std::char_traits<char>, std::allocator<char> > > >::begin()0xa58     	slist.o
std::basic_string<char, std::char_traits<char>, std::allocator<char> >::operator[](unsigned int) const0x9c      	slist.o
std::basic_string<char, std::char_traits<char>, std::allocator<char> >::operator[](unsigned int) const0x128     	slist.o
std::basic_string<char, std::char_traits<char>, std::allocator<char> >::operator[](unsigned int) const0x184     	slist.o
std::ios_base::Init::~Init()        0x12ec    	slist.o
std::_List_iterator<std::basic_string<char, std::char_traits<char>, std::allocator<char> > >::operator->() const0x78c     	slist.o
std::_List_iterator<std::basic_string<char, std::char_traits<char>, std::allocator<char> > >::operator->() const0xaf8     	slist.o
std::_List_iterator<std::basic_string<char, std::char_traits<char>, std::allocator<char> > >::operator->() const0xb78     	slist.o
unsigned int const& std::min<unsigned int>(unsigned int const&, unsigned int const&)0x44      	slist.o
std::allocator<char>::~allocator()  0x604     	slist.o
std::allocator<char>::~allocator()  0x624     	slist.o
std::allocator<char>::~allocator()  0x8b8     	slist.o
std::allocator<char>::~allocator()  0x8d8     	slist.o
operator delete(void*, void*)       0x58      	slist.o
CSList::~CSList()                   0xc       	slist.o
std::basic_string<char, std::char_traits<char>, std::allocator<char> >::c_str() const0x79c     	slist.o
std::basic_string<char, std::char_traits<char>, std::allocator<char> >::c_str() const0xb08     	slist.o
std::basic_string<char, std::char_traits<char>, std::allocator<char> >::c_str() const0xb88     	slist.o
CSList::~CSList()                   0x8       	slist.o
std::list<std::basic_string<char, std::char_traits<char>, std::allocator<char> >, std::allocator<std::basic_string<char, std::char_traits<char>, std::allocator<char> > > >::_M_erase(std::_List_iterator<std::basic_string<char, std::char_traits<char>, std::allocator<char> > >)0x38      	slist.o
__cxa_rethrow                       0x60      	slist.o
std::allocator<std::_List_node<std::basic_string<char, std::char_traits<char>, std::allocator<char> > > >::allocator<std::basic_string<char, std::char_traits<char>, std::allocator<char> > >(std::allocator<std::basic_string<char, std::char_traits<char>, std::allocator<char> > > const&)0x18      	slist.o
<unknown>                           0x5c4     	svrlink.o
<unknown>                           0x5c8     	svrlink.o
<unknown>                           0x5f4     	svrlink.o
<unknown>                           0x5f8     	svrlink.o
<unknown>                           0x5fc     	svrlink.o
<unknown>                           0x600     	svrlink.o
<unknown>                           0x820     	svrlink.o
<unknown>                           0x824     	svrlink.o
<unknown>                           0x884     	svrlink.o
<unknown>                           0x888     	svrlink.o
<unknown>                           0x8b4     	svrlink.o
<unknown>                           0x8b8     	svrlink.o
<unknown>                           0x8bc     	svrlink.o
<unknown>                           0x8c0     	svrlink.o
<unknown>                           0x91c     	svrlink.o
<unknown>                           0x920     	svrlink.o
<unknown>                           0x924     	svrlink.o
<unknown>                           0x928     	svrlink.o
<unknown>                           0x930     	svrlink.o
<unknown>                           0x934     	svrlink.o
<unknown>                           0xb08     	svrlink.o
<unknown>                           0xb0c     	svrlink.o
<unknown>                           0xb10     	svrlink.o
<unknown>                           0xb14     	svrlink.o
<unknown>                           0xb1c     	svrlink.o
<unknown>                           0xb20     	svrlink.o
<unknown>                           0xdb8     	svrlink.o
<unknown>                           0xdbc     	svrlink.o
<unknown>                           0xdc0     	svrlink.o
<unknown>                           0xdc4     	svrlink.o
<unknown>                           0xdcc     	svrlink.o
<unknown>                           0xdd0     	svrlink.o
<unknown>                           0x2e54    	svrlink.o
<unknown>                           0x2e58    	svrlink.o
<unknown>                           0x3920    	svrlink.o
<unknown>                           0x3924    	svrlink.o
<unknown>                           0x3928    	svrlink.o
<unknown>                           0x392c    	svrlink.o
<unknown>                           0x3934    	svrlink.o
<unknown>                           0x3938    	svrlink.o
<unknown>                           0x3d4c    	svrlink.o
<unknown>                           0x3d50    	svrlink.o
<unknown>                           0x3d54    	svrlink.o
<unknown>                           0x3d58    	svrlink.o
<unknown>                           0x3d60    	svrlink.o
<unknown>                           0x3d64    	svrlink.o
<unknown>                           0x64fc    	svrlink.o
<unknown>                           0x6500    	svrlink.o
<unknown>                           0x6810    	svrlink.o
<unknown>                           0x6814    	svrlink.o
<unknown>                           0x6848    	svrlink.o
<unknown>                           0x684c    	svrlink.o
<unknown>                           0x6850    	svrlink.o
<unknown>                           0x6854    	svrlink.o
<unknown>                           0x68a0    	svrlink.o
<unknown>                           0x68a4    	svrlink.o
<unknown>                           0x68a8    	svrlink.o
<unknown>                           0x68ac    	svrlink.o
<unknown>                           0x6df4    	svrlink.o
<unknown>                           0x6df8    	svrlink.o
<unknown>                           0x6dfc    	svrlink.o
<unknown>                           0x6e00    	svrlink.o
<unknown>                           0x6e08    	svrlink.o
<unknown>                           0x6e0c    	svrlink.o
<unknown>                           0x7000    	svrlink.o
<unknown>                           0x7004    	svrlink.o
CSvrLink::~CSvrLink()               0xc       	svrlink.o
vtable for CSvrLink                 0x270     	svrlink.o
vtable for CSvrLink                 0x274     	svrlink.o
vtable for CSvrLink                 0x2bc     	svrlink.o
vtable for CSvrLink                 0x2c0     	svrlink.o
vtable for CSvrLink                 0x308     	svrlink.o
vtable for CSvrLink                 0x30c     	svrlink.o
vtable for CSvrLink                 0x364     	svrlink.o
vtable for CSvrLink                 0x368     	svrlink.o
vtable for CSvrLink                 0x3c0     	svrlink.o
vtable for CSvrLink                 0x3c4     	svrlink.o
CSvrLink::PushDataEx(TPUSHDEST*, int, void*, int, char, int)0x1c0c    	svrlink.o
CTcpSocket::Send(char*, int)        0xd5c     	svrlink.o
iDefaultAnswerMode                  0x494     	svrlink.o
iDefaultAnswerMode                  0x498     	svrlink.o
iDefaultAnswerMode                  0x5fb8    	svrlink.o
iDefaultAnswerMode                  0x5fbc    	svrlink.o
iDefaultAnswerMode                  0x6218    	svrlink.o
iDefaultAnswerMode                  0x621c    	svrlink.o
CXPack::GetPackLength()             0x45e8    	svrlink.o
CXPack::GetPackLength()             0x60ac    	svrlink.o
typeinfo name for CSvrLink          0x4       	svrlink.o
ModifyHead                          0x19f4    	svrlink.o
ModifyHead                          0x3460    	svrlink.o
ModifyHead                          0x363c    	svrlink.o
ModifyHead                          0x3e60    	svrlink.o
CSvrLink::ExtCall(int, int, int, int, int, void*, int, char*, int&)0x3ef4    	svrlink.o
CTcpSocket::~CTcpSocket()           0x320     	svrlink.o
CTcpSocket::~CTcpSocket()           0x37c     	svrlink.o
CTcpSocket::~CTcpSocket()           0x3d8     	svrlink.o
CTcpSocket::~CTcpSocket()           0x8       	tcp.o
CSvrLink::SMLockCmd(int, short)     0x5bf0    	svrlink.o
CSvrLink::SMLockCmd(int, short)     0x5c24    	svrlink.o
CSvrLink::SMLockCmd(int, short)     0x5c58    	svrlink.o
typeinfo for CSvrLink               0x4       	svrlink.o
CSvrLink::GetRecvMsg()              0x664     	svrlink.o
CSvrLink::GetRecvMsg()              0xfe0     	svrlink.o
CSvrLink::GetRecvMsg()              0x36f8    	svrlink.o
CSvrLink::GetRecvMsg()              0x3b0c    	svrlink.o
CSvrLink::GetRecvMsg()              0x414c    	svrlink.o
CSvrLink::GetRecvMsg()              0x4abc    	svrlink.o
CSvrLink::GetRecvMsg()              0x5058    	svrlink.o
CSvrLink::GetRecvMsg()              0x55c0    	svrlink.o
CSvrLink::GetRecvMsg()              0x5aa8    	svrlink.o
CSvrLink::GetRecvMsg()              0x5d2c    	svrlink.o
CSvrLink::GetRecvMsg()              0x6bb0    	svrlink.o
CSvrLink::PushRowEx(TPUSHDEST*, int, _ST_PACK*, char, int, int)0x2f20    	svrlink.o
CXPack::AddField(void*, char const*, char const*, _ST_PACKHEAD*)0x2e60    	svrlink.o
CTcpSocket::IsFree()                0xe34     	svrlink.o
CTcpSocket::IsFree()                0xe94     	svrlink.o
malloc                              0x60d4    	svrlink.o
CTcpSocket::GetLastError(char*, int)0x5ac     	svrlink.o
CTcpSocket::GetLastError(char*, int)0x86c     	svrlink.o
CTcpSocket::GetLastError(char*, int)0x1834    	tcp.o
CTcpSocket::GetLastError(char*, int)0x1b5c    	tcp.o
CTcpSocket::CTcpSocket()            0x288     	svrlink.o
CTcpSocket::CTcpSocket()            0x2d4     	svrlink.o
DecodeBufWithArray                  0x3bac    	svrlink.o
DecodeBufWithArray                  0x614c    	svrlink.o
DecodeBufWithArray                  0x6c8c    	svrlink.o
CTcpSocket::Recv(char*, int, int)   0x9c0     	svrlink.o
CTcpSocket::Recv(char*, int, int)   0xbc8     	svrlink.o
CSvrLink::ExtTransfer(unsigned short, unsigned short, _ST_CPACK*, _ST_PACK*)0x758c    	svrlink.o
CSvrLink::IntCall(char*, int, _ST_CPACK*, _ST_CPACK*, _ST_PACK*)0x7018    	svrlink.o
CSvrLink::PushData(int, int, int, int, char, int, void*, int)0x368c    	svrlink.o
free                                0x68e0    	svrlink.o
EncodeRow                           0x1520    	svrlink.o
EncodeRow                           0x2ae0    	svrlink.o
EncodeRow                           0x34ec    	svrlink.o
GetDefaultXPack                     0x2dcc    	svrlink.o
GetDefaultXPack                     0x45d8    	svrlink.o
GetDefaultXPack                     0x609c    	svrlink.o
CSvrLink::SendMsg(short, unsigned short, void*)0x24c     	svrlink.o
CSvrLink::SendMsg(short, unsigned short, void*)0x578     	svrlink.o
CSvrLink::SendMsg(short, unsigned short, void*)0xf80     	svrlink.o
CSvrLink::SendMsg(short, unsigned short, void*)0x12f8    	svrlink.o
CSvrLink::SendMsg(short, unsigned short, void*)0x145c    	svrlink.o
CSvrLink::SendMsg(short, unsigned short, void*)0x1560    	svrlink.o
CSvrLink::SendMsg(short, unsigned short, void*)0x17a4    	svrlink.o
CSvrLink::SendMsg(short, unsigned short, void*)0x1b84    	svrlink.o
CSvrLink::SendMsg(short, unsigned short, void*)0x21c4    	svrlink.o
CSvrLink::SendMsg(short, unsigned short, void*)0x279c    	svrlink.o
CSvrLink::SendMsg(short, unsigned short, void*)0x2a00    	svrlink.o
CSvrLink::SendMsg(short, unsigned short, void*)0x2b54    	svrlink.o
CSvrLink::SendMsg(short, unsigned short, void*)0x2be4    	svrlink.o
CSvrLink::SendMsg(short, unsigned short, void*)0x2d9c    	svrlink.o
CSvrLink::SendMsg(short, unsigned short, void*)0x3558    	svrlink.o
CSvrLink::SendMsg(short, unsigned short, void*)0x4234    	svrlink.o
CSvrLink::SendMsg(short, unsigned short, void*)0x4498    	svrlink.o
CSvrLink::SendMsg(short, unsigned short, void*)0x4640    	svrlink.o
CSvrLink::SendMsg(short, unsigned short, void*)0x4800    	svrlink.o
CSvrLink::SendMsg(short, unsigned short, void*)0x483c    	svrlink.o
CSvrLink::SendMsg(short, unsigned short, void*)0x488c    	svrlink.o
CSvrLink::SendMsg(short, unsigned short, void*)0x48c0    	svrlink.o
CSvrLink::SendMsg(short, unsigned short, void*)0x4a00    	svrlink.o
CSvrLink::SendMsg(short, unsigned short, void*)0x4f9c    	svrlink.o
CSvrLink::SendMsg(short, unsigned short, void*)0x5504    	svrlink.o
CSvrLink::SendMsg(short, unsigned short, void*)0x59fc    	svrlink.o
CSvrLink::SendMsg(short, unsigned short, void*)0x5cc4    	svrlink.o
CSvrLink::SendMsg(short, unsigned short, void*)0x6b44    	svrlink.o
CSvrLink::SendMsg(short, unsigned short, void*)0x72c8    	svrlink.o
CSvrLink::SendMsg(short, unsigned short, void*)0x754c    	svrlink.o
CSvrLink::RecvMsg(int)              0x630     	svrlink.o
CSvrLink::RecvMsg(int)              0xfbc     	svrlink.o
CSvrLink::RecvMsg(int)              0x36d4    	svrlink.o
CSvrLink::RecvMsg(int)              0x3ae8    	svrlink.o
CSvrLink::RecvMsg(int)              0x4128    	svrlink.o
CSvrLink::RecvMsg(int)              0x4a80    	svrlink.o
CSvrLink::RecvMsg(int)              0x501c    	svrlink.o
CSvrLink::RecvMsg(int)              0x5584    	svrlink.o
CSvrLink::RecvMsg(int)              0x5a6c    	svrlink.o
CSvrLink::RecvMsg(int)              0x5d08    	svrlink.o
CSvrLink::RecvMsg(int)              0x6b8c    	svrlink.o
CSvrLink::DataDone(int, char*)      0x6064    	svrlink.o
CSvrLink::DataDone(int, char*)      0x63b8    	svrlink.o
ResetMsgHead(MSGHEAD*, short, unsigned short)0xcd4     	svrlink.o
DecodeHead                          0x35d4    	svrlink.o
DecodeHead                          0x37b4    	svrlink.o
DecodeHead                          0x5f44    	svrlink.o
CSvrLink::Close()                   0x1158    	svrlink.o
CTcpSocket::Close()                 0x460     	svrlink.o
CTcpSocket::Close()                 0x904     	svrlink.o
CTcpSocket::Close()                 0xb38     	svrlink.o
CTcpSocket::Close()                 0xc18     	svrlink.o
CTcpSocket::Close()                 0xe68     	svrlink.o
CTcpSocket::Close()                 0x184     	tcp.o
CTcpSocket::Close()                 0x1d8     	tcp.o
CTcpSocket::Close()                 0x22c     	tcp.o
CTcpSocket::Close()                 0x14bc    	tcp.o
CTcpSocket::Close()                 0x1660    	tcp.o
CTcpSocket::Close()                 0x169c    	tcp.o
CTcpSocket::Close()                 0x16dc    	tcp.o
CTcpSocket::Close()                 0x17b4    	tcp.o
CTcpSocket::Close()                 0x1848    	tcp.o
CTcpSocket::Close()                 0x1960    	tcp.o
CTcpSocket::Close()                 0x1b90    	tcp.o
CTcpSocket::Close()                 0x1c84    	tcp.o
CTcpSocket::Close()                 0x1e48    	tcp.o
EncodeBufArray                      0x1b20    	svrlink.o
EncodeBufArray                      0x2730    	svrlink.o
EncodeBufArray                      0x7274    	svrlink.o
EncodeBufArray                      0x74f8    	svrlink.o
reverse(void*, int)                 0xa40     	svrlink.o
reverse(void*, int)                 0xa58     	svrlink.o
reverse(void*, int)                 0xa70     	svrlink.o
CTcpSocket::ConnectTcp(char*, short)0x534     	svrlink.o
EncodeBuf                           0x1ad0    	svrlink.o
EncodeBuf                           0x6b04    	svrlink.o
CSvrLink::CallBPFunction(MSGBUF*)     0x1208    	svrlink.o
<unknown>                           0x308     	tcp.o
<unknown>                           0x30c     	tcp.o
<unknown>                           0x324     	tcp.o
<unknown>                           0x328     	tcp.o
<unknown>                           0x348     	tcp.o
<unknown>                           0x34c     	tcp.o
<unknown>                           0x36c     	tcp.o
<unknown>                           0x370     	tcp.o
<unknown>                           0x390     	tcp.o
<unknown>                           0x394     	tcp.o
<unknown>                           0x3b4     	tcp.o
<unknown>                           0x3b8     	tcp.o
<unknown>                           0x3d8     	tcp.o
<unknown>                           0x3dc     	tcp.o
<unknown>                           0x3fc     	tcp.o
<unknown>                           0x400     	tcp.o
<unknown>                           0x420     	tcp.o
<unknown>                           0x424     	tcp.o
<unknown>                           0x444     	tcp.o
<unknown>                           0x448     	tcp.o
<unknown>                           0x468     	tcp.o
<unknown>                           0x46c     	tcp.o
<unknown>                           0x48c     	tcp.o
<unknown>                           0x490     	tcp.o
<unknown>                           0x4b0     	tcp.o
<unknown>                           0x4b4     	tcp.o
<unknown>                           0x4d4     	tcp.o
<unknown>                           0x4d8     	tcp.o
<unknown>                           0x4f8     	tcp.o
<unknown>                           0x4fc     	tcp.o
<unknown>                           0x51c     	tcp.o
<unknown>                           0x520     	tcp.o
<unknown>                           0x540     	tcp.o
<unknown>                           0x544     	tcp.o
<unknown>                           0x564     	tcp.o
<unknown>                           0x568     	tcp.o
<unknown>                           0x588     	tcp.o
<unknown>                           0x58c     	tcp.o
<unknown>                           0x5ac     	tcp.o
<unknown>                           0x5b0     	tcp.o
<unknown>                           0x5d0     	tcp.o
<unknown>                           0x5d4     	tcp.o
<unknown>                           0x5f4     	tcp.o
<unknown>                           0x5f8     	tcp.o
<unknown>                           0x618     	tcp.o
<unknown>                           0x61c     	tcp.o
<unknown>                           0x63c     	tcp.o
<unknown>                           0x640     	tcp.o
<unknown>                           0x660     	tcp.o
<unknown>                           0x664     	tcp.o
<unknown>                           0x684     	tcp.o
<unknown>                           0x688     	tcp.o
<unknown>                           0x6a8     	tcp.o
<unknown>                           0x6ac     	tcp.o
<unknown>                           0x6cc     	tcp.o
<unknown>                           0x6d0     	tcp.o
<unknown>                           0x6f0     	tcp.o
<unknown>                           0x6f4     	tcp.o
<unknown>                           0x714     	tcp.o
<unknown>                           0x718     	tcp.o
<unknown>                           0x738     	tcp.o
<unknown>                           0x73c     	tcp.o
<unknown>                           0x75c     	tcp.o
<unknown>                           0x760     	tcp.o
<unknown>                           0x780     	tcp.o
<unknown>                           0x784     	tcp.o
<unknown>                           0x7a4     	tcp.o
<unknown>                           0x7a8     	tcp.o
<unknown>                           0x7c8     	tcp.o
<unknown>                           0x7cc     	tcp.o
<unknown>                           0x7ec     	tcp.o
<unknown>                           0x7f0     	tcp.o
<unknown>                           0x810     	tcp.o
<unknown>                           0x814     	tcp.o
<unknown>                           0x834     	tcp.o
<unknown>                           0x838     	tcp.o
<unknown>                           0x858     	tcp.o
<unknown>                           0x85c     	tcp.o
<unknown>                           0x87c     	tcp.o
<unknown>                           0x880     	tcp.o
<unknown>                           0x8a0     	tcp.o
<unknown>                           0x8a4     	tcp.o
<unknown>                           0x8c4     	tcp.o
<unknown>                           0x8c8     	tcp.o
<unknown>                           0x8e8     	tcp.o
<unknown>                           0x8ec     	tcp.o
<unknown>                           0x90c     	tcp.o
<unknown>                           0x910     	tcp.o
<unknown>                           0x930     	tcp.o
<unknown>                           0x934     	tcp.o
<unknown>                           0x954     	tcp.o
<unknown>                           0x958     	tcp.o
<unknown>                           0x978     	tcp.o
<unknown>                           0x97c     	tcp.o
<unknown>                           0x99c     	tcp.o
<unknown>                           0x9a0     	tcp.o
<unknown>                           0x9c0     	tcp.o
<unknown>                           0x9c4     	tcp.o
<unknown>                           0x9e4     	tcp.o
<unknown>                           0x9e8     	tcp.o
<unknown>                           0xa08     	tcp.o
<unknown>                           0xa0c     	tcp.o
<unknown>                           0xa2c     	tcp.o
<unknown>                           0xa30     	tcp.o
<unknown>                           0xa50     	tcp.o
<unknown>                           0xa54     	tcp.o
<unknown>                           0xa74     	tcp.o
<unknown>                           0xa78     	tcp.o
<unknown>                           0xa98     	tcp.o
<unknown>                           0xa9c     	tcp.o
<unknown>                           0xabc     	tcp.o
<unknown>                           0xac0     	tcp.o
<unknown>                           0xae0     	tcp.o
<unknown>                           0xae4     	tcp.o
<unknown>                           0xb04     	tcp.o
<unknown>                           0xb08     	tcp.o
<unknown>                           0xb28     	tcp.o
<unknown>                           0xb2c     	tcp.o
<unknown>                           0xb4c     	tcp.o
<unknown>                           0xb50     	tcp.o
<unknown>                           0xb70     	tcp.o
<unknown>                           0xb74     	tcp.o
<unknown>                           0xb94     	tcp.o
<unknown>                           0xb98     	tcp.o
<unknown>                           0xbb8     	tcp.o
<unknown>                           0xbbc     	tcp.o
<unknown>                           0xbdc     	tcp.o
<unknown>                           0xbe0     	tcp.o
<unknown>                           0xc00     	tcp.o
<unknown>                           0xc04     	tcp.o
<unknown>                           0xc24     	tcp.o
<unknown>                           0xc28     	tcp.o
<unknown>                           0xc48     	tcp.o
<unknown>                           0xc4c     	tcp.o
<unknown>                           0xc6c     	tcp.o
<unknown>                           0xc70     	tcp.o
<unknown>                           0xc90     	tcp.o
<unknown>                           0xc94     	tcp.o
<unknown>                           0xcb4     	tcp.o
<unknown>                           0xcb8     	tcp.o
<unknown>                           0xcd8     	tcp.o
<unknown>                           0xcdc     	tcp.o
<unknown>                           0xcfc     	tcp.o
<unknown>                           0xd00     	tcp.o
<unknown>                           0xd20     	tcp.o
<unknown>                           0xd24     	tcp.o
<unknown>                           0xd44     	tcp.o
<unknown>                           0xd48     	tcp.o
<unknown>                           0xd68     	tcp.o
<unknown>                           0xd6c     	tcp.o
<unknown>                           0xd8c     	tcp.o
<unknown>                           0xd90     	tcp.o
<unknown>                           0xdb0     	tcp.o
<unknown>                           0xdb4     	tcp.o
<unknown>                           0xdd4     	tcp.o
<unknown>                           0xdd8     	tcp.o
<unknown>                           0xdf8     	tcp.o
<unknown>                           0xdfc     	tcp.o
<unknown>                           0xe1c     	tcp.o
<unknown>                           0xe20     	tcp.o
<unknown>                           0xe40     	tcp.o
<unknown>                           0xe44     	tcp.o
<unknown>                           0xe64     	tcp.o
<unknown>                           0xe68     	tcp.o
<unknown>                           0xe88     	tcp.o
<unknown>                           0xe8c     	tcp.o
<unknown>                           0xeac     	tcp.o
<unknown>                           0xeb0     	tcp.o
<unknown>                           0xed0     	tcp.o
<unknown>                           0xed4     	tcp.o
<unknown>                           0xef4     	tcp.o
<unknown>                           0xef8     	tcp.o
<unknown>                           0xf18     	tcp.o
<unknown>                           0xf1c     	tcp.o
<unknown>                           0xf3c     	tcp.o
<unknown>                           0xf40     	tcp.o
<unknown>                           0xf60     	tcp.o
<unknown>                           0xf64     	tcp.o
<unknown>                           0xf84     	tcp.o
<unknown>                           0xf88     	tcp.o
<unknown>                           0xfa8     	tcp.o
<unknown>                           0xfac     	tcp.o
<unknown>                           0xfcc     	tcp.o
<unknown>                           0xfd0     	tcp.o
<unknown>                           0xff0     	tcp.o
<unknown>                           0xff4     	tcp.o
<unknown>                           0x1014    	tcp.o
<unknown>                           0x1018    	tcp.o
<unknown>                           0x1038    	tcp.o
<unknown>                           0x103c    	tcp.o
<unknown>                           0x105c    	tcp.o
<unknown>                           0x1060    	tcp.o
<unknown>                           0x1080    	tcp.o
<unknown>                           0x1084    	tcp.o
<unknown>                           0x10a4    	tcp.o
<unknown>                           0x10a8    	tcp.o
<unknown>                           0x10c8    	tcp.o
<unknown>                           0x10cc    	tcp.o
<unknown>                           0x10ec    	tcp.o
<unknown>                           0x10f0    	tcp.o
<unknown>                           0x1110    	tcp.o
<unknown>                           0x1114    	tcp.o
<unknown>                           0x1134    	tcp.o
<unknown>                           0x1138    	tcp.o
<unknown>                           0x1158    	tcp.o
<unknown>                           0x115c    	tcp.o
<unknown>                           0x117c    	tcp.o
<unknown>                           0x1180    	tcp.o
<unknown>                           0x11a0    	tcp.o
<unknown>                           0x11a4    	tcp.o
<unknown>                           0x11c4    	tcp.o
<unknown>                           0x11c8    	tcp.o
<unknown>                           0x11e8    	tcp.o
<unknown>                           0x11ec    	tcp.o
<unknown>                           0x120c    	tcp.o
<unknown>                           0x1210    	tcp.o
<unknown>                           0x1230    	tcp.o
<unknown>                           0x1234    	tcp.o
<unknown>                           0x1254    	tcp.o
<unknown>                           0x1258    	tcp.o
_TCP_INIT                           0x1ee4    	tcp.o
_TCP_INIT                           0x1ee8    	tcp.o
_TCP_INIT                           0x1f1c    	tcp.o
_TCP_INIT                           0x1f20    	tcp.o
__xnet_bind                         0x1644    	tcp.o
inet_addr                           0x15c0    	tcp.o
inet_addr                           0x1744    	tcp.o
CTcpSocket::CheckDataArrived(int)   0x1acc    	tcp.o
select                              0x1e24    	tcp.o
gethostbyname                       0x1790    	tcp.o
__xnet_connect                      0x1804    	tcp.o
close                               0x288     	tcp.o
CTcpSocket::~CTcpSocket()           0xc       	tcp.o
setsockopt                          0x1530    	tcp.o
setsockopt                          0x1628    	tcp.o
typeinfo for CTcpSocket             0x4       	tcp.o
CTcpInit::~CTcpInit()               0x1f24    	tcp.o
__xnet_socket                       0x14d4    	tcp.o
getpeername                         0x19cc    	tcp.o
send                                0x1c60    	tcp.o
inet_ntoa                           0x191c    	tcp.o
inet_ntoa                           0x1a24    	tcp.o
CTcpInit::CTcpInit()                0x1eec    	tcp.o
listen                              0x1680    	tcp.o
___errno                            0x2bc     	tcp.o
.rem                                0x1dd8    	tcp.o
typeinfo name for CTcpSocket        0x4       	tcp.o
CTcpSocket::Create(int, int)        0x16f0    	tcp.o
vtable for CTcpSocket               0x4c      	tcp.o
vtable for CTcpSocket               0x50      	tcp.o
vtable for CTcpSocket               0x8c      	tcp.o
vtable for CTcpSocket               0x90      	tcp.o
vtable for CTcpSocket               0xd0      	tcp.o
vtable for CTcpSocket               0xd4      	tcp.o
vtable for CTcpSocket               0x124     	tcp.o
vtable for CTcpSocket               0x128     	tcp.o
vtable for CTcpSocket               0x174     	tcp.o
vtable for CTcpSocket               0x178     	tcp.o
vtable for CTcpSocket               0x1c8     	tcp.o
vtable for CTcpSocket               0x1cc     	tcp.o
vtable for CTcpSocket               0x21c     	tcp.o
vtable for CTcpSocket               0x220     	tcp.o
recv                                0x1b2c    	tcp.o
CTcpSocket::Attach(int, int)        0x18f4    	tcp.o
accept                              0x18b8    	tcp.o
_Unwind_Resume                      0x264     	slist.o
_Unwind_Resume                      0x2cc     	slist.o
_Unwind_Resume                      0x34c     	slist.o
_Unwind_Resume                      0x3b4     	slist.o
_Unwind_Resume                      0x420     	slist.o
_Unwind_Resume                      0x4c4     	slist.o
_Unwind_Resume                      0x568     	slist.o
_Unwind_Resume                      0x614     	slist.o
_Unwind_Resume                      0x69c     	slist.o
_Unwind_Resume                      0x8c8     	slist.o
_Unwind_Resume                      0x970     	slist.o
_Unwind_Resume                      0xca8     	slist.o
_Unwind_Resume                      0x38      	slist.o
_Unwind_Resume                      0x5c      	slist.o
_Unwind_Resume                      0xa4      	slist.o
_Unwind_Resume                      0x80      	slist.o
_Unwind_Resume                      0x68      	slist.o
ld: fatal: relocations remain against allocatable but non-writable sections
collect2: ld returned 1 exit status
make: *** [libbupub.so] Error 1
