【20081030-09:46:13】
写卡成功09:46:13
---------------------------------
银行卡号:6013825300006347938
校园卡号:17169
交易金额:1
卡内余额:77.87
写卡次数:201


【20081030-09:52:32】
写卡成功09:52:32
---------------------------------
银行卡号:6013825300006347938
校园卡号:17169
交易金额:1
卡内余额:78.87
写卡次数:202


【20081030-09:53:31】
写卡成功09:53:31
---------------------------------
银行卡号:6013825300006347938
校园卡号:17169
交易金额:2
卡内余额:80.87
写卡次数:203


【20081030-10:03:41】
写卡成功10:03:41
---------------------------------
银行卡号:6013825300006347938
校园卡号:17169
交易金额:1
卡内余额:81.87
写卡次数:204


