【20080926-11:14:29】
写卡成功11:14:29
---------------------------------
银行卡号:6013825300002622276
校园卡号:19248
交易金额:1
卡内余额:124.00
写卡次数:25


【20080926-14:18:40】
写卡成功14:18:40
---------------------------------
银行卡号:6013825300002622276
校园卡号:19248
交易金额:1
卡内余额:125.00
写卡次数:26


【20080926-15:05:09】
写卡成功15:05:09
---------------------------------
银行卡号:6013825300002622276
校园卡号:19248
交易金额:1
卡内余额:126.00
写卡次数:27


【20080926-15:18:44】
写卡成功15:18:44
---------------------------------
银行卡号:6013825300002622276
校园卡号:19248
交易金额:1
卡内余额:127.00
写卡次数:28


