【20081007-10:36:06】
写卡成功10:36:06
---------------------------------
银行卡号:6013825300004369397
校园卡号:19264
交易金额:1
卡内余额:877.00
写卡次数:43


【20081007-10:36:30】
写卡成功10:36:30
---------------------------------
银行卡号:6013825300004369397
校园卡号:19264
交易金额:1
卡内余额:878.00
写卡次数:44


【20081007-10:36:57】
写卡成功10:36:57
---------------------------------
银行卡号:6013825300004369397
校园卡号:19264
交易金额:1
卡内余额:879.00
写卡次数:45


【20081007-13:47:46】
写卡成功13:47:46
---------------------------------
银行卡号:6013825300004369397
校园卡号:19264
交易金额:5
卡内余额:884.00
写卡次数:46


