1124914587 09:44:34 5314 Level0 -- INI:[COMMON] XCCHKUD=1
1124914587 09:44:34 5314 Level0 -- INI:[COMMON] DRTPSENDWAIT=100
1124914587 09:44:34 5314 Level0 -- INI:[COMMON] CONNECTWAIT=100
1124914587 09:44:34 5314 Level0 -- INI:[COMMON] ODFILES=
1124914587 09:44:34 5314 Level0 -- INI:[COMMON] PUSHFREE=1
1124914587 09:44:34 5314 Level0 -- INI:[COMMON] DIRECTPM0=0
1124914587 09:44:34 5314 Level0 -- INI:[COMMON] RECVPUSH=0
1124914587 09:44:34 5314 Level0 -- INI:[COMMON] DEAMON=1
1124914587 09:44:34 5314 Level0 -- INI:[COMMON] ID=11
1124914588 09:44:34 5314 Level0 -- INI:[COMMON] BASEFUNCNO=3000
1124914588 09:44:34 5314 Level0 -- INI:[COMMON] RDPPFILE=
1124914588 09:44:34 5314 Level0 -- INI:[COMMON] RAXFILE=
1124914588 09:44:34 5314 Level0 -- INI:[COMMON] BUSELECT=1
1124914588 09:44:34 5314 Level0 -- INI:[COMMON] DEBUG=0
1124914588 09:44:34 5314 Level0 -- INI:[COMMON] MAXANSLEN=8000
1124914588 09:44:34 5314 Level0 -- INI:[COMMON] REQTIMEOUT=10000
1124914588 09:44:34 5314 Level0 -- INI:[COMMON] SERVERCOUNT=1
1124914588 09:44:34 5314 Level0 -- INI:[COMMON] SERVER1=127.0.0.1:4000:250
1124914588 09:44:34 5314 Level0 -- INI:[COMMON] FORWARD_PATH=forward/
1124914590 09:44:34 5314 Level0 -- INI:[COMMON] FORWARD_CLEAR=1800   
1124914591 09:44:34 5314 Level0 -- INI:[COMMON] BCCADP=0
1124914591 09:44:34 5314 Level0 -- INI:[COMMON] PUSHSUPPORT=1
1124914591 09:44:34 5314 Level0 -- INI:[COMMON] MULTIPUSH=0
1124914591 09:44:34 5314 Level0 -- INI:[COMMON] PFSWITCH=1
1124914591 09:44:34 5314 Level0 -- INI:[COMMON] PATIME=800000  
1124914591 09:44:34 5314 Level0 -- INI:[COMMON] PUSHDBFS_PATH=
1124914593 09:44:34 5314 Level0 -- INI:[COMMON] STATUS_PATH=
1124914596 09:44:34 5314 Level0 -- INI:[COMMON] MAXPDFLEN=2000000000
1124914596 09:44:34 5314 Level0 -- INI:[COMMON] KLGPATH=klg
1124914597 09:44:34 5314 Level0 -- INI:[COMMON] LOGOVERDUE=10 
1124914597 09:44:34 5314 Level0 -- INI:[COMMON] TOTALSHMLEN=100
1124914597 09:44:34 5314 Level0 -- INI:[COMMON] BUPORT=6000
1124914597 09:44:34 5314 Level0 -- INI:[COMMON] LOGSHOW=1
1124914597 09:44:34 5314 Level0 -- INI:[COMMON] MONITOR0=900800
1124914597 09:44:34 5314 Level0 -- INI:[COMMON] FREETIME=1000
1124914597 09:44:34 5314 Level0 -- INI:[COMMON] FUNCSTAT=0
1124914598 09:44:34 5314 Level0 -- INI:[COMMON] DRTPGROUP=0
1124914598 09:44:34 5314 Level0 -- INI:[COMMON] MQNAME=
1124914598 09:44:34 5314 Level0 -- INI:[COMMON] BEGIN=BU0
1124914598 09:44:34 5314 Level0 -- INI:[BU0] UNITS=1
1124914598 09:44:34 5314 Level0 -- INI:[BU0] REQTIMEOUT=3000000000
1124914598 09:44:34 5314 Level0 -- INI:[BU0] STARTPROG=
1124914598 09:44:34 5314 Level0 -- INI:[BU0] BEGINSTART=0
1124914598 09:44:34 5314 Level0 -- INI:[BU0] MAXRUNTIME=0
1124914598 09:44:34 5314 Level0 -- INI:[BU0] NOVBUWARN=300000000
1124914598 09:44:34 5314 Level0 -- INI:[BU0] WAITTIME=10
1124914598 09:44:34 5314 Level0 -- INI:[BU0] WRITEAPPINFO=0
1124914598 09:44:34 5314 Level0 -- INI:[BU0] FIFOPROC1=1
1124914599 09:44:34 5314 Level0 -- INI:[BU0] FIFOPROC2=0
1124914599 09:44:34 5314 Level0 -- INI:[BU0] FIFOPROC3=0
1124914599 09:44:34 5314 Level0 -- INI:[BU0] PROG=./bank_bu
1124914599 09:44:34 5314 Level0 -- INI:[BU0] PATH=./
1124914599 09:44:34 5314 Level0 -- INI:[BU0] ARGV=bu0/ksbu.ini
1124914599 09:44:34 5314 Level0 -- INI:[BU0] BDFILE=function0.lst
1124914599 09:44:34 5314 Level0 -- INI:[BU0] NEXT=BU1
1124914599 09:44:34 5314 Level0 -- INI:[BU1] UNITS=1
1124914599 09:44:34 5314 Level0 -- INI:[BU1] REQTIMEOUT=300000000
1124914600 09:44:34 5314 Level0 -- INI:[BU1] STARTPROG=
1124914600 09:44:34 5314 Level0 -- INI:[BU1] BEGINSTART=0
1124914600 09:44:34 5314 Level0 -- INI:[BU1] MAXRUNTIME=0
1124914600 09:44:34 5314 Level0 -- INI:[BU1] NOVBUWARN=300000000
1124914600 09:44:34 5314 Level0 -- INI:[BU1] WAITTIME=10
1124914600 09:44:34 5314 Level0 -- INI:[BU1] WRITEAPPINFO=1
1124914600 09:44:34 5314 Level0 -- INI:[BU1] FIFOPROC1=1
1124914600 09:44:34 5314 Level0 -- INI:[BU1] FIFOPROC2=0
1124914601 09:44:34 5314 Level0 -- INI:[BU1] FIFOPROC3=0
1124914601 09:44:34 5314 Level0 -- INI:[BU1] PROG=./filetransbu
1124914601 09:44:34 5314 Level0 -- INI:[BU1] PATH=./
1124914601 09:44:34 5314 Level0 -- INI:[BU1] ARGV=bu1/ksbu.ini
1124914601 09:44:34 5314 Level0 -- INI:[BU1] BDFILE=
1124914601 09:44:34 5314 Level0 -- INI:[BU1] NEXT=END
1124914601 09:44:34 5314 Level0 -- INI:[COMMON] DEFAULT=
1124914601 09:44:34 5314 Level0 -- INI:[COMMON] FLOGFILE=flog.txt
1124914601 09:44:34 5314 Level0 -- INI:[COMMON] DYNASERVICE=:0:-1
1124914601 09:44:34 5314 Level0 -- INI:[COMMON] DYNASERVICE=:0:-1
1124914601 09:44:34 5314 Level0 -- INI:[COMMON] DYNASERVICE=:0:-1
1124915291 09:44:35 5330 Level41 -- GPT0(通讯平台组BranchNo=250)启动!
1124915291 09:44:35 5330 Level1 -- KSMBCC-IPC Version 2.94 Copyright 2003-2009 KS ChenYH, On 2009-10-12 14:53:11 - 系统开始启动!
1124916336 09:44:36 5330 Level120 -- (1319679876)SVR与通讯平台0成功建立连接！
1124917218 09:44:37 5330 Level1122 -- BULink[0] use TCP Only!
1124917218 09:44:37 5330 Level200 -- BULink(0)建立了正常的连接，开始正式工作!
1124917439 09:44:37 5330 Level1122 -- BULink[1] use TCP Only!
1124917442 09:44:37 5330 Level200 -- BULink(1)建立了正常的连接，开始正式工作!
1125340445 09:51:40 5330 Level801 -- 应用接收错误(-1):通讯错误:84
1125341457 09:51:41 5330 Level1203 -- (1319680301)SVR与通讯平台0建立连接失败:通讯错误:111！
1125342459 09:51:42 5330 Level1203 -- (1319680302)SVR与通讯平台0建立连接失败:通讯错误:111！
1125343469 09:51:43 5330 Level1203 -- (1319680303)SVR与通讯平台0建立连接失败:通讯错误:111！
1125345526 09:51:45 5330 Level1203 -- (1319680305)SVR与通讯平台0建立连接失败:通讯错误:111！
1125347116 09:51:46 5330 Level1203 -- (1319680306)SVR与通讯平台0建立连接失败:通讯错误:111！
1125348128 09:51:48 5330 Level1203 -- (1319680308)SVR与通讯平台0建立连接失败:通讯错误:111！
1125349130 09:51:49 5330 Level1203 -- (1319680309)SVR与通讯平台0建立连接失败:通讯错误:111！
1125350340 09:51:50 5330 Level120 -- (1319680310)SVR与通讯平台0成功建立连接！
