1492421607 15:49:41 4564 Level0 -- INI:[COMMON] XCCHKUD=1
1492421607 15:49:41 4564 Level0 -- INI:[COMMON] DRTPSENDWAIT=100
1492421607 15:49:41 4564 Level0 -- INI:[COMMON] CONNECTWAIT=100
1492421607 15:49:41 4564 Level0 -- INI:[COMMON] ODFILES=
1492421607 15:49:41 4564 Level0 -- INI:[COMMON] PUSHFREE=1
1492421607 15:49:41 4564 Level0 -- INI:[COMMON] DIRECTPM0=0
1492421607 15:49:41 4564 Level0 -- INI:[COMMON] RECVPUSH=0
1492421608 15:49:41 4564 Level0 -- INI:[COMMON] DEAMON=1
1492421608 15:49:41 4564 Level0 -- INI:[COMMON] ID=11
1492421608 15:49:41 4564 Level0 -- INI:[COMMON] BASEFUNCNO=3000
1492421608 15:49:41 4564 Level0 -- INI:[COMMON] RDPPFILE=
1492421608 15:49:41 4564 Level0 -- INI:[COMMON] RAXFILE=
1492421608 15:49:41 4564 Level0 -- INI:[COMMON] BUSELECT=1
1492421608 15:49:41 4564 Level0 -- INI:[COMMON] DEBUG=0
1492421608 15:49:41 4564 Level0 -- INI:[COMMON] MAXANSLEN=8000
1492421608 15:49:41 4564 Level0 -- INI:[COMMON] REQTIMEOUT=10000
1492421608 15:49:41 4564 Level0 -- INI:[COMMON] SERVERCOUNT=1
1492421608 15:49:41 4564 Level0 -- INI:[COMMON] SERVER1=127.0.0.1:4000:250
1492421608 15:49:41 4564 Level0 -- INI:[COMMON] FORWARD_PATH=forward/
1492421609 15:49:41 4564 Level0 -- INI:[COMMON] FORWARD_CLEAR=1800   
1492421609 15:49:41 4564 Level0 -- INI:[COMMON] BCCADP=0
1492421609 15:49:41 4564 Level0 -- INI:[COMMON] PUSHSUPPORT=1
1492421610 15:49:41 4564 Level0 -- INI:[COMMON] MULTIPUSH=0
1492421610 15:49:41 4564 Level0 -- INI:[COMMON] PFSWITCH=1
1492421610 15:49:41 4564 Level0 -- INI:[COMMON] PATIME=800000  
1492421610 15:49:41 4564 Level0 -- INI:[COMMON] PUSHDBFS_PATH=
1492421612 15:49:41 4564 Level0 -- INI:[COMMON] STATUS_PATH=
1492421613 15:49:41 4564 Level0 -- INI:[COMMON] MAXPDFLEN=2000000000
1492421613 15:49:41 4564 Level0 -- INI:[COMMON] KLGPATH=klg
1492421614 15:49:41 4564 Level0 -- INI:[COMMON] LOGOVERDUE=10 
1492421614 15:49:41 4564 Level0 -- INI:[COMMON] TOTALSHMLEN=100
1492421614 15:49:41 4564 Level0 -- INI:[COMMON] BUPORT=6000
1492421614 15:49:41 4564 Level0 -- INI:[COMMON] LOGSHOW=1
1492421614 15:49:41 4564 Level0 -- INI:[COMMON] MONITOR0=900800
1492421615 15:49:41 4564 Level0 -- INI:[COMMON] FREETIME=1000
1492421615 15:49:41 4564 Level0 -- INI:[COMMON] FUNCSTAT=0
1492421615 15:49:41 4564 Level0 -- INI:[COMMON] DRTPGROUP=0
1492421615 15:49:41 4564 Level0 -- INI:[COMMON] MQNAME=
1492421615 15:49:41 4564 Level0 -- INI:[COMMON] BEGIN=BU0
1492421615 15:49:41 4564 Level0 -- INI:[BU0] UNITS=1
1492421615 15:49:41 4564 Level0 -- INI:[BU0] REQTIMEOUT=3000000000
1492421615 15:49:41 4564 Level0 -- INI:[BU0] STARTPROG=
1492421615 15:49:41 4564 Level0 -- INI:[BU0] BEGINSTART=0
1492421616 15:49:41 4564 Level0 -- INI:[BU0] MAXRUNTIME=0
1492421616 15:49:41 4564 Level0 -- INI:[BU0] NOVBUWARN=300000000
1492421616 15:49:41 4564 Level0 -- INI:[BU0] WAITTIME=10
1492421616 15:49:41 4564 Level0 -- INI:[BU0] WRITEAPPINFO=0
1492421616 15:49:41 4564 Level0 -- INI:[BU0] FIFOPROC1=1
1492421616 15:49:41 4564 Level0 -- INI:[BU0] FIFOPROC2=0
1492421616 15:49:41 4564 Level0 -- INI:[BU0] FIFOPROC3=0
1492421616 15:49:41 4564 Level0 -- INI:[BU0] PROG=./bank_bu
1492421616 15:49:41 4564 Level0 -- INI:[BU0] PATH=./
1492421616 15:49:41 4564 Level0 -- INI:[BU0] ARGV=bu0/ksbu.ini
1492421617 15:49:41 4564 Level0 -- INI:[BU0] BDFILE=function0.lst
1492421617 15:49:41 4564 Level0 -- INI:[BU0] NEXT=BU1
1492421617 15:49:41 4564 Level0 -- INI:[BU1] UNITS=1
1492421617 15:49:41 4564 Level0 -- INI:[BU1] REQTIMEOUT=300000000
1492421617 15:49:41 4564 Level0 -- INI:[BU1] STARTPROG=
1492421617 15:49:41 4564 Level0 -- INI:[BU1] BEGINSTART=0
1492421617 15:49:41 4564 Level0 -- INI:[BU1] MAXRUNTIME=0
1492421617 15:49:41 4564 Level0 -- INI:[BU1] NOVBUWARN=300000000
1492421618 15:49:41 4564 Level0 -- INI:[BU1] WAITTIME=10
1492421618 15:49:41 4564 Level0 -- INI:[BU1] WRITEAPPINFO=1
1492421618 15:49:41 4564 Level0 -- INI:[BU1] FIFOPROC1=1
1492421618 15:49:41 4564 Level0 -- INI:[BU1] FIFOPROC2=0
1492421618 15:49:41 4564 Level0 -- INI:[BU1] FIFOPROC3=0
1492421618 15:49:41 4564 Level0 -- INI:[BU1] PROG=./filetransbu
1492421618 15:49:41 4564 Level0 -- INI:[BU1] PATH=./
1492421618 15:49:41 4564 Level0 -- INI:[BU1] ARGV=bu1/ksbu.ini
1492421619 15:49:41 4564 Level0 -- INI:[BU1] BDFILE=
1492421619 15:49:41 4564 Level0 -- INI:[BU1] NEXT=END
1492421619 15:49:41 4564 Level0 -- INI:[COMMON] DEFAULT=
1492421619 15:49:41 4564 Level0 -- INI:[COMMON] FLOGFILE=flog.txt
1492421619 15:49:41 4564 Level0 -- INI:[COMMON] DYNASERVICE=:0:-1
1492421619 15:49:41 4564 Level0 -- INI:[COMMON] DYNASERVICE=:0:-1
1492421619 15:49:41 4564 Level0 -- INI:[COMMON] DYNASERVICE=:0:-1
1492421917 15:49:41 4566 Level1 -- KSMBCC-IPC Version 2.94 Copyright 2003-2009 KS ChenYH, On 2009-10-12 14:53:11 - 系统开始启动!
1492422129 15:49:42 4566 Level41 -- GPT0(通讯平台组BranchNo=250)启动!
1492422739 15:49:42 4566 Level1122 -- BULink[0] use TCP Only!
1492422740 15:49:42 4566 Level200 -- BULink(0)建立了正常的连接，开始正式工作!
1492422856 15:49:42 4566 Level1122 -- BULink[1] use TCP Only!
1492422856 15:49:42 4566 Level200 -- BULink(1)建立了正常的连接，开始正式工作!
1492422943 15:49:42 4566 Level120 -- (1320047382)SVR与通讯平台0成功建立连接！
1495409095 16:39:28 4566 Level100 -- KSMBCC-ForwardThread Exit!
1495409096 16:39:28 4566 Level46 -- GPT0(通讯平台组BranchNo=250)正常退出!
1495409100 16:39:28 4566 Level101 -- ForwardThread[0] Exit!
1495409119 16:39:28 4566 Level100 -- BULinkThread[1]退出!
1495409119 16:39:28 4566 Level100 -- BULinkThread[0]退出!
1495409174 16:39:29 4566 Level100 -- BUListenThread退出!
1495410163 16:39:30 4566 Level100 -- DRTPRecvThread[0]退出!
