2993210302 14:37:15 5616 Level0 -- INI:[COMMON] XCCHKUD=1
2993210323 14:37:15 5616 Level0 -- INI:[COMMON] DRTPSENDWAIT=100
2993210323 14:37:15 5616 Level0 -- INI:[COMMON] CONNECTWAIT=100
2993210324 14:37:15 5616 Level0 -- INI:[COMMON] ODFILES=
2993210324 14:37:15 5616 Level0 -- INI:[COMMON] PUSHFREE=1
2993210324 14:37:15 5616 Level0 -- INI:[COMMON] DIRECTPM0=0
2993210324 14:37:15 5616 Level0 -- INI:[COMMON] RECVPUSH=0
2993210324 14:37:15 5616 Level0 -- INI:[COMMON] DEAMON=1
2993210324 14:37:15 5616 Level0 -- INI:[COMMON] ID=2
2993210324 14:37:15 5616 Level0 -- INI:[COMMON] BASEFUNCNO=5000
2993210324 14:37:15 5616 Level0 -- INI:[COMMON] RDPPFILE=
2993210325 14:37:15 5616 Level0 -- INI:[COMMON] RAXFILE=
2993210325 14:37:15 5616 Level0 -- INI:[COMMON] BUSELECT=1
2993210325 14:37:15 5616 Level0 -- INI:[COMMON] DEBUG=0
2993210325 14:37:15 5616 Level0 -- INI:[COMMON] MAXANSLEN=8000
2993210325 14:37:15 5616 Level0 -- INI:[COMMON] REQTIMEOUT=10000
2993210325 14:37:15 5616 Level0 -- INI:[COMMON] SERVERCOUNT=1
2993210325 14:37:15 5616 Level0 -- INI:[COMMON] SERVER1=127.0.0.1:4000:7000
2993210325 14:37:15 5616 Level0 -- INI:[COMMON] FORWARD_PATH=forward/
2993210325 14:37:15 5616 Level0 -- INI:[COMMON] FORWARD_CLEAR=1800   
2993210325 14:37:15 5616 Level0 -- INI:[COMMON] BCCADP=0
2993210326 14:37:15 5616 Level0 -- INI:[COMMON] PUSHSUPPORT=1
2993210326 14:37:15 5616 Level0 -- INI:[COMMON] MULTIPUSH=0
2993210326 14:37:15 5616 Level0 -- INI:[COMMON] PFSWITCH=1
2993210326 14:37:15 5616 Level0 -- INI:[COMMON] PATIME=8  
2993210326 14:37:15 5616 Level0 -- INI:[COMMON] PUSHDBFS_PATH=
2993210326 14:37:15 5616 Level0 -- INI:[COMMON] STATUS_PATH=
2993210326 14:37:15 5616 Level0 -- INI:[COMMON] MAXPDFLEN=2000000000
2993210326 14:37:15 5616 Level0 -- INI:[COMMON] KLGPATH=klg
2993210326 14:37:15 5616 Level0 -- INI:[COMMON] LOGOVERDUE=10 
2993210327 14:37:15 5616 Level0 -- INI:[COMMON] TOTALSHMLEN=100
2993210327 14:37:15 5616 Level0 -- INI:[COMMON] BUPORT=6000
2993210327 14:37:15 5616 Level0 -- INI:[COMMON] LOGSHOW=1
2993210327 14:37:15 5616 Level0 -- INI:[COMMON] MONITOR0=900800
2993210327 14:37:15 5616 Level0 -- INI:[COMMON] FREETIME=1000
2993210327 14:37:15 5616 Level0 -- INI:[COMMON] FUNCSTAT=0
2993210327 14:37:15 5616 Level0 -- INI:[COMMON] DRTPGROUP=0
2993210327 14:37:15 5616 Level0 -- INI:[COMMON] MQNAME=
2993210327 14:37:15 5616 Level0 -- INI:[COMMON] BEGIN=BU0
2993210327 14:37:15 5616 Level0 -- INI:[BU0] UNITS=5
2993210327 14:37:15 5616 Level0 -- INI:[BU0] REQTIMEOUT=30000
2993210327 14:37:15 5616 Level0 -- INI:[BU0] STARTPROG=
2993210328 14:37:15 5616 Level0 -- INI:[BU0] BEGINSTART=0
2993210328 14:37:15 5616 Level0 -- INI:[BU0] MAXRUNTIME=20
2993210328 14:37:15 5616 Level0 -- INI:[BU0] NOVBUWARN=30000
2993210328 14:37:15 5616 Level0 -- INI:[BU0] WAITTIME=10
2993210328 14:37:15 5616 Level0 -- INI:[BU0] WRITEAPPINFO=0
2993210328 14:37:15 5616 Level0 -- INI:[BU0] FIFOPROC1=1
2993210328 14:37:15 5616 Level0 -- INI:[BU0] FIFOPROC2=0
2993210328 14:37:15 5616 Level0 -- INI:[BU0] FIFOPROC3=0
2993210328 14:37:15 5616 Level0 -- INI:[BU0] PROG=./bank_bu
2993210329 14:37:15 5616 Level0 -- INI:[BU0] PATH=./
2993210329 14:37:15 5616 Level0 -- INI:[BU0] ARGV=bu0/ksbu.ini
2993210329 14:37:15 5616 Level0 -- INI:[BU0] BDFILE=function0.lst
2993210329 14:37:15 5616 Level0 -- INI:[BU0] NEXT=BU1
2993210329 14:37:15 5616 Level0 -- INI:[BU1] UNITS=2
2993210329 14:37:15 5616 Level0 -- INI:[BU1] REQTIMEOUT=30000
2993210329 14:37:15 5616 Level0 -- INI:[BU1] STARTPROG=
2993210330 14:37:15 5616 Level0 -- INI:[BU1] BEGINSTART=0
2993210330 14:37:15 5616 Level0 -- INI:[BU1] MAXRUNTIME=20
2993210330 14:37:15 5616 Level0 -- INI:[BU1] NOVBUWARN=30000
2993210330 14:37:15 5616 Level0 -- INI:[BU1] WAITTIME=10
2993210331 14:37:15 5616 Level0 -- INI:[BU1] WRITEAPPINFO=1
2993210331 14:37:15 5616 Level0 -- INI:[BU1] FIFOPROC1=1
2993210331 14:37:15 5616 Level0 -- INI:[BU1] FIFOPROC2=0
2993210331 14:37:15 5616 Level0 -- INI:[BU1] FIFOPROC3=0
2993210331 14:37:15 5616 Level0 -- INI:[BU1] PROG=./filetransbu
2993210332 14:37:15 5616 Level0 -- INI:[BU1] PATH=./
2993210332 14:37:15 5616 Level0 -- INI:[BU1] ARGV=bu1/ksbu.ini
2993210332 14:37:15 5616 Level0 -- INI:[BU1] BDFILE=function1.lst
2993210332 14:37:15 5616 Level0 -- INI:[BU1] NEXT=END
2993210333 14:37:15 5616 Level0 -- INI:[COMMON] DEFAULT=
2993210333 14:37:15 5616 Level0 -- INI:[COMMON] FLOGFILE=flog.txt
2993210333 14:37:15 5616 Level0 -- INI:[COMMON] DYNASERVICE=:0:-1
2993210333 14:37:15 5616 Level0 -- INI:[COMMON] DYNASERVICE=:0:-1
2993210333 14:37:15 5616 Level0 -- INI:[COMMON] DYNASERVICE=:0:-1
2993210718 14:37:15 5618 Level1 -- KSMBCC-IPC Version 2.94 Copyright 2003-2009 KS ChenYH, On 2009-10-12 14:53:11 - 系统开始启动!
2993210722 14:37:16 5618 Level41 -- GPT0(通讯平台组BranchNo=7000)启动!
2993211117 14:37:16 5618 Level1122 -- BULink[0] use TCP Only!
2993211121 14:37:16 5618 Level200 -- BULink(0)建立了正常的连接，开始正式工作!
2993211160 14:37:16 5618 Level1122 -- BULink[1] use TCP Only!
2993211160 14:37:16 5618 Level200 -- BULink(1)建立了正常的连接，开始正式工作!
2993211726 14:37:17 5618 Level1203 -- (1312958237)SVR与通讯平台0建立连接失败:通讯错误:111！
2993212250 14:37:17 5618 Level1122 -- BULink[2] use TCP Only!
2993212251 14:37:17 5618 Level200 -- BULink(2)建立了正常的连接，开始正式工作!
2993212393 14:37:17 5618 Level1122 -- BULink[3] use TCP Only!
2993212394 14:37:17 5618 Level200 -- BULink(3)建立了正常的连接，开始正式工作!
2993212729 14:37:18 5618 Level1203 -- (1312958238)SVR与通讯平台0建立连接失败:通讯错误:111！
2993213444 14:37:18 5618 Level1122 -- BULink[4] use TCP Only!
2993213445 14:37:18 5618 Level200 -- BULink(4)建立了正常的连接，开始正式工作!
2993213733 14:37:19 5618 Level1203 -- (1312958239)SVR与通讯平台0建立连接失败:通讯错误:111！
2993214165 14:37:19 5618 Level1122 -- BULink[5] use TCP Only!
2993214165 14:37:19 5618 Level200 -- BULink(5)建立了正常的连接，开始正式工作!
2993214737 14:37:20 5618 Level1203 -- (1312958240)SVR与通讯平台0建立连接失败:通讯错误:111！
2993215139 14:37:20 5618 Level1122 -- BULink[6] use TCP Only!
2993215139 14:37:20 5618 Level200 -- BULink(6)建立了正常的连接，开始正式工作!
2993215742 14:37:21 5618 Level1203 -- (1312958241)SVR与通讯平台0建立连接失败:通讯错误:111！
2993216746 14:37:22 5618 Level1203 -- (1312958242)SVR与通讯平台0建立连接失败:通讯错误:111！
2993217750 14:37:23 5618 Level1203 -- (1312958243)SVR与通讯平台0建立连接失败:通讯错误:111！
2993218753 14:37:24 5618 Level1203 -- (1312958244)SVR与通讯平台0建立连接失败:通讯错误:111！
2993219241 14:37:24 5618 Level200 -- 本BULink(0)GID=BU0停止工作!
2993219244 14:37:24 5618 Level200 -- 本BULink(2)GID=BU0停止工作!
2993219246 14:37:24 5618 Level200 -- 本BULink(4)GID=BU0停止工作!
2993219249 14:37:24 5618 Level200 -- 本BULink(5)GID=BU0停止工作!
2993219253 14:37:24 5618 Level200 -- 本BULink(6)GID=BU0停止工作!
2993219757 14:37:25 5618 Level1203 -- (1312958245)SVR与通讯平台0建立连接失败:通讯错误:111！
2993219998 14:37:25 5618 Level46 -- GPT0(通讯平台组BranchNo=7000)正常退出!
2993220002 14:37:25 5618 Level100 -- KSMBCC-ForwardThread Exit!
2993220003 14:37:25 5618 Level101 -- ForwardThread[0] Exit!
2993220037 14:37:25 5618 Level100 -- BUListenThread退出!
2993220057 14:37:25 5618 Level100 -- BULinkThread[0]退出!
2993220061 14:37:25 5618 Level100 -- BULinkThread[2]退出!
2993220062 14:37:25 5618 Level100 -- BULinkThread[4]退出!
2993220065 14:37:25 5618 Level100 -- BULinkThread[5]退出!
2993220069 14:37:25 5618 Level100 -- BULinkThread[6]退出!
2993220162 14:37:25 5618 Level100 -- BULinkThread[1]退出!
2993220394 14:37:25 5618 Level100 -- BULinkThread[3]退出!
2993220761 14:37:26 5618 Level1203 -- (1312958246)SVR与通讯平台0建立连接失败:通讯错误:111！
2993220767 14:37:26 5618 Level100 -- DRTPRecvThread[0]退出!
2993352320 14:39:37 5717 Level0 -- INI:[COMMON] XCCHKUD=1
2993352320 14:39:37 5717 Level0 -- INI:[COMMON] DRTPSENDWAIT=100
2993352320 14:39:37 5717 Level0 -- INI:[COMMON] CONNECTWAIT=100
2993352320 14:39:37 5717 Level0 -- INI:[COMMON] ODFILES=
2993352321 14:39:37 5717 Level0 -- INI:[COMMON] PUSHFREE=1
2993352321 14:39:37 5717 Level0 -- INI:[COMMON] DIRECTPM0=0
2993352321 14:39:37 5717 Level0 -- INI:[COMMON] RECVPUSH=0
2993352321 14:39:37 5717 Level0 -- INI:[COMMON] DEAMON=1
2993352321 14:39:37 5717 Level0 -- INI:[COMMON] ID=2
2993352321 14:39:37 5717 Level0 -- INI:[COMMON] BASEFUNCNO=5000
2993352321 14:39:37 5717 Level0 -- INI:[COMMON] RDPPFILE=
2993352321 14:39:37 5717 Level0 -- INI:[COMMON] RAXFILE=
2993352321 14:39:37 5717 Level0 -- INI:[COMMON] BUSELECT=1
2993352322 14:39:37 5717 Level0 -- INI:[COMMON] DEBUG=0
2993352322 14:39:37 5717 Level0 -- INI:[COMMON] MAXANSLEN=8000
2993352322 14:39:37 5717 Level0 -- INI:[COMMON] REQTIMEOUT=10000
2993352322 14:39:37 5717 Level0 -- INI:[COMMON] SERVERCOUNT=1
2993352322 14:39:37 5717 Level0 -- INI:[COMMON] SERVER1=127.0.0.1:4000:7000
2993352322 14:39:37 5717 Level0 -- INI:[COMMON] FORWARD_PATH=forward/
2993352322 14:39:37 5717 Level0 -- INI:[COMMON] FORWARD_CLEAR=1800   
2993352322 14:39:37 5717 Level0 -- INI:[COMMON] BCCADP=0
2993352323 14:39:37 5717 Level0 -- INI:[COMMON] PUSHSUPPORT=1
2993352323 14:39:37 5717 Level0 -- INI:[COMMON] MULTIPUSH=0
2993352323 14:39:37 5717 Level0 -- INI:[COMMON] PFSWITCH=1
2993352323 14:39:37 5717 Level0 -- INI:[COMMON] PATIME=8  
2993352323 14:39:37 5717 Level0 -- INI:[COMMON] PUSHDBFS_PATH=
2993352324 14:39:37 5717 Level0 -- INI:[COMMON] STATUS_PATH=
2993352324 14:39:37 5717 Level0 -- INI:[COMMON] MAXPDFLEN=2000000000
2993352324 14:39:37 5717 Level0 -- INI:[COMMON] KLGPATH=klg
2993352324 14:39:37 5717 Level0 -- INI:[COMMON] LOGOVERDUE=10 
2993352324 14:39:37 5717 Level0 -- INI:[COMMON] TOTALSHMLEN=100
2993352324 14:39:37 5717 Level0 -- INI:[COMMON] BUPORT=6000
2993352324 14:39:37 5717 Level0 -- INI:[COMMON] LOGSHOW=1
2993352324 14:39:37 5717 Level0 -- INI:[COMMON] MONITOR0=900800
2993352324 14:39:37 5717 Level0 -- INI:[COMMON] FREETIME=1000
2993352324 14:39:37 5717 Level0 -- INI:[COMMON] FUNCSTAT=0
2993352325 14:39:37 5717 Level0 -- INI:[COMMON] DRTPGROUP=0
2993352325 14:39:37 5717 Level0 -- INI:[COMMON] MQNAME=
2993352325 14:39:37 5717 Level0 -- INI:[COMMON] BEGIN=BU0
2993352325 14:39:37 5717 Level0 -- INI:[BU0] UNITS=5
2993352325 14:39:37 5717 Level0 -- INI:[BU0] REQTIMEOUT=30000
2993352325 14:39:37 5717 Level0 -- INI:[BU0] STARTPROG=
2993352326 14:39:37 5717 Level0 -- INI:[BU0] BEGINSTART=0
2993352326 14:39:37 5717 Level0 -- INI:[BU0] MAXRUNTIME=20
2993352326 14:39:37 5717 Level0 -- INI:[BU0] NOVBUWARN=30000
2993352326 14:39:37 5717 Level0 -- INI:[BU0] WAITTIME=10
2993352327 14:39:37 5717 Level0 -- INI:[BU0] WRITEAPPINFO=0
2993352327 14:39:37 5717 Level0 -- INI:[BU0] FIFOPROC1=1
2993352327 14:39:37 5717 Level0 -- INI:[BU0] FIFOPROC2=0
2993352327 14:39:37 5717 Level0 -- INI:[BU0] FIFOPROC3=0
2993352327 14:39:37 5717 Level0 -- INI:[BU0] PROG=./bank_bu
2993352327 14:39:37 5717 Level0 -- INI:[BU0] PATH=./
2993352327 14:39:37 5717 Level0 -- INI:[BU0] ARGV=bu0/ksbu.ini
2993352327 14:39:37 5717 Level0 -- INI:[BU0] BDFILE=function0.lst
2993352327 14:39:37 5717 Level0 -- INI:[BU0] NEXT=BU1
2993352327 14:39:37 5717 Level0 -- INI:[BU1] UNITS=2
2993352328 14:39:37 5717 Level0 -- INI:[BU1] REQTIMEOUT=30000
2993352328 14:39:37 5717 Level0 -- INI:[BU1] STARTPROG=
2993352328 14:39:37 5717 Level0 -- INI:[BU1] BEGINSTART=0
2993352328 14:39:37 5717 Level0 -- INI:[BU1] MAXRUNTIME=20
2993352328 14:39:37 5717 Level0 -- INI:[BU1] NOVBUWARN=30000
2993352328 14:39:37 5717 Level0 -- INI:[BU1] WAITTIME=10
2993352329 14:39:37 5717 Level0 -- INI:[BU1] WRITEAPPINFO=1
2993352329 14:39:37 5717 Level0 -- INI:[BU1] FIFOPROC1=1
2993352329 14:39:37 5717 Level0 -- INI:[BU1] FIFOPROC2=0
2993352329 14:39:37 5717 Level0 -- INI:[BU1] FIFOPROC3=0
2993352329 14:39:37 5717 Level0 -- INI:[BU1] PROG=./filetransbu
2993352329 14:39:37 5717 Level0 -- INI:[BU1] PATH=./
2993352329 14:39:37 5717 Level0 -- INI:[BU1] ARGV=bu1/ksbu.ini
2993352330 14:39:37 5717 Level0 -- INI:[BU1] BDFILE=function1.lst
2993352330 14:39:37 5717 Level0 -- INI:[BU1] NEXT=END
2993352330 14:39:37 5717 Level0 -- INI:[COMMON] DEFAULT=
2993352330 14:39:37 5717 Level0 -- INI:[COMMON] FLOGFILE=flog.txt
2993352331 14:39:37 5717 Level0 -- INI:[COMMON] DYNASERVICE=:0:-1
2993352331 14:39:37 5717 Level0 -- INI:[COMMON] DYNASERVICE=:0:-1
2993352331 14:39:37 5717 Level0 -- INI:[COMMON] DYNASERVICE=:0:-1
2993352780 14:39:38 5719 Level1 -- KSMBCC-IPC Version 2.94 Copyright 2003-2009 KS ChenYH, On 2009-10-12 14:53:11 - 系统开始启动!
2993352800 14:39:38 5719 Level41 -- GPT0(通讯平台组BranchNo=7000)启动!
2993352894 14:39:38 5719 Level1122 -- BULink[0] use TCP Only!
2993352895 14:39:38 5719 Level200 -- BULink(0)建立了正常的连接，开始正式工作!
2993353372 14:39:38 5719 Level1122 -- BULink[1] use TCP Only!
2993353373 14:39:38 5719 Level200 -- BULink(1)建立了正常的连接，开始正式工作!
2993353791 14:39:39 5719 Level120 -- (1312958379)SVR与通讯平台0成功建立连接！
2993355231 14:39:40 5719 Level1122 -- BULink[2] use TCP Only!
2993355231 14:39:40 5719 Level200 -- BULink(2)建立了正常的连接，开始正式工作!
2993355260 14:39:40 5719 Level1122 -- BULink[3] use TCP Only!
2993355260 14:39:40 5719 Level200 -- BULink(3)建立了正常的连接，开始正式工作!
2993355569 14:39:40 5719 Level1122 -- BULink[4] use TCP Only!
2993355569 14:39:40 5719 Level200 -- BULink(4)建立了正常的连接，开始正式工作!
2993356474 14:39:41 5719 Level1122 -- BULink[5] use TCP Only!
2993356475 14:39:41 5719 Level200 -- BULink(5)建立了正常的连接，开始正式工作!
2993356968 14:39:42 5719 Level1122 -- BULink[6] use TCP Only!
2993356970 14:39:42 5719 Level200 -- BULink(6)建立了正常的连接，开始正式工作!
2995968704 15:23:13 5719 Level200 -- 本BULink(0)GID=BU0停止工作!
2995968707 15:23:13 5719 Level200 -- 本BULink(4)GID=BU0停止工作!
2995968711 15:23:13 5719 Level200 -- 本BULink(3)GID=BU0停止工作!
2995968717 15:23:13 5719 Level200 -- 本BULink(5)GID=BU0停止工作!
2995968720 15:23:14 5719 Level200 -- 本BULink(6)GID=BU0停止工作!
2995969072 15:23:14 5719 Level46 -- GPT0(通讯平台组BranchNo=7000)正常退出!
2995969112 15:23:14 5719 Level100 -- BULinkThread[0]退出!
2995969112 15:23:14 5719 Level100 -- KSMBCC-ForwardThread Exit!
2995969115 15:23:14 5719 Level100 -- BULinkThread[4]退出!
2995969119 15:23:14 5719 Level100 -- BULinkThread[3]退出!
2995969124 15:23:14 5719 Level100 -- BULinkThread[5]退出!
2995969128 15:23:14 5719 Level100 -- BULinkThread[6]退出!
2995969129 15:23:14 5719 Level101 -- ForwardThread[0] Exit!
2995969137 15:23:14 5719 Level100 -- BULinkThread[1]退出!
2995969157 15:23:14 5719 Level100 -- BUListenThread退出!
2995969542 15:23:14 5719 Level100 -- DRTPRecvThread[0]退出!
2995969891 15:23:15 5719 Level100 -- BULinkThread[2]退出!
2995987617 15:23:32 6124 Level0 -- INI:[COMMON] XCCHKUD=1
2995987617 15:23:32 6124 Level0 -- INI:[COMMON] DRTPSENDWAIT=100
2995987617 15:23:32 6124 Level0 -- INI:[COMMON] CONNECTWAIT=100
2995987618 15:23:32 6124 Level0 -- INI:[COMMON] ODFILES=
2995987618 15:23:32 6124 Level0 -- INI:[COMMON] PUSHFREE=1
2995987618 15:23:32 6124 Level0 -- INI:[COMMON] DIRECTPM0=0
2995987618 15:23:32 6124 Level0 -- INI:[COMMON] RECVPUSH=0
2995987618 15:23:32 6124 Level0 -- INI:[COMMON] DEAMON=1
2995987618 15:23:32 6124 Level0 -- INI:[COMMON] ID=2
2995987618 15:23:32 6124 Level0 -- INI:[COMMON] BASEFUNCNO=5000
2995987618 15:23:32 6124 Level0 -- INI:[COMMON] RDPPFILE=
2995987618 15:23:32 6124 Level0 -- INI:[COMMON] RAXFILE=
2995987618 15:23:32 6124 Level0 -- INI:[COMMON] BUSELECT=1
2995987618 15:23:32 6124 Level0 -- INI:[COMMON] DEBUG=0
2995987619 15:23:32 6124 Level0 -- INI:[COMMON] MAXANSLEN=8000
2995987619 15:23:32 6124 Level0 -- INI:[COMMON] REQTIMEOUT=10000
2995987619 15:23:32 6124 Level0 -- INI:[COMMON] SERVERCOUNT=1
2995987619 15:23:32 6124 Level0 -- INI:[COMMON] SERVER1=127.0.0.1:4000:7000
2995987619 15:23:32 6124 Level0 -- INI:[COMMON] FORWARD_PATH=forward/
2995987619 15:23:32 6124 Level0 -- INI:[COMMON] FORWARD_CLEAR=1800   
2995987620 15:23:32 6124 Level0 -- INI:[COMMON] BCCADP=0
2995987620 15:23:32 6124 Level0 -- INI:[COMMON] PUSHSUPPORT=1
2995987620 15:23:32 6124 Level0 -- INI:[COMMON] MULTIPUSH=0
2995987620 15:23:32 6124 Level0 -- INI:[COMMON] PFSWITCH=1
2995987620 15:23:32 6124 Level0 -- INI:[COMMON] PATIME=8  
2995987620 15:23:32 6124 Level0 -- INI:[COMMON] PUSHDBFS_PATH=
2995987620 15:23:32 6124 Level0 -- INI:[COMMON] STATUS_PATH=
2995987620 15:23:32 6124 Level0 -- INI:[COMMON] MAXPDFLEN=2000000000
2995987621 15:23:32 6124 Level0 -- INI:[COMMON] KLGPATH=klg
2995987621 15:23:32 6124 Level0 -- INI:[COMMON] LOGOVERDUE=10 
2995987621 15:23:32 6124 Level0 -- INI:[COMMON] TOTALSHMLEN=100
2995987621 15:23:32 6124 Level0 -- INI:[COMMON] BUPORT=6000
2995987622 15:23:32 6124 Level0 -- INI:[COMMON] LOGSHOW=1
2995987622 15:23:32 6124 Level0 -- INI:[COMMON] MONITOR0=900800
2995987622 15:23:32 6124 Level0 -- INI:[COMMON] FREETIME=1000
2995987622 15:23:32 6124 Level0 -- INI:[COMMON] FUNCSTAT=0
2995987622 15:23:32 6124 Level0 -- INI:[COMMON] DRTPGROUP=0
2995987622 15:23:32 6124 Level0 -- INI:[COMMON] MQNAME=
2995987622 15:23:32 6124 Level0 -- INI:[COMMON] BEGIN=BU0
2995987622 15:23:32 6124 Level0 -- INI:[BU0] UNITS=5
2995987622 15:23:32 6124 Level0 -- INI:[BU0] REQTIMEOUT=30000
2995987623 15:23:32 6124 Level0 -- INI:[BU0] STARTPROG=
2995987623 15:23:32 6124 Level0 -- INI:[BU0] BEGINSTART=0
2995987623 15:23:32 6124 Level0 -- INI:[BU0] MAXRUNTIME=20
2995987623 15:23:32 6124 Level0 -- INI:[BU0] NOVBUWARN=30000
2995987623 15:23:32 6124 Level0 -- INI:[BU0] WAITTIME=10
2995987623 15:23:32 6124 Level0 -- INI:[BU0] WRITEAPPINFO=0
2995987623 15:23:32 6124 Level0 -- INI:[BU0] FIFOPROC1=1
2995987624 15:23:32 6124 Level0 -- INI:[BU0] FIFOPROC2=0
2995987624 15:23:32 6124 Level0 -- INI:[BU0] FIFOPROC3=0
2995987624 15:23:32 6124 Level0 -- INI:[BU0] PROG=./bank_bu
2995987624 15:23:32 6124 Level0 -- INI:[BU0] PATH=./
2995987624 15:23:32 6124 Level0 -- INI:[BU0] ARGV=bu0/ksbu.ini
2995987624 15:23:32 6124 Level0 -- INI:[BU0] BDFILE=function0.lst
2995987624 15:23:32 6124 Level0 -- INI:[BU0] NEXT=BU1
2995987625 15:23:32 6124 Level0 -- INI:[BU1] UNITS=2
2995987625 15:23:32 6124 Level0 -- INI:[BU1] REQTIMEOUT=30000
2995987625 15:23:32 6124 Level0 -- INI:[BU1] STARTPROG=
2995987625 15:23:32 6124 Level0 -- INI:[BU1] BEGINSTART=0
2995987625 15:23:32 6124 Level0 -- INI:[BU1] MAXRUNTIME=20
2995987625 15:23:32 6124 Level0 -- INI:[BU1] NOVBUWARN=30000
2995987626 15:23:32 6124 Level0 -- INI:[BU1] WAITTIME=10
2995987626 15:23:32 6124 Level0 -- INI:[BU1] WRITEAPPINFO=1
2995987626 15:23:32 6124 Level0 -- INI:[BU1] FIFOPROC1=1
2995987627 15:23:32 6124 Level0 -- INI:[BU1] FIFOPROC2=0
2995987627 15:23:32 6124 Level0 -- INI:[BU1] FIFOPROC3=0
2995987627 15:23:32 6124 Level0 -- INI:[BU1] PROG=./filetransbu
2995987627 15:23:32 6124 Level0 -- INI:[BU1] PATH=./
2995987627 15:23:32 6124 Level0 -- INI:[BU1] ARGV=bu1/ksbu.ini
2995987627 15:23:32 6124 Level0 -- INI:[BU1] BDFILE=function1.lst
2995987627 15:23:32 6124 Level0 -- INI:[BU1] NEXT=END
2995987628 15:23:32 6124 Level0 -- INI:[COMMON] DEFAULT=
2995987628 15:23:32 6124 Level0 -- INI:[COMMON] FLOGFILE=flog.txt
2995987628 15:23:32 6124 Level0 -- INI:[COMMON] DYNASERVICE=:0:-1
2995987628 15:23:32 6124 Level0 -- INI:[COMMON] DYNASERVICE=:0:-1
2995987628 15:23:32 6124 Level0 -- INI:[COMMON] DYNASERVICE=:0:-1
2995988145 15:23:33 6126 Level41 -- GPT0(通讯平台组BranchNo=7000)启动!
2995988246 15:23:33 6126 Level1 -- KSMBCC-IPC Version 2.94 Copyright 2003-2009 KS ChenYH, On 2009-10-12 14:53:11 - 系统开始启动!
2995988820 15:23:34 6126 Level1122 -- BULink[0] use TCP Only!
2995988820 15:23:34 6126 Level200 -- BULink(0)建立了正常的连接，开始正式工作!
2995989162 15:23:34 6126 Level120 -- (1312961014)SVR与通讯平台0成功建立连接！
2995989556 15:23:34 6126 Level1122 -- BULink[1] use TCP Only!
2995989561 15:23:34 6126 Level200 -- BULink(1)建立了正常的连接，开始正式工作!
2995990268 15:23:35 6126 Level1122 -- BULink[2] use TCP Only!
2995990269 15:23:35 6126 Level200 -- BULink(2)建立了正常的连接，开始正式工作!
2995991077 15:23:36 6126 Level1122 -- BULink[3] use TCP Only!
2995991078 15:23:36 6126 Level200 -- BULink(3)建立了正常的连接，开始正式工作!
2995991463 15:23:36 6126 Level1122 -- BULink[4] use TCP Only!
2995991465 15:23:36 6126 Level200 -- BULink(4)建立了正常的连接，开始正式工作!
2995991607 15:23:36 6126 Level1122 -- BULink[5] use TCP Only!
2995991608 15:23:36 6126 Level200 -- BULink(5)建立了正常的连接，开始正式工作!
2995992540 15:23:37 6126 Level1122 -- BULink[6] use TCP Only!
2995992543 15:23:37 6126 Level200 -- BULink(6)建立了正常的连接，开始正式工作!
2996110566 15:25:35 6126 Level10101 -- BU1作为BU组'BU0'的服务单元异常，已经有20秒没有心跳或活动了!
2996110567 15:25:35 6126 Level200 -- 本BULink(1)GID=BU0停止工作!
2996111076 15:25:36 6126 Level1122 -- BULink[1] use TCP Only!
2996111077 15:25:36 6126 Level200 -- BULink(1)建立了正常的连接，开始正式工作!
2996392040 15:30:17 6126 Level10101 -- BU1作为BU组'BU0'的服务单元异常，已经有20秒没有心跳或活动了!
2996392040 15:30:17 6126 Level200 -- 本BULink(1)GID=BU0停止工作!
2996393366 15:30:18 6126 Level1122 -- BULink[1] use TCP Only!
2996393366 15:30:18 6126 Level200 -- BULink(1)建立了正常的连接，开始正式工作!
2997796166 15:53:41 6126 Level10101 -- BU1作为BU组'BU0'的服务单元异常，已经有20秒没有心跳或活动了!
2997796167 15:53:41 6126 Level200 -- 本BULink(1)GID=BU0停止工作!
2997798334 15:53:43 6126 Level1122 -- BULink[1] use TCP Only!
2997798334 15:53:43 6126 Level200 -- BULink(1)建立了正常的连接，开始正式工作!
2998033316 15:57:38 6126 Level10101 -- BU1作为BU组'BU0'的服务单元异常，已经有20秒没有心跳或活动了!
2998033316 15:57:38 6126 Level200 -- 本BULink(1)GID=BU0停止工作!
2998034336 15:57:39 6126 Level1122 -- BULink[1] use TCP Only!
2998034337 15:57:39 6126 Level200 -- BULink(1)建立了正常的连接，开始正式工作!
2998455263 16:04:40 6126 Level200 -- 本BULink(3)GID=BU0停止工作!
2998455268 16:04:40 6126 Level200 -- 本BULink(5)GID=BU0停止工作!
2998455271 16:04:40 6126 Level200 -- 本BULink(4)GID=BU0停止工作!
2998455275 16:04:40 6126 Level200 -- 本BULink(6)GID=BU0停止工作!
2998455279 16:04:40 6126 Level200 -- 本BULink(1)GID=BU0停止工作!
2998455995 16:04:41 6126 Level1122 -- BULink[1] use TCP Only!
2998455995 16:04:41 6126 Level200 -- BULink(1)建立了正常的连接，开始正式工作!
2998457507 16:04:42 6126 Level1122 -- BULink[3] use TCP Only!
2998457507 16:04:42 6126 Level200 -- BULink(3)建立了正常的连接，开始正式工作!
2998458030 16:04:43 6126 Level1122 -- BULink[4] use TCP Only!
2998458030 16:04:43 6126 Level200 -- BULink(4)建立了正常的连接，开始正式工作!
2998459153 16:04:44 6126 Level1122 -- BULink[5] use TCP Only!
2998459153 16:04:44 6126 Level200 -- BULink(5)建立了正常的连接，开始正式工作!
2998460071 16:04:45 6126 Level1122 -- BULink[6] use TCP Only!
2998460072 16:04:45 6126 Level200 -- BULink(6)建立了正常的连接，开始正式工作!
2998460165 16:04:45 6126 Level200 -- 本BULink(1)GID=BU0停止工作!
2998460168 16:04:45 6126 Level200 -- 本BULink(3)GID=BU0停止工作!
2998460171 16:04:45 6126 Level200 -- 本BULink(4)GID=BU0停止工作!
2998460180 16:04:45 6126 Level200 -- 本BULink(5)GID=BU0停止工作!
2998460185 16:04:45 6126 Level200 -- 本BULink(6)GID=BU0停止工作!
2998461082 16:04:46 6126 Level1122 -- BULink[1] use TCP Only!
2998461082 16:04:46 6126 Level200 -- BULink(1)建立了正常的连接，开始正式工作!
2998462118 16:04:47 6126 Level1122 -- BULink[3] use TCP Only!
2998462118 16:04:47 6126 Level200 -- BULink(3)建立了正常的连接，开始正式工作!
2998463036 16:04:48 6126 Level1122 -- BULink[4] use TCP Only!
2998463036 16:04:48 6126 Level200 -- BULink(4)建立了正常的连接，开始正式工作!
2998464261 16:04:49 6126 Level1122 -- BULink[5] use TCP Only!
2998464261 16:04:49 6126 Level200 -- BULink(5)建立了正常的连接，开始正式工作!
2998465389 16:04:50 6126 Level1122 -- BULink[6] use TCP Only!
2998465390 16:04:50 6126 Level200 -- BULink(6)建立了正常的连接，开始正式工作!
2998468023 16:04:53 6126 Level200 -- 本BULink(1)GID=BU0停止工作!
2998468029 16:04:53 6126 Level200 -- 本BULink(3)GID=BU0停止工作!
2998468032 16:04:53 6126 Level200 -- 本BULink(4)GID=BU0停止工作!
2998468035 16:04:53 6126 Level200 -- 本BULink(5)GID=BU0停止工作!
2998468039 16:04:53 6126 Level200 -- 本BULink(6)GID=BU0停止工作!
2998469013 16:04:54 6126 Level46 -- GPT0(通讯平台组BranchNo=7000)正常退出!
2998469043 16:04:54 6126 Level100 -- BULinkThread[1]退出!
2998469048 16:04:54 6126 Level100 -- BULinkThread[3]退出!
2998469050 16:04:54 6126 Level100 -- KSMBCC-ForwardThread Exit!
2998469052 16:04:54 6126 Level100 -- BULinkThread[4]退出!
2998469054 16:04:54 6126 Level101 -- ForwardThread[0] Exit!
2998469055 16:04:54 6126 Level100 -- BULinkThread[5]退出!
2998469059 16:04:54 6126 Level100 -- BULinkThread[6]退出!
2998469064 16:04:54 6126 Level100 -- BUListenThread退出!
2998469540 16:04:54 6126 Level100 -- BULinkThread[0]退出!
2998469934 16:04:55 6126 Level100 -- BULinkThread[2]退出!
2998471637 16:04:56 6126 Level100 -- DRTPRecvThread[0]退出!
