02/12 14:18:21 5732 Level10101 -- BU0作为BU组'BU0'的服务单元异常，已经有180秒没有心跳或活动了!
02/12 14:18:21 5732 Level200 -- 本BULink(0)停止工作!
02/12 14:18:22 5732 Level200 -- BULink(0)建立了正常的连接，开始正式工作!
02/12 14:18:50 5732 Level10101 -- BU3作为BU组'BU0'的服务单元异常，已经有180秒没有心跳或活动了!
02/12 14:18:50 5732 Level200 -- 本BULink(3)停止工作!
02/12 14:18:50 5732 Level200 -- BULink(3)建立了正常的连接，开始正式工作!
02/12 14:19:20 5732 Level10101 -- BU7作为BU组'BU0'的服务单元异常，已经有180秒没有心跳或活动了!
02/12 14:19:20 5732 Level200 -- 本BULink(7)停止工作!
02/12 14:19:21 5732 Level200 -- BULink(7)建立了正常的连接，开始正式工作!
02/12 14:19:27 5732 Level10101 -- BU8作为BU组'BU0'的服务单元异常，已经有180秒没有心跳或活动了!
02/12 14:19:27 5732 Level200 -- 本BULink(8)停止工作!
02/12 14:19:28 5732 Level200 -- BULink(8)建立了正常的连接，开始正式工作!
02/12 14:20:19 5732 Level10101 -- BU10作为BU组'BU0'的服务单元异常，已经有180秒没有心跳或活动了!
02/12 14:20:19 5732 Level200 -- 本BULink(10)停止工作!
02/12 14:20:20 5732 Level200 -- BULink(10)建立了正常的连接，开始正式工作!
02/12 14:21:49 5732 Level10101 -- BU0作为BU组'BU0'的服务单元异常，已经有180秒没有心跳或活动了!
02/12 14:21:49 5732 Level200 -- 本BULink(0)停止工作!
02/12 14:21:50 5732 Level200 -- BULink(0)建立了正常的连接，开始正式工作!
02/12 14:22:31 5732 Level10101 -- BU3作为BU组'BU0'的服务单元异常，已经有180秒没有心跳或活动了!
02/12 14:22:31 5732 Level200 -- 本BULink(3)停止工作!
02/12 14:22:32 5732 Level200 -- BULink(3)建立了正常的连接，开始正式工作!
02/12 14:22:40 5732 Level10101 -- BU7作为BU组'BU0'的服务单元异常，已经有180秒没有心跳或活动了!
02/12 14:22:40 5732 Level200 -- 本BULink(7)停止工作!
02/12 14:22:41 5732 Level200 -- BULink(7)建立了正常的连接，开始正式工作!
02/12 14:24:42 5732 Level10101 -- BU8作为BU组'BU0'的服务单元异常，已经有180秒没有心跳或活动了!
02/12 14:24:42 5732 Level200 -- 本BULink(8)停止工作!
02/12 14:24:43 5732 Level200 -- BULink(8)建立了正常的连接，开始正式工作!
02/12 14:24:57 5732 Level10101 -- BU0作为BU组'BU0'的服务单元异常，已经有180秒没有心跳或活动了!
02/12 14:24:57 5732 Level200 -- 本BULink(0)停止工作!
02/12 14:24:58 5732 Level200 -- BULink(0)建立了正常的连接，开始正式工作!
02/12 14:25:31 5732 Level10101 -- BU10作为BU组'BU0'的服务单元异常，已经有180秒没有心跳或活动了!
02/12 14:25:31 5732 Level200 -- 本BULink(10)停止工作!
02/12 14:25:32 5732 Level200 -- BULink(10)建立了正常的连接，开始正式工作!
02/12 14:25:53 5732 Level10101 -- BU3作为BU组'BU0'的服务单元异常，已经有180秒没有心跳或活动了!
02/12 14:25:53 5732 Level200 -- 本BULink(3)停止工作!
02/12 14:25:54 5732 Level200 -- BULink(3)建立了正常的连接，开始正式工作!
02/12 14:25:56 5732 Level10101 -- BU7作为BU组'BU0'的服务单元异常，已经有180秒没有心跳或活动了!
02/12 14:25:56 5732 Level200 -- 本BULink(7)停止工作!
02/12 14:25:56 5732 Level200 -- BULink(7)建立了正常的连接，开始正式工作!
02/12 14:28:55 5732 Level10101 -- BU0作为BU组'BU0'的服务单元异常，已经有180秒没有心跳或活动了!
02/12 14:28:55 5732 Level200 -- 本BULink(0)停止工作!
02/12 14:28:56 5732 Level200 -- BULink(0)建立了正常的连接，开始正式工作!
02/12 14:29:35 5732 Level10101 -- BU3作为BU组'BU0'的服务单元异常，已经有180秒没有心跳或活动了!
02/12 14:29:35 5732 Level200 -- 本BULink(3)停止工作!
02/12 14:29:36 5732 Level200 -- BULink(3)建立了正常的连接，开始正式工作!
02/12 14:30:20 5732 Level10101 -- BU7作为BU组'BU0'的服务单元异常，已经有180秒没有心跳或活动了!
02/12 14:30:20 5732 Level200 -- 本BULink(7)停止工作!
02/12 14:30:21 5732 Level200 -- BULink(7)建立了正常的连接，开始正式工作!
02/12 14:30:31 5732 Level10101 -- BU8作为BU组'BU0'的服务单元异常，已经有180秒没有心跳或活动了!
02/12 14:30:31 5732 Level200 -- 本BULink(8)停止工作!
02/12 14:30:32 5732 Level200 -- BULink(8)建立了正常的连接，开始正式工作!
02/12 14:31:31 5732 Level10101 -- BU10作为BU组'BU0'的服务单元异常，已经有180秒没有心跳或活动了!
02/12 14:31:31 5732 Level200 -- 本BULink(10)停止工作!
02/12 14:31:31 5732 Level200 -- BULink(10)建立了正常的连接，开始正式工作!
02/12 14:32:02 5732 Level10101 -- BU0作为BU组'BU0'的服务单元异常，已经有180秒没有心跳或活动了!
02/12 14:32:02 5732 Level200 -- 本BULink(0)停止工作!
02/12 14:32:02 5732 Level200 -- BULink(0)建立了正常的连接，开始正式工作!
02/12 14:33:42 5732 Level10101 -- BU3作为BU组'BU0'的服务单元异常，已经有180秒没有心跳或活动了!
02/12 14:33:42 5732 Level200 -- 本BULink(3)停止工作!
02/12 14:33:42 5732 Level200 -- BULink(3)建立了正常的连接，开始正式工作!
02/12 14:45:30 5732 Level200 -- 本BULink(7)停止工作!
02/12 14:45:30 5732 Level200 -- 本BULink(1)停止工作!
02/12 14:45:30 5732 Level200 -- 本BULink(5)停止工作!
02/12 14:45:30 5732 Level200 -- 本BULink(9)停止工作!
02/12 14:45:30 5732 Level200 -- 本BULink(6)停止工作!
02/12 14:45:30 5732 Level200 -- 本BULink(2)停止工作!
02/12 14:45:30 5732 Level200 -- 本BULink(3)停止工作!
02/12 14:45:30 5732 Level200 -- 本BULink(4)停止工作!
02/12 14:45:30 5732 Level200 -- 本BULink(0)停止工作!
02/12 14:45:30 5732 Level200 -- 本BULink(11)停止工作!
02/12 14:45:30 5732 Level200 -- 本BULink(8)停止工作!
02/12 14:45:30 5732 Level200 -- 本BULink(10)停止工作!
02/12 14:45:30 5732 Level1011 -- 处理失败，错误-9999：<本处理中心可能没有启动可提供本服务有效的处理单元，请与系统管理人员联系!>
02/12 14:45:30 5732 Level1011 -- 处理失败，错误-9999：<本处理中心可能没有启动可提供本服务有效的处理单元，请与系统管理人员联系!>
02/12 14:45:30 5732 Level1011 -- 处理失败，错误-9999：<本处理中心可能没有启动可提供本服务有效的处理单元，请与系统管理人员联系!>
02/12 14:45:30 5732 Level1011 -- 处理失败，错误-9999：<本处理中心可能没有启动可提供本服务有效的处理单元，请与系统管理人员联系!>
02/12 14:45:30 5732 Level1011 -- 处理失败，错误-9999：<本处理中心可能没有启动可提供本服务有效的处理单元，请与系统管理人员联系!>
02/12 14:45:30 5732 Level1011 -- 处理失败，错误-9999：<本处理中心可能没有启动可提供本服务有效的处理单元，请与系统管理人员联系!>
02/12 14:45:30 5732 Level1011 -- 处理失败，错误-9999：<本处理中心可能没有启动可提供本服务有效的处理单元，请与系统管理人员联系!>
02/12 14:45:30 5732 Level1011 -- 处理失败，错误-9999：<本处理中心可能没有启动可提供本服务有效的处理单元，请与系统管理人员联系!>
02/12 14:45:30 5732 Level1011 -- 处理失败，错误-9999：<本处理中心可能没有启动可提供本服务有效的处理单元，请与系统管理人员联系!>
02/12 14:45:30 5732 Level1011 -- 处理失败，错误-9999：<本处理中心可能没有启动可提供本服务有效的处理单元，请与系统管理人员联系!>
02/12 14:45:30 5732 Level1011 -- 处理失败，错误-9999：<本处理中心可能没有启动可提供本服务有效的处理单元，请与系统管理人员联系!>
02/12 14:45:30 5732 Level1011 -- 处理失败，错误-9999：<本处理中心可能没有启动可提供本服务有效的处理单元，请与系统管理人员联系!>
02/12 14:45:30 5732 Level1011 -- 处理失败，错误-9999：<本处理中心可能没有启动可提供本服务有效的处理单元，请与系统管理人员联系!>
02/12 14:45:30 5732 Level1011 -- 处理失败，错误-9999：<本处理中心可能没有启动可提供本服务有效的处理单元，请与系统管理人员联系!>
02/12 14:45:30 5732 Level1011 -- 处理失败，错误-9999：<本处理中心可能没有启动可提供本服务有效的处理单元，请与系统管理人员联系!>
02/12 14:45:30 5732 Level1011 -- 处理失败，错误-9999：<本处理中心可能没有启动可提供本服务有效的处理单元，请与系统管理人员联系!>
02/12 14:45:30 5732 Level1011 -- 处理失败，错误-9999：<本处理中心可能没有启动可提供本服务有效的处理单元，请与系统管理人员联系!>
02/12 14:45:30 5732 Level1011 -- 处理失败，错误-9999：<本处理中心可能没有启动可提供本服务有效的处理单元，请与系统管理人员联系!>
02/12 14:45:30 5732 Level1011 -- 处理失败，错误-9999：<本处理中心可能没有启动可提供本服务有效的处理单元，请与系统管理人员联系!>
02/12 14:45:30 5732 Level1011 -- 处理失败，错误-9999：<本处理中心可能没有启动可提供本服务有效的处理单元，请与系统管理人员联系!>
02/12 14:45:30 5732 Level1011 -- 处理失败，错误-9999：<本处理中心可能没有启动可提供本服务有效的处理单元，请与系统管理人员联系!>
02/12 14:45:30 5732 Level1011 -- 处理失败，错误-9999：<本处理中心可能没有启动可提供本服务有效的处理单元，请与系统管理人员联系!>
02/12 14:45:30 5732 Level1011 -- 处理失败，错误-9999：<本处理中心可能没有启动可提供本服务有效的处理单元，请与系统管理人员联系!>
02/12 14:45:30 5732 Level1011 -- 处理失败，错误-9999：<本处理中心可能没有启动可提供本服务有效的处理单元，请与系统管理人员联系!>
02/12 14:45:30 5732 Level1011 -- 处理失败，错误-9999：<本处理中心可能没有启动可提供本服务有效的处理单元，请与系统管理人员联系!>
02/12 14:45:30 5732 Level1011 -- 处理失败，错误-9999：<本处理中心可能没有启动可提供本服务有效的处理单元，请与系统管理人员联系!>
02/12 14:45:30 5732 Level1011 -- 处理失败，错误-9999：<本处理中心可能没有启动可提供本服务有效的处理单元，请与系统管理人员联系!>
02/12 14:45:30 5732 Level1011 -- 处理失败，错误-9999：<本处理中心可能没有启动可提供本服务有效的处理单元，请与系统管理人员联系!>
02/12 14:45:30 5732 Level1011 -- 处理失败，错误-9999：<本处理中心可能没有启动可提供本服务有效的处理单元，请与系统管理人员联系!>
02/12 14:45:30 5732 Level1011 -- 处理失败，错误-9999：<本处理中心可能没有启动可提供本服务有效的处理单元，请与系统管理人员联系!>
02/12 14:45:30 5732 Level1011 -- 处理失败，错误-9999：<本处理中心可能没有启动可提供本服务有效的处理单元，请与系统管理人员联系!>
02/12 14:45:30 5732 Level1011 -- 处理失败，错误-9999：<本处理中心可能没有启动可提供本服务有效的处理单元，请与系统管理人员联系!>
02/12 14:45:30 5732 Level1011 -- 处理失败，错误-9999：<本处理中心可能没有启动可提供本服务有效的处理单元，请与系统管理人员联系!>
02/12 14:45:30 5732 Level1011 -- 处理失败，错误-9999：<本处理中心可能没有启动可提供本服务有效的处理单元，请与系统管理人员联系!>
02/12 14:45:30 5732 Level1011 -- 处理失败，错误-9999：<本处理中心可能没有启动可提供本服务有效的处理单元，请与系统管理人员联系!>
02/12 14:45:30 5732 Level1011 -- 处理失败，错误-9999：<本处理中心可能没有启动可提供本服务有效的处理单元，请与系统管理人员联系!>
02/12 14:45:30 5732 Level1011 -- 处理失败，错误-9999：<本处理中心可能没有启动可提供本服务有效的处理单元，请与系统管理人员联系!>
02/12 14:45:30 5732 Level1011 -- 处理失败，错误-9999：<本处理中心可能没有启动可提供本服务有效的处理单元，请与系统管理人员联系!>
02/12 14:45:30 5732 Level1011 -- 处理失败，错误-9999：<本处理中心可能没有启动可提供本服务有效的处理单元，请与系统管理人员联系!>
02/12 14:45:30 5732 Level1011 -- 处理失败，错误-9999：<本处理中心可能没有启动可提供本服务有效的处理单元，请与系统管理人员联系!>
02/12 14:45:30 5732 Level1011 -- 处理失败，错误-9999：<本处理中心可能没有启动可提供本服务有效的处理单元，请与系统管理人员联系!>
02/12 14:45:30 5732 Level1011 -- 处理失败，错误-9999：<本处理中心可能没有启动可提供本服务有效的处理单元，请与系统管理人员联系!>
02/12 14:45:30 5732 Level1011 -- 处理失败，错误-9999：<本处理中心可能没有启动可提供本服务有效的处理单元，请与系统管理人员联系!>
02/12 14:45:30 5732 Level1011 -- 处理失败，错误-9999：<本处理中心可能没有启动可提供本服务有效的处理单元，请与系统管理人员联系!>
02/12 14:45:30 5732 Level1011 -- 处理失败，错误-9999：<本处理中心可能没有启动可提供本服务有效的处理单元，请与系统管理人员联系!>
02/12 14:45:30 5732 Level1011 -- 处理失败，错误-9999：<本处理中心可能没有启动可提供本服务有效的处理单元，请与系统管理人员联系!>
02/12 14:45:30 5732 Level1011 -- 处理失败，错误-9999：<本处理中心可能没有启动可提供本服务有效的处理单元，请与系统管理人员联系!>
02/12 14:45:30 5732 Level1011 -- 处理失败，错误-9999：<本处理中心可能没有启动可提供本服务有效的处理单元，请与系统管理人员联系!>
02/12 14:45:30 5732 Level1011 -- 处理失败，错误-9999：<本处理中心可能没有启动可提供本服务有效的处理单元，请与系统管理人员联系!>
02/12 14:45:30 5732 Level1011 -- 处理失败，错误-9999：<本处理中心可能没有启动可提供本服务有效的处理单元，请与系统管理人员联系!>
02/12 14:45:30 5732 Level1011 -- 处理失败，错误-9999：<本处理中心可能没有启动可提供本服务有效的处理单元，请与系统管理人员联系!>
02/12 14:45:30 5732 Level1011 -- 处理失败，错误-9999：<本处理中心可能没有启动可提供本服务有效的处理单元，请与系统管理人员联系!>
02/12 14:45:30 5732 Level1011 -- 处理失败，错误-9999：<本处理中心可能没有启动可提供本服务有效的处理单元，请与系统管理人员联系!>
02/12 14:45:30 5732 Level801 -- 应用接收错误(-1):通讯错误:2
02/12 14:45:30 5732 Level100 -- DRTPRecvThread[0]退出!
02/12 14:45:30 5732 Level3001 -- CliToReceive接收错误-2:通讯错误:2!
02/12 14:45:30 5732 Level45 -- 通讯平台0的推送线程正常退出!
02/12 14:45:30 5732 Level101 -- ForwardThread[0] Exit!
02/12 14:45:30 5732 Level100 -- KSMBCC-ForwardThread Exit!
02/12 14:45:30 5732 Level100 -- BULinkThread[7]退出!
02/12 14:45:30 5732 Level100 -- BULinkThread[1]退出!
02/12 14:45:30 5732 Level100 -- BULinkThread[9]退出!
02/12 14:45:30 5732 Level100 -- BULinkThread[5]退出!
02/12 14:45:30 5732 Level100 -- BULinkThread[6]退出!
02/12 14:45:30 5732 Level100 -- BULinkThread[3]退出!
02/12 14:45:30 5732 Level100 -- BULinkThread[2]退出!
02/12 14:45:30 5732 Level100 -- BULinkThread[0]退出!
02/12 14:45:30 5732 Level100 -- BULinkThread[4]退出!
02/12 14:45:30 5732 Level100 -- BULinkThread[8]退出!
02/12 14:45:30 5732 Level100 -- BULinkThread[11]退出!
02/12 14:45:30 5732 Level100 -- BULinkThread[10]退出!
02/12 14:45:31 5732 Level11010 -- 侦听BU连接的端口(6666)错误，需要重新初始化!
02/12 14:45:31 5732 Level100 -- BUListenThread退出!
02/12 14:45:32 5732 Level0 -- 系统正常退出！
02/12 14:46:45 24899 Level0 -- INI:[COMMON] DEAMON=1
02/12 14:46:45 24899 Level0 -- INI:[COMMON] ID=2
02/12 14:46:45 24899 Level0 -- INI:[COMMON] BASEFUNCNO=9000
02/12 14:46:45 24899 Level0 -- INI:[COMMON] RDPPFILE=
02/12 14:46:45 24899 Level0 -- INI:[COMMON] RAXFILE=
02/12 14:46:45 24899 Level0 -- INI:[COMMON] BUSELECT=1
02/12 14:46:45 24899 Level0 -- INI:[COMMON] DEBUG=0
02/12 14:46:45 24899 Level0 -- INI:[COMMON] MAXANSLEN=8000
02/12 14:46:45 24899 Level0 -- INI:[COMMON] REQTIMEOUT=10000
02/12 14:46:45 24899 Level0 -- INI:[COMMON] SERVERCOUNT=1
02/12 14:46:45 24899 Level0 -- INI:[COMMON] SERVER1=202.120.127.180:4000:2000
02/12 14:46:45 24899 Level0 -- INI:[COMMON] FORWARD_PATH=forward/
02/12 14:46:45 24899 Level0 -- INI:[COMMON] FORWARD_CLEAR=1800   
02/12 14:46:45 24899 Level0 -- INI:[COMMON] BCCADP=0
02/12 14:46:45 24899 Level0 -- INI:[COMMON] PUSHSUPPORT=1
02/12 14:46:45 24899 Level0 -- INI:[COMMON] MULTIPUSH=0
02/12 14:46:45 24899 Level0 -- INI:[COMMON] PFSWITCH=1
02/12 14:46:45 24899 Level0 -- INI:[COMMON] PATIME=8  
02/12 14:46:45 24899 Level0 -- INI:[COMMON] PUSHDBFS_PATH=
02/12 14:46:45 24899 Level0 -- INI:[COMMON] MAXPDFLEN=200000000
02/12 14:46:45 24899 Level0 -- INI:[COMMON] KLGPATH=klg
02/12 14:46:45 24899 Level0 -- INI:[COMMON] LOGOVERDUE=10 
02/12 14:46:45 24899 Level0 -- INI:[COMMON] TOTALSHMLEN=100
02/12 14:46:45 24899 Level0 -- INI:[COMMON] BUPORT=6666
02/12 14:46:45 24899 Level0 -- INI:[COMMON] LOGSHOW=1
02/12 14:46:45 24899 Level0 -- INI:[COMMON] MONITOR0=900800
02/12 14:46:45 24899 Level0 -- INI:[COMMON] FREETIME=1000
02/12 14:46:45 24899 Level0 -- INI:[COMMON] FUNCSTAT=0
02/12 14:46:45 24899 Level0 -- INI:[COMMON] BEGIN=BU0
02/12 14:46:45 24899 Level0 -- INI:[BU0] UNITS=5
02/12 14:46:45 24899 Level0 -- INI:[BU0] REQTIMEOUT=30000
02/12 14:46:45 24899 Level0 -- INI:[BU0] MAXRUNTIME=180
02/12 14:46:45 24899 Level0 -- INI:[BU0] NOVBUWARN=30000
02/12 14:46:45 24899 Level0 -- INI:[BU0] WAITTIME=10
02/12 14:46:45 24899 Level0 -- INI:[BU0] WRITEAPPINFO=0
02/12 14:46:45 24899 Level0 -- INI:[BU0] FIFOPROC1=1
02/12 14:46:45 24899 Level0 -- INI:[BU0] FIFOPROC2=0
02/12 14:46:45 24899 Level0 -- INI:[BU0] FIFOPROC3=0
02/12 14:46:45 24899 Level0 -- INI:[BU0] PROG=./ykt_bu
02/12 14:46:45 24899 Level0 -- INI:[BU0] PATH=./
02/12 14:46:45 24899 Level0 -- INI:[BU0] ARGV=bu0/ksbu.ini
02/12 14:46:45 24899 Level0 -- INI:[BU0] BDFILE=function0.lst
02/12 14:46:45 24899 Level0 -- INI:[BU0] NEXT=BU1
02/12 14:46:45 24899 Level0 -- INI:[BU1] UNITS=5
02/12 14:46:45 24899 Level0 -- INI:[BU1] REQTIMEOUT=10000
02/12 14:46:45 24899 Level0 -- INI:[BU1] MAXRUNTIME=20
02/12 14:46:45 24899 Level0 -- INI:[BU1] NOVBUWARN=30000
02/12 14:46:45 24899 Level0 -- INI:[BU1] WAITTIME=10
02/12 14:46:45 24899 Level0 -- INI:[BU1] WRITEAPPINFO=0
02/12 14:46:45 24899 Level0 -- INI:[BU1] FIFOPROC1=1
02/12 14:46:45 24899 Level0 -- INI:[BU1] FIFOPROC2=0
02/12 14:46:45 24899 Level0 -- INI:[BU1] FIFOPROC3=0
02/12 14:46:45 24899 Level0 -- INI:[BU1] PROG=./ykt_bu
02/12 14:46:45 24899 Level0 -- INI:[BU1] PATH=./
02/12 14:46:45 24899 Level0 -- INI:[BU1] ARGV=bu1/ksbu.ini
02/12 14:46:45 24899 Level0 -- INI:[BU1] BDFILE=function1.lst
02/12 14:46:45 24899 Level0 -- INI:[BU1] NEXT=BU2
02/12 14:46:45 24899 Level0 -- INI:[BU2] UNITS=2
02/12 14:46:45 24899 Level0 -- INI:[BU2] REQTIMEOUT=10000
02/12 14:46:45 24899 Level0 -- INI:[BU2] MAXRUNTIME=20
02/12 14:46:45 24899 Level0 -- INI:[BU2] NOVBUWARN=30000
02/12 14:46:45 24899 Level0 -- INI:[BU2] WAITTIME=10
02/12 14:46:45 24899 Level0 -- INI:[BU2] WRITEAPPINFO=0
02/12 14:46:45 24899 Level0 -- INI:[BU2] FIFOPROC1=1
02/12 14:46:45 24899 Level0 -- INI:[BU2] FIFOPROC2=0
02/12 14:46:45 24899 Level0 -- INI:[BU2] FIFOPROC3=0
02/12 14:46:45 24899 Level0 -- INI:[BU2] PROG=./ykt_bu
02/12 14:46:45 24899 Level0 -- INI:[BU2] PATH=./
02/12 14:46:45 24899 Level0 -- INI:[BU2] ARGV=bu2/ksbu.ini
02/12 14:46:45 24899 Level0 -- INI:[BU2] BDFILE=function2.lst
02/12 14:46:45 24899 Level0 -- INI:[BU2] NEXT=END
02/12 14:46:45 24899 Level0 -- INI:[COMMON] DEFAULT=
02/12 14:46:45 24899 Level0 -- INI:[COMMON] FLOGFILE=flog.txt
02/12 14:46:45 24899 Level0 -- INI:[COMMON] FLOGFILE=flog.txt
02/12 14:46:45 24899 Level0 -- INI:[COMMON] FLOGFILE=flog.txt
02/12 14:46:45 24902 Level40 -- 通讯平台0（202.120.127.180:4000）的推送线程正常启动!
02/12 14:46:46 24902 Level200 -- BULink(0)建立了正常的连接，开始正式工作!
02/12 14:46:46 24902 Level200 -- BULink(1)建立了正常的连接，开始正式工作!
02/12 14:46:46 24902 Level200 -- BULink(2)建立了正常的连接，开始正式工作!
02/12 14:46:46 24902 Level121 -- (1234421206)Cli与通讯平台0成功建立连接！
02/12 14:46:47 24902 Level200 -- BULink(3)建立了正常的连接，开始正式工作!
02/12 14:46:47 24902 Level200 -- BULink(4)建立了正常的连接，开始正式工作!
02/12 14:46:47 24902 Level200 -- BULink(5)建立了正常的连接，开始正式工作!
02/12 14:46:47 24902 Level120 -- (1234421207)SVR与通讯平台0成功建立连接！
02/12 14:46:48 24902 Level200 -- BULink(6)建立了正常的连接，开始正式工作!
02/12 14:46:48 24902 Level200 -- BULink(7)建立了正常的连接，开始正式工作!
02/12 14:46:49 24902 Level200 -- BULink(8)建立了正常的连接，开始正式工作!
02/12 14:46:49 24902 Level200 -- BULink(9)建立了正常的连接，开始正式工作!
02/12 14:46:50 24902 Level200 -- BULink(10)建立了正常的连接，开始正式工作!
02/12 14:46:50 24902 Level200 -- BULink(11)建立了正常的连接，开始正式工作!
