284977,1
93772,2
220366,5
380183,4
220759,5
276999,5
246995,3
245530,9
221934,5
282486,19
222865,5
278659,5
223234,10
350265,20
223954,10
224545,10
224574,20
224996,20
225325,10
373927,10
225805,5
226837,20
190843,20
189755,15
322919,20
193128,10
347742,10
193131,10
193152,5
191539,10
191579,10
348470,10
191422,20
191530,10
380007,10
190019,20
348985,20
191107,20
369309,10
189378,20
189411,10
288862,20
294478,20
311029,20
360398,20
310023,10
310242,20
311987,10
312033,30
309625,10
309664,20
309264,20
374273,10
309668,10
312998,10
310764,40
310768,40
310851,20
310994,10
311177,20
311344,20
311486,10
311498,20
310019,10
310124,5
310548,40
312938,20
310369,10
310410,20
360527,10
309909,10
376493,20
310211,5
310485,10
312459,10
312309,5
326309,10
42012,5
42080,5
346760,5
42171,5
42193,5
42196,5
42210,5
42263,5
349342,5
42284,10
42287,5
42315,5
372562,5
42350,5
381243,20
47275,5
47383,10
359437,5
344277,5
282885,5
47679,5
47881,5
264209,5
48529,10
265275,20
50457,5
286334,5
50525,5
273540,10
50652,10
256386,10
50672,10
50714,10
50832,10
50848,10
50852,5
50856,20
50868,5
50872,5
275694,5
50899,5
50904,5
50918,5
50924,5
50939,5
50961,5
50964,5
50976,5
344877,10
50989,10
50991,5
50993,10
50997,10
51002,10
51012,5
51023,10
281924,5
51039,10
372592,10
51050,5
51077,5
51157,10
51160,10
51192,5
51251,5
325489,5
51283,20
328783,5
51293,10
51297,10
381041,10
51300,15
376585,5
51317,10
51325,5
51326,10
51331,20
51360,10
264724,10
51370,5
51409,5
51413,5
51418,5
51437,20
51445,5
51455,10
51486,5
51495,10
51500,5
51517,5
51520,5
51523,10
51529,10
51537,10
264723,5
51562,10
51564,5
378263,5
287283,5
51593,10
288074,5
51629,10
51641,5
326307,5
51668,5
256780,10
51683,5
263536,10
51720,5
369747,5
51731,20
208508,10
51773,5
51799,5
51805,10
51885,10
51933,5
51963,5
51964,10
329210,5
52013,5
52028,5
52046,5
52058,5
52070,20
52086,20
375595,5
52142,5
52208,5
52211,10
328819,5
363690,5
52273,5
52334,5
52400,10
52403,10
52416,5
52451,5
52465,5
52468,10
52491,10
52508,10
52531,10
52549,10
52616,5
52653,5
52664,5
328790,10
52701,10
52777,5
52803,5
283843,5
52854,5
52894,15
52897,5
52903,5
375421,20
366696,10
327072,5
53221,5
53258,5
53259,10
376732,5
53277,10
53291,10
53314,5
375722,5
53388,10
332225,10
53421,10
201528,20
198839,20
198939,10
198978,10
199093,5
199110,5
199118,5
201643,5
198442,5
198740,10
280947,10
198815,5
198828,5
198834,10
332856,10
198992,10
285366,5
199015,5
199141,5
199146,5
199180,5
201696,5
199229,10
199232,10
201698,10
201702,5
197750,5
197764,10
202223,5
330480,10
197793,5
197828,5
197869,5
197876,5
240426,5
325233,10
198058,10
198068,5
198086,5
201732,10
198106,10
198126,5
241966,5
198189,20
197578,5
197593,5
197509,5
197519,20
361372,5
197492,10
197368,10
197373,5
286773,5
197398,5
197446,5
201802,5
197326,5
377287,15
281022,5
201835,20
197340,5
282067,5
197352,5
197918,10
197949,5
197953,5
344990,5
197959,5
197960,5
197987,5
197996,5
287071,10
198048,10
201867,10
201878,5
198175,20
198217,20
201887,20
201901,10
198432,5
201922,5
350993,5
198286,5
240044,5
198336,10
323587,5
198347,10
201952,10
201957,10
201960,5
262661,10
201291,20
198387,5
198388,5
201292,5
198393,5
350091,5
198398,20
349483,10
198460,5
379911,5
198569,5
287064,10
198598,20
276763,10
198599,10
380823,10
201412,10
201413,5
198620,5
201418,5
201421,5
348538,10
201429,20
198651,10
198663,5
198667,10
198671,5
198674,5
201457,10
198675,5
198688,5
198717,5
333552,10
201488,10
198766,5
198803,10
197637,5
197641,5
201498,5
197707,5
197752,10
197812,10
362998,10
197904,5
197910,5
348516,5
198112,5
198152,10
198156,5
277963,5
198161,5
198177,10
198190,5
198195,5
198218,5
198273,5
197450,20
381459,5
197488,5
197523,10
197525,5
201884,5
349027,5
328795,20
197627,10
288166,5
381461,5
369402,5
199452,5
199453,10
369229,5
199462,5
199437,10
331243,5
199356,5
288079,5
278447,10
381465,10
202055,10
202051,30
199082,10
202040,10
284388,5
202034,5
199192,5
377107,10
370067,10
199282,5
199295,5
201992,5
279338,20
252934,5
252778,10
375420,5
252690,5
380720,5
252679,10
275216,10
369919,5
252779,10
252756,5
252724,10
252685,5
252662,5
252609,5
361532,5
253229,10
253227,5
253224,5
381239,5
253189,5
253183,5
253176,5
362528,5
253066,20
253070,10
253076,5
253123,5
246206,10
252200,10
261802,5
261769,5
261715,5
261997,20
261996,5
261993,5
326920,5
369729,5
261721,5
261439,5
261419,5
261413,5
261397,10
263539,5
261367,5
261319,5
261317,10
261294,10
261289,5
262208,5
262257,5
262068,10
262065,5
262062,5
378264,5
262052,5
369828,10
262033,5
278892,5
306536,10
306741,10
306816,10
306821,5
306833,10
306950,5
306959,10
306993,5
307009,5
307115,40
307120,5
305484,5
305518,5
305543,20
305549,5
305841,5
305973,20
305982,10
305999,10
306079,5
306109,10
306116,5
306120,20
349486,5
376580,5
306243,5
380936,10
309518,20
309521,5
306453,10
306461,10
306539,5
307728,5
305409,5
305415,10
305533,10
305582,5
305615,20
305642,20
379378,10
305654,10
305657,10
305713,10
305749,5
305754,5
305804,5
305840,20
305866,10
305881,10
305925,10
305941,5
306057,5
306199,5
306320,5
306420,20
306526,20
306636,10
373458,10
328788,5
381472,10
306810,20
307487,5
307771,5
307773,20
307775,10
307797,5
307848,10
308029,5
308032,10
308049,5
306432,15
306463,5
306478,20
306506,5
307831,5
307989,5
308033,5
308077,5
308320,5
308329,5
379640,10
308420,5
305488,20
308530,5
308534,5
308545,5
308663,5
308716,5
308821,10
308163,20
305828,5
305861,5
377050,5
306181,5
306262,10
306637,5
306834,20
306955,10
307044,5
323597,5
307114,10
307119,10
307140,10
307177,10
307368,5
308836,5
306826,10
306872,5
306897,5
379653,20
306929,5
333550,5
306986,10
307006,5
307484,10
308476,10
306800,10
362787,10
307575,5
307611,5
327311,5
327304,10
305597,5
305636,10
305981,20
306010,5
306096,10
306153,5
306321,5
306375,5
308286,5
308292,5
308375,5
359080,10
308520,5
308564,5
308590,5
308687,5
308708,5
307661,10
307906,5
307952,5
379044,5
375232,5
308109,5
308114,20
308199,10
308210,5
308299,5
308309,20
308316,5
308427,5
308713,20
305680,10
333340,10
305728,20
306050,5
306062,10
306298,5
306331,5
306951,5
307096,5
307184,20
307378,20
307516,5
307524,5
350446,10
372118,10
308038,5
308118,5
308138,10
306499,5
350109,5
370068,5
306602,5
308866,20
309053,5
327278,5
327277,5
330834,5
330833,5
330831,10
330822,30
341615,10
341661,5
341701,5
341714,10
341716,5
341838,5
341827,10
341812,10
341773,10
341769,5
341755,5
341749,5
354848,5
341660,5
341620,5
341575,5
341543,5
341488,5
341439,10
341435,10
341412,10
341405,5
341398,5
341383,10
341381,5
341271,5
341171,5
341165,5
341128,10
341121,5
341117,10
341089,5
340960,5
340813,5
340798,5
340796,10
340794,5
340790,5
340729,5
340802,5
340885,10
340891,5
340984,5
341300,5
341511,5
341513,5
334168,10
358973,5
126426,5
126739,20
126913,5
127035,5
128826,10
128827,10
288435,10
343492,5
130510,5
330515,5
131240,5
131274,5
131306,5
131336,15
251785,5
131459,5
131502,5
274221,20
134502,5
134626,10
135039,10
135224,10
334786,5
280051,5
239454,5
136124,5
274885,5
238790,5
136332,2
136478,10
136526,5
369086,5
136637,5
136681,5
136705,5
136740,5
377959,5
136780,5
280122,5
136821,5
136873,5
136917,5
137417,20
138012,20
138014,20
138229,20
138277,10
376636,10
361346,5
334772,1
31048,5
31605,5
31606,5
139984,20
252065,20
141955,10
281822,20
256249,5
141990,5
275836,5
366768,10
142015,20
142034,10
142076,10
374025,10
142128,5
360302,5
326911,10
142169,10
241581,5
276835,10
274675,10
142616,5
142629,5
262582,20
289414,5
326509,5
265846,5
142712,20
142738,5
264022,5
142769,10
238781,10
374043,5
256253,5
143028,5
323532,5
324904,10
143123,20
143142,5
143149,20
143150,5
345033,5
241447,10
241448,10
143249,15
143280,10
143308,5
326124,5
360301,5
374182,5
143374,10
359262,20
143477,5
143488,10
266200,10
238730,5
369346,5
261214,5
143589,10
349208,5
264807,5
143668,5
143669,20
143672,20
377093,5
143756,10
143762,10
143765,5
143772,10
143791,10
345141,5
274197,10
143841,5
143854,5
325902,5
278463,5
143950,10
347799,5
363151,10
374185,5
252383,5
144087,10
350787,5
144103,5
193468,5
144242,5
326130,10
362991,5
325525,20
144325,20
144338,5
144361,10
144364,5
144370,20
379472,20
144414,5
241442,5
256128,5
288376,20
144431,5
372247,40
279448,5
144657,5
144661,5
144683,10
264837,5
144686,5
144777,10
284535,20
144789,10
144804,5
144949,10
285016,5
276283,20
173831,10
378502,20
361349,10
326148,10
178018,5
178137,10
178269,40
173403,10
173416,20
378232,10
173467,5
173479,20
175467,5
279114,5
325653,10
348169,20
377261,10
175713,10
175734,10
175737,10
175743,5
175745,10
175752,10
176364,10
184556,5
174112,5
174120,10
174153,5
174163,10
374330,20
278709,10
174442,5
377296,10
174620,10
174774,5
174794,5
174858,10
174923,5
370409,10
177140,5
329148,5
375664,10
177166,10
265040,20
331694,10
280111,5
177332,10
177353,10
246471,10
331696,5
177604,20
177631,5
177640,10
177675,40
177743,10
176276,5
288560,5
333615,5
327883,5
370199,10
176771,20
350481,5
374623,5
176834,5
344162,5
177645,5
177669,10
281057,10
348168,10
177726,5
372226,10
376524,10
173277,5
362968,5
173909,5
251129,10
380453,5
251198,10
251275,40
251291,10
250216,5
249431,10
249454,10
249410,5
249416,20
249544,20
376864,5
250930,3
378593,10
250361,10
250474,20
250492,5
327229,5
250774,20
372616,10
250828,5
250529,20
250585,10
249167,10
249279,20
377264,10
359218,30
249318,5
249363,5
249373,5
362993,5
252488,5
249558,5
249782,5
265159,5
250718,20
250721,10
250736,10
250803,5
250807,20
250864,10
284730,5
249923,10
370704,5
250012,5
250022,10
250113,5
250128,10
250130,5
250145,10
330326,15
255650,5
255625,5
264343,5
277160,20
279681,5
304479,5
291248,5
291177,10
291115,5
291054,10
291038,5
290239,5
289836,5
349906,5
371660,4
350234,10
291163,5
291254,5
291292,10
291302,5
291338,10
291340,10
291385,5
377428,5
291557,5
381530,20
291475,5
373060,10
379535,10
291200,10
291175,20
290983,5
290981,10
290924,5
290879,10
378622,20
290830,10
290781,10
290637,10
290521,20
290492,20
290411,10
290876,3
290861,3
290849,2
290813,5
290788,5
290779,5
290562,5
290497,5
290487,5
290413,5
290400,5
290382,5
290341,5
350882,5
290195,5
289622,5
291019,10
290887,5
290878,10
290728,5
290627,20
290519,10
289807,10
380454,1
290266,5
290286,10
290128,10
290123,5
289973,5
289945,5
289916,3
289651,5
364785,20
304851,40
343944,10
304996,10
305024,5
305189,5
305216,5
305253,5
338913,5
338814,10
338894,10
305394,10
380848,20
304753,20
304364,10
379090,5
303825,5
303884,10
338160,10
303979,5
304067,10
304127,10
338076,20
338044,20
338036,5
304453,10
304487,5
381095,5
304589,25
304789,5
337978,5
304967,20
305240,10
326252,20
338701,5
304051,5
338636,20
338635,10
338632,5
338627,10
338622,20
338605,20
338551,10
304017,20
303987,20
303945,5
303924,10
338638,5
338564,5
303798,5
303667,10
303592,5
305261,10
338995,10
305151,5
305141,5
304995,5
305313,10
305301,10
305287,10
378859,5
305190,5
305187,5
305112,20
338656,5
304966,5
303695,5
303717,5
303778,10
303790,10
303857,10
303885,5
303954,10
303686,10
303634,5
304179,10
304234,20
378499,5
304299,5
303849,2
303837,1
303804,5
303755,5
373440,10
303690,5
303610,5
303577,5
303552,10
304882,5
304834,5
328117,5
304813,5
304682,5
373169,5
304503,5
304474,5
304421,10
304330,5
304252,5
304702,5
304678,5
304664,10
338906,20
338903,5
338940,5
338932,20
338976,10
338985,5
338788,5
338642,5
338476,5
343215,10
338383,5
338358,5
337838,5
337892,10
337907,10
338751,10
338832,10
338009,5
337974,10
337967,5
338646,5
338682,10
338726,5
338727,10
338295,10
338142,5
338140,5
338135,10
338128,10
338090,5
338073,10
338069,10
338067,5
338222,10
338460,15
338477,10
354853,10
338508,20
338555,5
338184,5
338223,5
338322,10
338334,5
338357,10
338407,10
338446,5
338439,5
338436,5
338432,5
338429,20
338420,10
338415,5
338378,5
344132,5
347512,5
373018,10
268257,100
328265,5
329834,10
328642,5
361135,5
361144,5
360542,5
79546,60
325373,5
83788,20
84889,5
85142,10
325512,5
86291,10
274560,5
86399,15
86566,10
87404,5
87430,10
284887,5
88065,5
88594,5
88612,5
88616,5
88697,5
265432,5
239332,5
331226,10
31010,30
373563,5
89605,40
89615,10
343572,20
375535,10
89649,5
89664,20
89670,20
89675,10
89682,5
287655,10
89692,20
89704,20
89717,20
89741,20
328900,20
282218,15
89799,5
377381,10
89809,5
89826,10
89834,20
285604,10
234506,20
89851,5
89852,10
89867,5
89870,20
89911,20
344541,20
371558,10
90011,20
90025,5
251763,8
90104,20
90114,40
90121,10
90138,10
90149,5
281036,30
90214,20
265797,10
379235,40
286726,10
324172,10
90276,10
90289,10
90297,5
90305,5
90320,20
90327,10
90328,10
328908,20
90351,20
331227,10
328475,20
90400,10
285927,20
90406,1
90407,10
90415,10
90444,20
325369,10
90454,10
90467,20
90485,10
90490,10
90496,5
90508,20
90536,20
90545,15
90563,10
90593,10
90595,5
90604,10
90609,10
90612,20
90623,40
265120,10
273702,10
285992,20
90689,10
90698,15
90717,10
347112,10
90779,10
90781,20
348623,20
90786,20
90800,5
325682,10
90819,10
90822,15
240650,10
287500,5
333681,10
90915,5
90935,5
90953,10
90954,10
330944,20
90963,10
288211,10
274549,20
90974,10
90992,10
228912,30
328006,5
256326,20
258196,10
91101,5
91112,20
91113,40
91115,20
91129,20
289347,20
91145,5
370183,5
265645,10
91180,10
91208,10
91209,5
91211,10
91221,20
91223,5
91229,10
91242,5
91249,5
91260,10
91270,10
91275,20
330866,20
372551,10
91370,10
91371,20
91412,10
91442,20
91443,10
241929,5
91467,10
281513,10
277159,10
359600,5
323352,20
91495,5
323350,20
91520,10
91525,5
91535,10
91556,10
368159,20
91573,20
91587,10
91593,10
91605,20
91611,5
91626,20
287363,10
91642,10
91645,5
330401,20
91661,20
91666,20
368503,5
325965,5
325679,10
372425,10
91844,10
373228,5
91907,10
91917,10
91932,10
365871,20
91949,10
91953,10
91973,10
281600,5
92011,10
285391,5
330406,20
363671,10
239708,5
369433,10
285387,5
92075,20
92090,10
92093,10
323118,20
379757,20
362469,5
92111,10
381502,5
92142,5
331040,20
92196,5
92256,20
92287,5
92354,20
92363,15
92383,20
274971,40
332417,10
372715,10
92416,20
330490,10
92445,20
92447,10
92452,20
234492,20
378124,20
92490,10
92493,10
92526,5
92537,10
92797,5
93065,10
93132,5
93133,20
93179,40
93208,5
279693,30
93242,10
331041,5
370580,5
93377,20
93390,5
374109,20
194116,5
194219,5
380975,20
194275,10
194287,5
276154,5
194302,10
194327,20
364136,20
194348,10
193603,5
264429,10
193625,20
193649,5
286258,10
193654,10
193659,20
193668,20
193674,10
193675,5
350346,10
193718,5
193742,10
193755,10
193761,10
194467,10
240595,10
194489,20
194518,10
194519,10
253798,10
362958,5
194553,10
194555,10
194558,40
376508,10
287843,5
333237,5
194617,10
194635,10
194641,10
194647,10
194668,5
194582,5
194389,25
196821,50
196832,20
196841,10
196851,10
196143,10
196932,5
197019,5
197047,20
265100,5
195647,5
281902,20
195675,10
195692,20
197123,5
278547,20
197149,5
239813,10
197188,20
195727,20
195732,5
195796,5
195855,15
286566,5
370170,10
255146,10
195978,15
196018,5
196066,10
197290,5
325077,6
276152,20
197256,5
197251,5
197246,5
197242,4
331629,20
197206,10
197199,5
350985,15
197134,5
262533,5
197132,20
265979,5
197109,5
197107,10
197105,5
326996,10
197091,5
197086,5
197076,25
197071,5
197046,5
197041,5
352952,5
196992,5
196943,5
359205,10
194424,15
280604,5
193826,5
193834,5
253821,5
240599,10
193912,4
262888,5
193945,5
193957,10
262713,5
194037,5
194049,5
242017,3
194081,5
194091,5
194102,5
194106,10
194129,5
258228,20
194169,5
331082,5
194226,10
194274,5
194375,5
193848,20
193850,10
193853,20
193909,10
193928,5
193976,20
275496,20
264431,10
194103,5
194134,10
194156,20
194207,5
194233,10
196167,10
196174,10
378719,20
258277,10
282851,10
196298,10
196299,5
265555,10
196397,10
196413,20
196473,20
196536,10
194604,5
194632,10
194655,20
264949,5
194695,10
287895,5
194811,10
194837,10
195016,10
195187,5
195194,5
195489,20
194929,5
195133,10
195147,5
195185,20
195210,10
366957,5
195302,5
370585,5
349802,5
195455,20
195466,5
195494,10
195517,20
195547,10
196444,10
196766,20
251919,10
374552,5
196860,10
196972,5
323466,10
197067,20
262831,10
197104,40
197115,10
197121,5
197127,5
197155,5
197165,5
197187,20
329995,10
194709,10
194719,5
194724,10
194725,5
194740,5
194752,5
194792,20
194805,10
196517,5
195137,10
195186,20
195204,10
195367,10
196595,10
196606,10
196633,10
238148,5
372488,10
196709,15
196711,10
381347,10
260968,10
195715,5
195916,10
363663,40
195983,20
196021,10
344341,5
196088,10
380178,5
196137,10
196144,20
196150,5
196263,5
196281,20
193530,20
193531,20
280069,10
193553,10
323360,10
194874,5
194880,10
194890,10
194893,5
194910,10
325354,5
194920,5
194984,10
195014,10
195069,10
195087,10
195138,10
195764,5
195787,20
195853,20
195929,5
195963,10
196236,20
330697,5
196284,20
196035,15
196094,10
196115,10
196128,5
363929,10
196169,10
368011,10
196189,10
195389,10
195425,20
332775,10
328696,20
195629,20
195682,10
349021,5
254734,20
245423,5
245437,20
348465,5
245466,10
245596,5
245623,5
245757,5
245780,10
330521,20
294114,10
294092,10
352866,5
293912,5
293901,10
293880,5
293863,20
359207,5
293857,20
317819,10
317692,20
317656,5
380464,10
317563,50
317513,10
317398,10
317366,5
373098,5
317036,10
317928,10
317891,5
317884,5
372423,5
378296,10
318100,5
350852,20
318039,10
318018,40
318011,10
317857,10
317795,5
317779,10
377234,10
317721,20
317755,20
317893,20
318050,5
318200,20
380302,20
318242,10
318243,10
318248,10
316220,5
316216,5
316180,5
359211,20
315956,20
315920,10
315887,30
315763,40
349022,10
331017,10
325643,5
316759,10
344544,20
317107,5
317251,5
317299,10
317495,10
317533,10
317539,5
316157,20
316090,10
316000,5
315880,5
315850,5
315822,15
315794,5
315733,5
343192,5
315670,5
315661,5
315579,5
315560,5
315502,10
315491,10
317325,5
381503,20
316944,5
316809,10
375650,10
316724,10
316608,10
316587,5
316534,5
316530,5
316446,5
316429,20
316950,20
316946,5
316787,10
381620,20
316697,10
316559,10
316451,20
316385,10
316369,20
316323,10
316293,20
316282,5
316243,20
316322,20
374886,10
316058,10
379898,10
317654,5
317602,10
317551,5
317496,10
317362,20
317274,10
317225,10
325558,20
317097,20
343938,20
317084,5
359499,20
315004,10
314958,20
364066,10
314930,40
314852,10
314777,5
314726,5
314624,10
314567,10
314561,15
314535,10
314517,5
315758,10
315580,20
315535,20
345553,10
315356,10
315354,20
350009,10
368217,10
315216,10
315210,20
315193,10
315178,20
316892,20
316886,10
316832,20
316802,10
316743,20
316646,10
324916,10
348636,10
316431,20
343382,10
331014,10
316284,10
316244,10
361452,10
317481,10
317475,25
317350,10
317339,5
317026,20
316939,10
316931,20
316919,40
316900,10
316811,5
316806,20
316804,20
316679,20
316547,5
350566,10
348490,5
360502,10
314807,30
314744,40
314737,5
377181,10
314740,5
314668,20
314607,5
314521,5
314447,15
315678,5
315592,5
315498,20
343334,10
315371,5
315275,40
315260,10
315253,40
315180,20
315176,20
318133,10
318110,20
318084,20
318025,20
375388,20
343381,20
317814,20
317808,10
317630,10
370586,5
317396,5
370187,5
315196,20
315151,5
315092,5
315082,5
368428,20
315045,15
315009,10
314974,10
314964,5
314924,10
314782,15
314666,20
314643,20
314598,30
314563,10
363296,20
325417,5
326367,15
329885,10
330633,5
330628,10
330605,20
349159,15
296060,40
296109,20
296145,10
296187,5
296215,10
296462,10
296545,5
324405,10
334448,5
359689,10
283122,5
111126,5
282831,5
359412,5
112135,10
112137,10
326116,5
112340,5
238054,5
112593,5
369604,5
112697,5
369615,5
329997,5
262769,5
344069,5
251673,5
113691,5
113696,5
113706,5
113708,10
288523,5
113929,10
113983,5
286288,5
114077,5
373604,5
114230,5
114266,5
114278,5
285039,5
114436,5
114629,5
114631,5
114642,10
114643,10
240157,5
114690,5
114711,5
114717,5
114729,10
114921,5
325664,5
246331,5
115210,5
264171,5
359118,5
115593,5
285685,5
115767,12
115790,5
115918,5
360400,5
115962,5
115974,5
116275,5
116668,20
116693,5
116972,10
116973,5
117021,5
117296,5
377662,5
117420,5
376747,5
378511,5
228951,2
349238,5
119221,5
328937,20
119402,5
119403,5
119476,5
119477,5
119480,10
119563,5
119586,5
350934,5
119621,3
119664,5
119684,10
119728,5
119730,10
362622,5
119811,5
119826,5
333704,5
119952,5
120019,10
120204,5
120215,5
120225,5
120282,5
254917,20
120301,5
120460,5
120566,5
120599,5
120736,20
373361,10
120759,5
348278,10
121232,10
121256,20
373366,10
121338,5
287023,10
121552,5
370020,20
280391,5
121622,5
274350,5
121660,10
121662,5
121736,20
379601,20
121876,10
121903,10
121904,5
121910,10
121980,5
121981,5
122000,20
122042,5
122089,5
122129,10
122195,5
122202,5
348372,10
122247,10
122294,10
122340,10
122341,20
122434,5
122440,5
281735,5
122541,10
343254,10
122648,5
122860,10
122874,10
325201,5
122922,10
122938,10
122974,10
122981,5
280427,5
123031,5
123036,5
323322,5
123282,10
123290,5
123296,10
123332,5
123335,5
123373,5
283709,10
123427,10
123436,5
362385,5
123632,5
123636,5
123638,5
123682,5
123683,5
123786,10
331250,10
123814,10
123979,20
378978,10
327641,10
124020,5
124030,5
325387,5
124039,20
369999,20
124084,10
286380,5
362354,5
124613,10
124622,5
379605,5
124723,10
124762,5
124801,5
124865,5
124882,5
378513,5
125022,5
185213,5
125101,10
125171,5
323780,10
125402,10
125408,20
362771,10
125661,10
328964,10
380593,5
125702,5
125733,5
284902,10
362682,5
125869,5
125895,10
228180,5
228189,5
228199,1
228203,5
200634,5
200659,5
200735,10
199783,5
199930,10
200023,5
200059,5
200065,10
200071,10
344290,5
200957,5
200940,20
200920,5
200865,5
208113,10
208014,5
208010,5
281218,20
207935,10
207873,5
379475,5
200240,5
200266,10
200289,10
200411,5
200511,10
200581,5
201022,10
322984,5
344242,5
273946,5
201053,5
201093,5
201094,10
201096,5
333794,15
201104,5
201114,5
201124,5
201142,10
199899,5
257311,5
199922,5
199948,20
278232,5
199970,10
199974,5
199607,5
199781,5
199872,5
200176,10
200180,20
200217,5
373886,5
200417,5
200443,5
207518,5
207637,5
207690,5
207722,10
287127,5
207772,20
280900,5
207004,5
207007,10
207015,5
330567,10
359277,10
207089,5
207129,10
207136,5
240274,5
207190,10
206783,10
206820,5
206833,5
206886,5
206922,10
207029,5
369909,20
275028,10
207237,10
207362,20
284257,5
207764,10
208218,10
208334,20
372716,5
208404,5
208467,20
207969,5
208015,5
376664,10
207424,5
207465,5
204426,5
204542,5
204553,10
373845,5
372632,10
207216,5
207221,10
207307,5
207315,5
204955,5
283460,3
204963,20
204977,5
359617,5
204780,5
204976,5
287444,10
204993,5
287032,5
204592,10
375588,10
204695,5
204725,20
204727,10
204750,5
204791,10
265891,20
205218,10
264789,15
205327,5
205330,5
205333,5
205349,5
205354,5
362371,5
205416,5
205421,10
205435,5
205731,5
204755,5
204855,5
204899,5
204951,10
205117,5
379477,10
288399,20
204038,5
204066,5
206457,5
206518,5
380771,5
264753,10
206591,5
206595,5
206791,10
206797,10
206852,10
205465,5
205596,20
205671,5
205680,10
363940,5
205805,20
205809,5
205444,10
205647,5
205770,5
205882,10
205883,5
205886,20
205905,10
205915,5
205922,5
205938,5
206089,5
206148,20
206204,20
206213,5
205969,5
206018,5
281880,5
286040,5
206447,5
206508,5
203518,5
203546,10
203587,10
203678,20
204123,20
204133,5
204229,5
204246,5
204261,5
204262,10
203710,5
284296,20
203771,10
203820,10
203825,5
203844,10
203481,5
203468,5
286091,5
379266,5
375030,5
203347,5
203314,5
205344,5
362877,5
205366,10
205367,10
205371,20
205405,5
205412,5
239393,5
241019,5
273270,20
273338,20
273359,10
273324,5
273189,10
273224,5
273233,10
273256,20
273099,10
273108,10
273113,10
343294,5
355169,5
288712,10
370531,5
297577,15
297589,5
378995,5
297720,5
296582,5
296593,10
347906,10
380776,5
296766,5
296787,5
297343,5
297415,10
297050,5
301083,5
303446,5
300780,5
344062,5
300599,10
378781,5
302767,10
302569,10
302254,5
301127,5
327611,5
301299,5
347925,5
301374,5
378734,5
301550,5
301580,5
301589,5
301670,10
301713,5
301452,10
301447,5
301366,10
301312,5
301298,5
344888,20
301291,10
301233,5
370771,10
296702,5
296869,5
296879,5
297001,10
300278,10
300116,5
299920,10
299651,10
299644,20
299626,5
299617,5
298321,5
298817,5
296668,5
296708,10
326244,5
297140,5
298393,5
298264,20
298247,5
298080,10
297849,10
302478,5
302326,10
302311,10
302139,5
302135,10
301469,5
299096,5
299046,5
299033,5
298998,10
298995,5
298924,5
298814,10
298461,10
302652,10
373544,5
344270,5
301249,10
348289,5
362345,5
299871,5
299924,3
299942,5
300060,5
374975,5
301009,5
362320,5
298277,10
370574,5
298315,5
298421,5
303356,5
298562,5
298628,10
298635,20
301757,5
301771,20
301807,5
302162,10
302222,5
373861,10
302441,10
303254,10
299249,5
372160,5
303004,10
303007,10
303190,5
303204,5
303207,10
303209,20
330758,10
376520,5
300423,5
300384,20
300287,5
379525,5
303330,5
300032,5
299922,10
299774,20
299574,5
299955,10
299979,5
300188,5
300196,5
371705,10
300456,5
301937,5
302210,30
302214,5
331148,5
302499,10
298081,5
346870,10
347893,1
297688,5
327557,5
297613,5
372093,5
298693,5
298846,10
298898,10
326971,5
299144,5
299269,10
302471,20
302492,10
302681,5
302783,5
346839,5
299047,10
299006,5
298911,5
380576,10
372660,5
351024,5
297797,5
297715,5
302163,5
302124,5
302104,5
302074,5
302051,5
302007,5
381396,5
330209,5
375876,10
287488,5
71728,5
375011,5
275581,5
72046,5
374908,5
72882,5
73940,5
379745,5
75977,10
75999,5
377472,10
280262,5
76041,20
76050,5
265694,20
76059,20
280673,5
76094,10
76176,5
76180,10
76197,10
275597,5
281226,5
76223,5
76226,10
278828,5
328861,5
76239,5
346802,5
76257,5
256533,10
76290,10
76298,5
76310,5
273559,5
76333,5
76334,10
278421,5
323718,10
76385,10
76388,10
76410,5
76440,10
76445,5
76449,5
76451,5
76457,5
76460,5
76463,5
376822,5
76485,5
238437,10
76502,10
76523,10
76558,10
76559,5
276328,5
76568,10
76611,10
76612,5
76615,5
372155,10
76620,40
76622,10
76635,5
76671,5
76698,5
76700,5
76709,10
76713,5
76742,5
76755,10
76770,5
76773,10
345463,10
76800,5
76833,5
362804,5
76847,5
76869,8
76891,5
76996,5
77005,10
77058,10
77233,5
263618,10
77236,5
77239,10
77243,5
77263,5
77306,10
77338,5
77350,5
280084,10
77361,5
77378,10
256097,5
77385,10
377903,20
277674,5
77460,5
77787,5
77804,20
77807,5
279461,10
77852,5
77858,5
77879,2
77880,3
77912,5
77915,5
77916,5
77929,5
77930,5
77941,10
77950,5
77955,5
77964,5
285778,5
78049,5
78070,5
78116,10
376695,5
326177,5
78189,10
279141,5
330215,5
78258,5
78390,20
244328,5
280668,5
244396,5
275593,5
328815,5
243792,5
243798,20
283689,10
243847,5
243910,20
243929,2
288351,5
244075,5
282679,5
244173,10
244222,10
245342,5
245308,5
343233,5
245274,10
245248,10
245199,5
245196,10
245135,5
245127,5
380563,20
323625,5
350941,10
245072,5
349248,5
343410,10
348792,15
277202,20
244962,5
255711,5
242742,5
372941,5
376384,10
323637,5
242778,5
242782,5
328850,5
381521,5
242795,5
242814,5
242820,5
242895,5
333682,10
243078,5
244285,5
244246,10
244237,5
380860,5
244037,10
329566,3
243819,10
333489,4
243740,2
243733,10
243698,5
243688,5
243652,5
243519,5
243515,5
243506,5
243502,5
243497,5
243477,5
243453,5
243444,10
243429,10
243316,5
243307,5
276911,10
243231,5
242859,5
331057,5
325986,15
362806,10
245411,5
245416,5
245467,5
281917,10
245514,5
279871,5
245645,10
245683,10
251960,5
245698,5
245701,5
245710,10
245766,5
245798,5
245817,10
245822,10
322724,10
281920,5
245485,10
348807,10
378845,5
244405,5
244455,5
244462,5
326478,10
244519,10
244510,5
244511,5
244517,5
328868,10
244537,2
244574,5
244581,5
379336,5
244602,5
280083,5
245786,15
245790,5
245871,10
330595,5
288041,5
350700,5
243386,5
243391,5
243425,10
243448,5
243456,5
243464,5
243528,10
243592,40
243708,5
373962,10
245285,5
245280,5
245187,10
245177,5
245171,10
245148,5
245092,5
363006,5
333189,5
243963,5
244051,5
244084,5
371066,5
244236,5
244261,5
244275,5
378309,5
244282,5
244931,10
323692,5
244928,5
244926,5
244920,2
364752,5
244891,5
244871,5
244828,5
370113,5
244726,5
350572,5
244708,5
244638,5
244622,5
244621,5
325983,10
244619,5
242922,5
256092,5
242855,5
335959,10
380994,5
349743,5
335646,5
335618,5
335555,5
335554,5
335539,5
335507,5
335506,5
335504,5
335485,5
380876,5
335469,5
335342,5
335007,5
334799,10
334796,4
337631,10
337615,10
337607,10
378464,5
337567,5
337562,20
337487,5
337449,10
349245,5
337350,10
337322,10
337206,5
337166,5
337132,5
337114,10
337110,5
336994,5
336696,5
336564,5
336538,5
336467,5
336322,5
336299,10
345466,3
336542,5
336578,5
336642,15
336687,10
336725,5
336811,20
336814,5
336817,20
336820,5
336893,5
337080,5
337187,10
337211,5
337220,10
337223,10
337231,20
337234,20
337283,5
374772,10
337357,5
337370,5
337373,5
337446,5
376859,10
337545,5
337586,20
337668,10
337672,5
337709,10
337676,5
337638,10
337636,5
337593,10
337582,20
337579,20
337547,5
337526,5
337516,5
337513,10
337467,5
345479,5
337420,10
337405,5
337292,5
337273,5
337263,5
337249,20
376758,5
380997,5
337125,5
337103,10
337094,5
337060,5
349744,20
336966,5
336959,5
336956,5
336912,5
336826,5
336810,5
336802,5
336734,10
336601,10
336479,10
376826,10
336240,10
336163,5
336155,5
336146,5
336144,5
336142,10
348575,5
334933,5
334991,5
335024,5
335038,5
335071,5
335077,10
335080,5
335095,10
335107,5
335228,5
335278,5
335418,5
335421,5
370217,5
335430,10
335680,5
335763,5
373743,5
335852,5
335855,10
335859,5
336041,5
336045,5
336074,5
336083,5
336092,10
336102,10
336181,5
335960,5
335903,10
335898,5
335826,5
335821,5
335818,10
335756,5
335535,10
335530,5
363159,10
364743,5
335474,5
335456,5
335349,5
335330,10
335312,10
335270,10
335264,5
335225,10
335199,10
335183,10
335160,5
335154,5
335075,5
334980,10
334977,10
334907,10
362563,10
345307,3
345304,3
324388,5
334306,10
334304,10
334297,10
334295,10
281223,5
54496,10
54573,10
6643,5
55684,5
59342,5
59512,5
59522,5
59531,5
59579,5
378596,5
59656,5
59728,10
59835,5
379010,5
265457,5
60247,5
372257,5
60405,5
372687,5
283666,5
60574,5
60730,10
60733,10
239037,10
61661,5
61688,5
241981,5
61853,5
61854,10
61891,5
61896,5
344172,5
62586,5
62595,5
62602,10
62606,5
246385,10
62616,5
281899,10
377347,5
380794,10
344706,5
62675,5
375137,5
62682,5
62683,5
62698,5
62704,5
373763,10
330721,5
62741,5
276824,5
62764,5
62768,5
377135,20
380028,5
63614,10
63621,10
64305,10
64308,5
64320,5
64341,5
366692,5
64372,5
64419,5
64427,5
64437,10
64442,5
64443,5
246604,5
381369,10
64522,5
64609,5
362726,5
64638,5
64667,5
64684,10
64694,10
64710,5
64787,10
64887,5
64915,5
64941,30
64944,20
378847,10
65017,10
242213,10
324216,5
65120,10
264867,5
242222,10
65204,10
377500,5
65393,20
331689,5
65423,5
65424,5
65431,20
350246,20
65578,5
369467,5
65610,5
65611,5
65624,5
65659,5
65683,10
265061,5
65686,5
65702,10
381413,5
65704,10
65717,5
65765,5
289613,10
65802,10
65811,5
65830,10
65851,10
65866,5
65891,5
361469,10
258400,10
65933,10
65935,20
65943,5
65947,10
65967,5
66008,10
330497,5
66189,5
332282,10
66260,5
66262,5
66446,5
277243,5
189654,5
189659,5
189680,5
189685,5
189698,5
348614,5
189724,10
189764,5
189839,5
278194,5
348671,5
371578,5
189946,5
184588,5
373584,10
184654,5
184663,5
184735,10
193285,10
281581,5
288005,5
184856,5
263326,5
380569,10
186181,5
186255,10
186321,10
186331,5
370629,5
186351,5
322766,10
246384,5
379295,10
281183,5
190124,10
287660,20
343679,10
185107,10
185142,5
185237,5
185254,5
348174,10
185294,10
264013,5
185335,10
185337,10
185354,10
185362,5
369568,5
375456,5
185438,5
281579,10
369787,5
327422,5
328928,10
379080,5
185552,5
185566,5
184625,10
327011,20
184703,5
286310,5
184721,5
184784,20
184785,5
184787,5
184788,5
373074,10
184795,10
184799,10
282038,10
184934,10
185060,10
372183,5
185166,5
380362,5
185226,5
185229,5
379005,5
255879,10
185940,10
265444,5
265451,10
376689,10
186067,5
186105,10
186129,5
186173,5
186234,5
288595,20
186262,15
349926,5
185691,5
371152,10
185832,5
185844,10
369262,5
186092,10
287504,5
186132,5
186174,5
349945,5
185121,10
185124,10
185154,10
326104,10
185220,20
185296,20
185340,5
380096,10
370653,10
185439,5
185487,5
185563,10
343370,5
377032,5
185591,10
185598,10
345093,5
185011,5
185851,5
363175,5
186091,5
283871,5
190210,5
251705,5
190238,5
190259,10
190267,5
190272,5
190287,20
246583,5
190299,10
190405,5
190411,5
190421,5
190434,5
274729,5
241717,5
190477,5
190500,10
190504,5
190636,10
190662,5
276404,5
282168,20
264394,5
329036,5
185864,10
376463,5
185911,5
350556,5
284694,15
239870,10
186055,5
185282,10
185289,5
377800,10
331753,20
185408,10
355854,15
375300,20
247623,5
247599,15
247574,5
247495,5
247420,5
372355,5
288599,30
247329,10
265050,5
247285,10
247221,5
274715,5
380102,5
281965,5
255385,5
379595,20
246947,5
247631,10
247811,10
373684,20
377133,10
247739,5
247729,5
247693,5
247665,10
247663,20
247634,5
247622,5
376819,10
381450,5
247340,20
247263,5
247250,5
247224,5
375455,10
247213,5
381282,5
247207,5
376593,5
247188,5
247177,10
282265,10
247143,5
247124,5
247107,5
247104,10
247101,5
247088,5
280258,5
241510,20
255704,10
284169,5
284164,5
370239,5
362627,10
284132,10
284253,10
284241,5
284200,5
284198,10
284190,10
284184,5
284175,5
343662,10
293225,5
293183,20
379013,5
293133,5
293070,10
293047,30
292937,5
373156,5
292883,5
292880,10
292727,20
292685,10
292640,20
292588,5
380434,5
292536,15
292526,5
362612,10
293077,5
293368,5
379767,5
293592,10
293681,5
333643,10
293802,5
293831,5
291704,5
291871,5
292024,5
292053,5
292081,20
292127,5
292185,10
326097,10
293534,10
370901,5
293492,10
293460,5
293344,5
293266,10
343566,5
293816,5
293781,10
377501,15
293655,5
293651,5
293644,5
292896,5
351034,10
292873,5
330259,5
292629,5
292507,5
293182,5
326788,5
292782,5
292771,5
292726,5
292692,5
292598,10
291589,5
291645,10
291670,5
291834,5
291841,5
292273,5
292221,5
292215,5
292200,10
349966,5
291953,5
331690,10
291770,10
291660,10
291599,10
292846,5
292811,20
292801,5
292749,60
292742,5
292665,5
292662,10
292578,5
292569,10
292555,5
292550,10
292544,5
292494,5
292441,5
292398,5
292396,10
292390,5
292384,20
293348,5
293369,10
293397,10
293446,5
293479,5
293502,5
293591,5
344522,5
369574,5
292151,10
291713,5
291646,5
291602,5
293257,5
293283,20
295871,10
295877,10
295895,5
295962,10
325992,10
340633,5
374946,5
340033,5
339905,3
339876,5
339860,5
339809,5
339789,5
339675,5
339496,5
339491,10
339442,10
379655,5
339289,5
339210,10
344308,10
339054,10
339031,5
339029,10
340541,5
340531,5
345090,10
340431,10
340425,10
340386,10
340354,5
340305,5
340107,5
340100,10
340037,5
340017,5
339976,5
339963,5
339956,5
339846,5
339720,10
339650,10
372078,10
8158,20
163224,5
163767,5
164379,5
264585,5
208429,10
379811,5
166437,5
166462,20
26014,5
168022,10
168039,10
168249,5
168250,10
168255,10
251524,10
168321,5
350867,10
377998,5
168348,10
281657,10
284082,5
168382,10
168416,10
168417,5
168424,5
375674,5
168440,20
168445,5
168458,5
284943,5
378069,5
370314,5
168503,10
168517,10
168521,10
168545,10
168563,10
168579,5
168597,5
168606,10
368421,5
168646,5
168650,8
168657,5
168662,5
277606,5
168698,5
323430,5
168737,5
168772,5
283491,10
168815,5
345742,10
246544,10
168939,5
381132,10
287971,5
168948,10
168950,5
168953,10
168971,5
168975,10
168976,5
373274,10
169059,10
374384,20
380061,20
169099,5
169113,5
169115,10
169118,10
169138,10
169172,5
169175,5
169182,5
169186,10
169212,10
348714,5
347757,10
169233,5
285167,5
169281,5
329493,10
372262,10
169295,5
350868,10
360419,10
347745,10
169466,20
169477,10
169479,10
169487,5
169513,20
375603,5
169534,20
378025,5
252437,5
169562,5
169574,10
169577,5
277450,10
380546,5
287421,5
169602,5
169664,5
276951,10
169686,10
169689,5
169691,5
169704,5
169710,5
169718,5
272515,10
169725,5
169730,10
349821,10
169750,10
169763,10
266044,5
169771,5
169792,5
169794,5
169867,10
169885,20
169887,20
169896,5
282140,10
169923,10
169924,10
169934,5
169937,20
169942,5
169950,10
263960,5
169964,5
169967,2
228855,10
169981,10
169985,10
169988,5
170006,5
359844,10
170011,5
170016,20
170027,10
170057,10
170068,10
170071,10
255405,5
170109,10
170110,5
170121,5
273777,5
170142,5
284896,10
325975,5
170150,10
380417,5
170162,5
170164,5
170200,5
170205,5
274295,5
170237,5
379157,5
170287,10
170304,10
239320,10
170404,5
285298,5
170434,10
170509,5
170527,5
170530,5
170531,10
170673,20
350387,5
378054,4
170740,5
378656,5
170804,5
282092,5
170979,5
170995,5
279229,5
171051,5
171057,20
171072,5
171102,5
171108,5
171109,20
171154,5
171184,10
171200,10
228661,5
171261,5
171296,10
171325,10
171343,5
171352,20
374520,5
171384,10
171475,10
171498,10
171503,5
171519,5
171523,5
171528,5
171530,5
377213,5
171642,10
171674,10
171763,10
171803,5
171804,5
363335,10
171881,5
171904,5
171941,5
171946,20
171956,10
348753,5
171988,5
171993,10
171994,5
264522,5
172010,5
379693,20
378032,10
172245,10
172258,20
172304,5
369491,5
172348,10
172382,10
172427,10
172428,5
172483,10
172503,5
172508,10
172514,5
172531,5
172555,5
172589,3
172632,5
172639,5
281084,10
172669,5
172672,5
379405,5
172686,5
328733,10
172713,5
370299,5
172722,5
262708,10
377340,5
172790,5
172815,5
255506,10
172917,20
172924,5
172943,5
257039,10
172989,5
172991,5
173037,5
173064,5
173066,5
173068,20
173091,5
173205,2
173206,20
173221,10
227827,10
227860,10
227864,5
285154,5
227880,10
379918,10
227891,10
227903,5
227905,10
227911,5
227955,5
227966,5
227975,20
227699,5
227734,10
229386,5
229418,10
229420,10
378791,5
229455,20
229468,5
376925,5
229487,5
241736,10
229528,5
229533,10
229562,10
229564,5
233750,10
229570,5
233749,10
229583,5
230196,10
230199,10
238464,15
230220,10
343991,10
230236,5
230274,5
230280,5
233739,5
230307,5
230331,10
230332,5
280280,5
380954,5
230388,5
230390,10
348740,5
230400,5
230971,5
230950,5
380912,5
233733,10
230747,5
230736,5
230605,5
230571,10
230536,5
230517,5
369193,5
376532,10
230470,10
230423,10
380416,5
350398,5
372870,5
232341,5
328712,10
239536,10
358873,5
239532,5
232576,5
232646,5
242266,5
287435,5
229830,10
229854,10
229859,5
229863,10
229868,5
229876,5
229880,5
229881,5
229882,5
229884,5
233705,5
229897,5
229902,5
373200,5
348704,5
229967,5
373643,5
283611,10
373179,10
232964,5
264420,10
233432,5
233433,5
329935,10
246042,10
233500,3
254950,5
233509,20
233522,5
375484,5
233556,5
323754,3
233001,5
233048,20
233070,5
233083,5
233087,10
233100,5
233107,10
371198,5
233131,20
233146,5
350860,10
233155,5
233158,5
233180,5
233186,5
233193,5
233206,5
233209,10
233214,5
233237,5
379889,5
233645,10
380469,5
265478,5
239009,5
237639,5
232430,5
232468,5
232509,5
370296,5
232614,5
232687,10
331208,10
232759,10
286552,5
232790,10
232800,5
232863,5
232891,10
239876,5
232902,10
232912,5
229994,5
233627,5
263783,5
230011,5
230023,5
233624,10
233623,30
230034,5
323203,5
230103,5
233613,5
230123,5
230141,5
230144,5
361420,5
233604,5
233593,5
233576,20
232722,5
347663,5
286863,5
232822,5
232824,10
232843,10
363027,5
286207,10
232862,10
348703,10
278965,3
230683,5
230667,5
230635,5
230633,30
230606,10
230579,20
230548,10
230455,20
230436,10
239598,5
231927,5
231944,5
231965,5
239607,5
231969,5
232098,5
369936,5
257958,10
230994,5
230992,5
230936,5
230915,5
230806,5
255203,5
230786,5
231441,5
231299,5
231297,5
231241,5
231232,5
233803,5
231123,10
231122,5
231107,5
231079,5
232203,5
232220,5
232245,5
232247,5
255510,10
232259,10
232273,10
286268,20
232306,10
232321,20
378649,10
350275,10
232359,5
333451,10
232390,10
232395,8
232476,10
232478,10
232483,5
232505,5
232566,5
232627,5
233813,5
232639,5
232652,10
232659,5
232672,5
232686,5
376644,5
231296,5
231280,15
374652,5
231199,5
279607,10
246079,20
373379,5
352428,5
332410,5
231023,5
233823,5
231617,10
231612,25
231610,5
231573,10
369636,20
231554,5
231551,5
266046,5
231419,5
274274,5
348708,5
241263,10
241247,5
373976,5
274277,5
274605,5
232006,40
229593,5
344363,10
229632,5
229634,5
229643,20
229671,10
229683,5
229690,5
233846,5
229729,5
281701,10
229778,5
381153,5
231861,5
231847,10
242257,10
242247,10
242245,5
231753,5
347652,10
325341,5
231716,5
231713,10
231696,20
349624,10
231681,10
277312,5
252543,5
252539,10
233019,5
285867,5
233774,10
233069,20
350737,5
233121,5
233144,5
373914,5
233238,5
233243,5
233261,5
233298,5
233769,5
263196,5
233337,5
233355,5
233409,5
239525,10
239621,10
329167,5
241311,10
241354,5
246050,5
286137,5
379919,5
278152,40
294357,5
294287,5
294280,5
294266,20
294257,10
294256,10
294235,10
294224,5
294145,5
294135,5
294049,10
294045,10
293990,5
293893,5
293914,5
293947,5
294048,5
350202,5
294250,5
294342,20
294346,20
321508,10
381034,10
332145,10
350038,5
347633,5
373505,10
321189,5
381251,5
322235,10
320836,5
320809,5
332141,5
332132,5
320661,5
320813,20
321075,5
340328,10
369683,5
321228,10
321677,5
322365,5
339690,5
318322,5
318326,5
318404,20
321790,10
318505,5
318567,5
375149,5
380119,5
330027,10
318790,5
318841,5
318854,5
319030,5
319031,5
348449,5
378043,20
318397,5
318508,10
318738,10
318770,10
320025,5
320075,10
333667,10
320087,5
320111,10
372601,20
333654,10
373376,5
320290,5
320297,5
320332,5
320359,5
374040,5
321369,5
321494,5
321518,5
378357,5
340573,10
320476,10
320489,10
320503,5
318378,5
322099,15
379491,5
373110,5
318677,5
318686,10
318862,5
318898,10
359388,3
319086,10
319089,5
319145,5
319216,10
319223,5
321479,5
321533,10
345627,5
320910,5
321088,10
321222,10
321267,5
372892,5
319134,5
339504,10
347777,5
321389,5
327411,5
321296,5
340235,5
320933,10
379376,5
340016,5
319243,5
320605,5
320623,5
320657,3
380380,5
374924,10
320793,10
322496,5
349592,5
321013,10
377344,20
380019,10
321256,5
321321,5
321326,10
321341,10
363021,10
321424,10
369519,10
339856,5
321580,10
321583,10
321633,5
327433,5
319339,10
319684,30
327957,5
319922,5
319943,5
320058,5
320127,10
320328,3
320339,3
320468,5
321668,5
321714,10
321733,5
321737,10
321826,10
321871,5
321899,5
321967,5
321984,5
322006,10
340684,5
322221,5
370972,5
322264,5
322272,10
322385,10
322418,5
372874,10
320398,10
320341,5
320327,10
320128,5
322487,5
369307,5
339302,5
319890,10
319923,5
319986,5
319991,10
319337,5
321696,5
340352,20
340325,10
321901,5
321907,5
322010,5
322236,20
322262,5
322288,5
322305,5
361583,5
319284,10
319302,10
331613,5
319327,5
319350,5
319581,5
340011,10
319795,5
319820,10
319815,5
319751,5
344000,5
319572,5
321147,10
325963,5
339456,20
339466,5
340256,4
319553,5
326448,5
380020,5
339109,5
322211,5
322242,5
322363,5
322412,10
322473,5
321808,10
321712,5
320606,5
320969,10
320126,5
340289,5
320178,5
320193,5
320233,10
320287,3
320410,5
320427,5
320450,5
320467,5
321642,5
348049,5
348428,5
331605,5
319263,5
339874,5
339870,5
319357,5
339923,10
320156,10
320184,20
320190,5
320207,5
373118,10
320256,5
374675,5
320325,5
320389,5
378959,5
320442,15
320502,10
322197,5
320513,5
318325,5
318507,10
318680,5
318685,5
318780,5
318797,5
318827,5
318933,5
318987,10
319023,10
322142,10
319133,5
319161,10
319166,5
319217,10
319225,10
339506,5
321669,5
321732,5
321894,5
321897,5
321989,5
322032,5
322075,5
340540,5
340685,10
378961,10
340432,5
340407,5
339539,5
339622,10
339618,5
339565,5
339530,10
348749,5
340074,5
346699,10
320615,5
339801,5
339598,10
328122,10
329796,10
333818,5
361698,5
361248,5
24982,5
93800,1
31604,5
236921,20
267530,10
267317,5
360077,5
7022,10
32127,5
32392,10
33002,5
33005,10
328255,10
33106,5
33109,5
33220,5
33229,5
33231,5
287524,5
33286,5
33313,5
373083,5
33352,5
238732,5
33377,5
33719,5
33720,5
33785,10
33802,5
33852,5
33857,10
345566,5
376647,5
33891,5
348962,10
33898,5
274162,10
33906,20
333540,10
33927,20
33934,10
370030,5
348341,5
331723,5
330857,5
33958,5
261023,5
369105,10
257028,10
33981,10
362816,5
33985,20
33990,5
33994,10
34001,10
263143,2
257026,5
375476,5
345672,5
34036,10
264286,5
380965,5
34051,10
322881,10
34074,5
275083,5
34090,10
372959,5
34093,10
34100,20
34107,20
332194,10
370593,1
238359,20
343416,10
322883,10
330282,10
273590,10
241644,20
229384,5
34192,5
333205,15
34209,40
288094,10
378368,10
379300,10
34278,5
333538,5
34329,10
34330,5
374242,10
278020,10
331121,10
34373,20
278390,10
193422,10
34411,10
274179,5
34427,5
34428,5
328925,5
34432,5
374077,10
240766,10
34443,20
34448,5
34454,5
34461,5
34465,5
34476,5
34488,5
380225,5
184541,10
276184,3
326060,10
34517,5
350248,5
368200,5
361439,20
331552,30
330660,1
34554,10
34569,10
249930,10
277482,20
285779,5
249960,20
249974,10
250158,10
250163,4
285216,5
344469,5
250297,5
250331,20
323472,10
250381,5
250406,10
250480,3
250530,5
250555,10
250562,5
366800,5
381287,10
250600,10
372723,10
377698,10
380763,10
250785,10
248981,10
249014,5
249164,10
249377,10
249383,5
249507,5
249520,10
361431,10
249549,10
249639,10
249645,10
286776,5
249665,5
286954,5
249846,10
250983,10
326720,10
251030,5
380057,10
376543,5
330659,10
251109,5
251117,5
376469,20
251147,5
280625,10
251268,10
347945,10
251192,10
379738,10
328291,1
251214,5
374406,5
251229,5
380617,5
251239,5
288264,5
333812,10
251249,5
251252,10
251263,5
251265,5
330268,20
256595,5
256589,5
363065,5
256570,5
378889,20
285552,5
256799,5
376343,10
376468,20
256859,5
251306,10
251329,10
251333,5
366747,10
251343,5
251353,5
251358,5
251359,5
280048,5
287626,10
313916,10
313924,10
330938,5
314011,10
314014,5
314028,20
314061,5
314064,10
314136,5
314142,3
332196,10
314156,10
349996,10
378519,5
314164,10
314172,10
376423,10
361427,5
376419,10
314279,5
369277,10
314403,5
314398,5
314394,5
314384,10
379233,10
328924,5
379726,5
314351,10
314337,5
314318,5
369107,10
348961,5
314297,10
314286,5
314282,5
381537,5
314274,40
380224,5
330662,5
350111,10
314180,10
314160,5
374532,6
313582,10
313565,10
313521,5
350713,20
313515,5
313506,5
326076,10
313502,5
328922,5
326482,10
332525,5
363081,6
379630,10
374737,5
313459,5
313443,10
313437,5
313434,5
376723,10
314025,5
348340,10
314003,10
313992,5
313987,10
313986,5
373611,10
313969,5
313968,5
313962,10
313961,10
313955,5
313951,3
371767,10
313936,5
313929,5
313925,10
313908,5
313906,5
313897,5
343418,5
313892,5
369824,5
379298,5
313871,5
326485,5
313860,10
313859,10
313409,5
313612,10
313413,5
313853,2
313851,5
313849,8
372125,5
313827,10
313793,5
313787,10
313773,5
374460,5
313680,3
313681,10
313682,7
313688,5
345377,5
313457,5
313705,5
313710,10
313713,10
313714,20
313729,5
313734,10
349979,5
376841,10
313746,5
376546,20
378972,10
313768,10
363059,10
377270,5
313805,10
313810,10
313817,10
328312,5
313862,40
380428,5
313888,5
345798,5
345363,10
345357,10
345350,5
375654,10
